[LOG] Initiating analysis at 2023-06-06 20:11:47.247562
---------------------------------------------------
[LOG] Removing pre-existing mutants from current working directory
[LOG] Cleaning up LittleDarwin results
---------------------------------------------------
[LOG] Working with QuadTree_FirstAdd_addNode_NodeProperties
[LOG] Generating mutants for its parent QuadTree.java
---------------------------------------------------
[LOG] Running littledarwin on /home/dee/dev/rick-major-review/gephi/modules/LayoutPlugin/src/main/java/org/gephi/layout/plugin/force/quadtree/
[LOG] Invoked LitteDarwin with ['python3', '-m', 'littledarwin', '-m', '-v', '-p', '/home/dee/dev/rick-major-review/gephi/modules/LayoutPlugin/src/main/java/org/gephi/layout/plugin/force/quadtree/', '--all']

    __     _  __   __   __       ____                          _
   / /    (_)/ /_ / /_ / /___   / __ \ ____ _ _____ _      __ (_)____
  / /    / // __// __// // _ \ / / / // __ `// ___/| | /| / // // __ \
 / /___ / // /_ / /_ / //  __// /_/ // /_/ // /    | |/ |/ // // / / /
/_____//_/ \__/ \__//_/ \___//_____/ \__,_//_/     |__/|__//_//_/ /_/

      _                     _                 ___
     /_|  /|/|  _/__/'     /_|   _ /   _ ' _ (_  _ _ _  _      _ /
    (  | /   |(//(///()/) (  |/)(/((/_) /_)  /  / (///)(-((/()/ /(
                                  /


    LittleDarwin version 0.10.7 Copyright (C) 2014-2020 Ali Parsai

    LittleDarwin comes with ABSOLUTELY NO WARRANTY.
    This is free software, and you are welcome to redistribute it
    under certain conditions; run LittleDarwin --license for details.

    
Source Path:  /home/dee/dev/rick-major-review/gephi/modules/LayoutPlugin/src/main/java/org/gephi/layout/plugin/force/quadtree
Target Path:  /home/dee/anaconda3/lib/python3.8/site-packages/littledarwin/LittleDarwinResults
Creating Mutation Database:  /home/dee/anaconda3/lib/python3.8/site-packages/littledarwin/LittleDarwinResults/mutationdatabase

(1/2) Source file:  /home/dee/dev/rick-major-review/gephi/modules/LayoutPlugin/src/main/java/org/gephi/layout/plugin/force/quadtree/QuadTree.java
ANTLR runtime and generated code versions disagree: 4.13.0!=4.10.1
ANTLR runtime and generated code versions disagree: 4.13.0!=4.10.1
--> Mutations found:  257
----> NullifyInputVariable : 49
----> NullifyReturnValue : 2
----> NullifyObjectInitialization : 72
----> ArithmeticOperatorReplacementBinary : 21
----> ConditionalOperatorReplacement : 3
----> RemoveMethod : 104
----> RelationalOperatorReplacement : 5
----> ArithmeticOperatorReplacementShortcut : 1

(2/2) Source file:  /home/dee/dev/rick-major-review/gephi/modules/LayoutPlugin/src/main/java/org/gephi/layout/plugin/force/quadtree/BarnesHut.java
ANTLR runtime and generated code versions disagree: 4.13.0!=4.10.1
ANTLR runtime and generated code versions disagree: 4.13.0!=4.10.1
--> Mutations found:  18
----> NullifyInputVariable : 2
----> NullifyReturnValue : 5
----> NullifyObjectInitialization : 1
----> ArithmeticOperatorReplacementBinary : 1
----> ConditionalOperatorReplacement : 1
----> RemoveMethod : 4
----> RelationalOperatorReplacement : 4

Total mutations found:  275
--> NullifyInputVariable: 51
--> NullifyReturnValue: 7
--> NullifyObjectInitialization: 73
--> ArithmeticOperatorReplacementBinary: 22
--> ConditionalOperatorReplacement: 4
--> RemoveMethod: 108
--> RelationalOperatorReplacement: 9
--> ArithmeticOperatorReplacementShortcut: 1


---------------------------------------------------
[LOG] Copying mutants of QuadTree.java
---------------------------------------------------
[LOG] Generated 257 mutants
---------------------------------------------------
[LOG] Backing up original RICK test as ./QuadTree.java/original-test.java
[LOG] Invoking cp /home/dee/dev/rick-major-review/rick-tests/src/test/java/org/gephi/layout/plugin/force/quadtree/TestFirstAddRickGen.java ./QuadTree.java/original-test.java
---------------------------------------------------
[LOG] Generating variants of original RICK test
[LOG] Modifying /home/dee/dev/rick-major-review/finches/output/QuadTree_FirstAdd_addNode_NodeProperties/test-oo.java
[LOG] Created OO test at /home/dee/dev/rick-major-review/finches/output/QuadTree_FirstAdd_addNode_NodeProperties/test-oo.java
[LOG] Modifying /home/dee/dev/rick-major-review/finches/output/QuadTree_FirstAdd_addNode_NodeProperties/test-baseline.java
[LOG] Created baseline test at /home/dee/dev/rick-major-review/finches/output/QuadTree_FirstAdd_addNode_NodeProperties/test-baseline.java
[LOG] Modifying /home/dee/dev/rick-major-review/finches/output/QuadTree_FirstAdd_addNode_NodeProperties/test-po.java
[LOG] Created PO test at /home/dee/dev/rick-major-review/finches/output/QuadTree_FirstAdd_addNode_NodeProperties/test-po.java
[LOG] Modifying /home/dee/dev/rick-major-review/finches/output/QuadTree_FirstAdd_addNode_NodeProperties/test-co.java
[LOG] Created CO test at /home/dee/dev/rick-major-review/finches/output/QuadTree_FirstAdd_addNode_NodeProperties/test-co.java
[LOG] Created test with all oracles at /home/dee/dev/rick-major-review/finches/output/QuadTree_FirstAdd_addNode_NodeProperties/test-all.java
---------------------------------------------------
[LOG] Replacing originalQuadTree.java with ./QuadTree.java/154.java
[LOG] Invoking cp ./QuadTree.java/154.java /home/dee/dev/rick-major-review/gephi/modules/LayoutPlugin/src/main/java/org/gephi/layout/plugin/force/quadtree/QuadTree.java
[LOG] Invoked a clean install of the parent module with ['mvn', 'clean', 'install', '-DskipTests']
[INFO] Scanning for projects...
[INFO] 
[INFO] ----------------------< org.gephi:layout-plugin >-----------------------
[INFO] Building LayoutPlugin 0.9.6
[INFO] --------------------------------[ nbm ]---------------------------------
[INFO] 
[INFO] --- maven-clean-plugin:3.1.0:clean (default-clean) @ layout-plugin ---
[INFO] Deleting /home/dee/dev/rick-major-review/gephi/modules/LayoutPlugin/target
[INFO] 
[INFO] --- build-helper-maven-plugin:3.3.0:parse-version (parse-version) @ layout-plugin ---
[INFO] 
[INFO] --- maven-checkstyle-plugin:3.1.2:check (validate) @ layout-plugin ---
[INFO] 
[INFO] --- maven-resources-plugin:3.2.0:copy-resources (generate-modules-xml) @ layout-plugin ---
[INFO] Using 'UTF-8' encoding to copy filtered resources.
[INFO] Using 'UTF-8' encoding to copy filtered properties files.
[INFO] Copying 1 resource
[INFO] 
[INFO] --- maven-resources-plugin:3.2.0:resources (default-resources) @ layout-plugin ---
[INFO] Using 'UTF-8' encoding to copy filtered resources.
[INFO] Using 'UTF-8' encoding to copy filtered properties files.
[INFO] Copying 178 resources
[INFO] 
[INFO] --- maven-compiler-plugin:3.10.0:compile (default-compile) @ layout-plugin ---
[INFO] Changes detected - recompiling the module!
[INFO] Compiling 54 source files to /home/dee/dev/rick-major-review/gephi/modules/LayoutPlugin/target/classes
[WARNING] No processor claimed any of these annotations: java.base/java.lang.Override
[WARNING] /home/dee/dev/rick-major-review/gephi/modules/LayoutPlugin/src/main/java/org/gephi/layout/plugin/openord/DensityGrid.java:[68,19] [rawtypes] found raw type: ArrayDeque
  missing type arguments for generic class ArrayDeque<E>
  where E is a type-variable:
    E extends Object declared in class ArrayDeque
[WARNING] /home/dee/dev/rick-major-review/gephi/modules/LayoutPlugin/src/main/java/org/gephi/layout/plugin/openord/DensityGrid.java:[68,15] [unchecked] unchecked conversion
  required: ArrayDeque<Node>[][]
  found:    ArrayDeque[][]
[WARNING] /home/dee/dev/rick-major-review/gephi/modules/LayoutPlugin/src/main/java/org/gephi/layout/plugin/force/quadtree/QuadTree.java:[444,23] [rawtypes] found raw type: Entry
  missing type arguments for generic class Entry<K,V>
  where K,V are type-variables:
    K extends Object declared in interface Entry
    V extends Object declared in interface Entry
[WARNING] /home/dee/dev/rick-major-review/gephi/modules/LayoutPlugin/src/main/java/org/gephi/layout/plugin/AutoLayout.java:[158,48] [unchecked] unchecked call to setValue(T) as a member of the raw type Property
  where T is a type-variable:
    T extends Object declared in class Property
[WARNING] /home/dee/dev/rick-major-review/gephi/modules/LayoutPlugin/src/main/java/org/gephi/layout/plugin/AutoLayout.java:[241,8] [rawtypes] found raw type: Property
  missing type arguments for generic class Property<T>
  where T is a type-variable:
    T extends Object declared in class Property
[WARNING] /home/dee/dev/rick-major-review/gephi/modules/LayoutPlugin/src/main/java/org/gephi/layout/plugin/AutoLayout.java:[249,18] [rawtypes] found raw type: Property
  missing type arguments for generic class Property<T>
  where T is a type-variable:
    T extends Object declared in class Property
[WARNING] /home/dee/dev/rick-major-review/gephi/modules/LayoutPlugin/src/main/java/org/gephi/layout/plugin/AutoLayout.java:[256,15] [rawtypes] found raw type: Property
  missing type arguments for generic class Property<T>
  where T is a type-variable:
    T extends Object declared in class Property
[WARNING] /home/dee/dev/rick-major-review/gephi/modules/LayoutPlugin/src/main/java/org/gephi/layout/plugin/AutoLayout.java:[260,25] [rawtypes] found raw type: Property
  missing type arguments for generic class Property<T>
  where T is a type-variable:
    T extends Object declared in class Property
[WARNING] /home/dee/dev/rick-major-review/gephi/modules/LayoutPlugin/src/main/java/org/gephi/layout/plugin/forceAtlas2/ForceAtlas2.java:[193,22] [rawtypes] found raw type: Future
  missing type arguments for generic class Future<V>
  where V is a type-variable:
    V extends Object declared in interface Future
[WARNING] /home/dee/dev/rick-major-review/gephi/modules/LayoutPlugin/src/main/java/org/gephi/layout/plugin/forceAtlas2/ForceAtlas2.java:[193,44] [rawtypes] found raw type: ArrayList
  missing type arguments for generic class ArrayList<E>
  where E is a type-variable:
    E extends Object declared in class ArrayList
[WARNING] /home/dee/dev/rick-major-review/gephi/modules/LayoutPlugin/src/main/java/org/gephi/layout/plugin/forceAtlas2/ForceAtlas2.java:[193,40] [unchecked] unchecked conversion
  required: ArrayList<Future>
  found:    ArrayList
[WARNING] /home/dee/dev/rick-major-review/gephi/modules/LayoutPlugin/src/main/java/org/gephi/layout/plugin/forceAtlas2/ForceAtlas2.java:[197,16] [rawtypes] found raw type: Future
  missing type arguments for generic class Future<V>
  where V is a type-variable:
    V extends Object declared in interface Future
[WARNING] /home/dee/dev/rick-major-review/gephi/modules/LayoutPlugin/src/main/java/org/gephi/layout/plugin/forceAtlas2/ForceAtlas2.java:[203,17] [rawtypes] found raw type: Future
  missing type arguments for generic class Future<V>
  where V is a type-variable:
    V extends Object declared in interface Future
[INFO] 
[INFO] --- nbm-maven-plugin:4.6:manifest (default-manifest) @ layout-plugin ---
[INFO] NBM Plugin generates manifest
[INFO] 
[INFO] --- maven-resources-plugin:3.2.0:testResources (default-testResources) @ layout-plugin ---
[INFO] Using 'UTF-8' encoding to copy filtered resources.
[INFO] Using 'UTF-8' encoding to copy filtered properties files.
[INFO] skip non existing resourceDirectory /home/dee/dev/rick-major-review/gephi/modules/LayoutPlugin/src/test/resources
[INFO] 
[INFO] --- maven-compiler-plugin:3.10.0:testCompile (default-testCompile) @ layout-plugin ---
[INFO] No sources to compile
[INFO] 
[INFO] --- maven-surefire-plugin:2.22.2:test (default-test) @ layout-plugin ---
[INFO] Tests are skipped.
[INFO] 
[INFO] --- maven-jar-plugin:3.2.2:jar (default-jar) @ layout-plugin ---
[INFO] Building jar: /home/dee/dev/rick-major-review/gephi/modules/LayoutPlugin/target/layout-plugin-0.9.6.jar
[INFO] 
[INFO] --- nbm-maven-plugin:4.6:nbm (default-nbm) @ layout-plugin ---
[INFO] Copying module JAR to /home/dee/dev/rick-major-review/gephi/modules/LayoutPlugin/target/nbm/clusters/gephi/modules
[INFO] Generating Auto Update information for org.gephi.layout.plugin
[WARNING] No updater.jar specified, cannot validate Info.xml against DTD
[INFO] Building jar: /home/dee/dev/rick-major-review/gephi/modules/LayoutPlugin/target/nbm/layout-plugin-0.9.6.nbm
[INFO] 
[INFO] --- maven-install-plugin:2.5.2:install (default-install) @ layout-plugin ---
[INFO] Installing /home/dee/dev/rick-major-review/gephi/modules/LayoutPlugin/target/layout-plugin-0.9.6.jar to /home/dee/.m2/repository/org/gephi/layout-plugin/0.9.6/layout-plugin-0.9.6.jar
[INFO] Installing /home/dee/dev/rick-major-review/gephi/modules/LayoutPlugin/pom.xml to /home/dee/.m2/repository/org/gephi/layout-plugin/0.9.6/layout-plugin-0.9.6.pom
[INFO] Installing /home/dee/dev/rick-major-review/gephi/modules/LayoutPlugin/target/layout-plugin-0.9.6.nbm to /home/dee/.m2/repository/org/gephi/layout-plugin/0.9.6/layout-plugin-0.9.6.nbm
[INFO] ------------------------------------------------------------------------
[INFO] BUILD SUCCESS
[INFO] ------------------------------------------------------------------------
[INFO] Total time:  36.241 s
[INFO] Finished at: 2023-06-06T20:12:36+02:00
[INFO] ------------------------------------------------------------------------


---------------------------------------------------
[BASELINE] Not evaluating any oracle
[LOG] Replacing original RICK test with variant baseline
[LOG] Invoking cp /home/dee/dev/rick-major-review/finches/output/QuadTree_FirstAdd_addNode_NodeProperties/test-baseline.java /home/dee/dev/rick-major-review/rick-tests/src/test/java/org/gephi/layout/plugin/force/quadtree/TestFirstAddRickGen.java
[LOG] In test module directory /home/dee/dev/rick-major-review/rick-tests
[LOG] Invoked tests with ['mvn', 'test', '-Dtest=TestFirstAddRickGen']
[INFO] Scanning for projects...
[INFO] 
[INFO] ------------------------< org.gephi:rick-tests >------------------------
[INFO] Building rick-tests 1.0-SNAPSHOT
[INFO] --------------------------------[ jar ]---------------------------------
[INFO] 
[INFO] --- maven-resources-plugin:2.6:resources (default-resources) @ rick-tests ---
[WARNING] Using platform encoding (UTF-8 actually) to copy filtered resources, i.e. build is platform dependent!
[INFO] Copying 0 resource
[INFO] 
[INFO] --- maven-compiler-plugin:3.1:compile (default-compile) @ rick-tests ---
[INFO] Nothing to compile - all classes are up to date
[INFO] 
[INFO] --- maven-resources-plugin:2.6:testResources (default-testResources) @ rick-tests ---
[WARNING] Using platform encoding (UTF-8 actually) to copy filtered resources, i.e. build is platform dependent!
[INFO] Copying 119 resources
[INFO] 
[INFO] --- maven-compiler-plugin:3.1:testCompile (default-testCompile) @ rick-tests ---
[INFO] Changes detected - recompiling the module!
[WARNING] File encoding has not been set, using platform encoding UTF-8, i.e. build is platform dependent!
[INFO] Compiling 26 source files to /home/dee/dev/rick-major-review/rick-tests/target/test-classes
[WARNING] /home/dee/dev/rick-major-review/rick-tests/src/test/java/org/gephi/importer/impl/TestImportContainerImplRickGenNodeExists.java: Some input files use unchecked or unsafe operations.
[WARNING] /home/dee/dev/rick-major-review/rick-tests/src/test/java/org/gephi/importer/impl/TestImportContainerImplRickGenNodeExists.java: Recompile with -Xlint:unchecked for details.
[INFO] 
[INFO] --- maven-surefire-plugin:2.22.2:test (default-test) @ rick-tests ---
[INFO] 
[INFO] -------------------------------------------------------
[INFO]  T E S T S
[INFO] -------------------------------------------------------
[INFO] Running org.gephi.layout.plugin.force.quadtree.TestFirstAddRickGen
[ERROR] Tests run: 3, Failures: 0, Errors: 3, Skipped: 0, Time elapsed: 6.494 s <<< FAILURE! - in org.gephi.layout.plugin.force.quadtree.TestFirstAddRickGen
[ERROR] test_addNode_PO_e0615ea14343413da8ca6de8a9a1e2fa  Time elapsed: 5.461 s  <<< ERROR!
org.mockito.exceptions.misusing.UnnecessaryStubbingException: 

Unnecessary stubbings detected.
Clean & maintainable test code requires zero unnecessary code.
Following stubbings are unnecessary (click to navigate to relevant line of code):
  1. -> at org.gephi.layout.plugin.force.quadtree.TestFirstAddRickGen.test_addNode_PO_e0615ea14343413da8ca6de8a9a1e2fa(TestFirstAddRickGen.java:50)
  2. -> at org.gephi.layout.plugin.force.quadtree.TestFirstAddRickGen.test_addNode_PO_e0615ea14343413da8ca6de8a9a1e2fa(TestFirstAddRickGen.java:51)
Please remove unnecessary stubbings or use 'lenient' strictness. More info: javadoc for UnnecessaryStubbingException class.

[ERROR] test_addNode_OO_e0615ea14343413da8ca6de8a9a1e2fa  Time elapsed: 0.032 s  <<< ERROR!
org.mockito.exceptions.misusing.UnnecessaryStubbingException: 

Unnecessary stubbings detected.
Clean & maintainable test code requires zero unnecessary code.
Following stubbings are unnecessary (click to navigate to relevant line of code):
  1. -> at org.gephi.layout.plugin.force.quadtree.TestFirstAddRickGen.test_addNode_OO_e0615ea14343413da8ca6de8a9a1e2fa(TestFirstAddRickGen.java:36)
  2. -> at org.gephi.layout.plugin.force.quadtree.TestFirstAddRickGen.test_addNode_OO_e0615ea14343413da8ca6de8a9a1e2fa(TestFirstAddRickGen.java:37)
Please remove unnecessary stubbings or use 'lenient' strictness. More info: javadoc for UnnecessaryStubbingException class.

[ERROR] test_addNode_CO_e0615ea14343413da8ca6de8a9a1e2fa  Time elapsed: 0.055 s  <<< ERROR!
org.mockito.exceptions.misusing.UnnecessaryStubbingException: 

Unnecessary stubbings detected.
Clean & maintainable test code requires zero unnecessary code.
Following stubbings are unnecessary (click to navigate to relevant line of code):
  1. -> at org.gephi.layout.plugin.force.quadtree.TestFirstAddRickGen.test_addNode_CO_e0615ea14343413da8ca6de8a9a1e2fa(TestFirstAddRickGen.java:65)
  2. -> at org.gephi.layout.plugin.force.quadtree.TestFirstAddRickGen.test_addNode_CO_e0615ea14343413da8ca6de8a9a1e2fa(TestFirstAddRickGen.java:66)
Please remove unnecessary stubbings or use 'lenient' strictness. More info: javadoc for UnnecessaryStubbingException class.

[INFO] 
[INFO] Results:
[INFO] 
[ERROR] Errors: 
[ERROR]   TestFirstAddRickGen.test_addNode_CO_e0615ea14343413da8ca6de8a9a1e2fa » UnnecessaryStubbing
[ERROR]   TestFirstAddRickGen.test_addNode_OO_e0615ea14343413da8ca6de8a9a1e2fa » UnnecessaryStubbing
[ERROR]   TestFirstAddRickGen.test_addNode_PO_e0615ea14343413da8ca6de8a9a1e2fa » UnnecessaryStubbing
[INFO] 
[ERROR] Tests run: 3, Failures: 0, Errors: 3, Skipped: 0
[INFO] 
[INFO] ------------------------------------------------------------------------
[INFO] BUILD FAILURE
[INFO] ------------------------------------------------------------------------
[INFO] Total time:  29.686 s
[INFO] Finished at: 2023-06-06T20:13:11+02:00
[INFO] ------------------------------------------------------------------------
[ERROR] Failed to execute goal org.apache.maven.plugins:maven-surefire-plugin:2.22.2:test (default-test) on project rick-tests: There are test failures.
[ERROR] 
[ERROR] Please refer to /home/dee/dev/rick-major-review/rick-tests/target/surefire-reports for the individual test results.
[ERROR] Please refer to dump files (if any exist) [date].dump, [date]-jvmRun[N].dump and [date].dumpstream.
[ERROR] -> [Help 1]
[ERROR] 
[ERROR] To see the full stack trace of the errors, re-run Maven with the -e switch.
[ERROR] Re-run Maven using the -X switch to enable full debug logging.
[ERROR] 
[ERROR] For more information about the errors and possible solutions, please read the following articles:
[ERROR] [Help 1] http://cwiki.apache.org/confluence/display/MAVEN/MojoFailureException

Security framework of XStream not initialized, XStream is probably vulnerable.

---------------------------------------------------
[LOG] Cleaned targets with ['mvn', 'clean']
[INFO] Scanning for projects...
[INFO] 
[INFO] ------------------------< org.gephi:rick-tests >------------------------
[INFO] Building rick-tests 1.0-SNAPSHOT
[INFO] --------------------------------[ jar ]---------------------------------
[INFO] 
[INFO] --- maven-clean-plugin:2.5:clean (default-clean) @ rick-tests ---
[INFO] Deleting /home/dee/dev/rick-major-review/rick-tests/target
[INFO] ------------------------------------------------------------------------
[INFO] BUILD SUCCESS
[INFO] ------------------------------------------------------------------------
[INFO] Total time:  1.528 s
[INFO] Finished at: 2023-06-06T20:13:20+02:00
[INFO] ------------------------------------------------------------------------


---------------------------------------------------
[LOG] In experiment directory /home/dee/dev/rick-major-review/finches
---------------------------------------------------
[LOG] Restoring original RICK test from ./QuadTree.java/original-test.java
[LOG] Invoking cp ./QuadTree.java/original-test.java /home/dee/dev/rick-major-review/rick-tests/src/test/java/org/gephi/layout/plugin/force/quadtree/TestFirstAddRickGen.java
---------------------------------------------------
[OO] Evaluating only OO
[LOG] Replacing original RICK test with variant oo
[LOG] Invoking cp /home/dee/dev/rick-major-review/finches/output/QuadTree_FirstAdd_addNode_NodeProperties/test-oo.java /home/dee/dev/rick-major-review/rick-tests/src/test/java/org/gephi/layout/plugin/force/quadtree/TestFirstAddRickGen.java
[LOG] In test module directory /home/dee/dev/rick-major-review/rick-tests
[LOG] Invoked tests with ['mvn', 'test', '-Dtest=TestFirstAddRickGen']
[INFO] Scanning for projects...
[INFO] 
[INFO] ------------------------< org.gephi:rick-tests >------------------------
[INFO] Building rick-tests 1.0-SNAPSHOT
[INFO] --------------------------------[ jar ]---------------------------------
[INFO] 
[INFO] --- maven-resources-plugin:2.6:resources (default-resources) @ rick-tests ---
[WARNING] Using platform encoding (UTF-8 actually) to copy filtered resources, i.e. build is platform dependent!
[INFO] Copying 0 resource
[INFO] 
[INFO] --- maven-compiler-plugin:3.1:compile (default-compile) @ rick-tests ---
[INFO] Nothing to compile - all classes are up to date
[INFO] 
[INFO] --- maven-resources-plugin:2.6:testResources (default-testResources) @ rick-tests ---
[WARNING] Using platform encoding (UTF-8 actually) to copy filtered resources, i.e. build is platform dependent!
[INFO] Copying 119 resources
[INFO] 
[INFO] --- maven-compiler-plugin:3.1:testCompile (default-testCompile) @ rick-tests ---
[INFO] Changes detected - recompiling the module!
[WARNING] File encoding has not been set, using platform encoding UTF-8, i.e. build is platform dependent!
[INFO] Compiling 26 source files to /home/dee/dev/rick-major-review/rick-tests/target/test-classes
[WARNING] /home/dee/dev/rick-major-review/rick-tests/src/test/java/org/gephi/importer/impl/TestImportContainerImplRickGenNodeExists.java: Some input files use unchecked or unsafe operations.
[WARNING] /home/dee/dev/rick-major-review/rick-tests/src/test/java/org/gephi/importer/impl/TestImportContainerImplRickGenNodeExists.java: Recompile with -Xlint:unchecked for details.
[INFO] 
[INFO] --- maven-surefire-plugin:2.22.2:test (default-test) @ rick-tests ---
[INFO] 
[INFO] -------------------------------------------------------
[INFO]  T E S T S
[INFO] -------------------------------------------------------
[INFO] Running org.gephi.layout.plugin.force.quadtree.TestFirstAddRickGen
[ERROR] Tests run: 3, Failures: 0, Errors: 3, Skipped: 0, Time elapsed: 6.026 s <<< FAILURE! - in org.gephi.layout.plugin.force.quadtree.TestFirstAddRickGen
[ERROR] test_addNode_PO_e0615ea14343413da8ca6de8a9a1e2fa  Time elapsed: 5.009 s  <<< ERROR!
org.mockito.exceptions.misusing.UnnecessaryStubbingException: 

Unnecessary stubbings detected.
Clean & maintainable test code requires zero unnecessary code.
Following stubbings are unnecessary (click to navigate to relevant line of code):
  1. -> at org.gephi.layout.plugin.force.quadtree.TestFirstAddRickGen.test_addNode_PO_e0615ea14343413da8ca6de8a9a1e2fa(TestFirstAddRickGen.java:50)
  2. -> at org.gephi.layout.plugin.force.quadtree.TestFirstAddRickGen.test_addNode_PO_e0615ea14343413da8ca6de8a9a1e2fa(TestFirstAddRickGen.java:51)
Please remove unnecessary stubbings or use 'lenient' strictness. More info: javadoc for UnnecessaryStubbingException class.

[ERROR] test_addNode_OO_e0615ea14343413da8ca6de8a9a1e2fa  Time elapsed: 0.038 s  <<< ERROR!
org.mockito.exceptions.misusing.UnnecessaryStubbingException: 

Unnecessary stubbings detected.
Clean & maintainable test code requires zero unnecessary code.
Following stubbings are unnecessary (click to navigate to relevant line of code):
  1. -> at org.gephi.layout.plugin.force.quadtree.TestFirstAddRickGen.test_addNode_OO_e0615ea14343413da8ca6de8a9a1e2fa(TestFirstAddRickGen.java:36)
  2. -> at org.gephi.layout.plugin.force.quadtree.TestFirstAddRickGen.test_addNode_OO_e0615ea14343413da8ca6de8a9a1e2fa(TestFirstAddRickGen.java:37)
Please remove unnecessary stubbings or use 'lenient' strictness. More info: javadoc for UnnecessaryStubbingException class.

[ERROR] test_addNode_CO_e0615ea14343413da8ca6de8a9a1e2fa  Time elapsed: 0.028 s  <<< ERROR!
org.mockito.exceptions.misusing.UnnecessaryStubbingException: 

Unnecessary stubbings detected.
Clean & maintainable test code requires zero unnecessary code.
Following stubbings are unnecessary (click to navigate to relevant line of code):
  1. -> at org.gephi.layout.plugin.force.quadtree.TestFirstAddRickGen.test_addNode_CO_e0615ea14343413da8ca6de8a9a1e2fa(TestFirstAddRickGen.java:65)
  2. -> at org.gephi.layout.plugin.force.quadtree.TestFirstAddRickGen.test_addNode_CO_e0615ea14343413da8ca6de8a9a1e2fa(TestFirstAddRickGen.java:66)
Please remove unnecessary stubbings or use 'lenient' strictness. More info: javadoc for UnnecessaryStubbingException class.

[INFO] 
[INFO] Results:
[INFO] 
[ERROR] Errors: 
[ERROR]   TestFirstAddRickGen.test_addNode_CO_e0615ea14343413da8ca6de8a9a1e2fa » UnnecessaryStubbing
[ERROR]   TestFirstAddRickGen.test_addNode_OO_e0615ea14343413da8ca6de8a9a1e2fa » UnnecessaryStubbing
[ERROR]   TestFirstAddRickGen.test_addNode_PO_e0615ea14343413da8ca6de8a9a1e2fa » UnnecessaryStubbing
[INFO] 
[ERROR] Tests run: 3, Failures: 0, Errors: 3, Skipped: 0
[INFO] 
[INFO] ------------------------------------------------------------------------
[INFO] BUILD FAILURE
[INFO] ------------------------------------------------------------------------
[INFO] Total time:  29.895 s
[INFO] Finished at: 2023-06-06T20:13:56+02:00
[INFO] ------------------------------------------------------------------------
[ERROR] Failed to execute goal org.apache.maven.plugins:maven-surefire-plugin:2.22.2:test (default-test) on project rick-tests: There are test failures.
[ERROR] 
[ERROR] Please refer to /home/dee/dev/rick-major-review/rick-tests/target/surefire-reports for the individual test results.
[ERROR] Please refer to dump files (if any exist) [date].dump, [date]-jvmRun[N].dump and [date].dumpstream.
[ERROR] -> [Help 1]
[ERROR] 
[ERROR] To see the full stack trace of the errors, re-run Maven with the -e switch.
[ERROR] Re-run Maven using the -X switch to enable full debug logging.
[ERROR] 
[ERROR] For more information about the errors and possible solutions, please read the following articles:
[ERROR] [Help 1] http://cwiki.apache.org/confluence/display/MAVEN/MojoFailureException

Security framework of XStream not initialized, XStream is probably vulnerable.

---------------------------------------------------
[LOG] Cleaned targets with ['mvn', 'clean']
[INFO] Scanning for projects...
[INFO] 
[INFO] ------------------------< org.gephi:rick-tests >------------------------
[INFO] Building rick-tests 1.0-SNAPSHOT
[INFO] --------------------------------[ jar ]---------------------------------
[INFO] 
[INFO] --- maven-clean-plugin:2.5:clean (default-clean) @ rick-tests ---
[INFO] Deleting /home/dee/dev/rick-major-review/rick-tests/target
[INFO] ------------------------------------------------------------------------
[INFO] BUILD SUCCESS
[INFO] ------------------------------------------------------------------------
[INFO] Total time:  1.246 s
[INFO] Finished at: 2023-06-06T20:14:01+02:00
[INFO] ------------------------------------------------------------------------


---------------------------------------------------
[LOG] In experiment directory /home/dee/dev/rick-major-review/finches
---------------------------------------------------
[LOG] Restoring original RICK test from ./QuadTree.java/original-test.java
[LOG] Invoking cp ./QuadTree.java/original-test.java /home/dee/dev/rick-major-review/rick-tests/src/test/java/org/gephi/layout/plugin/force/quadtree/TestFirstAddRickGen.java
---------------------------------------------------
[PO] Evaluating only PO
[LOG] Replacing original RICK test with variant po
[LOG] Invoking cp /home/dee/dev/rick-major-review/finches/output/QuadTree_FirstAdd_addNode_NodeProperties/test-po.java /home/dee/dev/rick-major-review/rick-tests/src/test/java/org/gephi/layout/plugin/force/quadtree/TestFirstAddRickGen.java
[LOG] In test module directory /home/dee/dev/rick-major-review/rick-tests
[LOG] Invoked tests with ['mvn', 'test', '-Dtest=TestFirstAddRickGen']
[INFO] Scanning for projects...
[INFO] 
[INFO] ------------------------< org.gephi:rick-tests >------------------------
[INFO] Building rick-tests 1.0-SNAPSHOT
[INFO] --------------------------------[ jar ]---------------------------------
[INFO] 
[INFO] --- maven-resources-plugin:2.6:resources (default-resources) @ rick-tests ---
[WARNING] Using platform encoding (UTF-8 actually) to copy filtered resources, i.e. build is platform dependent!
[INFO] Copying 0 resource
[INFO] 
[INFO] --- maven-compiler-plugin:3.1:compile (default-compile) @ rick-tests ---
[INFO] Nothing to compile - all classes are up to date
[INFO] 
[INFO] --- maven-resources-plugin:2.6:testResources (default-testResources) @ rick-tests ---
[WARNING] Using platform encoding (UTF-8 actually) to copy filtered resources, i.e. build is platform dependent!
[INFO] Copying 119 resources
[INFO] 
[INFO] --- maven-compiler-plugin:3.1:testCompile (default-testCompile) @ rick-tests ---
[INFO] Changes detected - recompiling the module!
[WARNING] File encoding has not been set, using platform encoding UTF-8, i.e. build is platform dependent!
[INFO] Compiling 26 source files to /home/dee/dev/rick-major-review/rick-tests/target/test-classes
[WARNING] /home/dee/dev/rick-major-review/rick-tests/src/test/java/org/gephi/importer/impl/TestImportContainerImplRickGenNodeExists.java: Some input files use unchecked or unsafe operations.
[WARNING] /home/dee/dev/rick-major-review/rick-tests/src/test/java/org/gephi/importer/impl/TestImportContainerImplRickGenNodeExists.java: Recompile with -Xlint:unchecked for details.
[INFO] 
[INFO] --- maven-surefire-plugin:2.22.2:test (default-test) @ rick-tests ---
[INFO] 
[INFO] -------------------------------------------------------
[INFO]  T E S T S
[INFO] -------------------------------------------------------
[INFO] Running org.gephi.layout.plugin.force.quadtree.TestFirstAddRickGen
[ERROR] Tests run: 3, Failures: 1, Errors: 2, Skipped: 0, Time elapsed: 6.925 s <<< FAILURE! - in org.gephi.layout.plugin.force.quadtree.TestFirstAddRickGen
[ERROR] test_addNode_PO_e0615ea14343413da8ca6de8a9a1e2fa  Time elapsed: 5.91 s  <<< FAILURE!
org.mockito.exceptions.verification.WantedButNotInvoked: 

Wanted but not invoked:
node.x();
-> at org.gephi.layout.plugin.force.quadtree.TestFirstAddRickGen.test_addNode_PO_e0615ea14343413da8ca6de8a9a1e2fa(TestFirstAddRickGen.java:55)
Actually, there were zero interactions with this mock.

	at org.gephi.layout.plugin.force.quadtree.TestFirstAddRickGen.test_addNode_PO_e0615ea14343413da8ca6de8a9a1e2fa(TestFirstAddRickGen.java:55)

[ERROR] test_addNode_OO_e0615ea14343413da8ca6de8a9a1e2fa  Time elapsed: 0.033 s  <<< ERROR!
org.mockito.exceptions.misusing.UnnecessaryStubbingException: 

Unnecessary stubbings detected.
Clean & maintainable test code requires zero unnecessary code.
Following stubbings are unnecessary (click to navigate to relevant line of code):
  1. -> at org.gephi.layout.plugin.force.quadtree.TestFirstAddRickGen.test_addNode_OO_e0615ea14343413da8ca6de8a9a1e2fa(TestFirstAddRickGen.java:36)
  2. -> at org.gephi.layout.plugin.force.quadtree.TestFirstAddRickGen.test_addNode_OO_e0615ea14343413da8ca6de8a9a1e2fa(TestFirstAddRickGen.java:37)
Please remove unnecessary stubbings or use 'lenient' strictness. More info: javadoc for UnnecessaryStubbingException class.

[ERROR] test_addNode_CO_e0615ea14343413da8ca6de8a9a1e2fa  Time elapsed: 0.034 s  <<< ERROR!
org.mockito.exceptions.misusing.UnnecessaryStubbingException: 

Unnecessary stubbings detected.
Clean & maintainable test code requires zero unnecessary code.
Following stubbings are unnecessary (click to navigate to relevant line of code):
  1. -> at org.gephi.layout.plugin.force.quadtree.TestFirstAddRickGen.test_addNode_CO_e0615ea14343413da8ca6de8a9a1e2fa(TestFirstAddRickGen.java:65)
  2. -> at org.gephi.layout.plugin.force.quadtree.TestFirstAddRickGen.test_addNode_CO_e0615ea14343413da8ca6de8a9a1e2fa(TestFirstAddRickGen.java:66)
Please remove unnecessary stubbings or use 'lenient' strictness. More info: javadoc for UnnecessaryStubbingException class.

[INFO] 
[INFO] Results:
[INFO] 
[ERROR] Failures: 
[ERROR]   TestFirstAddRickGen.test_addNode_PO_e0615ea14343413da8ca6de8a9a1e2fa:55 
Wanted but not invoked:
node.x();
-> at org.gephi.layout.plugin.force.quadtree.TestFirstAddRickGen.test_addNode_PO_e0615ea14343413da8ca6de8a9a1e2fa(TestFirstAddRickGen.java:55)
Actually, there were zero interactions with this mock.

[ERROR] Errors: 
[ERROR]   TestFirstAddRickGen.test_addNode_CO_e0615ea14343413da8ca6de8a9a1e2fa » UnnecessaryStubbing
[ERROR]   TestFirstAddRickGen.test_addNode_OO_e0615ea14343413da8ca6de8a9a1e2fa » UnnecessaryStubbing
[INFO] 
[ERROR] Tests run: 3, Failures: 1, Errors: 2, Skipped: 0
[INFO] 
[INFO] ------------------------------------------------------------------------
[INFO] BUILD FAILURE
[INFO] ------------------------------------------------------------------------
[INFO] Total time:  26.863 s
[INFO] Finished at: 2023-06-06T20:14:35+02:00
[INFO] ------------------------------------------------------------------------
[ERROR] Failed to execute goal org.apache.maven.plugins:maven-surefire-plugin:2.22.2:test (default-test) on project rick-tests: There are test failures.
[ERROR] 
[ERROR] Please refer to /home/dee/dev/rick-major-review/rick-tests/target/surefire-reports for the individual test results.
[ERROR] Please refer to dump files (if any exist) [date].dump, [date]-jvmRun[N].dump and [date].dumpstream.
[ERROR] -> [Help 1]
[ERROR] 
[ERROR] To see the full stack trace of the errors, re-run Maven with the -e switch.
[ERROR] Re-run Maven using the -X switch to enable full debug logging.
[ERROR] 
[ERROR] For more information about the errors and possible solutions, please read the following articles:
[ERROR] [Help 1] http://cwiki.apache.org/confluence/display/MAVEN/MojoFailureException

Security framework of XStream not initialized, XStream is probably vulnerable.

---------------------------------------------------
[LOG] Cleaned targets with ['mvn', 'clean']
[INFO] Scanning for projects...
[INFO] 
[INFO] ------------------------< org.gephi:rick-tests >------------------------
[INFO] Building rick-tests 1.0-SNAPSHOT
[INFO] --------------------------------[ jar ]---------------------------------
[INFO] 
[INFO] --- maven-clean-plugin:2.5:clean (default-clean) @ rick-tests ---
[INFO] Deleting /home/dee/dev/rick-major-review/rick-tests/target
[INFO] ------------------------------------------------------------------------
[INFO] BUILD SUCCESS
[INFO] ------------------------------------------------------------------------
[INFO] Total time:  2.062 s
[INFO] Finished at: 2023-06-06T20:14:42+02:00
[INFO] ------------------------------------------------------------------------


---------------------------------------------------
[LOG] In experiment directory /home/dee/dev/rick-major-review/finches
---------------------------------------------------
[LOG] Restoring original RICK test from ./QuadTree.java/original-test.java
[LOG] Invoking cp ./QuadTree.java/original-test.java /home/dee/dev/rick-major-review/rick-tests/src/test/java/org/gephi/layout/plugin/force/quadtree/TestFirstAddRickGen.java
---------------------------------------------------
[CO] Evaluating only CO
[LOG] Replacing original RICK test with variant co
[LOG] Invoking cp /home/dee/dev/rick-major-review/finches/output/QuadTree_FirstAdd_addNode_NodeProperties/test-co.java /home/dee/dev/rick-major-review/rick-tests/src/test/java/org/gephi/layout/plugin/force/quadtree/TestFirstAddRickGen.java
[LOG] In test module directory /home/dee/dev/rick-major-review/rick-tests
[LOG] Invoked tests with ['mvn', 'test', '-Dtest=TestFirstAddRickGen']
[INFO] Scanning for projects...
[INFO] 
[INFO] ------------------------< org.gephi:rick-tests >------------------------
[INFO] Building rick-tests 1.0-SNAPSHOT
[INFO] --------------------------------[ jar ]---------------------------------
[INFO] 
[INFO] --- maven-resources-plugin:2.6:resources (default-resources) @ rick-tests ---
[WARNING] Using platform encoding (UTF-8 actually) to copy filtered resources, i.e. build is platform dependent!
[INFO] Copying 0 resource
[INFO] 
[INFO] --- maven-compiler-plugin:3.1:compile (default-compile) @ rick-tests ---
[INFO] Nothing to compile - all classes are up to date
[INFO] 
[INFO] --- maven-resources-plugin:2.6:testResources (default-testResources) @ rick-tests ---
[WARNING] Using platform encoding (UTF-8 actually) to copy filtered resources, i.e. build is platform dependent!
[INFO] Copying 119 resources
[INFO] 
[INFO] --- maven-compiler-plugin:3.1:testCompile (default-testCompile) @ rick-tests ---
[INFO] Changes detected - recompiling the module!
[WARNING] File encoding has not been set, using platform encoding UTF-8, i.e. build is platform dependent!
[INFO] Compiling 26 source files to /home/dee/dev/rick-major-review/rick-tests/target/test-classes
[WARNING] /home/dee/dev/rick-major-review/rick-tests/src/test/java/org/gephi/importer/impl/TestImportContainerImplRickGenNodeExists.java: Some input files use unchecked or unsafe operations.
[WARNING] /home/dee/dev/rick-major-review/rick-tests/src/test/java/org/gephi/importer/impl/TestImportContainerImplRickGenNodeExists.java: Recompile with -Xlint:unchecked for details.
[INFO] 
[INFO] --- maven-surefire-plugin:2.22.2:test (default-test) @ rick-tests ---
[INFO] 
[INFO] -------------------------------------------------------
[INFO]  T E S T S
[INFO] -------------------------------------------------------
[INFO] Running org.gephi.layout.plugin.force.quadtree.TestFirstAddRickGen
[ERROR] Tests run: 3, Failures: 1, Errors: 2, Skipped: 0, Time elapsed: 5.52 s <<< FAILURE! - in org.gephi.layout.plugin.force.quadtree.TestFirstAddRickGen
[ERROR] test_addNode_PO_e0615ea14343413da8ca6de8a9a1e2fa  Time elapsed: 4.095 s  <<< ERROR!
org.mockito.exceptions.misusing.UnnecessaryStubbingException: 

Unnecessary stubbings detected.
Clean & maintainable test code requires zero unnecessary code.
Following stubbings are unnecessary (click to navigate to relevant line of code):
  1. -> at org.gephi.layout.plugin.force.quadtree.TestFirstAddRickGen.test_addNode_PO_e0615ea14343413da8ca6de8a9a1e2fa(TestFirstAddRickGen.java:50)
  2. -> at org.gephi.layout.plugin.force.quadtree.TestFirstAddRickGen.test_addNode_PO_e0615ea14343413da8ca6de8a9a1e2fa(TestFirstAddRickGen.java:51)
Please remove unnecessary stubbings or use 'lenient' strictness. More info: javadoc for UnnecessaryStubbingException class.

[ERROR] test_addNode_OO_e0615ea14343413da8ca6de8a9a1e2fa  Time elapsed: 0.027 s  <<< ERROR!
org.mockito.exceptions.misusing.UnnecessaryStubbingException: 

Unnecessary stubbings detected.
Clean & maintainable test code requires zero unnecessary code.
Following stubbings are unnecessary (click to navigate to relevant line of code):
  1. -> at org.gephi.layout.plugin.force.quadtree.TestFirstAddRickGen.test_addNode_OO_e0615ea14343413da8ca6de8a9a1e2fa(TestFirstAddRickGen.java:36)
  2. -> at org.gephi.layout.plugin.force.quadtree.TestFirstAddRickGen.test_addNode_OO_e0615ea14343413da8ca6de8a9a1e2fa(TestFirstAddRickGen.java:37)
Please remove unnecessary stubbings or use 'lenient' strictness. More info: javadoc for UnnecessaryStubbingException class.

[ERROR] test_addNode_CO_e0615ea14343413da8ca6de8a9a1e2fa  Time elapsed: 0.096 s  <<< FAILURE!
org.mockito.exceptions.verification.WantedButNotInvoked: 

Wanted but not invoked:
node.x();
-> at org.gephi.layout.plugin.force.quadtree.TestFirstAddRickGen.test_addNode_CO_e0615ea14343413da8ca6de8a9a1e2fa(TestFirstAddRickGen.java:71)
Actually, there were zero interactions with this mock.

	at org.gephi.layout.plugin.force.quadtree.TestFirstAddRickGen.test_addNode_CO_e0615ea14343413da8ca6de8a9a1e2fa(TestFirstAddRickGen.java:71)

[INFO] 
[INFO] Results:
[INFO] 
[ERROR] Failures: 
[ERROR]   TestFirstAddRickGen.test_addNode_CO_e0615ea14343413da8ca6de8a9a1e2fa:71 
Wanted but not invoked:
node.x();
-> at org.gephi.layout.plugin.force.quadtree.TestFirstAddRickGen.test_addNode_CO_e0615ea14343413da8ca6de8a9a1e2fa(TestFirstAddRickGen.java:71)
Actually, there were zero interactions with this mock.

[ERROR] Errors: 
[ERROR]   TestFirstAddRickGen.test_addNode_OO_e0615ea14343413da8ca6de8a9a1e2fa » UnnecessaryStubbing
[ERROR]   TestFirstAddRickGen.test_addNode_PO_e0615ea14343413da8ca6de8a9a1e2fa » UnnecessaryStubbing
[INFO] 
[ERROR] Tests run: 3, Failures: 1, Errors: 2, Skipped: 0
[INFO] 
[INFO] ------------------------------------------------------------------------
[INFO] BUILD FAILURE
[INFO] ------------------------------------------------------------------------
[INFO] Total time:  35.399 s
[INFO] Finished at: 2023-06-06T20:15:24+02:00
[INFO] ------------------------------------------------------------------------
[ERROR] Failed to execute goal org.apache.maven.plugins:maven-surefire-plugin:2.22.2:test (default-test) on project rick-tests: There are test failures.
[ERROR] 
[ERROR] Please refer to /home/dee/dev/rick-major-review/rick-tests/target/surefire-reports for the individual test results.
[ERROR] Please refer to dump files (if any exist) [date].dump, [date]-jvmRun[N].dump and [date].dumpstream.
[ERROR] -> [Help 1]
[ERROR] 
[ERROR] To see the full stack trace of the errors, re-run Maven with the -e switch.
[ERROR] Re-run Maven using the -X switch to enable full debug logging.
[ERROR] 
[ERROR] For more information about the errors and possible solutions, please read the following articles:
[ERROR] [Help 1] http://cwiki.apache.org/confluence/display/MAVEN/MojoFailureException

Security framework of XStream not initialized, XStream is probably vulnerable.

---------------------------------------------------
[LOG] Cleaned targets with ['mvn', 'clean']
[INFO] Scanning for projects...
[INFO] 
[INFO] ------------------------< org.gephi:rick-tests >------------------------
[INFO] Building rick-tests 1.0-SNAPSHOT
[INFO] --------------------------------[ jar ]---------------------------------
[INFO] 
[INFO] --- maven-clean-plugin:2.5:clean (default-clean) @ rick-tests ---
[INFO] Deleting /home/dee/dev/rick-major-review/rick-tests/target
[INFO] ------------------------------------------------------------------------
[INFO] BUILD SUCCESS
[INFO] ------------------------------------------------------------------------
[INFO] Total time:  1.211 s
[INFO] Finished at: 2023-06-06T20:15:30+02:00
[INFO] ------------------------------------------------------------------------


---------------------------------------------------
[LOG] In experiment directory /home/dee/dev/rick-major-review/finches
---------------------------------------------------
[LOG] Restoring original RICK test from ./QuadTree.java/original-test.java
[LOG] Invoking cp ./QuadTree.java/original-test.java /home/dee/dev/rick-major-review/rick-tests/src/test/java/org/gephi/layout/plugin/force/quadtree/TestFirstAddRickGen.java
---------------------------------------------------
[ALL] Evaluating (OO +) PO + CO
[LOG] Restoring original RICK test from ./QuadTree.java/original-test.java
[LOG] Invoking cp ./QuadTree.java/original-test.java /home/dee/dev/rick-major-review/rick-tests/src/test/java/org/gephi/layout/plugin/force/quadtree/TestFirstAddRickGen.java
[LOG] In test module directory /home/dee/dev/rick-major-review/rick-tests
[LOG] Invoked tests with ['mvn', 'test', '-Dtest=TestFirstAddRickGen']
[INFO] Scanning for projects...
[INFO] 
[INFO] ------------------------< org.gephi:rick-tests >------------------------
[INFO] Building rick-tests 1.0-SNAPSHOT
[INFO] --------------------------------[ jar ]---------------------------------
[INFO] 
[INFO] --- maven-resources-plugin:2.6:resources (default-resources) @ rick-tests ---
[WARNING] Using platform encoding (UTF-8 actually) to copy filtered resources, i.e. build is platform dependent!
[INFO] Copying 0 resource
[INFO] 
[INFO] --- maven-compiler-plugin:3.1:compile (default-compile) @ rick-tests ---
[INFO] Nothing to compile - all classes are up to date
[INFO] 
[INFO] --- maven-resources-plugin:2.6:testResources (default-testResources) @ rick-tests ---
[WARNING] Using platform encoding (UTF-8 actually) to copy filtered resources, i.e. build is platform dependent!
[INFO] Copying 119 resources
[INFO] 
[INFO] --- maven-compiler-plugin:3.1:testCompile (default-testCompile) @ rick-tests ---
[INFO] Changes detected - recompiling the module!
[WARNING] File encoding has not been set, using platform encoding UTF-8, i.e. build is platform dependent!
[INFO] Compiling 26 source files to /home/dee/dev/rick-major-review/rick-tests/target/test-classes
[WARNING] /home/dee/dev/rick-major-review/rick-tests/src/test/java/org/gephi/importer/impl/TestImportContainerImplRickGenNodeExists.java: Some input files use unchecked or unsafe operations.
[WARNING] /home/dee/dev/rick-major-review/rick-tests/src/test/java/org/gephi/importer/impl/TestImportContainerImplRickGenNodeExists.java: Recompile with -Xlint:unchecked for details.
[INFO] 
[INFO] --- maven-surefire-plugin:2.22.2:test (default-test) @ rick-tests ---
[INFO] 
[INFO] -------------------------------------------------------
[INFO]  T E S T S
[INFO] -------------------------------------------------------
[INFO] Running org.gephi.layout.plugin.force.quadtree.TestFirstAddRickGen
[ERROR] Tests run: 3, Failures: 2, Errors: 1, Skipped: 0, Time elapsed: 5.267 s <<< FAILURE! - in org.gephi.layout.plugin.force.quadtree.TestFirstAddRickGen
[ERROR] test_addNode_PO_e0615ea14343413da8ca6de8a9a1e2fa  Time elapsed: 4.314 s  <<< FAILURE!
org.mockito.exceptions.verification.WantedButNotInvoked: 

Wanted but not invoked:
node.x();
-> at org.gephi.layout.plugin.force.quadtree.TestFirstAddRickGen.test_addNode_PO_e0615ea14343413da8ca6de8a9a1e2fa(TestFirstAddRickGen.java:55)
Actually, there were zero interactions with this mock.

	at org.gephi.layout.plugin.force.quadtree.TestFirstAddRickGen.test_addNode_PO_e0615ea14343413da8ca6de8a9a1e2fa(TestFirstAddRickGen.java:55)

[ERROR] test_addNode_OO_e0615ea14343413da8ca6de8a9a1e2fa  Time elapsed: 0.048 s  <<< ERROR!
org.mockito.exceptions.misusing.UnnecessaryStubbingException: 

Unnecessary stubbings detected.
Clean & maintainable test code requires zero unnecessary code.
Following stubbings are unnecessary (click to navigate to relevant line of code):
  1. -> at org.gephi.layout.plugin.force.quadtree.TestFirstAddRickGen.test_addNode_OO_e0615ea14343413da8ca6de8a9a1e2fa(TestFirstAddRickGen.java:36)
  2. -> at org.gephi.layout.plugin.force.quadtree.TestFirstAddRickGen.test_addNode_OO_e0615ea14343413da8ca6de8a9a1e2fa(TestFirstAddRickGen.java:37)
Please remove unnecessary stubbings or use 'lenient' strictness. More info: javadoc for UnnecessaryStubbingException class.

[ERROR] test_addNode_CO_e0615ea14343413da8ca6de8a9a1e2fa  Time elapsed: 0.063 s  <<< FAILURE!
org.mockito.exceptions.verification.WantedButNotInvoked: 

Wanted but not invoked:
node.x();
-> at org.gephi.layout.plugin.force.quadtree.TestFirstAddRickGen.test_addNode_CO_e0615ea14343413da8ca6de8a9a1e2fa(TestFirstAddRickGen.java:71)
Actually, there were zero interactions with this mock.

	at org.gephi.layout.plugin.force.quadtree.TestFirstAddRickGen.test_addNode_CO_e0615ea14343413da8ca6de8a9a1e2fa(TestFirstAddRickGen.java:71)

[INFO] 
[INFO] Results:
[INFO] 
[ERROR] Failures: 
[ERROR]   TestFirstAddRickGen.test_addNode_CO_e0615ea14343413da8ca6de8a9a1e2fa:71 
Wanted but not invoked:
node.x();
-> at org.gephi.layout.plugin.force.quadtree.TestFirstAddRickGen.test_addNode_CO_e0615ea14343413da8ca6de8a9a1e2fa(TestFirstAddRickGen.java:71)
Actually, there were zero interactions with this mock.

[ERROR]   TestFirstAddRickGen.test_addNode_PO_e0615ea14343413da8ca6de8a9a1e2fa:55 
Wanted but not invoked:
node.x();
-> at org.gephi.layout.plugin.force.quadtree.TestFirstAddRickGen.test_addNode_PO_e0615ea14343413da8ca6de8a9a1e2fa(TestFirstAddRickGen.java:55)
Actually, there were zero interactions with this mock.

[ERROR] Errors: 
[ERROR]   TestFirstAddRickGen.test_addNode_OO_e0615ea14343413da8ca6de8a9a1e2fa » UnnecessaryStubbing
[INFO] 
[ERROR] Tests run: 3, Failures: 2, Errors: 1, Skipped: 0
[INFO] 
[INFO] ------------------------------------------------------------------------
[INFO] BUILD FAILURE
[INFO] ------------------------------------------------------------------------
[INFO] Total time:  24.091 s
[INFO] Finished at: 2023-06-06T20:15:58+02:00
[INFO] ------------------------------------------------------------------------
[ERROR] Failed to execute goal org.apache.maven.plugins:maven-surefire-plugin:2.22.2:test (default-test) on project rick-tests: There are test failures.
[ERROR] 
[ERROR] Please refer to /home/dee/dev/rick-major-review/rick-tests/target/surefire-reports for the individual test results.
[ERROR] Please refer to dump files (if any exist) [date].dump, [date]-jvmRun[N].dump and [date].dumpstream.
[ERROR] -> [Help 1]
[ERROR] 
[ERROR] To see the full stack trace of the errors, re-run Maven with the -e switch.
[ERROR] Re-run Maven using the -X switch to enable full debug logging.
[ERROR] 
[ERROR] For more information about the errors and possible solutions, please read the following articles:
[ERROR] [Help 1] http://cwiki.apache.org/confluence/display/MAVEN/MojoFailureException

Security framework of XStream not initialized, XStream is probably vulnerable.

---------------------------------------------------
[LOG] Cleaned targets with ['mvn', 'clean']
[INFO] Scanning for projects...
[INFO] 
[INFO] ------------------------< org.gephi:rick-tests >------------------------
[INFO] Building rick-tests 1.0-SNAPSHOT
[INFO] --------------------------------[ jar ]---------------------------------
[INFO] 
[INFO] --- maven-clean-plugin:2.5:clean (default-clean) @ rick-tests ---
[INFO] Deleting /home/dee/dev/rick-major-review/rick-tests/target
[INFO] ------------------------------------------------------------------------
[INFO] BUILD SUCCESS
[INFO] ------------------------------------------------------------------------
[INFO] Total time:  1.103 s
[INFO] Finished at: 2023-06-06T20:16:04+02:00
[INFO] ------------------------------------------------------------------------


---------------------------------------------------
[LOG] In experiment directory /home/dee/dev/rick-major-review/finches
---------------------------------------------------
---------------------------------------------------
[LOG] Resetting QuadTree.java to original
[LOG] Invoking cp ./QuadTree.java/original.java /home/dee/dev/rick-major-review/gephi/modules/LayoutPlugin/src/main/java/org/gephi/layout/plugin/force/quadtree/QuadTree.java
---------------------------------------------------
[LOG] Replacing originalQuadTree.java with ./QuadTree.java/155.java
[LOG] Invoking cp ./QuadTree.java/155.java /home/dee/dev/rick-major-review/gephi/modules/LayoutPlugin/src/main/java/org/gephi/layout/plugin/force/quadtree/QuadTree.java
[LOG] Invoked a clean install of the parent module with ['mvn', 'clean', 'install', '-DskipTests']
[INFO] Scanning for projects...
[INFO] 
[INFO] ----------------------< org.gephi:layout-plugin >-----------------------
[INFO] Building LayoutPlugin 0.9.6
[INFO] --------------------------------[ nbm ]---------------------------------
[INFO] 
[INFO] --- maven-clean-plugin:3.1.0:clean (default-clean) @ layout-plugin ---
[INFO] Deleting /home/dee/dev/rick-major-review/gephi/modules/LayoutPlugin/target
[INFO] 
[INFO] --- build-helper-maven-plugin:3.3.0:parse-version (parse-version) @ layout-plugin ---
[INFO] 
[INFO] --- maven-checkstyle-plugin:3.1.2:check (validate) @ layout-plugin ---
[INFO] 
[INFO] --- maven-resources-plugin:3.2.0:copy-resources (generate-modules-xml) @ layout-plugin ---
[INFO] Using 'UTF-8' encoding to copy filtered resources.
[INFO] Using 'UTF-8' encoding to copy filtered properties files.
[INFO] Copying 1 resource
[INFO] 
[INFO] --- maven-resources-plugin:3.2.0:resources (default-resources) @ layout-plugin ---
[INFO] Using 'UTF-8' encoding to copy filtered resources.
[INFO] Using 'UTF-8' encoding to copy filtered properties files.
[INFO] Copying 178 resources
[INFO] 
[INFO] --- maven-compiler-plugin:3.10.0:compile (default-compile) @ layout-plugin ---
[INFO] Changes detected - recompiling the module!
[INFO] Compiling 54 source files to /home/dee/dev/rick-major-review/gephi/modules/LayoutPlugin/target/classes
[WARNING] No processor claimed any of these annotations: java.base/java.lang.Override
[WARNING] /home/dee/dev/rick-major-review/gephi/modules/LayoutPlugin/src/main/java/org/gephi/layout/plugin/openord/DensityGrid.java:[68,19] [rawtypes] found raw type: ArrayDeque
  missing type arguments for generic class ArrayDeque<E>
  where E is a type-variable:
    E extends Object declared in class ArrayDeque
[WARNING] /home/dee/dev/rick-major-review/gephi/modules/LayoutPlugin/src/main/java/org/gephi/layout/plugin/openord/DensityGrid.java:[68,15] [unchecked] unchecked conversion
  required: ArrayDeque<Node>[][]
  found:    ArrayDeque[][]
[WARNING] /home/dee/dev/rick-major-review/gephi/modules/LayoutPlugin/src/main/java/org/gephi/layout/plugin/force/quadtree/QuadTree.java:[444,23] [rawtypes] found raw type: Entry
  missing type arguments for generic class Entry<K,V>
  where K,V are type-variables:
    K extends Object declared in interface Entry
    V extends Object declared in interface Entry
[WARNING] /home/dee/dev/rick-major-review/gephi/modules/LayoutPlugin/src/main/java/org/gephi/layout/plugin/AutoLayout.java:[158,48] [unchecked] unchecked call to setValue(T) as a member of the raw type Property
  where T is a type-variable:
    T extends Object declared in class Property
[WARNING] /home/dee/dev/rick-major-review/gephi/modules/LayoutPlugin/src/main/java/org/gephi/layout/plugin/AutoLayout.java:[241,8] [rawtypes] found raw type: Property
  missing type arguments for generic class Property<T>
  where T is a type-variable:
    T extends Object declared in class Property
[WARNING] /home/dee/dev/rick-major-review/gephi/modules/LayoutPlugin/src/main/java/org/gephi/layout/plugin/AutoLayout.java:[249,18] [rawtypes] found raw type: Property
  missing type arguments for generic class Property<T>
  where T is a type-variable:
    T extends Object declared in class Property
[WARNING] /home/dee/dev/rick-major-review/gephi/modules/LayoutPlugin/src/main/java/org/gephi/layout/plugin/AutoLayout.java:[256,15] [rawtypes] found raw type: Property
  missing type arguments for generic class Property<T>
  where T is a type-variable:
    T extends Object declared in class Property
[WARNING] /home/dee/dev/rick-major-review/gephi/modules/LayoutPlugin/src/main/java/org/gephi/layout/plugin/AutoLayout.java:[260,25] [rawtypes] found raw type: Property
  missing type arguments for generic class Property<T>
  where T is a type-variable:
    T extends Object declared in class Property
[WARNING] /home/dee/dev/rick-major-review/gephi/modules/LayoutPlugin/src/main/java/org/gephi/layout/plugin/forceAtlas2/ForceAtlas2.java:[193,22] [rawtypes] found raw type: Future
  missing type arguments for generic class Future<V>
  where V is a type-variable:
    V extends Object declared in interface Future
[WARNING] /home/dee/dev/rick-major-review/gephi/modules/LayoutPlugin/src/main/java/org/gephi/layout/plugin/forceAtlas2/ForceAtlas2.java:[193,44] [rawtypes] found raw type: ArrayList
  missing type arguments for generic class ArrayList<E>
  where E is a type-variable:
    E extends Object declared in class ArrayList
[WARNING] /home/dee/dev/rick-major-review/gephi/modules/LayoutPlugin/src/main/java/org/gephi/layout/plugin/forceAtlas2/ForceAtlas2.java:[193,40] [unchecked] unchecked conversion
  required: ArrayList<Future>
  found:    ArrayList
[WARNING] /home/dee/dev/rick-major-review/gephi/modules/LayoutPlugin/src/main/java/org/gephi/layout/plugin/forceAtlas2/ForceAtlas2.java:[197,16] [rawtypes] found raw type: Future
  missing type arguments for generic class Future<V>
  where V is a type-variable:
    V extends Object declared in interface Future
[WARNING] /home/dee/dev/rick-major-review/gephi/modules/LayoutPlugin/src/main/java/org/gephi/layout/plugin/forceAtlas2/ForceAtlas2.java:[203,17] [rawtypes] found raw type: Future
  missing type arguments for generic class Future<V>
  where V is a type-variable:
    V extends Object declared in interface Future
[INFO] 
[INFO] --- nbm-maven-plugin:4.6:manifest (default-manifest) @ layout-plugin ---
[INFO] NBM Plugin generates manifest
[INFO] 
[INFO] --- maven-resources-plugin:3.2.0:testResources (default-testResources) @ layout-plugin ---
[INFO] Using 'UTF-8' encoding to copy filtered resources.
[INFO] Using 'UTF-8' encoding to copy filtered properties files.
[INFO] skip non existing resourceDirectory /home/dee/dev/rick-major-review/gephi/modules/LayoutPlugin/src/test/resources
[INFO] 
[INFO] --- maven-compiler-plugin:3.10.0:testCompile (default-testCompile) @ layout-plugin ---
[INFO] No sources to compile
[INFO] 
[INFO] --- maven-surefire-plugin:2.22.2:test (default-test) @ layout-plugin ---
[INFO] Tests are skipped.
[INFO] 
[INFO] --- maven-jar-plugin:3.2.2:jar (default-jar) @ layout-plugin ---
[INFO] Building jar: /home/dee/dev/rick-major-review/gephi/modules/LayoutPlugin/target/layout-plugin-0.9.6.jar
[INFO] 
[INFO] --- nbm-maven-plugin:4.6:nbm (default-nbm) @ layout-plugin ---
[INFO] Copying module JAR to /home/dee/dev/rick-major-review/gephi/modules/LayoutPlugin/target/nbm/clusters/gephi/modules
[INFO] Generating Auto Update information for org.gephi.layout.plugin
[WARNING] No updater.jar specified, cannot validate Info.xml against DTD
[INFO] Building jar: /home/dee/dev/rick-major-review/gephi/modules/LayoutPlugin/target/nbm/layout-plugin-0.9.6.nbm
[INFO] 
[INFO] --- maven-install-plugin:2.5.2:install (default-install) @ layout-plugin ---
[INFO] Installing /home/dee/dev/rick-major-review/gephi/modules/LayoutPlugin/target/layout-plugin-0.9.6.jar to /home/dee/.m2/repository/org/gephi/layout-plugin/0.9.6/layout-plugin-0.9.6.jar
[INFO] Installing /home/dee/dev/rick-major-review/gephi/modules/LayoutPlugin/pom.xml to /home/dee/.m2/repository/org/gephi/layout-plugin/0.9.6/layout-plugin-0.9.6.pom
[INFO] Installing /home/dee/dev/rick-major-review/gephi/modules/LayoutPlugin/target/layout-plugin-0.9.6.nbm to /home/dee/.m2/repository/org/gephi/layout-plugin/0.9.6/layout-plugin-0.9.6.nbm
[INFO] ------------------------------------------------------------------------
[INFO] BUILD SUCCESS
[INFO] ------------------------------------------------------------------------
[INFO] Total time:  21.239 s
[INFO] Finished at: 2023-06-06T20:16:30+02:00
[INFO] ------------------------------------------------------------------------


---------------------------------------------------
[BASELINE] Not evaluating any oracle
[LOG] Replacing original RICK test with variant baseline
[LOG] Invoking cp /home/dee/dev/rick-major-review/finches/output/QuadTree_FirstAdd_addNode_NodeProperties/test-baseline.java /home/dee/dev/rick-major-review/rick-tests/src/test/java/org/gephi/layout/plugin/force/quadtree/TestFirstAddRickGen.java
[LOG] In test module directory /home/dee/dev/rick-major-review/rick-tests
[LOG] Invoked tests with ['mvn', 'test', '-Dtest=TestFirstAddRickGen']
[INFO] Scanning for projects...
[INFO] 
[INFO] ------------------------< org.gephi:rick-tests >------------------------
[INFO] Building rick-tests 1.0-SNAPSHOT
[INFO] --------------------------------[ jar ]---------------------------------
[INFO] 
[INFO] --- maven-resources-plugin:2.6:resources (default-resources) @ rick-tests ---
[WARNING] Using platform encoding (UTF-8 actually) to copy filtered resources, i.e. build is platform dependent!
[INFO] Copying 0 resource
[INFO] 
[INFO] --- maven-compiler-plugin:3.1:compile (default-compile) @ rick-tests ---
[INFO] Nothing to compile - all classes are up to date
[INFO] 
[INFO] --- maven-resources-plugin:2.6:testResources (default-testResources) @ rick-tests ---
[WARNING] Using platform encoding (UTF-8 actually) to copy filtered resources, i.e. build is platform dependent!
[INFO] Copying 119 resources
[INFO] 
[INFO] --- maven-compiler-plugin:3.1:testCompile (default-testCompile) @ rick-tests ---
[INFO] Changes detected - recompiling the module!
[WARNING] File encoding has not been set, using platform encoding UTF-8, i.e. build is platform dependent!
[INFO] Compiling 26 source files to /home/dee/dev/rick-major-review/rick-tests/target/test-classes
[WARNING] /home/dee/dev/rick-major-review/rick-tests/src/test/java/org/gephi/importer/impl/TestImportContainerImplRickGenNodeExists.java: Some input files use unchecked or unsafe operations.
[WARNING] /home/dee/dev/rick-major-review/rick-tests/src/test/java/org/gephi/importer/impl/TestImportContainerImplRickGenNodeExists.java: Recompile with -Xlint:unchecked for details.
[INFO] 
[INFO] --- maven-surefire-plugin:2.22.2:test (default-test) @ rick-tests ---
[INFO] 
[INFO] -------------------------------------------------------
[INFO]  T E S T S
[INFO] -------------------------------------------------------
[INFO] Running org.gephi.layout.plugin.force.quadtree.TestFirstAddRickGen
[ERROR] Tests run: 3, Failures: 0, Errors: 3, Skipped: 0, Time elapsed: 4.916 s <<< FAILURE! - in org.gephi.layout.plugin.force.quadtree.TestFirstAddRickGen
[ERROR] test_addNode_PO_e0615ea14343413da8ca6de8a9a1e2fa  Time elapsed: 3.863 s  <<< ERROR!
org.mockito.exceptions.misusing.UnnecessaryStubbingException: 

Unnecessary stubbings detected.
Clean & maintainable test code requires zero unnecessary code.
Following stubbings are unnecessary (click to navigate to relevant line of code):
  1. -> at org.gephi.layout.plugin.force.quadtree.TestFirstAddRickGen.test_addNode_PO_e0615ea14343413da8ca6de8a9a1e2fa(TestFirstAddRickGen.java:50)
  2. -> at org.gephi.layout.plugin.force.quadtree.TestFirstAddRickGen.test_addNode_PO_e0615ea14343413da8ca6de8a9a1e2fa(TestFirstAddRickGen.java:51)
Please remove unnecessary stubbings or use 'lenient' strictness. More info: javadoc for UnnecessaryStubbingException class.

[ERROR] test_addNode_OO_e0615ea14343413da8ca6de8a9a1e2fa  Time elapsed: 0.015 s  <<< ERROR!
org.mockito.exceptions.misusing.UnnecessaryStubbingException: 

Unnecessary stubbings detected.
Clean & maintainable test code requires zero unnecessary code.
Following stubbings are unnecessary (click to navigate to relevant line of code):
  1. -> at org.gephi.layout.plugin.force.quadtree.TestFirstAddRickGen.test_addNode_OO_e0615ea14343413da8ca6de8a9a1e2fa(TestFirstAddRickGen.java:36)
  2. -> at org.gephi.layout.plugin.force.quadtree.TestFirstAddRickGen.test_addNode_OO_e0615ea14343413da8ca6de8a9a1e2fa(TestFirstAddRickGen.java:37)
Please remove unnecessary stubbings or use 'lenient' strictness. More info: javadoc for UnnecessaryStubbingException class.

[ERROR] test_addNode_CO_e0615ea14343413da8ca6de8a9a1e2fa  Time elapsed: 0.018 s  <<< ERROR!
org.mockito.exceptions.misusing.UnnecessaryStubbingException: 

Unnecessary stubbings detected.
Clean & maintainable test code requires zero unnecessary code.
Following stubbings are unnecessary (click to navigate to relevant line of code):
  1. -> at org.gephi.layout.plugin.force.quadtree.TestFirstAddRickGen.test_addNode_CO_e0615ea14343413da8ca6de8a9a1e2fa(TestFirstAddRickGen.java:65)
  2. -> at org.gephi.layout.plugin.force.quadtree.TestFirstAddRickGen.test_addNode_CO_e0615ea14343413da8ca6de8a9a1e2fa(TestFirstAddRickGen.java:66)
Please remove unnecessary stubbings or use 'lenient' strictness. More info: javadoc for UnnecessaryStubbingException class.

[INFO] 
[INFO] Results:
[INFO] 
[ERROR] Errors: 
[ERROR]   TestFirstAddRickGen.test_addNode_CO_e0615ea14343413da8ca6de8a9a1e2fa » UnnecessaryStubbing
[ERROR]   TestFirstAddRickGen.test_addNode_OO_e0615ea14343413da8ca6de8a9a1e2fa » UnnecessaryStubbing
[ERROR]   TestFirstAddRickGen.test_addNode_PO_e0615ea14343413da8ca6de8a9a1e2fa » UnnecessaryStubbing
[INFO] 
[ERROR] Tests run: 3, Failures: 0, Errors: 3, Skipped: 0
[INFO] 
[INFO] ------------------------------------------------------------------------
[INFO] BUILD FAILURE
[INFO] ------------------------------------------------------------------------
[INFO] Total time:  23.373 s
[INFO] Finished at: 2023-06-06T20:16:57+02:00
[INFO] ------------------------------------------------------------------------
[ERROR] Failed to execute goal org.apache.maven.plugins:maven-surefire-plugin:2.22.2:test (default-test) on project rick-tests: There are test failures.
[ERROR] 
[ERROR] Please refer to /home/dee/dev/rick-major-review/rick-tests/target/surefire-reports for the individual test results.
[ERROR] Please refer to dump files (if any exist) [date].dump, [date]-jvmRun[N].dump and [date].dumpstream.
[ERROR] -> [Help 1]
[ERROR] 
[ERROR] To see the full stack trace of the errors, re-run Maven with the -e switch.
[ERROR] Re-run Maven using the -X switch to enable full debug logging.
[ERROR] 
[ERROR] For more information about the errors and possible solutions, please read the following articles:
[ERROR] [Help 1] http://cwiki.apache.org/confluence/display/MAVEN/MojoFailureException

Security framework of XStream not initialized, XStream is probably vulnerable.

---------------------------------------------------
[LOG] Cleaned targets with ['mvn', 'clean']
[INFO] Scanning for projects...
[INFO] 
[INFO] ------------------------< org.gephi:rick-tests >------------------------
[INFO] Building rick-tests 1.0-SNAPSHOT
[INFO] --------------------------------[ jar ]---------------------------------
[INFO] 
[INFO] --- maven-clean-plugin:2.5:clean (default-clean) @ rick-tests ---
[INFO] Deleting /home/dee/dev/rick-major-review/rick-tests/target
[INFO] ------------------------------------------------------------------------
[INFO] BUILD SUCCESS
[INFO] ------------------------------------------------------------------------
[INFO] Total time:  0.821 s
[INFO] Finished at: 2023-06-06T20:17:02+02:00
[INFO] ------------------------------------------------------------------------


---------------------------------------------------
[LOG] In experiment directory /home/dee/dev/rick-major-review/finches
---------------------------------------------------
[LOG] Restoring original RICK test from ./QuadTree.java/original-test.java
[LOG] Invoking cp ./QuadTree.java/original-test.java /home/dee/dev/rick-major-review/rick-tests/src/test/java/org/gephi/layout/plugin/force/quadtree/TestFirstAddRickGen.java
---------------------------------------------------
[OO] Evaluating only OO
[LOG] Replacing original RICK test with variant oo
[LOG] Invoking cp /home/dee/dev/rick-major-review/finches/output/QuadTree_FirstAdd_addNode_NodeProperties/test-oo.java /home/dee/dev/rick-major-review/rick-tests/src/test/java/org/gephi/layout/plugin/force/quadtree/TestFirstAddRickGen.java
[LOG] In test module directory /home/dee/dev/rick-major-review/rick-tests
[LOG] Invoked tests with ['mvn', 'test', '-Dtest=TestFirstAddRickGen']
[INFO] Scanning for projects...
[INFO] 
[INFO] ------------------------< org.gephi:rick-tests >------------------------
[INFO] Building rick-tests 1.0-SNAPSHOT
[INFO] --------------------------------[ jar ]---------------------------------
[INFO] 
[INFO] --- maven-resources-plugin:2.6:resources (default-resources) @ rick-tests ---
[WARNING] Using platform encoding (UTF-8 actually) to copy filtered resources, i.e. build is platform dependent!
[INFO] Copying 0 resource
[INFO] 
[INFO] --- maven-compiler-plugin:3.1:compile (default-compile) @ rick-tests ---
[INFO] Nothing to compile - all classes are up to date
[INFO] 
[INFO] --- maven-resources-plugin:2.6:testResources (default-testResources) @ rick-tests ---
[WARNING] Using platform encoding (UTF-8 actually) to copy filtered resources, i.e. build is platform dependent!
[INFO] Copying 119 resources
[INFO] 
[INFO] --- maven-compiler-plugin:3.1:testCompile (default-testCompile) @ rick-tests ---
[INFO] Changes detected - recompiling the module!
[WARNING] File encoding has not been set, using platform encoding UTF-8, i.e. build is platform dependent!
[INFO] Compiling 26 source files to /home/dee/dev/rick-major-review/rick-tests/target/test-classes
[WARNING] /home/dee/dev/rick-major-review/rick-tests/src/test/java/org/gephi/importer/impl/TestImportContainerImplRickGenNodeExists.java: Some input files use unchecked or unsafe operations.
[WARNING] /home/dee/dev/rick-major-review/rick-tests/src/test/java/org/gephi/importer/impl/TestImportContainerImplRickGenNodeExists.java: Recompile with -Xlint:unchecked for details.
[INFO] 
[INFO] --- maven-surefire-plugin:2.22.2:test (default-test) @ rick-tests ---
[INFO] 
[INFO] -------------------------------------------------------
[INFO]  T E S T S
[INFO] -------------------------------------------------------
[INFO] Running org.gephi.layout.plugin.force.quadtree.TestFirstAddRickGen
[ERROR] Tests run: 3, Failures: 1, Errors: 2, Skipped: 0, Time elapsed: 4.903 s <<< FAILURE! - in org.gephi.layout.plugin.force.quadtree.TestFirstAddRickGen
[ERROR] test_addNode_PO_e0615ea14343413da8ca6de8a9a1e2fa  Time elapsed: 3.952 s  <<< ERROR!
org.mockito.exceptions.misusing.UnnecessaryStubbingException: 

Unnecessary stubbings detected.
Clean & maintainable test code requires zero unnecessary code.
Following stubbings are unnecessary (click to navigate to relevant line of code):
  1. -> at org.gephi.layout.plugin.force.quadtree.TestFirstAddRickGen.test_addNode_PO_e0615ea14343413da8ca6de8a9a1e2fa(TestFirstAddRickGen.java:50)
  2. -> at org.gephi.layout.plugin.force.quadtree.TestFirstAddRickGen.test_addNode_PO_e0615ea14343413da8ca6de8a9a1e2fa(TestFirstAddRickGen.java:51)
Please remove unnecessary stubbings or use 'lenient' strictness. More info: javadoc for UnnecessaryStubbingException class.

[ERROR] test_addNode_OO_e0615ea14343413da8ca6de8a9a1e2fa  Time elapsed: 0.039 s  <<< FAILURE!
org.opentest4j.AssertionFailedError: expected: <true> but was: <false>
	at org.gephi.layout.plugin.force.quadtree.TestFirstAddRickGen.test_addNode_OO_e0615ea14343413da8ca6de8a9a1e2fa(TestFirstAddRickGen.java:41)

[ERROR] test_addNode_CO_e0615ea14343413da8ca6de8a9a1e2fa  Time elapsed: 0.026 s  <<< ERROR!
org.mockito.exceptions.misusing.UnnecessaryStubbingException: 

Unnecessary stubbings detected.
Clean & maintainable test code requires zero unnecessary code.
Following stubbings are unnecessary (click to navigate to relevant line of code):
  1. -> at org.gephi.layout.plugin.force.quadtree.TestFirstAddRickGen.test_addNode_CO_e0615ea14343413da8ca6de8a9a1e2fa(TestFirstAddRickGen.java:65)
  2. -> at org.gephi.layout.plugin.force.quadtree.TestFirstAddRickGen.test_addNode_CO_e0615ea14343413da8ca6de8a9a1e2fa(TestFirstAddRickGen.java:66)
Please remove unnecessary stubbings or use 'lenient' strictness. More info: javadoc for UnnecessaryStubbingException class.

[INFO] 
[INFO] Results:
[INFO] 
[ERROR] Failures: 
[ERROR]   TestFirstAddRickGen.test_addNode_OO_e0615ea14343413da8ca6de8a9a1e2fa:41 expected: <true> but was: <false>
[ERROR] Errors: 
[ERROR]   TestFirstAddRickGen.test_addNode_CO_e0615ea14343413da8ca6de8a9a1e2fa » UnnecessaryStubbing
[ERROR]   TestFirstAddRickGen.test_addNode_PO_e0615ea14343413da8ca6de8a9a1e2fa » UnnecessaryStubbing
[INFO] 
[ERROR] Tests run: 3, Failures: 1, Errors: 2, Skipped: 0
[INFO] 
[INFO] ------------------------------------------------------------------------
[INFO] BUILD FAILURE
[INFO] ------------------------------------------------------------------------
[INFO] Total time:  23.783 s
[INFO] Finished at: 2023-06-06T20:17:29+02:00
[INFO] ------------------------------------------------------------------------
[ERROR] Failed to execute goal org.apache.maven.plugins:maven-surefire-plugin:2.22.2:test (default-test) on project rick-tests: There are test failures.
[ERROR] 
[ERROR] Please refer to /home/dee/dev/rick-major-review/rick-tests/target/surefire-reports for the individual test results.
[ERROR] Please refer to dump files (if any exist) [date].dump, [date]-jvmRun[N].dump and [date].dumpstream.
[ERROR] -> [Help 1]
[ERROR] 
[ERROR] To see the full stack trace of the errors, re-run Maven with the -e switch.
[ERROR] Re-run Maven using the -X switch to enable full debug logging.
[ERROR] 
[ERROR] For more information about the errors and possible solutions, please read the following articles:
[ERROR] [Help 1] http://cwiki.apache.org/confluence/display/MAVEN/MojoFailureException

Security framework of XStream not initialized, XStream is probably vulnerable.

---------------------------------------------------
[LOG] Cleaned targets with ['mvn', 'clean']
[INFO] Scanning for projects...
[INFO] 
[INFO] ------------------------< org.gephi:rick-tests >------------------------
[INFO] Building rick-tests 1.0-SNAPSHOT
[INFO] --------------------------------[ jar ]---------------------------------
[INFO] 
[INFO] --- maven-clean-plugin:2.5:clean (default-clean) @ rick-tests ---
[INFO] Deleting /home/dee/dev/rick-major-review/rick-tests/target
[INFO] ------------------------------------------------------------------------
[INFO] BUILD SUCCESS
[INFO] ------------------------------------------------------------------------
[INFO] Total time:  0.900 s
[INFO] Finished at: 2023-06-06T20:17:34+02:00
[INFO] ------------------------------------------------------------------------


---------------------------------------------------
[LOG] In experiment directory /home/dee/dev/rick-major-review/finches
---------------------------------------------------
[LOG] Restoring original RICK test from ./QuadTree.java/original-test.java
[LOG] Invoking cp ./QuadTree.java/original-test.java /home/dee/dev/rick-major-review/rick-tests/src/test/java/org/gephi/layout/plugin/force/quadtree/TestFirstAddRickGen.java
---------------------------------------------------
[PO] Evaluating only PO
[LOG] Replacing original RICK test with variant po
[LOG] Invoking cp /home/dee/dev/rick-major-review/finches/output/QuadTree_FirstAdd_addNode_NodeProperties/test-po.java /home/dee/dev/rick-major-review/rick-tests/src/test/java/org/gephi/layout/plugin/force/quadtree/TestFirstAddRickGen.java
[LOG] In test module directory /home/dee/dev/rick-major-review/rick-tests
[LOG] Invoked tests with ['mvn', 'test', '-Dtest=TestFirstAddRickGen']
[INFO] Scanning for projects...
[INFO] 
[INFO] ------------------------< org.gephi:rick-tests >------------------------
[INFO] Building rick-tests 1.0-SNAPSHOT
[INFO] --------------------------------[ jar ]---------------------------------
[INFO] 
[INFO] --- maven-resources-plugin:2.6:resources (default-resources) @ rick-tests ---
[WARNING] Using platform encoding (UTF-8 actually) to copy filtered resources, i.e. build is platform dependent!
[INFO] Copying 0 resource
[INFO] 
[INFO] --- maven-compiler-plugin:3.1:compile (default-compile) @ rick-tests ---
[INFO] Nothing to compile - all classes are up to date
[INFO] 
[INFO] --- maven-resources-plugin:2.6:testResources (default-testResources) @ rick-tests ---
[WARNING] Using platform encoding (UTF-8 actually) to copy filtered resources, i.e. build is platform dependent!
[INFO] Copying 119 resources
[INFO] 
[INFO] --- maven-compiler-plugin:3.1:testCompile (default-testCompile) @ rick-tests ---
[INFO] Changes detected - recompiling the module!
[WARNING] File encoding has not been set, using platform encoding UTF-8, i.e. build is platform dependent!
[INFO] Compiling 26 source files to /home/dee/dev/rick-major-review/rick-tests/target/test-classes
[WARNING] /home/dee/dev/rick-major-review/rick-tests/src/test/java/org/gephi/importer/impl/TestImportContainerImplRickGenNodeExists.java: Some input files use unchecked or unsafe operations.
[WARNING] /home/dee/dev/rick-major-review/rick-tests/src/test/java/org/gephi/importer/impl/TestImportContainerImplRickGenNodeExists.java: Recompile with -Xlint:unchecked for details.
[INFO] 
[INFO] --- maven-surefire-plugin:2.22.2:test (default-test) @ rick-tests ---
[INFO] 
[INFO] -------------------------------------------------------
[INFO]  T E S T S
[INFO] -------------------------------------------------------
[INFO] Running org.gephi.layout.plugin.force.quadtree.TestFirstAddRickGen
[ERROR] Tests run: 3, Failures: 1, Errors: 2, Skipped: 0, Time elapsed: 4.828 s <<< FAILURE! - in org.gephi.layout.plugin.force.quadtree.TestFirstAddRickGen
[ERROR] test_addNode_PO_e0615ea14343413da8ca6de8a9a1e2fa  Time elapsed: 4.034 s  <<< FAILURE!
org.mockito.exceptions.verification.WantedButNotInvoked: 

Wanted but not invoked:
node.x();
-> at org.gephi.layout.plugin.force.quadtree.TestFirstAddRickGen.test_addNode_PO_e0615ea14343413da8ca6de8a9a1e2fa(TestFirstAddRickGen.java:55)
Actually, there were zero interactions with this mock.

	at org.gephi.layout.plugin.force.quadtree.TestFirstAddRickGen.test_addNode_PO_e0615ea14343413da8ca6de8a9a1e2fa(TestFirstAddRickGen.java:55)

[ERROR] test_addNode_OO_e0615ea14343413da8ca6de8a9a1e2fa  Time elapsed: 0.023 s  <<< ERROR!
org.mockito.exceptions.misusing.UnnecessaryStubbingException: 

Unnecessary stubbings detected.
Clean & maintainable test code requires zero unnecessary code.
Following stubbings are unnecessary (click to navigate to relevant line of code):
  1. -> at org.gephi.layout.plugin.force.quadtree.TestFirstAddRickGen.test_addNode_OO_e0615ea14343413da8ca6de8a9a1e2fa(TestFirstAddRickGen.java:36)
  2. -> at org.gephi.layout.plugin.force.quadtree.TestFirstAddRickGen.test_addNode_OO_e0615ea14343413da8ca6de8a9a1e2fa(TestFirstAddRickGen.java:37)
Please remove unnecessary stubbings or use 'lenient' strictness. More info: javadoc for UnnecessaryStubbingException class.

[ERROR] test_addNode_CO_e0615ea14343413da8ca6de8a9a1e2fa  Time elapsed: 0.028 s  <<< ERROR!
org.mockito.exceptions.misusing.UnnecessaryStubbingException: 

Unnecessary stubbings detected.
Clean & maintainable test code requires zero unnecessary code.
Following stubbings are unnecessary (click to navigate to relevant line of code):
  1. -> at org.gephi.layout.plugin.force.quadtree.TestFirstAddRickGen.test_addNode_CO_e0615ea14343413da8ca6de8a9a1e2fa(TestFirstAddRickGen.java:65)
  2. -> at org.gephi.layout.plugin.force.quadtree.TestFirstAddRickGen.test_addNode_CO_e0615ea14343413da8ca6de8a9a1e2fa(TestFirstAddRickGen.java:66)
Please remove unnecessary stubbings or use 'lenient' strictness. More info: javadoc for UnnecessaryStubbingException class.

[INFO] 
[INFO] Results:
[INFO] 
[ERROR] Failures: 
[ERROR]   TestFirstAddRickGen.test_addNode_PO_e0615ea14343413da8ca6de8a9a1e2fa:55 
Wanted but not invoked:
node.x();
-> at org.gephi.layout.plugin.force.quadtree.TestFirstAddRickGen.test_addNode_PO_e0615ea14343413da8ca6de8a9a1e2fa(TestFirstAddRickGen.java:55)
Actually, there were zero interactions with this mock.

[ERROR] Errors: 
[ERROR]   TestFirstAddRickGen.test_addNode_CO_e0615ea14343413da8ca6de8a9a1e2fa » UnnecessaryStubbing
[ERROR]   TestFirstAddRickGen.test_addNode_OO_e0615ea14343413da8ca6de8a9a1e2fa » UnnecessaryStubbing
[INFO] 
[ERROR] Tests run: 3, Failures: 1, Errors: 2, Skipped: 0
[INFO] 
[INFO] ------------------------------------------------------------------------
[INFO] BUILD FAILURE
[INFO] ------------------------------------------------------------------------
[INFO] Total time:  19.942 s
[INFO] Finished at: 2023-06-06T20:17:58+02:00
[INFO] ------------------------------------------------------------------------
[ERROR] Failed to execute goal org.apache.maven.plugins:maven-surefire-plugin:2.22.2:test (default-test) on project rick-tests: There are test failures.
[ERROR] 
[ERROR] Please refer to /home/dee/dev/rick-major-review/rick-tests/target/surefire-reports for the individual test results.
[ERROR] Please refer to dump files (if any exist) [date].dump, [date]-jvmRun[N].dump and [date].dumpstream.
[ERROR] -> [Help 1]
[ERROR] 
[ERROR] To see the full stack trace of the errors, re-run Maven with the -e switch.
[ERROR] Re-run Maven using the -X switch to enable full debug logging.
[ERROR] 
[ERROR] For more information about the errors and possible solutions, please read the following articles:
[ERROR] [Help 1] http://cwiki.apache.org/confluence/display/MAVEN/MojoFailureException

Security framework of XStream not initialized, XStream is probably vulnerable.

---------------------------------------------------
[LOG] Cleaned targets with ['mvn', 'clean']
[INFO] Scanning for projects...
[INFO] 
[INFO] ------------------------< org.gephi:rick-tests >------------------------
[INFO] Building rick-tests 1.0-SNAPSHOT
[INFO] --------------------------------[ jar ]---------------------------------
[INFO] 
[INFO] --- maven-clean-plugin:2.5:clean (default-clean) @ rick-tests ---
[INFO] Deleting /home/dee/dev/rick-major-review/rick-tests/target
[INFO] ------------------------------------------------------------------------
[INFO] BUILD SUCCESS
[INFO] ------------------------------------------------------------------------
[INFO] Total time:  1.136 s
[INFO] Finished at: 2023-06-06T20:18:03+02:00
[INFO] ------------------------------------------------------------------------


---------------------------------------------------
[LOG] In experiment directory /home/dee/dev/rick-major-review/finches
---------------------------------------------------
[LOG] Restoring original RICK test from ./QuadTree.java/original-test.java
[LOG] Invoking cp ./QuadTree.java/original-test.java /home/dee/dev/rick-major-review/rick-tests/src/test/java/org/gephi/layout/plugin/force/quadtree/TestFirstAddRickGen.java
---------------------------------------------------
[CO] Evaluating only CO
[LOG] Replacing original RICK test with variant co
[LOG] Invoking cp /home/dee/dev/rick-major-review/finches/output/QuadTree_FirstAdd_addNode_NodeProperties/test-co.java /home/dee/dev/rick-major-review/rick-tests/src/test/java/org/gephi/layout/plugin/force/quadtree/TestFirstAddRickGen.java
[LOG] In test module directory /home/dee/dev/rick-major-review/rick-tests
[LOG] Invoked tests with ['mvn', 'test', '-Dtest=TestFirstAddRickGen']
[INFO] Scanning for projects...
[INFO] 
[INFO] ------------------------< org.gephi:rick-tests >------------------------
[INFO] Building rick-tests 1.0-SNAPSHOT
[INFO] --------------------------------[ jar ]---------------------------------
[INFO] 
[INFO] --- maven-resources-plugin:2.6:resources (default-resources) @ rick-tests ---
[WARNING] Using platform encoding (UTF-8 actually) to copy filtered resources, i.e. build is platform dependent!
[INFO] Copying 0 resource
[INFO] 
[INFO] --- maven-compiler-plugin:3.1:compile (default-compile) @ rick-tests ---
[INFO] Nothing to compile - all classes are up to date
[INFO] 
[INFO] --- maven-resources-plugin:2.6:testResources (default-testResources) @ rick-tests ---
[WARNING] Using platform encoding (UTF-8 actually) to copy filtered resources, i.e. build is platform dependent!
[INFO] Copying 119 resources
[INFO] 
[INFO] --- maven-compiler-plugin:3.1:testCompile (default-testCompile) @ rick-tests ---
[INFO] Changes detected - recompiling the module!
[WARNING] File encoding has not been set, using platform encoding UTF-8, i.e. build is platform dependent!
[INFO] Compiling 26 source files to /home/dee/dev/rick-major-review/rick-tests/target/test-classes
[WARNING] /home/dee/dev/rick-major-review/rick-tests/src/test/java/org/gephi/importer/impl/TestImportContainerImplRickGenNodeExists.java: Some input files use unchecked or unsafe operations.
[WARNING] /home/dee/dev/rick-major-review/rick-tests/src/test/java/org/gephi/importer/impl/TestImportContainerImplRickGenNodeExists.java: Recompile with -Xlint:unchecked for details.
[INFO] 
[INFO] --- maven-surefire-plugin:2.22.2:test (default-test) @ rick-tests ---
[INFO] 
[INFO] -------------------------------------------------------
[INFO]  T E S T S
[INFO] -------------------------------------------------------
[INFO] Running org.gephi.layout.plugin.force.quadtree.TestFirstAddRickGen
[ERROR] Tests run: 3, Failures: 1, Errors: 2, Skipped: 0, Time elapsed: 5.554 s <<< FAILURE! - in org.gephi.layout.plugin.force.quadtree.TestFirstAddRickGen
[ERROR] test_addNode_PO_e0615ea14343413da8ca6de8a9a1e2fa  Time elapsed: 4.453 s  <<< ERROR!
org.mockito.exceptions.misusing.UnnecessaryStubbingException: 

Unnecessary stubbings detected.
Clean & maintainable test code requires zero unnecessary code.
Following stubbings are unnecessary (click to navigate to relevant line of code):
  1. -> at org.gephi.layout.plugin.force.quadtree.TestFirstAddRickGen.test_addNode_PO_e0615ea14343413da8ca6de8a9a1e2fa(TestFirstAddRickGen.java:50)
  2. -> at org.gephi.layout.plugin.force.quadtree.TestFirstAddRickGen.test_addNode_PO_e0615ea14343413da8ca6de8a9a1e2fa(TestFirstAddRickGen.java:51)
Please remove unnecessary stubbings or use 'lenient' strictness. More info: javadoc for UnnecessaryStubbingException class.

[ERROR] test_addNode_OO_e0615ea14343413da8ca6de8a9a1e2fa  Time elapsed: 0.031 s  <<< ERROR!
org.mockito.exceptions.misusing.UnnecessaryStubbingException: 

Unnecessary stubbings detected.
Clean & maintainable test code requires zero unnecessary code.
Following stubbings are unnecessary (click to navigate to relevant line of code):
  1. -> at org.gephi.layout.plugin.force.quadtree.TestFirstAddRickGen.test_addNode_OO_e0615ea14343413da8ca6de8a9a1e2fa(TestFirstAddRickGen.java:36)
  2. -> at org.gephi.layout.plugin.force.quadtree.TestFirstAddRickGen.test_addNode_OO_e0615ea14343413da8ca6de8a9a1e2fa(TestFirstAddRickGen.java:37)
Please remove unnecessary stubbings or use 'lenient' strictness. More info: javadoc for UnnecessaryStubbingException class.

[ERROR] test_addNode_CO_e0615ea14343413da8ca6de8a9a1e2fa  Time elapsed: 0.105 s  <<< FAILURE!
org.mockito.exceptions.verification.WantedButNotInvoked: 

Wanted but not invoked:
node.x();
-> at org.gephi.layout.plugin.force.quadtree.TestFirstAddRickGen.test_addNode_CO_e0615ea14343413da8ca6de8a9a1e2fa(TestFirstAddRickGen.java:71)
Actually, there were zero interactions with this mock.

	at org.gephi.layout.plugin.force.quadtree.TestFirstAddRickGen.test_addNode_CO_e0615ea14343413da8ca6de8a9a1e2fa(TestFirstAddRickGen.java:71)

[INFO] 
[INFO] Results:
[INFO] 
[ERROR] Failures: 
[ERROR]   TestFirstAddRickGen.test_addNode_CO_e0615ea14343413da8ca6de8a9a1e2fa:71 
Wanted but not invoked:
node.x();
-> at org.gephi.layout.plugin.force.quadtree.TestFirstAddRickGen.test_addNode_CO_e0615ea14343413da8ca6de8a9a1e2fa(TestFirstAddRickGen.java:71)
Actually, there were zero interactions with this mock.

[ERROR] Errors: 
[ERROR]   TestFirstAddRickGen.test_addNode_OO_e0615ea14343413da8ca6de8a9a1e2fa » UnnecessaryStubbing
[ERROR]   TestFirstAddRickGen.test_addNode_PO_e0615ea14343413da8ca6de8a9a1e2fa » UnnecessaryStubbing
[INFO] 
[ERROR] Tests run: 3, Failures: 1, Errors: 2, Skipped: 0
[INFO] 
[INFO] ------------------------------------------------------------------------
[INFO] BUILD FAILURE
[INFO] ------------------------------------------------------------------------
[INFO] Total time:  22.744 s
[INFO] Finished at: 2023-06-06T20:18:30+02:00
[INFO] ------------------------------------------------------------------------
[ERROR] Failed to execute goal org.apache.maven.plugins:maven-surefire-plugin:2.22.2:test (default-test) on project rick-tests: There are test failures.
[ERROR] 
[ERROR] Please refer to /home/dee/dev/rick-major-review/rick-tests/target/surefire-reports for the individual test results.
[ERROR] Please refer to dump files (if any exist) [date].dump, [date]-jvmRun[N].dump and [date].dumpstream.
[ERROR] -> [Help 1]
[ERROR] 
[ERROR] To see the full stack trace of the errors, re-run Maven with the -e switch.
[ERROR] Re-run Maven using the -X switch to enable full debug logging.
[ERROR] 
[ERROR] For more information about the errors and possible solutions, please read the following articles:
[ERROR] [Help 1] http://cwiki.apache.org/confluence/display/MAVEN/MojoFailureException

Security framework of XStream not initialized, XStream is probably vulnerable.

---------------------------------------------------
[LOG] Cleaned targets with ['mvn', 'clean']
[INFO] Scanning for projects...
[INFO] 
[INFO] ------------------------< org.gephi:rick-tests >------------------------
[INFO] Building rick-tests 1.0-SNAPSHOT
[INFO] --------------------------------[ jar ]---------------------------------
[INFO] 
[INFO] --- maven-clean-plugin:2.5:clean (default-clean) @ rick-tests ---
[INFO] Deleting /home/dee/dev/rick-major-review/rick-tests/target
[INFO] ------------------------------------------------------------------------
[INFO] BUILD SUCCESS
[INFO] ------------------------------------------------------------------------
[INFO] Total time:  0.844 s
[INFO] Finished at: 2023-06-06T20:18:34+02:00
[INFO] ------------------------------------------------------------------------


---------------------------------------------------
[LOG] In experiment directory /home/dee/dev/rick-major-review/finches
---------------------------------------------------
[LOG] Restoring original RICK test from ./QuadTree.java/original-test.java
[LOG] Invoking cp ./QuadTree.java/original-test.java /home/dee/dev/rick-major-review/rick-tests/src/test/java/org/gephi/layout/plugin/force/quadtree/TestFirstAddRickGen.java
---------------------------------------------------
[ALL] Evaluating (OO +) PO + CO
[LOG] Restoring original RICK test from ./QuadTree.java/original-test.java
[LOG] Invoking cp ./QuadTree.java/original-test.java /home/dee/dev/rick-major-review/rick-tests/src/test/java/org/gephi/layout/plugin/force/quadtree/TestFirstAddRickGen.java
[LOG] In test module directory /home/dee/dev/rick-major-review/rick-tests
[LOG] Invoked tests with ['mvn', 'test', '-Dtest=TestFirstAddRickGen']
[INFO] Scanning for projects...
[INFO] 
[INFO] ------------------------< org.gephi:rick-tests >------------------------
[INFO] Building rick-tests 1.0-SNAPSHOT
[INFO] --------------------------------[ jar ]---------------------------------
[INFO] 
[INFO] --- maven-resources-plugin:2.6:resources (default-resources) @ rick-tests ---
[WARNING] Using platform encoding (UTF-8 actually) to copy filtered resources, i.e. build is platform dependent!
[INFO] Copying 0 resource
[INFO] 
[INFO] --- maven-compiler-plugin:3.1:compile (default-compile) @ rick-tests ---
[INFO] Nothing to compile - all classes are up to date
[INFO] 
[INFO] --- maven-resources-plugin:2.6:testResources (default-testResources) @ rick-tests ---
[WARNING] Using platform encoding (UTF-8 actually) to copy filtered resources, i.e. build is platform dependent!
[INFO] Copying 119 resources
[INFO] 
[INFO] --- maven-compiler-plugin:3.1:testCompile (default-testCompile) @ rick-tests ---
[INFO] Changes detected - recompiling the module!
[WARNING] File encoding has not been set, using platform encoding UTF-8, i.e. build is platform dependent!
[INFO] Compiling 26 source files to /home/dee/dev/rick-major-review/rick-tests/target/test-classes
[WARNING] /home/dee/dev/rick-major-review/rick-tests/src/test/java/org/gephi/importer/impl/TestImportContainerImplRickGenNodeExists.java: Some input files use unchecked or unsafe operations.
[WARNING] /home/dee/dev/rick-major-review/rick-tests/src/test/java/org/gephi/importer/impl/TestImportContainerImplRickGenNodeExists.java: Recompile with -Xlint:unchecked for details.
[INFO] 
[INFO] --- maven-surefire-plugin:2.22.2:test (default-test) @ rick-tests ---
[INFO] 
[INFO] -------------------------------------------------------
[INFO]  T E S T S
[INFO] -------------------------------------------------------
[INFO] Running org.gephi.layout.plugin.force.quadtree.TestFirstAddRickGen
[ERROR] Tests run: 3, Failures: 3, Errors: 0, Skipped: 0, Time elapsed: 5.207 s <<< FAILURE! - in org.gephi.layout.plugin.force.quadtree.TestFirstAddRickGen
[ERROR] test_addNode_PO_e0615ea14343413da8ca6de8a9a1e2fa  Time elapsed: 4.285 s  <<< FAILURE!
org.mockito.exceptions.verification.WantedButNotInvoked: 

Wanted but not invoked:
node.x();
-> at org.gephi.layout.plugin.force.quadtree.TestFirstAddRickGen.test_addNode_PO_e0615ea14343413da8ca6de8a9a1e2fa(TestFirstAddRickGen.java:55)
Actually, there were zero interactions with this mock.

	at org.gephi.layout.plugin.force.quadtree.TestFirstAddRickGen.test_addNode_PO_e0615ea14343413da8ca6de8a9a1e2fa(TestFirstAddRickGen.java:55)

[ERROR] test_addNode_OO_e0615ea14343413da8ca6de8a9a1e2fa  Time elapsed: 0.044 s  <<< FAILURE!
org.opentest4j.AssertionFailedError: expected: <true> but was: <false>
	at org.gephi.layout.plugin.force.quadtree.TestFirstAddRickGen.test_addNode_OO_e0615ea14343413da8ca6de8a9a1e2fa(TestFirstAddRickGen.java:41)

[ERROR] test_addNode_CO_e0615ea14343413da8ca6de8a9a1e2fa  Time elapsed: 0.037 s  <<< FAILURE!
org.mockito.exceptions.verification.WantedButNotInvoked: 

Wanted but not invoked:
node.x();
-> at org.gephi.layout.plugin.force.quadtree.TestFirstAddRickGen.test_addNode_CO_e0615ea14343413da8ca6de8a9a1e2fa(TestFirstAddRickGen.java:71)
Actually, there were zero interactions with this mock.

	at org.gephi.layout.plugin.force.quadtree.TestFirstAddRickGen.test_addNode_CO_e0615ea14343413da8ca6de8a9a1e2fa(TestFirstAddRickGen.java:71)

[INFO] 
[INFO] Results:
[INFO] 
[ERROR] Failures: 
[ERROR]   TestFirstAddRickGen.test_addNode_CO_e0615ea14343413da8ca6de8a9a1e2fa:71 
Wanted but not invoked:
node.x();
-> at org.gephi.layout.plugin.force.quadtree.TestFirstAddRickGen.test_addNode_CO_e0615ea14343413da8ca6de8a9a1e2fa(TestFirstAddRickGen.java:71)
Actually, there were zero interactions with this mock.

[ERROR]   TestFirstAddRickGen.test_addNode_OO_e0615ea14343413da8ca6de8a9a1e2fa:41 expected: <true> but was: <false>
[ERROR]   TestFirstAddRickGen.test_addNode_PO_e0615ea14343413da8ca6de8a9a1e2fa:55 
Wanted but not invoked:
node.x();
-> at org.gephi.layout.plugin.force.quadtree.TestFirstAddRickGen.test_addNode_PO_e0615ea14343413da8ca6de8a9a1e2fa(TestFirstAddRickGen.java:55)
Actually, there were zero interactions with this mock.

[INFO] 
[ERROR] Tests run: 3, Failures: 3, Errors: 0, Skipped: 0
[INFO] 
[INFO] ------------------------------------------------------------------------
[INFO] BUILD FAILURE
[INFO] ------------------------------------------------------------------------
[INFO] Total time:  20.772 s
[INFO] Finished at: 2023-06-06T20:18:58+02:00
[INFO] ------------------------------------------------------------------------
[ERROR] Failed to execute goal org.apache.maven.plugins:maven-surefire-plugin:2.22.2:test (default-test) on project rick-tests: There are test failures.
[ERROR] 
[ERROR] Please refer to /home/dee/dev/rick-major-review/rick-tests/target/surefire-reports for the individual test results.
[ERROR] Please refer to dump files (if any exist) [date].dump, [date]-jvmRun[N].dump and [date].dumpstream.
[ERROR] -> [Help 1]
[ERROR] 
[ERROR] To see the full stack trace of the errors, re-run Maven with the -e switch.
[ERROR] Re-run Maven using the -X switch to enable full debug logging.
[ERROR] 
[ERROR] For more information about the errors and possible solutions, please read the following articles:
[ERROR] [Help 1] http://cwiki.apache.org/confluence/display/MAVEN/MojoFailureException

Security framework of XStream not initialized, XStream is probably vulnerable.

---------------------------------------------------
[LOG] Cleaned targets with ['mvn', 'clean']
[INFO] Scanning for projects...
[INFO] 
[INFO] ------------------------< org.gephi:rick-tests >------------------------
[INFO] Building rick-tests 1.0-SNAPSHOT
[INFO] --------------------------------[ jar ]---------------------------------
[INFO] 
[INFO] --- maven-clean-plugin:2.5:clean (default-clean) @ rick-tests ---
[INFO] Deleting /home/dee/dev/rick-major-review/rick-tests/target
[INFO] ------------------------------------------------------------------------
[INFO] BUILD SUCCESS
[INFO] ------------------------------------------------------------------------
[INFO] Total time:  1.169 s
[INFO] Finished at: 2023-06-06T20:19:03+02:00
[INFO] ------------------------------------------------------------------------


---------------------------------------------------
[LOG] In experiment directory /home/dee/dev/rick-major-review/finches
---------------------------------------------------
---------------------------------------------------
[LOG] Resetting QuadTree.java to original
[LOG] Invoking cp ./QuadTree.java/original.java /home/dee/dev/rick-major-review/gephi/modules/LayoutPlugin/src/main/java/org/gephi/layout/plugin/force/quadtree/QuadTree.java
---------------------------------------------------
[LOG] Replacing originalQuadTree.java with ./QuadTree.java/252.java
[LOG] Invoking cp ./QuadTree.java/252.java /home/dee/dev/rick-major-review/gephi/modules/LayoutPlugin/src/main/java/org/gephi/layout/plugin/force/quadtree/QuadTree.java
[LOG] Invoked a clean install of the parent module with ['mvn', 'clean', 'install', '-DskipTests']
[INFO] Scanning for projects...
[INFO] 
[INFO] ----------------------< org.gephi:layout-plugin >-----------------------
[INFO] Building LayoutPlugin 0.9.6
[INFO] --------------------------------[ nbm ]---------------------------------
[INFO] 
[INFO] --- maven-clean-plugin:3.1.0:clean (default-clean) @ layout-plugin ---
[INFO] Deleting /home/dee/dev/rick-major-review/gephi/modules/LayoutPlugin/target
[INFO] 
[INFO] --- build-helper-maven-plugin:3.3.0:parse-version (parse-version) @ layout-plugin ---
[INFO] 
[INFO] --- maven-checkstyle-plugin:3.1.2:check (validate) @ layout-plugin ---
[INFO] 
[INFO] --- maven-resources-plugin:3.2.0:copy-resources (generate-modules-xml) @ layout-plugin ---
[INFO] Using 'UTF-8' encoding to copy filtered resources.
[INFO] Using 'UTF-8' encoding to copy filtered properties files.
[INFO] Copying 1 resource
[INFO] 
[INFO] --- maven-resources-plugin:3.2.0:resources (default-resources) @ layout-plugin ---
[INFO] Using 'UTF-8' encoding to copy filtered resources.
[INFO] Using 'UTF-8' encoding to copy filtered properties files.
[INFO] Copying 178 resources
[INFO] 
[INFO] --- maven-compiler-plugin:3.10.0:compile (default-compile) @ layout-plugin ---
[INFO] Changes detected - recompiling the module!
[INFO] Compiling 54 source files to /home/dee/dev/rick-major-review/gephi/modules/LayoutPlugin/target/classes
[WARNING] No processor claimed any of these annotations: java.base/java.lang.Override
[WARNING] /home/dee/dev/rick-major-review/gephi/modules/LayoutPlugin/src/main/java/org/gephi/layout/plugin/openord/DensityGrid.java:[68,19] [rawtypes] found raw type: ArrayDeque
  missing type arguments for generic class ArrayDeque<E>
  where E is a type-variable:
    E extends Object declared in class ArrayDeque
[WARNING] /home/dee/dev/rick-major-review/gephi/modules/LayoutPlugin/src/main/java/org/gephi/layout/plugin/openord/DensityGrid.java:[68,15] [unchecked] unchecked conversion
  required: ArrayDeque<Node>[][]
  found:    ArrayDeque[][]
[WARNING] /home/dee/dev/rick-major-review/gephi/modules/LayoutPlugin/src/main/java/org/gephi/layout/plugin/force/quadtree/QuadTree.java:[444,23] [rawtypes] found raw type: Entry
  missing type arguments for generic class Entry<K,V>
  where K,V are type-variables:
    K extends Object declared in interface Entry
    V extends Object declared in interface Entry
[WARNING] /home/dee/dev/rick-major-review/gephi/modules/LayoutPlugin/src/main/java/org/gephi/layout/plugin/AutoLayout.java:[158,48] [unchecked] unchecked call to setValue(T) as a member of the raw type Property
  where T is a type-variable:
    T extends Object declared in class Property
[WARNING] /home/dee/dev/rick-major-review/gephi/modules/LayoutPlugin/src/main/java/org/gephi/layout/plugin/AutoLayout.java:[241,8] [rawtypes] found raw type: Property
  missing type arguments for generic class Property<T>
  where T is a type-variable:
    T extends Object declared in class Property
[WARNING] /home/dee/dev/rick-major-review/gephi/modules/LayoutPlugin/src/main/java/org/gephi/layout/plugin/AutoLayout.java:[249,18] [rawtypes] found raw type: Property
  missing type arguments for generic class Property<T>
  where T is a type-variable:
    T extends Object declared in class Property
[WARNING] /home/dee/dev/rick-major-review/gephi/modules/LayoutPlugin/src/main/java/org/gephi/layout/plugin/AutoLayout.java:[256,15] [rawtypes] found raw type: Property
  missing type arguments for generic class Property<T>
  where T is a type-variable:
    T extends Object declared in class Property
[WARNING] /home/dee/dev/rick-major-review/gephi/modules/LayoutPlugin/src/main/java/org/gephi/layout/plugin/AutoLayout.java:[260,25] [rawtypes] found raw type: Property
  missing type arguments for generic class Property<T>
  where T is a type-variable:
    T extends Object declared in class Property
[WARNING] /home/dee/dev/rick-major-review/gephi/modules/LayoutPlugin/src/main/java/org/gephi/layout/plugin/forceAtlas2/ForceAtlas2.java:[193,22] [rawtypes] found raw type: Future
  missing type arguments for generic class Future<V>
  where V is a type-variable:
    V extends Object declared in interface Future
[WARNING] /home/dee/dev/rick-major-review/gephi/modules/LayoutPlugin/src/main/java/org/gephi/layout/plugin/forceAtlas2/ForceAtlas2.java:[193,44] [rawtypes] found raw type: ArrayList
  missing type arguments for generic class ArrayList<E>
  where E is a type-variable:
    E extends Object declared in class ArrayList
[WARNING] /home/dee/dev/rick-major-review/gephi/modules/LayoutPlugin/src/main/java/org/gephi/layout/plugin/forceAtlas2/ForceAtlas2.java:[193,40] [unchecked] unchecked conversion
  required: ArrayList<Future>
  found:    ArrayList
[WARNING] /home/dee/dev/rick-major-review/gephi/modules/LayoutPlugin/src/main/java/org/gephi/layout/plugin/forceAtlas2/ForceAtlas2.java:[197,16] [rawtypes] found raw type: Future
  missing type arguments for generic class Future<V>
  where V is a type-variable:
    V extends Object declared in interface Future
[WARNING] /home/dee/dev/rick-major-review/gephi/modules/LayoutPlugin/src/main/java/org/gephi/layout/plugin/forceAtlas2/ForceAtlas2.java:[203,17] [rawtypes] found raw type: Future
  missing type arguments for generic class Future<V>
  where V is a type-variable:
    V extends Object declared in interface Future
[INFO] 
[INFO] --- nbm-maven-plugin:4.6:manifest (default-manifest) @ layout-plugin ---
[INFO] NBM Plugin generates manifest
[INFO] 
[INFO] --- maven-resources-plugin:3.2.0:testResources (default-testResources) @ layout-plugin ---
[INFO] Using 'UTF-8' encoding to copy filtered resources.
[INFO] Using 'UTF-8' encoding to copy filtered properties files.
[INFO] skip non existing resourceDirectory /home/dee/dev/rick-major-review/gephi/modules/LayoutPlugin/src/test/resources
[INFO] 
[INFO] --- maven-compiler-plugin:3.10.0:testCompile (default-testCompile) @ layout-plugin ---
[INFO] No sources to compile
[INFO] 
[INFO] --- maven-surefire-plugin:2.22.2:test (default-test) @ layout-plugin ---
[INFO] Tests are skipped.
[INFO] 
[INFO] --- maven-jar-plugin:3.2.2:jar (default-jar) @ layout-plugin ---
[INFO] Building jar: /home/dee/dev/rick-major-review/gephi/modules/LayoutPlugin/target/layout-plugin-0.9.6.jar
[INFO] 
[INFO] --- nbm-maven-plugin:4.6:nbm (default-nbm) @ layout-plugin ---
[INFO] Copying module JAR to /home/dee/dev/rick-major-review/gephi/modules/LayoutPlugin/target/nbm/clusters/gephi/modules
[INFO] Generating Auto Update information for org.gephi.layout.plugin
[WARNING] No updater.jar specified, cannot validate Info.xml against DTD
[INFO] Building jar: /home/dee/dev/rick-major-review/gephi/modules/LayoutPlugin/target/nbm/layout-plugin-0.9.6.nbm
[INFO] 
[INFO] --- maven-install-plugin:2.5.2:install (default-install) @ layout-plugin ---
[INFO] Installing /home/dee/dev/rick-major-review/gephi/modules/LayoutPlugin/target/layout-plugin-0.9.6.jar to /home/dee/.m2/repository/org/gephi/layout-plugin/0.9.6/layout-plugin-0.9.6.jar
[INFO] Installing /home/dee/dev/rick-major-review/gephi/modules/LayoutPlugin/pom.xml to /home/dee/.m2/repository/org/gephi/layout-plugin/0.9.6/layout-plugin-0.9.6.pom
[INFO] Installing /home/dee/dev/rick-major-review/gephi/modules/LayoutPlugin/target/layout-plugin-0.9.6.nbm to /home/dee/.m2/repository/org/gephi/layout-plugin/0.9.6/layout-plugin-0.9.6.nbm
[INFO] ------------------------------------------------------------------------
[INFO] BUILD SUCCESS
[INFO] ------------------------------------------------------------------------
[INFO] Total time:  22.448 s
[INFO] Finished at: 2023-06-06T20:19:30+02:00
[INFO] ------------------------------------------------------------------------


---------------------------------------------------
[BASELINE] Not evaluating any oracle
[LOG] Replacing original RICK test with variant baseline
[LOG] Invoking cp /home/dee/dev/rick-major-review/finches/output/QuadTree_FirstAdd_addNode_NodeProperties/test-baseline.java /home/dee/dev/rick-major-review/rick-tests/src/test/java/org/gephi/layout/plugin/force/quadtree/TestFirstAddRickGen.java
[LOG] In test module directory /home/dee/dev/rick-major-review/rick-tests
[LOG] Invoked tests with ['mvn', 'test', '-Dtest=TestFirstAddRickGen']
[INFO] Scanning for projects...
[INFO] 
[INFO] ------------------------< org.gephi:rick-tests >------------------------
[INFO] Building rick-tests 1.0-SNAPSHOT
[INFO] --------------------------------[ jar ]---------------------------------
[INFO] 
[INFO] --- maven-resources-plugin:2.6:resources (default-resources) @ rick-tests ---
[WARNING] Using platform encoding (UTF-8 actually) to copy filtered resources, i.e. build is platform dependent!
[INFO] Copying 0 resource
[INFO] 
[INFO] --- maven-compiler-plugin:3.1:compile (default-compile) @ rick-tests ---
[INFO] Nothing to compile - all classes are up to date
[INFO] 
[INFO] --- maven-resources-plugin:2.6:testResources (default-testResources) @ rick-tests ---
[WARNING] Using platform encoding (UTF-8 actually) to copy filtered resources, i.e. build is platform dependent!
[INFO] Copying 119 resources
[INFO] 
[INFO] --- maven-compiler-plugin:3.1:testCompile (default-testCompile) @ rick-tests ---
[INFO] Changes detected - recompiling the module!
[WARNING] File encoding has not been set, using platform encoding UTF-8, i.e. build is platform dependent!
[INFO] Compiling 26 source files to /home/dee/dev/rick-major-review/rick-tests/target/test-classes
[WARNING] /home/dee/dev/rick-major-review/rick-tests/src/test/java/org/gephi/importer/impl/TestImportContainerImplRickGenNodeExists.java: Some input files use unchecked or unsafe operations.
[WARNING] /home/dee/dev/rick-major-review/rick-tests/src/test/java/org/gephi/importer/impl/TestImportContainerImplRickGenNodeExists.java: Recompile with -Xlint:unchecked for details.
[INFO] 
[INFO] --- maven-surefire-plugin:2.22.2:test (default-test) @ rick-tests ---
[INFO] 
[INFO] -------------------------------------------------------
[INFO]  T E S T S
[INFO] -------------------------------------------------------
[INFO] Running org.gephi.layout.plugin.force.quadtree.TestFirstAddRickGen
[INFO] Tests run: 3, Failures: 0, Errors: 0, Skipped: 0, Time elapsed: 4.585 s - in org.gephi.layout.plugin.force.quadtree.TestFirstAddRickGen
[INFO] 
[INFO] Results:
[INFO] 
[INFO] Tests run: 3, Failures: 0, Errors: 0, Skipped: 0
[INFO] 
[INFO] ------------------------------------------------------------------------
[INFO] BUILD SUCCESS
[INFO] ------------------------------------------------------------------------
[INFO] Total time:  20.891 s
[INFO] Finished at: 2023-06-06T20:19:55+02:00
[INFO] ------------------------------------------------------------------------

Security framework of XStream not initialized, XStream is probably vulnerable.

---------------------------------------------------
[LOG] Cleaned targets with ['mvn', 'clean']
[INFO] Scanning for projects...
[INFO] 
[INFO] ------------------------< org.gephi:rick-tests >------------------------
[INFO] Building rick-tests 1.0-SNAPSHOT
[INFO] --------------------------------[ jar ]---------------------------------
[INFO] 
[INFO] --- maven-clean-plugin:2.5:clean (default-clean) @ rick-tests ---
[INFO] Deleting /home/dee/dev/rick-major-review/rick-tests/target
[INFO] ------------------------------------------------------------------------
[INFO] BUILD SUCCESS
[INFO] ------------------------------------------------------------------------
[INFO] Total time:  0.921 s
[INFO] Finished at: 2023-06-06T20:19:59+02:00
[INFO] ------------------------------------------------------------------------


---------------------------------------------------
[LOG] In experiment directory /home/dee/dev/rick-major-review/finches
---------------------------------------------------
[LOG] Restoring original RICK test from ./QuadTree.java/original-test.java
[LOG] Invoking cp ./QuadTree.java/original-test.java /home/dee/dev/rick-major-review/rick-tests/src/test/java/org/gephi/layout/plugin/force/quadtree/TestFirstAddRickGen.java
---------------------------------------------------
[OO] Evaluating only OO
[LOG] Replacing original RICK test with variant oo
[LOG] Invoking cp /home/dee/dev/rick-major-review/finches/output/QuadTree_FirstAdd_addNode_NodeProperties/test-oo.java /home/dee/dev/rick-major-review/rick-tests/src/test/java/org/gephi/layout/plugin/force/quadtree/TestFirstAddRickGen.java
[LOG] In test module directory /home/dee/dev/rick-major-review/rick-tests
[LOG] Invoked tests with ['mvn', 'test', '-Dtest=TestFirstAddRickGen']
[INFO] Scanning for projects...
[INFO] 
[INFO] ------------------------< org.gephi:rick-tests >------------------------
[INFO] Building rick-tests 1.0-SNAPSHOT
[INFO] --------------------------------[ jar ]---------------------------------
[INFO] 
[INFO] --- maven-resources-plugin:2.6:resources (default-resources) @ rick-tests ---
[WARNING] Using platform encoding (UTF-8 actually) to copy filtered resources, i.e. build is platform dependent!
[INFO] Copying 0 resource
[INFO] 
[INFO] --- maven-compiler-plugin:3.1:compile (default-compile) @ rick-tests ---
[INFO] Nothing to compile - all classes are up to date
[INFO] 
[INFO] --- maven-resources-plugin:2.6:testResources (default-testResources) @ rick-tests ---
[WARNING] Using platform encoding (UTF-8 actually) to copy filtered resources, i.e. build is platform dependent!
[INFO] Copying 119 resources
[INFO] 
[INFO] --- maven-compiler-plugin:3.1:testCompile (default-testCompile) @ rick-tests ---
[INFO] Changes detected - recompiling the module!
[WARNING] File encoding has not been set, using platform encoding UTF-8, i.e. build is platform dependent!
[INFO] Compiling 26 source files to /home/dee/dev/rick-major-review/rick-tests/target/test-classes
[WARNING] /home/dee/dev/rick-major-review/rick-tests/src/test/java/org/gephi/importer/impl/TestImportContainerImplRickGenNodeExists.java: Some input files use unchecked or unsafe operations.
[WARNING] /home/dee/dev/rick-major-review/rick-tests/src/test/java/org/gephi/importer/impl/TestImportContainerImplRickGenNodeExists.java: Recompile with -Xlint:unchecked for details.
[INFO] 
[INFO] --- maven-surefire-plugin:2.22.2:test (default-test) @ rick-tests ---
[INFO] 
[INFO] -------------------------------------------------------
[INFO]  T E S T S
[INFO] -------------------------------------------------------
[INFO] Running org.gephi.layout.plugin.force.quadtree.TestFirstAddRickGen
[INFO] Tests run: 3, Failures: 0, Errors: 0, Skipped: 0, Time elapsed: 4.49 s - in org.gephi.layout.plugin.force.quadtree.TestFirstAddRickGen
[INFO] 
[INFO] Results:
[INFO] 
[INFO] Tests run: 3, Failures: 0, Errors: 0, Skipped: 0
[INFO] 
[INFO] ------------------------------------------------------------------------
[INFO] BUILD SUCCESS
[INFO] ------------------------------------------------------------------------
[INFO] Total time:  18.992 s
[INFO] Finished at: 2023-06-06T20:20:22+02:00
[INFO] ------------------------------------------------------------------------

Security framework of XStream not initialized, XStream is probably vulnerable.

---------------------------------------------------
[LOG] Cleaned targets with ['mvn', 'clean']
[INFO] Scanning for projects...
[INFO] 
[INFO] ------------------------< org.gephi:rick-tests >------------------------
[INFO] Building rick-tests 1.0-SNAPSHOT
[INFO] --------------------------------[ jar ]---------------------------------
[INFO] 
[INFO] --- maven-clean-plugin:2.5:clean (default-clean) @ rick-tests ---
[INFO] Deleting /home/dee/dev/rick-major-review/rick-tests/target
[INFO] ------------------------------------------------------------------------
[INFO] BUILD SUCCESS
[INFO] ------------------------------------------------------------------------
[INFO] Total time:  0.901 s
[INFO] Finished at: 2023-06-06T20:20:26+02:00
[INFO] ------------------------------------------------------------------------


---------------------------------------------------
[LOG] In experiment directory /home/dee/dev/rick-major-review/finches
---------------------------------------------------
[LOG] Restoring original RICK test from ./QuadTree.java/original-test.java
[LOG] Invoking cp ./QuadTree.java/original-test.java /home/dee/dev/rick-major-review/rick-tests/src/test/java/org/gephi/layout/plugin/force/quadtree/TestFirstAddRickGen.java
---------------------------------------------------
[PO] Evaluating only PO
[LOG] Replacing original RICK test with variant po
[LOG] Invoking cp /home/dee/dev/rick-major-review/finches/output/QuadTree_FirstAdd_addNode_NodeProperties/test-po.java /home/dee/dev/rick-major-review/rick-tests/src/test/java/org/gephi/layout/plugin/force/quadtree/TestFirstAddRickGen.java
[LOG] In test module directory /home/dee/dev/rick-major-review/rick-tests
[LOG] Invoked tests with ['mvn', 'test', '-Dtest=TestFirstAddRickGen']
[INFO] Scanning for projects...
[INFO] 
[INFO] ------------------------< org.gephi:rick-tests >------------------------
[INFO] Building rick-tests 1.0-SNAPSHOT
[INFO] --------------------------------[ jar ]---------------------------------
[INFO] 
[INFO] --- maven-resources-plugin:2.6:resources (default-resources) @ rick-tests ---
[WARNING] Using platform encoding (UTF-8 actually) to copy filtered resources, i.e. build is platform dependent!
[INFO] Copying 0 resource
[INFO] 
[INFO] --- maven-compiler-plugin:3.1:compile (default-compile) @ rick-tests ---
[INFO] Nothing to compile - all classes are up to date
[INFO] 
[INFO] --- maven-resources-plugin:2.6:testResources (default-testResources) @ rick-tests ---
[WARNING] Using platform encoding (UTF-8 actually) to copy filtered resources, i.e. build is platform dependent!
[INFO] Copying 119 resources
[INFO] 
[INFO] --- maven-compiler-plugin:3.1:testCompile (default-testCompile) @ rick-tests ---
[INFO] Changes detected - recompiling the module!
[WARNING] File encoding has not been set, using platform encoding UTF-8, i.e. build is platform dependent!
[INFO] Compiling 26 source files to /home/dee/dev/rick-major-review/rick-tests/target/test-classes
[WARNING] /home/dee/dev/rick-major-review/rick-tests/src/test/java/org/gephi/importer/impl/TestImportContainerImplRickGenNodeExists.java: Some input files use unchecked or unsafe operations.
[WARNING] /home/dee/dev/rick-major-review/rick-tests/src/test/java/org/gephi/importer/impl/TestImportContainerImplRickGenNodeExists.java: Recompile with -Xlint:unchecked for details.
[INFO] 
[INFO] --- maven-surefire-plugin:2.22.2:test (default-test) @ rick-tests ---
[INFO] 
[INFO] -------------------------------------------------------
[INFO]  T E S T S
[INFO] -------------------------------------------------------
[INFO] Running org.gephi.layout.plugin.force.quadtree.TestFirstAddRickGen
[INFO] Tests run: 3, Failures: 0, Errors: 0, Skipped: 0, Time elapsed: 4.393 s - in org.gephi.layout.plugin.force.quadtree.TestFirstAddRickGen
[INFO] 
[INFO] Results:
[INFO] 
[INFO] Tests run: 3, Failures: 0, Errors: 0, Skipped: 0
[INFO] 
[INFO] ------------------------------------------------------------------------
[INFO] BUILD SUCCESS
[INFO] ------------------------------------------------------------------------
[INFO] Total time:  20.088 s
[INFO] Finished at: 2023-06-06T20:20:50+02:00
[INFO] ------------------------------------------------------------------------

Security framework of XStream not initialized, XStream is probably vulnerable.

---------------------------------------------------
[LOG] Cleaned targets with ['mvn', 'clean']
[INFO] Scanning for projects...
[INFO] 
[INFO] ------------------------< org.gephi:rick-tests >------------------------
[INFO] Building rick-tests 1.0-SNAPSHOT
[INFO] --------------------------------[ jar ]---------------------------------
[INFO] 
[INFO] --- maven-clean-plugin:2.5:clean (default-clean) @ rick-tests ---
[INFO] Deleting /home/dee/dev/rick-major-review/rick-tests/target
[INFO] ------------------------------------------------------------------------
[INFO] BUILD SUCCESS
[INFO] ------------------------------------------------------------------------
[INFO] Total time:  0.931 s
[INFO] Finished at: 2023-06-06T20:20:54+02:00
[INFO] ------------------------------------------------------------------------


---------------------------------------------------
[LOG] In experiment directory /home/dee/dev/rick-major-review/finches
---------------------------------------------------
[LOG] Restoring original RICK test from ./QuadTree.java/original-test.java
[LOG] Invoking cp ./QuadTree.java/original-test.java /home/dee/dev/rick-major-review/rick-tests/src/test/java/org/gephi/layout/plugin/force/quadtree/TestFirstAddRickGen.java
---------------------------------------------------
[CO] Evaluating only CO
[LOG] Replacing original RICK test with variant co
[LOG] Invoking cp /home/dee/dev/rick-major-review/finches/output/QuadTree_FirstAdd_addNode_NodeProperties/test-co.java /home/dee/dev/rick-major-review/rick-tests/src/test/java/org/gephi/layout/plugin/force/quadtree/TestFirstAddRickGen.java
[LOG] In test module directory /home/dee/dev/rick-major-review/rick-tests
[LOG] Invoked tests with ['mvn', 'test', '-Dtest=TestFirstAddRickGen']
[INFO] Scanning for projects...
[INFO] 
[INFO] ------------------------< org.gephi:rick-tests >------------------------
[INFO] Building rick-tests 1.0-SNAPSHOT
[INFO] --------------------------------[ jar ]---------------------------------
[INFO] 
[INFO] --- maven-resources-plugin:2.6:resources (default-resources) @ rick-tests ---
[WARNING] Using platform encoding (UTF-8 actually) to copy filtered resources, i.e. build is platform dependent!
[INFO] Copying 0 resource
[INFO] 
[INFO] --- maven-compiler-plugin:3.1:compile (default-compile) @ rick-tests ---
[INFO] Nothing to compile - all classes are up to date
[INFO] 
[INFO] --- maven-resources-plugin:2.6:testResources (default-testResources) @ rick-tests ---
[WARNING] Using platform encoding (UTF-8 actually) to copy filtered resources, i.e. build is platform dependent!
[INFO] Copying 119 resources
[INFO] 
[INFO] --- maven-compiler-plugin:3.1:testCompile (default-testCompile) @ rick-tests ---
[INFO] Changes detected - recompiling the module!
[WARNING] File encoding has not been set, using platform encoding UTF-8, i.e. build is platform dependent!
[INFO] Compiling 26 source files to /home/dee/dev/rick-major-review/rick-tests/target/test-classes
[WARNING] /home/dee/dev/rick-major-review/rick-tests/src/test/java/org/gephi/importer/impl/TestImportContainerImplRickGenNodeExists.java: Some input files use unchecked or unsafe operations.
[WARNING] /home/dee/dev/rick-major-review/rick-tests/src/test/java/org/gephi/importer/impl/TestImportContainerImplRickGenNodeExists.java: Recompile with -Xlint:unchecked for details.
[INFO] 
[INFO] --- maven-surefire-plugin:2.22.2:test (default-test) @ rick-tests ---
[INFO] 
[INFO] -------------------------------------------------------
[INFO]  T E S T S
[INFO] -------------------------------------------------------
[INFO] Running org.gephi.layout.plugin.force.quadtree.TestFirstAddRickGen
[INFO] Tests run: 3, Failures: 0, Errors: 0, Skipped: 0, Time elapsed: 4.38 s - in org.gephi.layout.plugin.force.quadtree.TestFirstAddRickGen
[INFO] 
[INFO] Results:
[INFO] 
[INFO] Tests run: 3, Failures: 0, Errors: 0, Skipped: 0
[INFO] 
[INFO] ------------------------------------------------------------------------
[INFO] BUILD SUCCESS
[INFO] ------------------------------------------------------------------------
[INFO] Total time:  18.512 s
[INFO] Finished at: 2023-06-06T20:21:16+02:00
[INFO] ------------------------------------------------------------------------

Security framework of XStream not initialized, XStream is probably vulnerable.

---------------------------------------------------
[LOG] Cleaned targets with ['mvn', 'clean']
[INFO] Scanning for projects...
[INFO] 
[INFO] ------------------------< org.gephi:rick-tests >------------------------
[INFO] Building rick-tests 1.0-SNAPSHOT
[INFO] --------------------------------[ jar ]---------------------------------
[INFO] 
[INFO] --- maven-clean-plugin:2.5:clean (default-clean) @ rick-tests ---
[INFO] Deleting /home/dee/dev/rick-major-review/rick-tests/target
[INFO] ------------------------------------------------------------------------
[INFO] BUILD SUCCESS
[INFO] ------------------------------------------------------------------------
[INFO] Total time:  0.806 s
[INFO] Finished at: 2023-06-06T20:21:20+02:00
[INFO] ------------------------------------------------------------------------


---------------------------------------------------
[LOG] In experiment directory /home/dee/dev/rick-major-review/finches
---------------------------------------------------
[LOG] Restoring original RICK test from ./QuadTree.java/original-test.java
[LOG] Invoking cp ./QuadTree.java/original-test.java /home/dee/dev/rick-major-review/rick-tests/src/test/java/org/gephi/layout/plugin/force/quadtree/TestFirstAddRickGen.java
---------------------------------------------------
[ALL] Evaluating (OO +) PO + CO
[LOG] Restoring original RICK test from ./QuadTree.java/original-test.java
[LOG] Invoking cp ./QuadTree.java/original-test.java /home/dee/dev/rick-major-review/rick-tests/src/test/java/org/gephi/layout/plugin/force/quadtree/TestFirstAddRickGen.java
[LOG] In test module directory /home/dee/dev/rick-major-review/rick-tests
[LOG] Invoked tests with ['mvn', 'test', '-Dtest=TestFirstAddRickGen']
[INFO] Scanning for projects...
[INFO] 
[INFO] ------------------------< org.gephi:rick-tests >------------------------
[INFO] Building rick-tests 1.0-SNAPSHOT
[INFO] --------------------------------[ jar ]---------------------------------
[INFO] 
[INFO] --- maven-resources-plugin:2.6:resources (default-resources) @ rick-tests ---
[WARNING] Using platform encoding (UTF-8 actually) to copy filtered resources, i.e. build is platform dependent!
[INFO] Copying 0 resource
[INFO] 
[INFO] --- maven-compiler-plugin:3.1:compile (default-compile) @ rick-tests ---
[INFO] Nothing to compile - all classes are up to date
[INFO] 
[INFO] --- maven-resources-plugin:2.6:testResources (default-testResources) @ rick-tests ---
[WARNING] Using platform encoding (UTF-8 actually) to copy filtered resources, i.e. build is platform dependent!
[INFO] Copying 119 resources
[INFO] 
[INFO] --- maven-compiler-plugin:3.1:testCompile (default-testCompile) @ rick-tests ---
[INFO] Changes detected - recompiling the module!
[WARNING] File encoding has not been set, using platform encoding UTF-8, i.e. build is platform dependent!
[INFO] Compiling 26 source files to /home/dee/dev/rick-major-review/rick-tests/target/test-classes
[WARNING] /home/dee/dev/rick-major-review/rick-tests/src/test/java/org/gephi/importer/impl/TestImportContainerImplRickGenNodeExists.java: Some input files use unchecked or unsafe operations.
[WARNING] /home/dee/dev/rick-major-review/rick-tests/src/test/java/org/gephi/importer/impl/TestImportContainerImplRickGenNodeExists.java: Recompile with -Xlint:unchecked for details.
[INFO] 
[INFO] --- maven-surefire-plugin:2.22.2:test (default-test) @ rick-tests ---
[INFO] 
[INFO] -------------------------------------------------------
[INFO]  T E S T S
[INFO] -------------------------------------------------------
[INFO] Running org.gephi.layout.plugin.force.quadtree.TestFirstAddRickGen
[INFO] Tests run: 3, Failures: 0, Errors: 0, Skipped: 0, Time elapsed: 4.498 s - in org.gephi.layout.plugin.force.quadtree.TestFirstAddRickGen
[INFO] 
[INFO] Results:
[INFO] 
[INFO] Tests run: 3, Failures: 0, Errors: 0, Skipped: 0
[INFO] 
[INFO] ------------------------------------------------------------------------
[INFO] BUILD SUCCESS
[INFO] ------------------------------------------------------------------------
[INFO] Total time:  19.258 s
[INFO] Finished at: 2023-06-06T20:21:43+02:00
[INFO] ------------------------------------------------------------------------

Security framework of XStream not initialized, XStream is probably vulnerable.

---------------------------------------------------
[LOG] Cleaned targets with ['mvn', 'clean']
[INFO] Scanning for projects...
[INFO] 
[INFO] ------------------------< org.gephi:rick-tests >------------------------
[INFO] Building rick-tests 1.0-SNAPSHOT
[INFO] --------------------------------[ jar ]---------------------------------
[INFO] 
[INFO] --- maven-clean-plugin:2.5:clean (default-clean) @ rick-tests ---
[INFO] Deleting /home/dee/dev/rick-major-review/rick-tests/target
[INFO] ------------------------------------------------------------------------
[INFO] BUILD SUCCESS
[INFO] ------------------------------------------------------------------------
[INFO] Total time:  0.819 s
[INFO] Finished at: 2023-06-06T20:21:47+02:00
[INFO] ------------------------------------------------------------------------


---------------------------------------------------
[LOG] In experiment directory /home/dee/dev/rick-major-review/finches
---------------------------------------------------
---------------------------------------------------
[LOG] Resetting QuadTree.java to original
[LOG] Invoking cp ./QuadTree.java/original.java /home/dee/dev/rick-major-review/gephi/modules/LayoutPlugin/src/main/java/org/gephi/layout/plugin/force/quadtree/QuadTree.java
---------------------------------------------------
[LOG] Replacing originalQuadTree.java with ./QuadTree.java/4.java
[LOG] Invoking cp ./QuadTree.java/4.java /home/dee/dev/rick-major-review/gephi/modules/LayoutPlugin/src/main/java/org/gephi/layout/plugin/force/quadtree/QuadTree.java
[LOG] Invoked a clean install of the parent module with ['mvn', 'clean', 'install', '-DskipTests']
[INFO] Scanning for projects...
[INFO] 
[INFO] ----------------------< org.gephi:layout-plugin >-----------------------
[INFO] Building LayoutPlugin 0.9.6
[INFO] --------------------------------[ nbm ]---------------------------------
[INFO] 
[INFO] --- maven-clean-plugin:3.1.0:clean (default-clean) @ layout-plugin ---
[INFO] Deleting /home/dee/dev/rick-major-review/gephi/modules/LayoutPlugin/target
[INFO] 
[INFO] --- build-helper-maven-plugin:3.3.0:parse-version (parse-version) @ layout-plugin ---
[INFO] 
[INFO] --- maven-checkstyle-plugin:3.1.2:check (validate) @ layout-plugin ---
[INFO] 
[INFO] --- maven-resources-plugin:3.2.0:copy-resources (generate-modules-xml) @ layout-plugin ---
[INFO] Using 'UTF-8' encoding to copy filtered resources.
[INFO] Using 'UTF-8' encoding to copy filtered properties files.
[INFO] Copying 1 resource
[INFO] 
[INFO] --- maven-resources-plugin:3.2.0:resources (default-resources) @ layout-plugin ---
[INFO] Using 'UTF-8' encoding to copy filtered resources.
[INFO] Using 'UTF-8' encoding to copy filtered properties files.
[INFO] Copying 178 resources
[INFO] 
[INFO] --- maven-compiler-plugin:3.10.0:compile (default-compile) @ layout-plugin ---
[INFO] Changes detected - recompiling the module!
[INFO] Compiling 54 source files to /home/dee/dev/rick-major-review/gephi/modules/LayoutPlugin/target/classes
[WARNING] No processor claimed any of these annotations: java.base/java.lang.Override
[WARNING] /home/dee/dev/rick-major-review/gephi/modules/LayoutPlugin/src/main/java/org/gephi/layout/plugin/openord/DensityGrid.java:[68,19] [rawtypes] found raw type: ArrayDeque
  missing type arguments for generic class ArrayDeque<E>
  where E is a type-variable:
    E extends Object declared in class ArrayDeque
[WARNING] /home/dee/dev/rick-major-review/gephi/modules/LayoutPlugin/src/main/java/org/gephi/layout/plugin/openord/DensityGrid.java:[68,15] [unchecked] unchecked conversion
  required: ArrayDeque<Node>[][]
  found:    ArrayDeque[][]
[WARNING] /home/dee/dev/rick-major-review/gephi/modules/LayoutPlugin/src/main/java/org/gephi/layout/plugin/force/quadtree/QuadTree.java:[444,23] [rawtypes] found raw type: Entry
  missing type arguments for generic class Entry<K,V>
  where K,V are type-variables:
    K extends Object declared in interface Entry
    V extends Object declared in interface Entry
[WARNING] /home/dee/dev/rick-major-review/gephi/modules/LayoutPlugin/src/main/java/org/gephi/layout/plugin/AutoLayout.java:[158,48] [unchecked] unchecked call to setValue(T) as a member of the raw type Property
  where T is a type-variable:
    T extends Object declared in class Property
[WARNING] /home/dee/dev/rick-major-review/gephi/modules/LayoutPlugin/src/main/java/org/gephi/layout/plugin/AutoLayout.java:[241,8] [rawtypes] found raw type: Property
  missing type arguments for generic class Property<T>
  where T is a type-variable:
    T extends Object declared in class Property
[WARNING] /home/dee/dev/rick-major-review/gephi/modules/LayoutPlugin/src/main/java/org/gephi/layout/plugin/AutoLayout.java:[249,18] [rawtypes] found raw type: Property
  missing type arguments for generic class Property<T>
  where T is a type-variable:
    T extends Object declared in class Property
[WARNING] /home/dee/dev/rick-major-review/gephi/modules/LayoutPlugin/src/main/java/org/gephi/layout/plugin/AutoLayout.java:[256,15] [rawtypes] found raw type: Property
  missing type arguments for generic class Property<T>
  where T is a type-variable:
    T extends Object declared in class Property
[WARNING] /home/dee/dev/rick-major-review/gephi/modules/LayoutPlugin/src/main/java/org/gephi/layout/plugin/AutoLayout.java:[260,25] [rawtypes] found raw type: Property
  missing type arguments for generic class Property<T>
  where T is a type-variable:
    T extends Object declared in class Property
[WARNING] /home/dee/dev/rick-major-review/gephi/modules/LayoutPlugin/src/main/java/org/gephi/layout/plugin/forceAtlas2/ForceAtlas2.java:[193,22] [rawtypes] found raw type: Future
  missing type arguments for generic class Future<V>
  where V is a type-variable:
    V extends Object declared in interface Future
[WARNING] /home/dee/dev/rick-major-review/gephi/modules/LayoutPlugin/src/main/java/org/gephi/layout/plugin/forceAtlas2/ForceAtlas2.java:[193,44] [rawtypes] found raw type: ArrayList
  missing type arguments for generic class ArrayList<E>
  where E is a type-variable:
    E extends Object declared in class ArrayList
[WARNING] /home/dee/dev/rick-major-review/gephi/modules/LayoutPlugin/src/main/java/org/gephi/layout/plugin/forceAtlas2/ForceAtlas2.java:[193,40] [unchecked] unchecked conversion
  required: ArrayList<Future>
  found:    ArrayList
[WARNING] /home/dee/dev/rick-major-review/gephi/modules/LayoutPlugin/src/main/java/org/gephi/layout/plugin/forceAtlas2/ForceAtlas2.java:[197,16] [rawtypes] found raw type: Future
  missing type arguments for generic class Future<V>
  where V is a type-variable:
    V extends Object declared in interface Future
[WARNING] /home/dee/dev/rick-major-review/gephi/modules/LayoutPlugin/src/main/java/org/gephi/layout/plugin/forceAtlas2/ForceAtlas2.java:[203,17] [rawtypes] found raw type: Future
  missing type arguments for generic class Future<V>
  where V is a type-variable:
    V extends Object declared in interface Future
[INFO] 
[INFO] --- nbm-maven-plugin:4.6:manifest (default-manifest) @ layout-plugin ---
[INFO] NBM Plugin generates manifest
[INFO] 
[INFO] --- maven-resources-plugin:3.2.0:testResources (default-testResources) @ layout-plugin ---
[INFO] Using 'UTF-8' encoding to copy filtered resources.
[INFO] Using 'UTF-8' encoding to copy filtered properties files.
[INFO] skip non existing resourceDirectory /home/dee/dev/rick-major-review/gephi/modules/LayoutPlugin/src/test/resources
[INFO] 
[INFO] --- maven-compiler-plugin:3.10.0:testCompile (default-testCompile) @ layout-plugin ---
[INFO] No sources to compile
[INFO] 
[INFO] --- maven-surefire-plugin:2.22.2:test (default-test) @ layout-plugin ---
[INFO] Tests are skipped.
[INFO] 
[INFO] --- maven-jar-plugin:3.2.2:jar (default-jar) @ layout-plugin ---
[INFO] Building jar: /home/dee/dev/rick-major-review/gephi/modules/LayoutPlugin/target/layout-plugin-0.9.6.jar
[INFO] 
[INFO] --- nbm-maven-plugin:4.6:nbm (default-nbm) @ layout-plugin ---
[INFO] Copying module JAR to /home/dee/dev/rick-major-review/gephi/modules/LayoutPlugin/target/nbm/clusters/gephi/modules
[INFO] Generating Auto Update information for org.gephi.layout.plugin
[WARNING] No updater.jar specified, cannot validate Info.xml against DTD
[INFO] Building jar: /home/dee/dev/rick-major-review/gephi/modules/LayoutPlugin/target/nbm/layout-plugin-0.9.6.nbm
[INFO] 
[INFO] --- maven-install-plugin:2.5.2:install (default-install) @ layout-plugin ---
[INFO] Installing /home/dee/dev/rick-major-review/gephi/modules/LayoutPlugin/target/layout-plugin-0.9.6.jar to /home/dee/.m2/repository/org/gephi/layout-plugin/0.9.6/layout-plugin-0.9.6.jar
[INFO] Installing /home/dee/dev/rick-major-review/gephi/modules/LayoutPlugin/pom.xml to /home/dee/.m2/repository/org/gephi/layout-plugin/0.9.6/layout-plugin-0.9.6.pom
[INFO] Installing /home/dee/dev/rick-major-review/gephi/modules/LayoutPlugin/target/layout-plugin-0.9.6.nbm to /home/dee/.m2/repository/org/gephi/layout-plugin/0.9.6/layout-plugin-0.9.6.nbm
[INFO] ------------------------------------------------------------------------
[INFO] BUILD SUCCESS
[INFO] ------------------------------------------------------------------------
[INFO] Total time:  19.349 s
[INFO] Finished at: 2023-06-06T20:22:10+02:00
[INFO] ------------------------------------------------------------------------


---------------------------------------------------
[BASELINE] Not evaluating any oracle
[LOG] Replacing original RICK test with variant baseline
[LOG] Invoking cp /home/dee/dev/rick-major-review/finches/output/QuadTree_FirstAdd_addNode_NodeProperties/test-baseline.java /home/dee/dev/rick-major-review/rick-tests/src/test/java/org/gephi/layout/plugin/force/quadtree/TestFirstAddRickGen.java
[LOG] In test module directory /home/dee/dev/rick-major-review/rick-tests
[LOG] Invoked tests with ['mvn', 'test', '-Dtest=TestFirstAddRickGen']
[INFO] Scanning for projects...
[INFO] 
[INFO] ------------------------< org.gephi:rick-tests >------------------------
[INFO] Building rick-tests 1.0-SNAPSHOT
[INFO] --------------------------------[ jar ]---------------------------------
[INFO] 
[INFO] --- maven-resources-plugin:2.6:resources (default-resources) @ rick-tests ---
[WARNING] Using platform encoding (UTF-8 actually) to copy filtered resources, i.e. build is platform dependent!
[INFO] Copying 0 resource
[INFO] 
[INFO] --- maven-compiler-plugin:3.1:compile (default-compile) @ rick-tests ---
[INFO] Nothing to compile - all classes are up to date
[INFO] 
[INFO] --- maven-resources-plugin:2.6:testResources (default-testResources) @ rick-tests ---
[WARNING] Using platform encoding (UTF-8 actually) to copy filtered resources, i.e. build is platform dependent!
[INFO] Copying 119 resources
[INFO] 
[INFO] --- maven-compiler-plugin:3.1:testCompile (default-testCompile) @ rick-tests ---
[INFO] Changes detected - recompiling the module!
[WARNING] File encoding has not been set, using platform encoding UTF-8, i.e. build is platform dependent!
[INFO] Compiling 26 source files to /home/dee/dev/rick-major-review/rick-tests/target/test-classes
[WARNING] /home/dee/dev/rick-major-review/rick-tests/src/test/java/org/gephi/importer/impl/TestImportContainerImplRickGenNodeExists.java: Some input files use unchecked or unsafe operations.
[WARNING] /home/dee/dev/rick-major-review/rick-tests/src/test/java/org/gephi/importer/impl/TestImportContainerImplRickGenNodeExists.java: Recompile with -Xlint:unchecked for details.
[INFO] 
[INFO] --- maven-surefire-plugin:2.22.2:test (default-test) @ rick-tests ---
[INFO] 
[INFO] -------------------------------------------------------
[INFO]  T E S T S
[INFO] -------------------------------------------------------
[INFO] Running org.gephi.layout.plugin.force.quadtree.TestFirstAddRickGen
[ERROR] Tests run: 3, Failures: 0, Errors: 3, Skipped: 0, Time elapsed: 4.653 s <<< FAILURE! - in org.gephi.layout.plugin.force.quadtree.TestFirstAddRickGen
[ERROR] test_addNode_PO_e0615ea14343413da8ca6de8a9a1e2fa  Time elapsed: 3.86 s  <<< ERROR!
java.lang.NullPointerException
	at org.gephi.layout.plugin.force.quadtree.TestFirstAddRickGen.test_addNode_PO_e0615ea14343413da8ca6de8a9a1e2fa(TestFirstAddRickGen.java:53)

[ERROR] test_addNode_OO_e0615ea14343413da8ca6de8a9a1e2fa  Time elapsed: 0.017 s  <<< ERROR!
java.lang.NullPointerException
	at org.gephi.layout.plugin.force.quadtree.TestFirstAddRickGen.test_addNode_OO_e0615ea14343413da8ca6de8a9a1e2fa(TestFirstAddRickGen.java:39)

[ERROR] test_addNode_CO_e0615ea14343413da8ca6de8a9a1e2fa  Time elapsed: 0.016 s  <<< ERROR!
java.lang.NullPointerException
	at org.gephi.layout.plugin.force.quadtree.TestFirstAddRickGen.test_addNode_CO_e0615ea14343413da8ca6de8a9a1e2fa(TestFirstAddRickGen.java:68)

[INFO] 
[INFO] Results:
[INFO] 
[ERROR] Errors: 
[ERROR]   TestFirstAddRickGen.test_addNode_CO_e0615ea14343413da8ca6de8a9a1e2fa:68 » NullPointer
[ERROR]   TestFirstAddRickGen.test_addNode_OO_e0615ea14343413da8ca6de8a9a1e2fa:39 » NullPointer
[ERROR]   TestFirstAddRickGen.test_addNode_PO_e0615ea14343413da8ca6de8a9a1e2fa:53 » NullPointer
[INFO] 
[ERROR] Tests run: 3, Failures: 0, Errors: 3, Skipped: 0
[INFO] 
[INFO] ------------------------------------------------------------------------
[INFO] BUILD FAILURE
[INFO] ------------------------------------------------------------------------
[INFO] Total time:  19.269 s
[INFO] Finished at: 2023-06-06T20:22:33+02:00
[INFO] ------------------------------------------------------------------------
[ERROR] Failed to execute goal org.apache.maven.plugins:maven-surefire-plugin:2.22.2:test (default-test) on project rick-tests: There are test failures.
[ERROR] 
[ERROR] Please refer to /home/dee/dev/rick-major-review/rick-tests/target/surefire-reports for the individual test results.
[ERROR] Please refer to dump files (if any exist) [date].dump, [date]-jvmRun[N].dump and [date].dumpstream.
[ERROR] -> [Help 1]
[ERROR] 
[ERROR] To see the full stack trace of the errors, re-run Maven with the -e switch.
[ERROR] Re-run Maven using the -X switch to enable full debug logging.
[ERROR] 
[ERROR] For more information about the errors and possible solutions, please read the following articles:
[ERROR] [Help 1] http://cwiki.apache.org/confluence/display/MAVEN/MojoFailureException

Security framework of XStream not initialized, XStream is probably vulnerable.

---------------------------------------------------
[LOG] Cleaned targets with ['mvn', 'clean']
[INFO] Scanning for projects...
[INFO] 
[INFO] ------------------------< org.gephi:rick-tests >------------------------
[INFO] Building rick-tests 1.0-SNAPSHOT
[INFO] --------------------------------[ jar ]---------------------------------
[INFO] 
[INFO] --- maven-clean-plugin:2.5:clean (default-clean) @ rick-tests ---
[INFO] Deleting /home/dee/dev/rick-major-review/rick-tests/target
[INFO] ------------------------------------------------------------------------
[INFO] BUILD SUCCESS
[INFO] ------------------------------------------------------------------------
[INFO] Total time:  0.843 s
[INFO] Finished at: 2023-06-06T20:22:38+02:00
[INFO] ------------------------------------------------------------------------


---------------------------------------------------
[LOG] In experiment directory /home/dee/dev/rick-major-review/finches
---------------------------------------------------
[LOG] Restoring original RICK test from ./QuadTree.java/original-test.java
[LOG] Invoking cp ./QuadTree.java/original-test.java /home/dee/dev/rick-major-review/rick-tests/src/test/java/org/gephi/layout/plugin/force/quadtree/TestFirstAddRickGen.java
---------------------------------------------------
[OO] Evaluating only OO
[LOG] Replacing original RICK test with variant oo
[LOG] Invoking cp /home/dee/dev/rick-major-review/finches/output/QuadTree_FirstAdd_addNode_NodeProperties/test-oo.java /home/dee/dev/rick-major-review/rick-tests/src/test/java/org/gephi/layout/plugin/force/quadtree/TestFirstAddRickGen.java
[LOG] In test module directory /home/dee/dev/rick-major-review/rick-tests
[LOG] Invoked tests with ['mvn', 'test', '-Dtest=TestFirstAddRickGen']
[INFO] Scanning for projects...
[INFO] 
[INFO] ------------------------< org.gephi:rick-tests >------------------------
[INFO] Building rick-tests 1.0-SNAPSHOT
[INFO] --------------------------------[ jar ]---------------------------------
[INFO] 
[INFO] --- maven-resources-plugin:2.6:resources (default-resources) @ rick-tests ---
[WARNING] Using platform encoding (UTF-8 actually) to copy filtered resources, i.e. build is platform dependent!
[INFO] Copying 0 resource
[INFO] 
[INFO] --- maven-compiler-plugin:3.1:compile (default-compile) @ rick-tests ---
[INFO] Nothing to compile - all classes are up to date
[INFO] 
[INFO] --- maven-resources-plugin:2.6:testResources (default-testResources) @ rick-tests ---
[WARNING] Using platform encoding (UTF-8 actually) to copy filtered resources, i.e. build is platform dependent!
[INFO] Copying 119 resources
[INFO] 
[INFO] --- maven-compiler-plugin:3.1:testCompile (default-testCompile) @ rick-tests ---
[INFO] Changes detected - recompiling the module!
[WARNING] File encoding has not been set, using platform encoding UTF-8, i.e. build is platform dependent!
[INFO] Compiling 26 source files to /home/dee/dev/rick-major-review/rick-tests/target/test-classes
[WARNING] /home/dee/dev/rick-major-review/rick-tests/src/test/java/org/gephi/importer/impl/TestImportContainerImplRickGenNodeExists.java: Some input files use unchecked or unsafe operations.
[WARNING] /home/dee/dev/rick-major-review/rick-tests/src/test/java/org/gephi/importer/impl/TestImportContainerImplRickGenNodeExists.java: Recompile with -Xlint:unchecked for details.
[INFO] 
[INFO] --- maven-surefire-plugin:2.22.2:test (default-test) @ rick-tests ---
[INFO] 
[INFO] -------------------------------------------------------
[INFO]  T E S T S
[INFO] -------------------------------------------------------
[INFO] Running org.gephi.layout.plugin.force.quadtree.TestFirstAddRickGen
[ERROR] Tests run: 3, Failures: 0, Errors: 3, Skipped: 0, Time elapsed: 4.504 s <<< FAILURE! - in org.gephi.layout.plugin.force.quadtree.TestFirstAddRickGen
[ERROR] test_addNode_PO_e0615ea14343413da8ca6de8a9a1e2fa  Time elapsed: 3.754 s  <<< ERROR!
java.lang.NullPointerException
	at org.gephi.layout.plugin.force.quadtree.TestFirstAddRickGen.test_addNode_PO_e0615ea14343413da8ca6de8a9a1e2fa(TestFirstAddRickGen.java:53)

[ERROR] test_addNode_OO_e0615ea14343413da8ca6de8a9a1e2fa  Time elapsed: 0.018 s  <<< ERROR!
java.lang.NullPointerException
	at org.gephi.layout.plugin.force.quadtree.TestFirstAddRickGen.test_addNode_OO_e0615ea14343413da8ca6de8a9a1e2fa(TestFirstAddRickGen.java:39)

[ERROR] test_addNode_CO_e0615ea14343413da8ca6de8a9a1e2fa  Time elapsed: 0.016 s  <<< ERROR!
java.lang.NullPointerException
	at org.gephi.layout.plugin.force.quadtree.TestFirstAddRickGen.test_addNode_CO_e0615ea14343413da8ca6de8a9a1e2fa(TestFirstAddRickGen.java:68)

[INFO] 
[INFO] Results:
[INFO] 
[ERROR] Errors: 
[ERROR]   TestFirstAddRickGen.test_addNode_CO_e0615ea14343413da8ca6de8a9a1e2fa:68 » NullPointer
[ERROR]   TestFirstAddRickGen.test_addNode_OO_e0615ea14343413da8ca6de8a9a1e2fa:39 » NullPointer
[ERROR]   TestFirstAddRickGen.test_addNode_PO_e0615ea14343413da8ca6de8a9a1e2fa:53 » NullPointer
[INFO] 
[ERROR] Tests run: 3, Failures: 0, Errors: 3, Skipped: 0
[INFO] 
[INFO] ------------------------------------------------------------------------
[INFO] BUILD FAILURE
[INFO] ------------------------------------------------------------------------
[INFO] Total time:  20.834 s
[INFO] Finished at: 2023-06-06T20:23:03+02:00
[INFO] ------------------------------------------------------------------------
[ERROR] Failed to execute goal org.apache.maven.plugins:maven-surefire-plugin:2.22.2:test (default-test) on project rick-tests: There are test failures.
[ERROR] 
[ERROR] Please refer to /home/dee/dev/rick-major-review/rick-tests/target/surefire-reports for the individual test results.
[ERROR] Please refer to dump files (if any exist) [date].dump, [date]-jvmRun[N].dump and [date].dumpstream.
[ERROR] -> [Help 1]
[ERROR] 
[ERROR] To see the full stack trace of the errors, re-run Maven with the -e switch.
[ERROR] Re-run Maven using the -X switch to enable full debug logging.
[ERROR] 
[ERROR] For more information about the errors and possible solutions, please read the following articles:
[ERROR] [Help 1] http://cwiki.apache.org/confluence/display/MAVEN/MojoFailureException

Security framework of XStream not initialized, XStream is probably vulnerable.

---------------------------------------------------
[LOG] Cleaned targets with ['mvn', 'clean']
[INFO] Scanning for projects...
[INFO] 
[INFO] ------------------------< org.gephi:rick-tests >------------------------
[INFO] Building rick-tests 1.0-SNAPSHOT
[INFO] --------------------------------[ jar ]---------------------------------
[INFO] 
[INFO] --- maven-clean-plugin:2.5:clean (default-clean) @ rick-tests ---
[INFO] Deleting /home/dee/dev/rick-major-review/rick-tests/target
[INFO] ------------------------------------------------------------------------
[INFO] BUILD SUCCESS
[INFO] ------------------------------------------------------------------------
[INFO] Total time:  0.851 s
[INFO] Finished at: 2023-06-06T20:23:07+02:00
[INFO] ------------------------------------------------------------------------


---------------------------------------------------
[LOG] In experiment directory /home/dee/dev/rick-major-review/finches
---------------------------------------------------
[LOG] Restoring original RICK test from ./QuadTree.java/original-test.java
[LOG] Invoking cp ./QuadTree.java/original-test.java /home/dee/dev/rick-major-review/rick-tests/src/test/java/org/gephi/layout/plugin/force/quadtree/TestFirstAddRickGen.java
---------------------------------------------------
[PO] Evaluating only PO
[LOG] Replacing original RICK test with variant po
[LOG] Invoking cp /home/dee/dev/rick-major-review/finches/output/QuadTree_FirstAdd_addNode_NodeProperties/test-po.java /home/dee/dev/rick-major-review/rick-tests/src/test/java/org/gephi/layout/plugin/force/quadtree/TestFirstAddRickGen.java
[LOG] In test module directory /home/dee/dev/rick-major-review/rick-tests
[LOG] Invoked tests with ['mvn', 'test', '-Dtest=TestFirstAddRickGen']
[INFO] Scanning for projects...
[INFO] 
[INFO] ------------------------< org.gephi:rick-tests >------------------------
[INFO] Building rick-tests 1.0-SNAPSHOT
[INFO] --------------------------------[ jar ]---------------------------------
[INFO] 
[INFO] --- maven-resources-plugin:2.6:resources (default-resources) @ rick-tests ---
[WARNING] Using platform encoding (UTF-8 actually) to copy filtered resources, i.e. build is platform dependent!
[INFO] Copying 0 resource
[INFO] 
[INFO] --- maven-compiler-plugin:3.1:compile (default-compile) @ rick-tests ---
[INFO] Nothing to compile - all classes are up to date
[INFO] 
[INFO] --- maven-resources-plugin:2.6:testResources (default-testResources) @ rick-tests ---
[WARNING] Using platform encoding (UTF-8 actually) to copy filtered resources, i.e. build is platform dependent!
[INFO] Copying 119 resources
[INFO] 
[INFO] --- maven-compiler-plugin:3.1:testCompile (default-testCompile) @ rick-tests ---
[INFO] Changes detected - recompiling the module!
[WARNING] File encoding has not been set, using platform encoding UTF-8, i.e. build is platform dependent!
[INFO] Compiling 26 source files to /home/dee/dev/rick-major-review/rick-tests/target/test-classes
[WARNING] /home/dee/dev/rick-major-review/rick-tests/src/test/java/org/gephi/importer/impl/TestImportContainerImplRickGenNodeExists.java: Some input files use unchecked or unsafe operations.
[WARNING] /home/dee/dev/rick-major-review/rick-tests/src/test/java/org/gephi/importer/impl/TestImportContainerImplRickGenNodeExists.java: Recompile with -Xlint:unchecked for details.
[INFO] 
[INFO] --- maven-surefire-plugin:2.22.2:test (default-test) @ rick-tests ---
[INFO] 
[INFO] -------------------------------------------------------
[INFO]  T E S T S
[INFO] -------------------------------------------------------
[INFO] Running org.gephi.layout.plugin.force.quadtree.TestFirstAddRickGen
[ERROR] Tests run: 3, Failures: 0, Errors: 3, Skipped: 0, Time elapsed: 4.713 s <<< FAILURE! - in org.gephi.layout.plugin.force.quadtree.TestFirstAddRickGen
[ERROR] test_addNode_PO_e0615ea14343413da8ca6de8a9a1e2fa  Time elapsed: 3.88 s  <<< ERROR!
java.lang.NullPointerException
	at org.gephi.layout.plugin.force.quadtree.TestFirstAddRickGen.test_addNode_PO_e0615ea14343413da8ca6de8a9a1e2fa(TestFirstAddRickGen.java:53)

[ERROR] test_addNode_OO_e0615ea14343413da8ca6de8a9a1e2fa  Time elapsed: 0.026 s  <<< ERROR!
java.lang.NullPointerException
	at org.gephi.layout.plugin.force.quadtree.TestFirstAddRickGen.test_addNode_OO_e0615ea14343413da8ca6de8a9a1e2fa(TestFirstAddRickGen.java:39)

[ERROR] test_addNode_CO_e0615ea14343413da8ca6de8a9a1e2fa  Time elapsed: 0.028 s  <<< ERROR!
java.lang.NullPointerException
	at org.gephi.layout.plugin.force.quadtree.TestFirstAddRickGen.test_addNode_CO_e0615ea14343413da8ca6de8a9a1e2fa(TestFirstAddRickGen.java:68)

[INFO] 
[INFO] Results:
[INFO] 
[ERROR] Errors: 
[ERROR]   TestFirstAddRickGen.test_addNode_CO_e0615ea14343413da8ca6de8a9a1e2fa:68 » NullPointer
[ERROR]   TestFirstAddRickGen.test_addNode_OO_e0615ea14343413da8ca6de8a9a1e2fa:39 » NullPointer
[ERROR]   TestFirstAddRickGen.test_addNode_PO_e0615ea14343413da8ca6de8a9a1e2fa:53 » NullPointer
[INFO] 
[ERROR] Tests run: 3, Failures: 0, Errors: 3, Skipped: 0
[INFO] 
[INFO] ------------------------------------------------------------------------
[INFO] BUILD FAILURE
[INFO] ------------------------------------------------------------------------
[INFO] Total time:  19.258 s
[INFO] Finished at: 2023-06-06T20:23:30+02:00
[INFO] ------------------------------------------------------------------------
[ERROR] Failed to execute goal org.apache.maven.plugins:maven-surefire-plugin:2.22.2:test (default-test) on project rick-tests: There are test failures.
[ERROR] 
[ERROR] Please refer to /home/dee/dev/rick-major-review/rick-tests/target/surefire-reports for the individual test results.
[ERROR] Please refer to dump files (if any exist) [date].dump, [date]-jvmRun[N].dump and [date].dumpstream.
[ERROR] -> [Help 1]
[ERROR] 
[ERROR] To see the full stack trace of the errors, re-run Maven with the -e switch.
[ERROR] Re-run Maven using the -X switch to enable full debug logging.
[ERROR] 
[ERROR] For more information about the errors and possible solutions, please read the following articles:
[ERROR] [Help 1] http://cwiki.apache.org/confluence/display/MAVEN/MojoFailureException

Security framework of XStream not initialized, XStream is probably vulnerable.

---------------------------------------------------
[LOG] Cleaned targets with ['mvn', 'clean']
[INFO] Scanning for projects...
[INFO] 
[INFO] ------------------------< org.gephi:rick-tests >------------------------
[INFO] Building rick-tests 1.0-SNAPSHOT
[INFO] --------------------------------[ jar ]---------------------------------
[INFO] 
[INFO] --- maven-clean-plugin:2.5:clean (default-clean) @ rick-tests ---
[INFO] Deleting /home/dee/dev/rick-major-review/rick-tests/target
[INFO] ------------------------------------------------------------------------
[INFO] BUILD SUCCESS
[INFO] ------------------------------------------------------------------------
[INFO] Total time:  0.829 s
[INFO] Finished at: 2023-06-06T20:23:34+02:00
[INFO] ------------------------------------------------------------------------


---------------------------------------------------
[LOG] In experiment directory /home/dee/dev/rick-major-review/finches
---------------------------------------------------
[LOG] Restoring original RICK test from ./QuadTree.java/original-test.java
[LOG] Invoking cp ./QuadTree.java/original-test.java /home/dee/dev/rick-major-review/rick-tests/src/test/java/org/gephi/layout/plugin/force/quadtree/TestFirstAddRickGen.java
---------------------------------------------------
[CO] Evaluating only CO
[LOG] Replacing original RICK test with variant co
[LOG] Invoking cp /home/dee/dev/rick-major-review/finches/output/QuadTree_FirstAdd_addNode_NodeProperties/test-co.java /home/dee/dev/rick-major-review/rick-tests/src/test/java/org/gephi/layout/plugin/force/quadtree/TestFirstAddRickGen.java
[LOG] In test module directory /home/dee/dev/rick-major-review/rick-tests
[LOG] Invoked tests with ['mvn', 'test', '-Dtest=TestFirstAddRickGen']
[INFO] Scanning for projects...
[INFO] 
[INFO] ------------------------< org.gephi:rick-tests >------------------------
[INFO] Building rick-tests 1.0-SNAPSHOT
[INFO] --------------------------------[ jar ]---------------------------------
[INFO] 
[INFO] --- maven-resources-plugin:2.6:resources (default-resources) @ rick-tests ---
[WARNING] Using platform encoding (UTF-8 actually) to copy filtered resources, i.e. build is platform dependent!
[INFO] Copying 0 resource
[INFO] 
[INFO] --- maven-compiler-plugin:3.1:compile (default-compile) @ rick-tests ---
[INFO] Nothing to compile - all classes are up to date
[INFO] 
[INFO] --- maven-resources-plugin:2.6:testResources (default-testResources) @ rick-tests ---
[WARNING] Using platform encoding (UTF-8 actually) to copy filtered resources, i.e. build is platform dependent!
[INFO] Copying 119 resources
[INFO] 
[INFO] --- maven-compiler-plugin:3.1:testCompile (default-testCompile) @ rick-tests ---
[INFO] Changes detected - recompiling the module!
[WARNING] File encoding has not been set, using platform encoding UTF-8, i.e. build is platform dependent!
[INFO] Compiling 26 source files to /home/dee/dev/rick-major-review/rick-tests/target/test-classes
[WARNING] /home/dee/dev/rick-major-review/rick-tests/src/test/java/org/gephi/importer/impl/TestImportContainerImplRickGenNodeExists.java: Some input files use unchecked or unsafe operations.
[WARNING] /home/dee/dev/rick-major-review/rick-tests/src/test/java/org/gephi/importer/impl/TestImportContainerImplRickGenNodeExists.java: Recompile with -Xlint:unchecked for details.
[INFO] 
[INFO] --- maven-surefire-plugin:2.22.2:test (default-test) @ rick-tests ---
[INFO] 
[INFO] -------------------------------------------------------
[INFO]  T E S T S
[INFO] -------------------------------------------------------
[INFO] Running org.gephi.layout.plugin.force.quadtree.TestFirstAddRickGen
[ERROR] Tests run: 3, Failures: 0, Errors: 3, Skipped: 0, Time elapsed: 4.564 s <<< FAILURE! - in org.gephi.layout.plugin.force.quadtree.TestFirstAddRickGen
[ERROR] test_addNode_PO_e0615ea14343413da8ca6de8a9a1e2fa  Time elapsed: 3.773 s  <<< ERROR!
java.lang.NullPointerException
	at org.gephi.layout.plugin.force.quadtree.TestFirstAddRickGen.test_addNode_PO_e0615ea14343413da8ca6de8a9a1e2fa(TestFirstAddRickGen.java:53)

[ERROR] test_addNode_OO_e0615ea14343413da8ca6de8a9a1e2fa  Time elapsed: 0.017 s  <<< ERROR!
java.lang.NullPointerException
	at org.gephi.layout.plugin.force.quadtree.TestFirstAddRickGen.test_addNode_OO_e0615ea14343413da8ca6de8a9a1e2fa(TestFirstAddRickGen.java:39)

[ERROR] test_addNode_CO_e0615ea14343413da8ca6de8a9a1e2fa  Time elapsed: 0.015 s  <<< ERROR!
java.lang.NullPointerException
	at org.gephi.layout.plugin.force.quadtree.TestFirstAddRickGen.test_addNode_CO_e0615ea14343413da8ca6de8a9a1e2fa(TestFirstAddRickGen.java:68)

[INFO] 
[INFO] Results:
[INFO] 
[ERROR] Errors: 
[ERROR]   TestFirstAddRickGen.test_addNode_CO_e0615ea14343413da8ca6de8a9a1e2fa:68 » NullPointer
[ERROR]   TestFirstAddRickGen.test_addNode_OO_e0615ea14343413da8ca6de8a9a1e2fa:39 » NullPointer
[ERROR]   TestFirstAddRickGen.test_addNode_PO_e0615ea14343413da8ca6de8a9a1e2fa:53 » NullPointer
[INFO] 
[ERROR] Tests run: 3, Failures: 0, Errors: 3, Skipped: 0
[INFO] 
[INFO] ------------------------------------------------------------------------
[INFO] BUILD FAILURE
[INFO] ------------------------------------------------------------------------
[INFO] Total time:  18.956 s
[INFO] Finished at: 2023-06-06T20:23:56+02:00
[INFO] ------------------------------------------------------------------------
[ERROR] Failed to execute goal org.apache.maven.plugins:maven-surefire-plugin:2.22.2:test (default-test) on project rick-tests: There are test failures.
[ERROR] 
[ERROR] Please refer to /home/dee/dev/rick-major-review/rick-tests/target/surefire-reports for the individual test results.
[ERROR] Please refer to dump files (if any exist) [date].dump, [date]-jvmRun[N].dump and [date].dumpstream.
[ERROR] -> [Help 1]
[ERROR] 
[ERROR] To see the full stack trace of the errors, re-run Maven with the -e switch.
[ERROR] Re-run Maven using the -X switch to enable full debug logging.
[ERROR] 
[ERROR] For more information about the errors and possible solutions, please read the following articles:
[ERROR] [Help 1] http://cwiki.apache.org/confluence/display/MAVEN/MojoFailureException

Security framework of XStream not initialized, XStream is probably vulnerable.

---------------------------------------------------
[LOG] Cleaned targets with ['mvn', 'clean']
[INFO] Scanning for projects...
[INFO] 
[INFO] ------------------------< org.gephi:rick-tests >------------------------
[INFO] Building rick-tests 1.0-SNAPSHOT
[INFO] --------------------------------[ jar ]---------------------------------
[INFO] 
[INFO] --- maven-clean-plugin:2.5:clean (default-clean) @ rick-tests ---
[INFO] Deleting /home/dee/dev/rick-major-review/rick-tests/target
[INFO] ------------------------------------------------------------------------
[INFO] BUILD SUCCESS
[INFO] ------------------------------------------------------------------------
[INFO] Total time:  0.973 s
[INFO] Finished at: 2023-06-06T20:24:01+02:00
[INFO] ------------------------------------------------------------------------


---------------------------------------------------
[LOG] In experiment directory /home/dee/dev/rick-major-review/finches
---------------------------------------------------
[LOG] Restoring original RICK test from ./QuadTree.java/original-test.java
[LOG] Invoking cp ./QuadTree.java/original-test.java /home/dee/dev/rick-major-review/rick-tests/src/test/java/org/gephi/layout/plugin/force/quadtree/TestFirstAddRickGen.java
---------------------------------------------------
[ALL] Evaluating (OO +) PO + CO
[LOG] Restoring original RICK test from ./QuadTree.java/original-test.java
[LOG] Invoking cp ./QuadTree.java/original-test.java /home/dee/dev/rick-major-review/rick-tests/src/test/java/org/gephi/layout/plugin/force/quadtree/TestFirstAddRickGen.java
[LOG] In test module directory /home/dee/dev/rick-major-review/rick-tests
[LOG] Invoked tests with ['mvn', 'test', '-Dtest=TestFirstAddRickGen']
[INFO] Scanning for projects...
[INFO] 
[INFO] ------------------------< org.gephi:rick-tests >------------------------
[INFO] Building rick-tests 1.0-SNAPSHOT
[INFO] --------------------------------[ jar ]---------------------------------
[INFO] 
[INFO] --- maven-resources-plugin:2.6:resources (default-resources) @ rick-tests ---
[WARNING] Using platform encoding (UTF-8 actually) to copy filtered resources, i.e. build is platform dependent!
[INFO] Copying 0 resource
[INFO] 
[INFO] --- maven-compiler-plugin:3.1:compile (default-compile) @ rick-tests ---
[INFO] Nothing to compile - all classes are up to date
[INFO] 
[INFO] --- maven-resources-plugin:2.6:testResources (default-testResources) @ rick-tests ---
[WARNING] Using platform encoding (UTF-8 actually) to copy filtered resources, i.e. build is platform dependent!
[INFO] Copying 119 resources
[INFO] 
[INFO] --- maven-compiler-plugin:3.1:testCompile (default-testCompile) @ rick-tests ---
[INFO] Changes detected - recompiling the module!
[WARNING] File encoding has not been set, using platform encoding UTF-8, i.e. build is platform dependent!
[INFO] Compiling 26 source files to /home/dee/dev/rick-major-review/rick-tests/target/test-classes
[WARNING] /home/dee/dev/rick-major-review/rick-tests/src/test/java/org/gephi/importer/impl/TestImportContainerImplRickGenNodeExists.java: Some input files use unchecked or unsafe operations.
[WARNING] /home/dee/dev/rick-major-review/rick-tests/src/test/java/org/gephi/importer/impl/TestImportContainerImplRickGenNodeExists.java: Recompile with -Xlint:unchecked for details.
[INFO] 
[INFO] --- maven-surefire-plugin:2.22.2:test (default-test) @ rick-tests ---
[INFO] 
[INFO] -------------------------------------------------------
[INFO]  T E S T S
[INFO] -------------------------------------------------------
[INFO] Running org.gephi.layout.plugin.force.quadtree.TestFirstAddRickGen
[ERROR] Tests run: 3, Failures: 0, Errors: 3, Skipped: 0, Time elapsed: 4.158 s <<< FAILURE! - in org.gephi.layout.plugin.force.quadtree.TestFirstAddRickGen
[ERROR] test_addNode_PO_e0615ea14343413da8ca6de8a9a1e2fa  Time elapsed: 3.427 s  <<< ERROR!
java.lang.NullPointerException
	at org.gephi.layout.plugin.force.quadtree.TestFirstAddRickGen.test_addNode_PO_e0615ea14343413da8ca6de8a9a1e2fa(TestFirstAddRickGen.java:53)

[ERROR] test_addNode_OO_e0615ea14343413da8ca6de8a9a1e2fa  Time elapsed: 0.016 s  <<< ERROR!
java.lang.NullPointerException
	at org.gephi.layout.plugin.force.quadtree.TestFirstAddRickGen.test_addNode_OO_e0615ea14343413da8ca6de8a9a1e2fa(TestFirstAddRickGen.java:39)

[ERROR] test_addNode_CO_e0615ea14343413da8ca6de8a9a1e2fa  Time elapsed: 0.015 s  <<< ERROR!
java.lang.NullPointerException
	at org.gephi.layout.plugin.force.quadtree.TestFirstAddRickGen.test_addNode_CO_e0615ea14343413da8ca6de8a9a1e2fa(TestFirstAddRickGen.java:68)

[INFO] 
[INFO] Results:
[INFO] 
[ERROR] Errors: 
[ERROR]   TestFirstAddRickGen.test_addNode_CO_e0615ea14343413da8ca6de8a9a1e2fa:68 » NullPointer
[ERROR]   TestFirstAddRickGen.test_addNode_OO_e0615ea14343413da8ca6de8a9a1e2fa:39 » NullPointer
[ERROR]   TestFirstAddRickGen.test_addNode_PO_e0615ea14343413da8ca6de8a9a1e2fa:53 » NullPointer
[INFO] 
[ERROR] Tests run: 3, Failures: 0, Errors: 3, Skipped: 0
[INFO] 
[INFO] ------------------------------------------------------------------------
[INFO] BUILD FAILURE
[INFO] ------------------------------------------------------------------------
[INFO] Total time:  18.888 s
[INFO] Finished at: 2023-06-06T20:24:23+02:00
[INFO] ------------------------------------------------------------------------
[ERROR] Failed to execute goal org.apache.maven.plugins:maven-surefire-plugin:2.22.2:test (default-test) on project rick-tests: There are test failures.
[ERROR] 
[ERROR] Please refer to /home/dee/dev/rick-major-review/rick-tests/target/surefire-reports for the individual test results.
[ERROR] Please refer to dump files (if any exist) [date].dump, [date]-jvmRun[N].dump and [date].dumpstream.
[ERROR] -> [Help 1]
[ERROR] 
[ERROR] To see the full stack trace of the errors, re-run Maven with the -e switch.
[ERROR] Re-run Maven using the -X switch to enable full debug logging.
[ERROR] 
[ERROR] For more information about the errors and possible solutions, please read the following articles:
[ERROR] [Help 1] http://cwiki.apache.org/confluence/display/MAVEN/MojoFailureException

Security framework of XStream not initialized, XStream is probably vulnerable.

---------------------------------------------------
[LOG] Cleaned targets with ['mvn', 'clean']
[INFO] Scanning for projects...
[INFO] 
[INFO] ------------------------< org.gephi:rick-tests >------------------------
[INFO] Building rick-tests 1.0-SNAPSHOT
[INFO] --------------------------------[ jar ]---------------------------------
[INFO] 
[INFO] --- maven-clean-plugin:2.5:clean (default-clean) @ rick-tests ---
[INFO] Deleting /home/dee/dev/rick-major-review/rick-tests/target
[INFO] ------------------------------------------------------------------------
[INFO] BUILD SUCCESS
[INFO] ------------------------------------------------------------------------
[INFO] Total time:  0.892 s
[INFO] Finished at: 2023-06-06T20:24:27+02:00
[INFO] ------------------------------------------------------------------------


---------------------------------------------------
[LOG] In experiment directory /home/dee/dev/rick-major-review/finches
---------------------------------------------------
---------------------------------------------------
[LOG] Resetting QuadTree.java to original
[LOG] Invoking cp ./QuadTree.java/original.java /home/dee/dev/rick-major-review/gephi/modules/LayoutPlugin/src/main/java/org/gephi/layout/plugin/force/quadtree/QuadTree.java
---------------------------------------------------
[LOG] Replacing originalQuadTree.java with ./QuadTree.java/53.java
[LOG] Invoking cp ./QuadTree.java/53.java /home/dee/dev/rick-major-review/gephi/modules/LayoutPlugin/src/main/java/org/gephi/layout/plugin/force/quadtree/QuadTree.java
[LOG] Invoked a clean install of the parent module with ['mvn', 'clean', 'install', '-DskipTests']
[INFO] Scanning for projects...
[INFO] 
[INFO] ----------------------< org.gephi:layout-plugin >-----------------------
[INFO] Building LayoutPlugin 0.9.6
[INFO] --------------------------------[ nbm ]---------------------------------
[INFO] 
[INFO] --- maven-clean-plugin:3.1.0:clean (default-clean) @ layout-plugin ---
[INFO] Deleting /home/dee/dev/rick-major-review/gephi/modules/LayoutPlugin/target
[INFO] 
[INFO] --- build-helper-maven-plugin:3.3.0:parse-version (parse-version) @ layout-plugin ---
[INFO] 
[INFO] --- maven-checkstyle-plugin:3.1.2:check (validate) @ layout-plugin ---
[INFO] 
[INFO] --- maven-resources-plugin:3.2.0:copy-resources (generate-modules-xml) @ layout-plugin ---
[INFO] Using 'UTF-8' encoding to copy filtered resources.
[INFO] Using 'UTF-8' encoding to copy filtered properties files.
[INFO] Copying 1 resource
[INFO] 
[INFO] --- maven-resources-plugin:3.2.0:resources (default-resources) @ layout-plugin ---
[INFO] Using 'UTF-8' encoding to copy filtered resources.
[INFO] Using 'UTF-8' encoding to copy filtered properties files.
[INFO] Copying 178 resources
[INFO] 
[INFO] --- maven-compiler-plugin:3.10.0:compile (default-compile) @ layout-plugin ---
[INFO] Changes detected - recompiling the module!
[INFO] Compiling 54 source files to /home/dee/dev/rick-major-review/gephi/modules/LayoutPlugin/target/classes
[WARNING] No processor claimed any of these annotations: java.base/java.lang.Override
[WARNING] /home/dee/dev/rick-major-review/gephi/modules/LayoutPlugin/src/main/java/org/gephi/layout/plugin/openord/DensityGrid.java:[68,19] [rawtypes] found raw type: ArrayDeque
  missing type arguments for generic class ArrayDeque<E>
  where E is a type-variable:
    E extends Object declared in class ArrayDeque
[WARNING] /home/dee/dev/rick-major-review/gephi/modules/LayoutPlugin/src/main/java/org/gephi/layout/plugin/openord/DensityGrid.java:[68,15] [unchecked] unchecked conversion
  required: ArrayDeque<Node>[][]
  found:    ArrayDeque[][]
[WARNING] /home/dee/dev/rick-major-review/gephi/modules/LayoutPlugin/src/main/java/org/gephi/layout/plugin/force/quadtree/QuadTree.java:[444,23] [rawtypes] found raw type: Entry
  missing type arguments for generic class Entry<K,V>
  where K,V are type-variables:
    K extends Object declared in interface Entry
    V extends Object declared in interface Entry
[WARNING] /home/dee/dev/rick-major-review/gephi/modules/LayoutPlugin/src/main/java/org/gephi/layout/plugin/AutoLayout.java:[158,48] [unchecked] unchecked call to setValue(T) as a member of the raw type Property
  where T is a type-variable:
    T extends Object declared in class Property
[WARNING] /home/dee/dev/rick-major-review/gephi/modules/LayoutPlugin/src/main/java/org/gephi/layout/plugin/AutoLayout.java:[241,8] [rawtypes] found raw type: Property
  missing type arguments for generic class Property<T>
  where T is a type-variable:
    T extends Object declared in class Property
[WARNING] /home/dee/dev/rick-major-review/gephi/modules/LayoutPlugin/src/main/java/org/gephi/layout/plugin/AutoLayout.java:[249,18] [rawtypes] found raw type: Property
  missing type arguments for generic class Property<T>
  where T is a type-variable:
    T extends Object declared in class Property
[WARNING] /home/dee/dev/rick-major-review/gephi/modules/LayoutPlugin/src/main/java/org/gephi/layout/plugin/AutoLayout.java:[256,15] [rawtypes] found raw type: Property
  missing type arguments for generic class Property<T>
  where T is a type-variable:
    T extends Object declared in class Property
[WARNING] /home/dee/dev/rick-major-review/gephi/modules/LayoutPlugin/src/main/java/org/gephi/layout/plugin/AutoLayout.java:[260,25] [rawtypes] found raw type: Property
  missing type arguments for generic class Property<T>
  where T is a type-variable:
    T extends Object declared in class Property
[WARNING] /home/dee/dev/rick-major-review/gephi/modules/LayoutPlugin/src/main/java/org/gephi/layout/plugin/forceAtlas2/ForceAtlas2.java:[193,22] [rawtypes] found raw type: Future
  missing type arguments for generic class Future<V>
  where V is a type-variable:
    V extends Object declared in interface Future
[WARNING] /home/dee/dev/rick-major-review/gephi/modules/LayoutPlugin/src/main/java/org/gephi/layout/plugin/forceAtlas2/ForceAtlas2.java:[193,44] [rawtypes] found raw type: ArrayList
  missing type arguments for generic class ArrayList<E>
  where E is a type-variable:
    E extends Object declared in class ArrayList
[WARNING] /home/dee/dev/rick-major-review/gephi/modules/LayoutPlugin/src/main/java/org/gephi/layout/plugin/forceAtlas2/ForceAtlas2.java:[193,40] [unchecked] unchecked conversion
  required: ArrayList<Future>
  found:    ArrayList
[WARNING] /home/dee/dev/rick-major-review/gephi/modules/LayoutPlugin/src/main/java/org/gephi/layout/plugin/forceAtlas2/ForceAtlas2.java:[197,16] [rawtypes] found raw type: Future
  missing type arguments for generic class Future<V>
  where V is a type-variable:
    V extends Object declared in interface Future
[WARNING] /home/dee/dev/rick-major-review/gephi/modules/LayoutPlugin/src/main/java/org/gephi/layout/plugin/forceAtlas2/ForceAtlas2.java:[203,17] [rawtypes] found raw type: Future
  missing type arguments for generic class Future<V>
  where V is a type-variable:
    V extends Object declared in interface Future
[INFO] 
[INFO] --- nbm-maven-plugin:4.6:manifest (default-manifest) @ layout-plugin ---
[INFO] NBM Plugin generates manifest
[INFO] 
[INFO] --- maven-resources-plugin:3.2.0:testResources (default-testResources) @ layout-plugin ---
[INFO] Using 'UTF-8' encoding to copy filtered resources.
[INFO] Using 'UTF-8' encoding to copy filtered properties files.
[INFO] skip non existing resourceDirectory /home/dee/dev/rick-major-review/gephi/modules/LayoutPlugin/src/test/resources
[INFO] 
[INFO] --- maven-compiler-plugin:3.10.0:testCompile (default-testCompile) @ layout-plugin ---
[INFO] No sources to compile
[INFO] 
[INFO] --- maven-surefire-plugin:2.22.2:test (default-test) @ layout-plugin ---
[INFO] Tests are skipped.
[INFO] 
[INFO] --- maven-jar-plugin:3.2.2:jar (default-jar) @ layout-plugin ---
[INFO] Building jar: /home/dee/dev/rick-major-review/gephi/modules/LayoutPlugin/target/layout-plugin-0.9.6.jar
[INFO] 
[INFO] --- nbm-maven-plugin:4.6:nbm (default-nbm) @ layout-plugin ---
[INFO] Copying module JAR to /home/dee/dev/rick-major-review/gephi/modules/LayoutPlugin/target/nbm/clusters/gephi/modules
[INFO] Generating Auto Update information for org.gephi.layout.plugin
[WARNING] No updater.jar specified, cannot validate Info.xml against DTD
[INFO] Building jar: /home/dee/dev/rick-major-review/gephi/modules/LayoutPlugin/target/nbm/layout-plugin-0.9.6.nbm
[INFO] 
[INFO] --- maven-install-plugin:2.5.2:install (default-install) @ layout-plugin ---
[INFO] Installing /home/dee/dev/rick-major-review/gephi/modules/LayoutPlugin/target/layout-plugin-0.9.6.jar to /home/dee/.m2/repository/org/gephi/layout-plugin/0.9.6/layout-plugin-0.9.6.jar
[INFO] Installing /home/dee/dev/rick-major-review/gephi/modules/LayoutPlugin/pom.xml to /home/dee/.m2/repository/org/gephi/layout-plugin/0.9.6/layout-plugin-0.9.6.pom
[INFO] Installing /home/dee/dev/rick-major-review/gephi/modules/LayoutPlugin/target/layout-plugin-0.9.6.nbm to /home/dee/.m2/repository/org/gephi/layout-plugin/0.9.6/layout-plugin-0.9.6.nbm
[INFO] ------------------------------------------------------------------------
[INFO] BUILD SUCCESS
[INFO] ------------------------------------------------------------------------
[INFO] Total time:  19.702 s
[INFO] Finished at: 2023-06-06T20:24:51+02:00
[INFO] ------------------------------------------------------------------------


---------------------------------------------------
[BASELINE] Not evaluating any oracle
[LOG] Replacing original RICK test with variant baseline
[LOG] Invoking cp /home/dee/dev/rick-major-review/finches/output/QuadTree_FirstAdd_addNode_NodeProperties/test-baseline.java /home/dee/dev/rick-major-review/rick-tests/src/test/java/org/gephi/layout/plugin/force/quadtree/TestFirstAddRickGen.java
[LOG] In test module directory /home/dee/dev/rick-major-review/rick-tests
[LOG] Invoked tests with ['mvn', 'test', '-Dtest=TestFirstAddRickGen']
[INFO] Scanning for projects...
[INFO] 
[INFO] ------------------------< org.gephi:rick-tests >------------------------
[INFO] Building rick-tests 1.0-SNAPSHOT
[INFO] --------------------------------[ jar ]---------------------------------
[INFO] 
[INFO] --- maven-resources-plugin:2.6:resources (default-resources) @ rick-tests ---
[WARNING] Using platform encoding (UTF-8 actually) to copy filtered resources, i.e. build is platform dependent!
[INFO] Copying 0 resource
[INFO] 
[INFO] --- maven-compiler-plugin:3.1:compile (default-compile) @ rick-tests ---
[INFO] Nothing to compile - all classes are up to date
[INFO] 
[INFO] --- maven-resources-plugin:2.6:testResources (default-testResources) @ rick-tests ---
[WARNING] Using platform encoding (UTF-8 actually) to copy filtered resources, i.e. build is platform dependent!
[INFO] Copying 119 resources
[INFO] 
[INFO] --- maven-compiler-plugin:3.1:testCompile (default-testCompile) @ rick-tests ---
[INFO] Changes detected - recompiling the module!
[WARNING] File encoding has not been set, using platform encoding UTF-8, i.e. build is platform dependent!
[INFO] Compiling 26 source files to /home/dee/dev/rick-major-review/rick-tests/target/test-classes
[WARNING] /home/dee/dev/rick-major-review/rick-tests/src/test/java/org/gephi/importer/impl/TestImportContainerImplRickGenNodeExists.java: Some input files use unchecked or unsafe operations.
[WARNING] /home/dee/dev/rick-major-review/rick-tests/src/test/java/org/gephi/importer/impl/TestImportContainerImplRickGenNodeExists.java: Recompile with -Xlint:unchecked for details.
[INFO] 
[INFO] --- maven-surefire-plugin:2.22.2:test (default-test) @ rick-tests ---
[INFO] 
[INFO] -------------------------------------------------------
[INFO]  T E S T S
[INFO] -------------------------------------------------------
[INFO] Running org.gephi.layout.plugin.force.quadtree.TestFirstAddRickGen
[INFO] Tests run: 3, Failures: 0, Errors: 0, Skipped: 0, Time elapsed: 4.333 s - in org.gephi.layout.plugin.force.quadtree.TestFirstAddRickGen
[INFO] 
[INFO] Results:
[INFO] 
[INFO] Tests run: 3, Failures: 0, Errors: 0, Skipped: 0
[INFO] 
[INFO] ------------------------------------------------------------------------
[INFO] BUILD SUCCESS
[INFO] ------------------------------------------------------------------------
[INFO] Total time:  18.787 s
[INFO] Finished at: 2023-06-06T20:25:13+02:00
[INFO] ------------------------------------------------------------------------

Security framework of XStream not initialized, XStream is probably vulnerable.

---------------------------------------------------
[LOG] Cleaned targets with ['mvn', 'clean']
[INFO] Scanning for projects...
[INFO] 
[INFO] ------------------------< org.gephi:rick-tests >------------------------
[INFO] Building rick-tests 1.0-SNAPSHOT
[INFO] --------------------------------[ jar ]---------------------------------
[INFO] 
[INFO] --- maven-clean-plugin:2.5:clean (default-clean) @ rick-tests ---
[INFO] Deleting /home/dee/dev/rick-major-review/rick-tests/target
[INFO] ------------------------------------------------------------------------
[INFO] BUILD SUCCESS
[INFO] ------------------------------------------------------------------------
[INFO] Total time:  0.917 s
[INFO] Finished at: 2023-06-06T20:25:18+02:00
[INFO] ------------------------------------------------------------------------


---------------------------------------------------
[LOG] In experiment directory /home/dee/dev/rick-major-review/finches
---------------------------------------------------
[LOG] Restoring original RICK test from ./QuadTree.java/original-test.java
[LOG] Invoking cp ./QuadTree.java/original-test.java /home/dee/dev/rick-major-review/rick-tests/src/test/java/org/gephi/layout/plugin/force/quadtree/TestFirstAddRickGen.java
---------------------------------------------------
[OO] Evaluating only OO
[LOG] Replacing original RICK test with variant oo
[LOG] Invoking cp /home/dee/dev/rick-major-review/finches/output/QuadTree_FirstAdd_addNode_NodeProperties/test-oo.java /home/dee/dev/rick-major-review/rick-tests/src/test/java/org/gephi/layout/plugin/force/quadtree/TestFirstAddRickGen.java
[LOG] In test module directory /home/dee/dev/rick-major-review/rick-tests
[LOG] Invoked tests with ['mvn', 'test', '-Dtest=TestFirstAddRickGen']
[INFO] Scanning for projects...
[INFO] 
[INFO] ------------------------< org.gephi:rick-tests >------------------------
[INFO] Building rick-tests 1.0-SNAPSHOT
[INFO] --------------------------------[ jar ]---------------------------------
[INFO] 
[INFO] --- maven-resources-plugin:2.6:resources (default-resources) @ rick-tests ---
[WARNING] Using platform encoding (UTF-8 actually) to copy filtered resources, i.e. build is platform dependent!
[INFO] Copying 0 resource
[INFO] 
[INFO] --- maven-compiler-plugin:3.1:compile (default-compile) @ rick-tests ---
[INFO] Nothing to compile - all classes are up to date
[INFO] 
[INFO] --- maven-resources-plugin:2.6:testResources (default-testResources) @ rick-tests ---
[WARNING] Using platform encoding (UTF-8 actually) to copy filtered resources, i.e. build is platform dependent!
[INFO] Copying 119 resources
[INFO] 
[INFO] --- maven-compiler-plugin:3.1:testCompile (default-testCompile) @ rick-tests ---
[INFO] Changes detected - recompiling the module!
[WARNING] File encoding has not been set, using platform encoding UTF-8, i.e. build is platform dependent!
[INFO] Compiling 26 source files to /home/dee/dev/rick-major-review/rick-tests/target/test-classes
[WARNING] /home/dee/dev/rick-major-review/rick-tests/src/test/java/org/gephi/importer/impl/TestImportContainerImplRickGenNodeExists.java: Some input files use unchecked or unsafe operations.
[WARNING] /home/dee/dev/rick-major-review/rick-tests/src/test/java/org/gephi/importer/impl/TestImportContainerImplRickGenNodeExists.java: Recompile with -Xlint:unchecked for details.
[INFO] 
[INFO] --- maven-surefire-plugin:2.22.2:test (default-test) @ rick-tests ---
[INFO] 
[INFO] -------------------------------------------------------
[INFO]  T E S T S
[INFO] -------------------------------------------------------
[INFO] Running org.gephi.layout.plugin.force.quadtree.TestFirstAddRickGen
[INFO] Tests run: 3, Failures: 0, Errors: 0, Skipped: 0, Time elapsed: 4.473 s - in org.gephi.layout.plugin.force.quadtree.TestFirstAddRickGen
[INFO] 
[INFO] Results:
[INFO] 
[INFO] Tests run: 3, Failures: 0, Errors: 0, Skipped: 0
[INFO] 
[INFO] ------------------------------------------------------------------------
[INFO] BUILD SUCCESS
[INFO] ------------------------------------------------------------------------
[INFO] Total time:  19.038 s
[INFO] Finished at: 2023-06-06T20:25:40+02:00
[INFO] ------------------------------------------------------------------------

Security framework of XStream not initialized, XStream is probably vulnerable.

---------------------------------------------------
[LOG] Cleaned targets with ['mvn', 'clean']
[INFO] Scanning for projects...
[INFO] 
[INFO] ------------------------< org.gephi:rick-tests >------------------------
[INFO] Building rick-tests 1.0-SNAPSHOT
[INFO] --------------------------------[ jar ]---------------------------------
[INFO] 
[INFO] --- maven-clean-plugin:2.5:clean (default-clean) @ rick-tests ---
[INFO] Deleting /home/dee/dev/rick-major-review/rick-tests/target
[INFO] ------------------------------------------------------------------------
[INFO] BUILD SUCCESS
[INFO] ------------------------------------------------------------------------
[INFO] Total time:  0.915 s
[INFO] Finished at: 2023-06-06T20:25:44+02:00
[INFO] ------------------------------------------------------------------------


---------------------------------------------------
[LOG] In experiment directory /home/dee/dev/rick-major-review/finches
---------------------------------------------------
[LOG] Restoring original RICK test from ./QuadTree.java/original-test.java
[LOG] Invoking cp ./QuadTree.java/original-test.java /home/dee/dev/rick-major-review/rick-tests/src/test/java/org/gephi/layout/plugin/force/quadtree/TestFirstAddRickGen.java
---------------------------------------------------
[PO] Evaluating only PO
[LOG] Replacing original RICK test with variant po
[LOG] Invoking cp /home/dee/dev/rick-major-review/finches/output/QuadTree_FirstAdd_addNode_NodeProperties/test-po.java /home/dee/dev/rick-major-review/rick-tests/src/test/java/org/gephi/layout/plugin/force/quadtree/TestFirstAddRickGen.java
[LOG] In test module directory /home/dee/dev/rick-major-review/rick-tests
[LOG] Invoked tests with ['mvn', 'test', '-Dtest=TestFirstAddRickGen']
[INFO] Scanning for projects...
[INFO] 
[INFO] ------------------------< org.gephi:rick-tests >------------------------
[INFO] Building rick-tests 1.0-SNAPSHOT
[INFO] --------------------------------[ jar ]---------------------------------
[INFO] 
[INFO] --- maven-resources-plugin:2.6:resources (default-resources) @ rick-tests ---
[WARNING] Using platform encoding (UTF-8 actually) to copy filtered resources, i.e. build is platform dependent!
[INFO] Copying 0 resource
[INFO] 
[INFO] --- maven-compiler-plugin:3.1:compile (default-compile) @ rick-tests ---
[INFO] Nothing to compile - all classes are up to date
[INFO] 
[INFO] --- maven-resources-plugin:2.6:testResources (default-testResources) @ rick-tests ---
[WARNING] Using platform encoding (UTF-8 actually) to copy filtered resources, i.e. build is platform dependent!
[INFO] Copying 119 resources
[INFO] 
[INFO] --- maven-compiler-plugin:3.1:testCompile (default-testCompile) @ rick-tests ---
[INFO] Changes detected - recompiling the module!
[WARNING] File encoding has not been set, using platform encoding UTF-8, i.e. build is platform dependent!
[INFO] Compiling 26 source files to /home/dee/dev/rick-major-review/rick-tests/target/test-classes
[WARNING] /home/dee/dev/rick-major-review/rick-tests/src/test/java/org/gephi/importer/impl/TestImportContainerImplRickGenNodeExists.java: Some input files use unchecked or unsafe operations.
[WARNING] /home/dee/dev/rick-major-review/rick-tests/src/test/java/org/gephi/importer/impl/TestImportContainerImplRickGenNodeExists.java: Recompile with -Xlint:unchecked for details.
[INFO] 
[INFO] --- maven-surefire-plugin:2.22.2:test (default-test) @ rick-tests ---
[INFO] 
[INFO] -------------------------------------------------------
[INFO]  T E S T S
[INFO] -------------------------------------------------------
[INFO] Running org.gephi.layout.plugin.force.quadtree.TestFirstAddRickGen
[INFO] Tests run: 3, Failures: 0, Errors: 0, Skipped: 0, Time elapsed: 4.268 s - in org.gephi.layout.plugin.force.quadtree.TestFirstAddRickGen
[INFO] 
[INFO] Results:
[INFO] 
[INFO] Tests run: 3, Failures: 0, Errors: 0, Skipped: 0
[INFO] 
[INFO] ------------------------------------------------------------------------
[INFO] BUILD SUCCESS
[INFO] ------------------------------------------------------------------------
[INFO] Total time:  19.632 s
[INFO] Finished at: 2023-06-06T20:26:07+02:00
[INFO] ------------------------------------------------------------------------

Security framework of XStream not initialized, XStream is probably vulnerable.

---------------------------------------------------
[LOG] Cleaned targets with ['mvn', 'clean']
[INFO] Scanning for projects...
[INFO] 
[INFO] ------------------------< org.gephi:rick-tests >------------------------
[INFO] Building rick-tests 1.0-SNAPSHOT
[INFO] --------------------------------[ jar ]---------------------------------
[INFO] 
[INFO] --- maven-clean-plugin:2.5:clean (default-clean) @ rick-tests ---
[INFO] Deleting /home/dee/dev/rick-major-review/rick-tests/target
[INFO] ------------------------------------------------------------------------
[INFO] BUILD SUCCESS
[INFO] ------------------------------------------------------------------------
[INFO] Total time:  0.885 s
[INFO] Finished at: 2023-06-06T20:26:12+02:00
[INFO] ------------------------------------------------------------------------


---------------------------------------------------
[LOG] In experiment directory /home/dee/dev/rick-major-review/finches
---------------------------------------------------
[LOG] Restoring original RICK test from ./QuadTree.java/original-test.java
[LOG] Invoking cp ./QuadTree.java/original-test.java /home/dee/dev/rick-major-review/rick-tests/src/test/java/org/gephi/layout/plugin/force/quadtree/TestFirstAddRickGen.java
---------------------------------------------------
[CO] Evaluating only CO
[LOG] Replacing original RICK test with variant co
[LOG] Invoking cp /home/dee/dev/rick-major-review/finches/output/QuadTree_FirstAdd_addNode_NodeProperties/test-co.java /home/dee/dev/rick-major-review/rick-tests/src/test/java/org/gephi/layout/plugin/force/quadtree/TestFirstAddRickGen.java
[LOG] In test module directory /home/dee/dev/rick-major-review/rick-tests
[LOG] Invoked tests with ['mvn', 'test', '-Dtest=TestFirstAddRickGen']
[INFO] Scanning for projects...
[INFO] 
[INFO] ------------------------< org.gephi:rick-tests >------------------------
[INFO] Building rick-tests 1.0-SNAPSHOT
[INFO] --------------------------------[ jar ]---------------------------------
[INFO] 
[INFO] --- maven-resources-plugin:2.6:resources (default-resources) @ rick-tests ---
[WARNING] Using platform encoding (UTF-8 actually) to copy filtered resources, i.e. build is platform dependent!
[INFO] Copying 0 resource
[INFO] 
[INFO] --- maven-compiler-plugin:3.1:compile (default-compile) @ rick-tests ---
[INFO] Nothing to compile - all classes are up to date
[INFO] 
[INFO] --- maven-resources-plugin:2.6:testResources (default-testResources) @ rick-tests ---
[WARNING] Using platform encoding (UTF-8 actually) to copy filtered resources, i.e. build is platform dependent!
[INFO] Copying 119 resources
[INFO] 
[INFO] --- maven-compiler-plugin:3.1:testCompile (default-testCompile) @ rick-tests ---
[INFO] Changes detected - recompiling the module!
[WARNING] File encoding has not been set, using platform encoding UTF-8, i.e. build is platform dependent!
[INFO] Compiling 26 source files to /home/dee/dev/rick-major-review/rick-tests/target/test-classes
[WARNING] /home/dee/dev/rick-major-review/rick-tests/src/test/java/org/gephi/importer/impl/TestImportContainerImplRickGenNodeExists.java: Some input files use unchecked or unsafe operations.
[WARNING] /home/dee/dev/rick-major-review/rick-tests/src/test/java/org/gephi/importer/impl/TestImportContainerImplRickGenNodeExists.java: Recompile with -Xlint:unchecked for details.
[INFO] 
[INFO] --- maven-surefire-plugin:2.22.2:test (default-test) @ rick-tests ---
[INFO] 
[INFO] -------------------------------------------------------
[INFO]  T E S T S
[INFO] -------------------------------------------------------
[INFO] Running org.gephi.layout.plugin.force.quadtree.TestFirstAddRickGen
[INFO] Tests run: 3, Failures: 0, Errors: 0, Skipped: 0, Time elapsed: 4.143 s - in org.gephi.layout.plugin.force.quadtree.TestFirstAddRickGen
[INFO] 
[INFO] Results:
[INFO] 
[INFO] Tests run: 3, Failures: 0, Errors: 0, Skipped: 0
[INFO] 
[INFO] ------------------------------------------------------------------------
[INFO] BUILD SUCCESS
[INFO] ------------------------------------------------------------------------
[INFO] Total time:  20.037 s
[INFO] Finished at: 2023-06-06T20:26:35+02:00
[INFO] ------------------------------------------------------------------------

Security framework of XStream not initialized, XStream is probably vulnerable.

---------------------------------------------------
[LOG] Cleaned targets with ['mvn', 'clean']
[INFO] Scanning for projects...
[INFO] 
[INFO] ------------------------< org.gephi:rick-tests >------------------------
[INFO] Building rick-tests 1.0-SNAPSHOT
[INFO] --------------------------------[ jar ]---------------------------------
[INFO] 
[INFO] --- maven-clean-plugin:2.5:clean (default-clean) @ rick-tests ---
[INFO] Deleting /home/dee/dev/rick-major-review/rick-tests/target
[INFO] ------------------------------------------------------------------------
[INFO] BUILD SUCCESS
[INFO] ------------------------------------------------------------------------
[INFO] Total time:  0.862 s
[INFO] Finished at: 2023-06-06T20:26:39+02:00
[INFO] ------------------------------------------------------------------------


---------------------------------------------------
[LOG] In experiment directory /home/dee/dev/rick-major-review/finches
---------------------------------------------------
[LOG] Restoring original RICK test from ./QuadTree.java/original-test.java
[LOG] Invoking cp ./QuadTree.java/original-test.java /home/dee/dev/rick-major-review/rick-tests/src/test/java/org/gephi/layout/plugin/force/quadtree/TestFirstAddRickGen.java
---------------------------------------------------
[ALL] Evaluating (OO +) PO + CO
[LOG] Restoring original RICK test from ./QuadTree.java/original-test.java
[LOG] Invoking cp ./QuadTree.java/original-test.java /home/dee/dev/rick-major-review/rick-tests/src/test/java/org/gephi/layout/plugin/force/quadtree/TestFirstAddRickGen.java
[LOG] In test module directory /home/dee/dev/rick-major-review/rick-tests
[LOG] Invoked tests with ['mvn', 'test', '-Dtest=TestFirstAddRickGen']
[INFO] Scanning for projects...
[INFO] 
[INFO] ------------------------< org.gephi:rick-tests >------------------------
[INFO] Building rick-tests 1.0-SNAPSHOT
[INFO] --------------------------------[ jar ]---------------------------------
[INFO] 
[INFO] --- maven-resources-plugin:2.6:resources (default-resources) @ rick-tests ---
[WARNING] Using platform encoding (UTF-8 actually) to copy filtered resources, i.e. build is platform dependent!
[INFO] Copying 0 resource
[INFO] 
[INFO] --- maven-compiler-plugin:3.1:compile (default-compile) @ rick-tests ---
[INFO] Nothing to compile - all classes are up to date
[INFO] 
[INFO] --- maven-resources-plugin:2.6:testResources (default-testResources) @ rick-tests ---
[WARNING] Using platform encoding (UTF-8 actually) to copy filtered resources, i.e. build is platform dependent!
[INFO] Copying 119 resources
[INFO] 
[INFO] --- maven-compiler-plugin:3.1:testCompile (default-testCompile) @ rick-tests ---
[INFO] Changes detected - recompiling the module!
[WARNING] File encoding has not been set, using platform encoding UTF-8, i.e. build is platform dependent!
[INFO] Compiling 26 source files to /home/dee/dev/rick-major-review/rick-tests/target/test-classes
[WARNING] /home/dee/dev/rick-major-review/rick-tests/src/test/java/org/gephi/importer/impl/TestImportContainerImplRickGenNodeExists.java: Some input files use unchecked or unsafe operations.
[WARNING] /home/dee/dev/rick-major-review/rick-tests/src/test/java/org/gephi/importer/impl/TestImportContainerImplRickGenNodeExists.java: Recompile with -Xlint:unchecked for details.
[INFO] 
[INFO] --- maven-surefire-plugin:2.22.2:test (default-test) @ rick-tests ---
[INFO] 
[INFO] -------------------------------------------------------
[INFO]  T E S T S
[INFO] -------------------------------------------------------
[INFO] Running org.gephi.layout.plugin.force.quadtree.TestFirstAddRickGen
[INFO] Tests run: 3, Failures: 0, Errors: 0, Skipped: 0, Time elapsed: 4.308 s - in org.gephi.layout.plugin.force.quadtree.TestFirstAddRickGen
[INFO] 
[INFO] Results:
[INFO] 
[INFO] Tests run: 3, Failures: 0, Errors: 0, Skipped: 0
[INFO] 
[INFO] ------------------------------------------------------------------------
[INFO] BUILD SUCCESS
[INFO] ------------------------------------------------------------------------
[INFO] Total time:  19.225 s
[INFO] Finished at: 2023-06-06T20:27:02+02:00
[INFO] ------------------------------------------------------------------------

Security framework of XStream not initialized, XStream is probably vulnerable.

---------------------------------------------------
[LOG] Cleaned targets with ['mvn', 'clean']
[INFO] Scanning for projects...
[INFO] 
[INFO] ------------------------< org.gephi:rick-tests >------------------------
[INFO] Building rick-tests 1.0-SNAPSHOT
[INFO] --------------------------------[ jar ]---------------------------------
[INFO] 
[INFO] --- maven-clean-plugin:2.5:clean (default-clean) @ rick-tests ---
[INFO] Deleting /home/dee/dev/rick-major-review/rick-tests/target
[INFO] ------------------------------------------------------------------------
[INFO] BUILD SUCCESS
[INFO] ------------------------------------------------------------------------
[INFO] Total time:  0.866 s
[INFO] Finished at: 2023-06-06T20:27:06+02:00
[INFO] ------------------------------------------------------------------------


---------------------------------------------------
[LOG] In experiment directory /home/dee/dev/rick-major-review/finches
---------------------------------------------------
---------------------------------------------------
[LOG] Resetting QuadTree.java to original
[LOG] Invoking cp ./QuadTree.java/original.java /home/dee/dev/rick-major-review/gephi/modules/LayoutPlugin/src/main/java/org/gephi/layout/plugin/force/quadtree/QuadTree.java
---------------------------------------------------
[LOG] Replacing originalQuadTree.java with ./QuadTree.java/54.java
[LOG] Invoking cp ./QuadTree.java/54.java /home/dee/dev/rick-major-review/gephi/modules/LayoutPlugin/src/main/java/org/gephi/layout/plugin/force/quadtree/QuadTree.java
[LOG] Invoked a clean install of the parent module with ['mvn', 'clean', 'install', '-DskipTests']
[INFO] Scanning for projects...
[INFO] 
[INFO] ----------------------< org.gephi:layout-plugin >-----------------------
[INFO] Building LayoutPlugin 0.9.6
[INFO] --------------------------------[ nbm ]---------------------------------
[INFO] 
[INFO] --- maven-clean-plugin:3.1.0:clean (default-clean) @ layout-plugin ---
[INFO] Deleting /home/dee/dev/rick-major-review/gephi/modules/LayoutPlugin/target
[INFO] 
[INFO] --- build-helper-maven-plugin:3.3.0:parse-version (parse-version) @ layout-plugin ---
[INFO] 
[INFO] --- maven-checkstyle-plugin:3.1.2:check (validate) @ layout-plugin ---
[INFO] 
[INFO] --- maven-resources-plugin:3.2.0:copy-resources (generate-modules-xml) @ layout-plugin ---
[INFO] Using 'UTF-8' encoding to copy filtered resources.
[INFO] Using 'UTF-8' encoding to copy filtered properties files.
[INFO] Copying 1 resource
[INFO] 
[INFO] --- maven-resources-plugin:3.2.0:resources (default-resources) @ layout-plugin ---
[INFO] Using 'UTF-8' encoding to copy filtered resources.
[INFO] Using 'UTF-8' encoding to copy filtered properties files.
[INFO] Copying 178 resources
[INFO] 
[INFO] --- maven-compiler-plugin:3.10.0:compile (default-compile) @ layout-plugin ---
[INFO] Changes detected - recompiling the module!
[INFO] Compiling 54 source files to /home/dee/dev/rick-major-review/gephi/modules/LayoutPlugin/target/classes
[WARNING] No processor claimed any of these annotations: java.base/java.lang.Override
[WARNING] /home/dee/dev/rick-major-review/gephi/modules/LayoutPlugin/src/main/java/org/gephi/layout/plugin/openord/DensityGrid.java:[68,19] [rawtypes] found raw type: ArrayDeque
  missing type arguments for generic class ArrayDeque<E>
  where E is a type-variable:
    E extends Object declared in class ArrayDeque
[WARNING] /home/dee/dev/rick-major-review/gephi/modules/LayoutPlugin/src/main/java/org/gephi/layout/plugin/openord/DensityGrid.java:[68,15] [unchecked] unchecked conversion
  required: ArrayDeque<Node>[][]
  found:    ArrayDeque[][]
[WARNING] /home/dee/dev/rick-major-review/gephi/modules/LayoutPlugin/src/main/java/org/gephi/layout/plugin/force/quadtree/QuadTree.java:[444,23] [rawtypes] found raw type: Entry
  missing type arguments for generic class Entry<K,V>
  where K,V are type-variables:
    K extends Object declared in interface Entry
    V extends Object declared in interface Entry
[WARNING] /home/dee/dev/rick-major-review/gephi/modules/LayoutPlugin/src/main/java/org/gephi/layout/plugin/AutoLayout.java:[158,48] [unchecked] unchecked call to setValue(T) as a member of the raw type Property
  where T is a type-variable:
    T extends Object declared in class Property
[WARNING] /home/dee/dev/rick-major-review/gephi/modules/LayoutPlugin/src/main/java/org/gephi/layout/plugin/AutoLayout.java:[241,8] [rawtypes] found raw type: Property
  missing type arguments for generic class Property<T>
  where T is a type-variable:
    T extends Object declared in class Property
[WARNING] /home/dee/dev/rick-major-review/gephi/modules/LayoutPlugin/src/main/java/org/gephi/layout/plugin/AutoLayout.java:[249,18] [rawtypes] found raw type: Property
  missing type arguments for generic class Property<T>
  where T is a type-variable:
    T extends Object declared in class Property
[WARNING] /home/dee/dev/rick-major-review/gephi/modules/LayoutPlugin/src/main/java/org/gephi/layout/plugin/AutoLayout.java:[256,15] [rawtypes] found raw type: Property
  missing type arguments for generic class Property<T>
  where T is a type-variable:
    T extends Object declared in class Property
[WARNING] /home/dee/dev/rick-major-review/gephi/modules/LayoutPlugin/src/main/java/org/gephi/layout/plugin/AutoLayout.java:[260,25] [rawtypes] found raw type: Property
  missing type arguments for generic class Property<T>
  where T is a type-variable:
    T extends Object declared in class Property
[WARNING] /home/dee/dev/rick-major-review/gephi/modules/LayoutPlugin/src/main/java/org/gephi/layout/plugin/forceAtlas2/ForceAtlas2.java:[193,22] [rawtypes] found raw type: Future
  missing type arguments for generic class Future<V>
  where V is a type-variable:
    V extends Object declared in interface Future
[WARNING] /home/dee/dev/rick-major-review/gephi/modules/LayoutPlugin/src/main/java/org/gephi/layout/plugin/forceAtlas2/ForceAtlas2.java:[193,44] [rawtypes] found raw type: ArrayList
  missing type arguments for generic class ArrayList<E>
  where E is a type-variable:
    E extends Object declared in class ArrayList
[WARNING] /home/dee/dev/rick-major-review/gephi/modules/LayoutPlugin/src/main/java/org/gephi/layout/plugin/forceAtlas2/ForceAtlas2.java:[193,40] [unchecked] unchecked conversion
  required: ArrayList<Future>
  found:    ArrayList
[WARNING] /home/dee/dev/rick-major-review/gephi/modules/LayoutPlugin/src/main/java/org/gephi/layout/plugin/forceAtlas2/ForceAtlas2.java:[197,16] [rawtypes] found raw type: Future
  missing type arguments for generic class Future<V>
  where V is a type-variable:
    V extends Object declared in interface Future
[WARNING] /home/dee/dev/rick-major-review/gephi/modules/LayoutPlugin/src/main/java/org/gephi/layout/plugin/forceAtlas2/ForceAtlas2.java:[203,17] [rawtypes] found raw type: Future
  missing type arguments for generic class Future<V>
  where V is a type-variable:
    V extends Object declared in interface Future
[INFO] 
[INFO] --- nbm-maven-plugin:4.6:manifest (default-manifest) @ layout-plugin ---
[INFO] NBM Plugin generates manifest
[INFO] 
[INFO] --- maven-resources-plugin:3.2.0:testResources (default-testResources) @ layout-plugin ---
[INFO] Using 'UTF-8' encoding to copy filtered resources.
[INFO] Using 'UTF-8' encoding to copy filtered properties files.
[INFO] skip non existing resourceDirectory /home/dee/dev/rick-major-review/gephi/modules/LayoutPlugin/src/test/resources
[INFO] 
[INFO] --- maven-compiler-plugin:3.10.0:testCompile (default-testCompile) @ layout-plugin ---
[INFO] No sources to compile
[INFO] 
[INFO] --- maven-surefire-plugin:2.22.2:test (default-test) @ layout-plugin ---
[INFO] Tests are skipped.
[INFO] 
[INFO] --- maven-jar-plugin:3.2.2:jar (default-jar) @ layout-plugin ---
[INFO] Building jar: /home/dee/dev/rick-major-review/gephi/modules/LayoutPlugin/target/layout-plugin-0.9.6.jar
[INFO] 
[INFO] --- nbm-maven-plugin:4.6:nbm (default-nbm) @ layout-plugin ---
[INFO] Copying module JAR to /home/dee/dev/rick-major-review/gephi/modules/LayoutPlugin/target/nbm/clusters/gephi/modules
[INFO] Generating Auto Update information for org.gephi.layout.plugin
[WARNING] No updater.jar specified, cannot validate Info.xml against DTD
[INFO] Building jar: /home/dee/dev/rick-major-review/gephi/modules/LayoutPlugin/target/nbm/layout-plugin-0.9.6.nbm
[INFO] 
[INFO] --- maven-install-plugin:2.5.2:install (default-install) @ layout-plugin ---
[INFO] Installing /home/dee/dev/rick-major-review/gephi/modules/LayoutPlugin/target/layout-plugin-0.9.6.jar to /home/dee/.m2/repository/org/gephi/layout-plugin/0.9.6/layout-plugin-0.9.6.jar
[INFO] Installing /home/dee/dev/rick-major-review/gephi/modules/LayoutPlugin/pom.xml to /home/dee/.m2/repository/org/gephi/layout-plugin/0.9.6/layout-plugin-0.9.6.pom
[INFO] Installing /home/dee/dev/rick-major-review/gephi/modules/LayoutPlugin/target/layout-plugin-0.9.6.nbm to /home/dee/.m2/repository/org/gephi/layout-plugin/0.9.6/layout-plugin-0.9.6.nbm
[INFO] ------------------------------------------------------------------------
[INFO] BUILD SUCCESS
[INFO] ------------------------------------------------------------------------
[INFO] Total time:  18.760 s
[INFO] Finished at: 2023-06-06T20:27:28+02:00
[INFO] ------------------------------------------------------------------------


---------------------------------------------------
[BASELINE] Not evaluating any oracle
[LOG] Replacing original RICK test with variant baseline
[LOG] Invoking cp /home/dee/dev/rick-major-review/finches/output/QuadTree_FirstAdd_addNode_NodeProperties/test-baseline.java /home/dee/dev/rick-major-review/rick-tests/src/test/java/org/gephi/layout/plugin/force/quadtree/TestFirstAddRickGen.java
[LOG] In test module directory /home/dee/dev/rick-major-review/rick-tests
[LOG] Invoked tests with ['mvn', 'test', '-Dtest=TestFirstAddRickGen']
[INFO] Scanning for projects...
[INFO] 
[INFO] ------------------------< org.gephi:rick-tests >------------------------
[INFO] Building rick-tests 1.0-SNAPSHOT
[INFO] --------------------------------[ jar ]---------------------------------
[INFO] 
[INFO] --- maven-resources-plugin:2.6:resources (default-resources) @ rick-tests ---
[WARNING] Using platform encoding (UTF-8 actually) to copy filtered resources, i.e. build is platform dependent!
[INFO] Copying 0 resource
[INFO] 
[INFO] --- maven-compiler-plugin:3.1:compile (default-compile) @ rick-tests ---
[INFO] Nothing to compile - all classes are up to date
[INFO] 
[INFO] --- maven-resources-plugin:2.6:testResources (default-testResources) @ rick-tests ---
[WARNING] Using platform encoding (UTF-8 actually) to copy filtered resources, i.e. build is platform dependent!
[INFO] Copying 119 resources
[INFO] 
[INFO] --- maven-compiler-plugin:3.1:testCompile (default-testCompile) @ rick-tests ---
[INFO] Changes detected - recompiling the module!
[WARNING] File encoding has not been set, using platform encoding UTF-8, i.e. build is platform dependent!
[INFO] Compiling 26 source files to /home/dee/dev/rick-major-review/rick-tests/target/test-classes
[WARNING] /home/dee/dev/rick-major-review/rick-tests/src/test/java/org/gephi/importer/impl/TestImportContainerImplRickGenNodeExists.java: Some input files use unchecked or unsafe operations.
[WARNING] /home/dee/dev/rick-major-review/rick-tests/src/test/java/org/gephi/importer/impl/TestImportContainerImplRickGenNodeExists.java: Recompile with -Xlint:unchecked for details.
[INFO] 
[INFO] --- maven-surefire-plugin:2.22.2:test (default-test) @ rick-tests ---
[INFO] 
[INFO] -------------------------------------------------------
[INFO]  T E S T S
[INFO] -------------------------------------------------------
[INFO] Running org.gephi.layout.plugin.force.quadtree.TestFirstAddRickGen
[INFO] Tests run: 3, Failures: 0, Errors: 0, Skipped: 0, Time elapsed: 4.214 s - in org.gephi.layout.plugin.force.quadtree.TestFirstAddRickGen
[INFO] 
[INFO] Results:
[INFO] 
[INFO] Tests run: 3, Failures: 0, Errors: 0, Skipped: 0
[INFO] 
[INFO] ------------------------------------------------------------------------
[INFO] BUILD SUCCESS
[INFO] ------------------------------------------------------------------------
[INFO] Total time:  19.105 s
[INFO] Finished at: 2023-06-06T20:27:51+02:00
[INFO] ------------------------------------------------------------------------

Security framework of XStream not initialized, XStream is probably vulnerable.

---------------------------------------------------
[LOG] Cleaned targets with ['mvn', 'clean']
[INFO] Scanning for projects...
[INFO] 
[INFO] ------------------------< org.gephi:rick-tests >------------------------
[INFO] Building rick-tests 1.0-SNAPSHOT
[INFO] --------------------------------[ jar ]---------------------------------
[INFO] 
[INFO] --- maven-clean-plugin:2.5:clean (default-clean) @ rick-tests ---
[INFO] Deleting /home/dee/dev/rick-major-review/rick-tests/target
[INFO] ------------------------------------------------------------------------
[INFO] BUILD SUCCESS
[INFO] ------------------------------------------------------------------------
[INFO] Total time:  0.879 s
[INFO] Finished at: 2023-06-06T20:27:55+02:00
[INFO] ------------------------------------------------------------------------


---------------------------------------------------
[LOG] In experiment directory /home/dee/dev/rick-major-review/finches
---------------------------------------------------
[LOG] Restoring original RICK test from ./QuadTree.java/original-test.java
[LOG] Invoking cp ./QuadTree.java/original-test.java /home/dee/dev/rick-major-review/rick-tests/src/test/java/org/gephi/layout/plugin/force/quadtree/TestFirstAddRickGen.java
---------------------------------------------------
[OO] Evaluating only OO
[LOG] Replacing original RICK test with variant oo
[LOG] Invoking cp /home/dee/dev/rick-major-review/finches/output/QuadTree_FirstAdd_addNode_NodeProperties/test-oo.java /home/dee/dev/rick-major-review/rick-tests/src/test/java/org/gephi/layout/plugin/force/quadtree/TestFirstAddRickGen.java
[LOG] In test module directory /home/dee/dev/rick-major-review/rick-tests
[LOG] Invoked tests with ['mvn', 'test', '-Dtest=TestFirstAddRickGen']
[INFO] Scanning for projects...
[INFO] 
[INFO] ------------------------< org.gephi:rick-tests >------------------------
[INFO] Building rick-tests 1.0-SNAPSHOT
[INFO] --------------------------------[ jar ]---------------------------------
[INFO] 
[INFO] --- maven-resources-plugin:2.6:resources (default-resources) @ rick-tests ---
[WARNING] Using platform encoding (UTF-8 actually) to copy filtered resources, i.e. build is platform dependent!
[INFO] Copying 0 resource
[INFO] 
[INFO] --- maven-compiler-plugin:3.1:compile (default-compile) @ rick-tests ---
[INFO] Nothing to compile - all classes are up to date
[INFO] 
[INFO] --- maven-resources-plugin:2.6:testResources (default-testResources) @ rick-tests ---
[WARNING] Using platform encoding (UTF-8 actually) to copy filtered resources, i.e. build is platform dependent!
[INFO] Copying 119 resources
[INFO] 
[INFO] --- maven-compiler-plugin:3.1:testCompile (default-testCompile) @ rick-tests ---
[INFO] Changes detected - recompiling the module!
[WARNING] File encoding has not been set, using platform encoding UTF-8, i.e. build is platform dependent!
[INFO] Compiling 26 source files to /home/dee/dev/rick-major-review/rick-tests/target/test-classes
[WARNING] /home/dee/dev/rick-major-review/rick-tests/src/test/java/org/gephi/importer/impl/TestImportContainerImplRickGenNodeExists.java: Some input files use unchecked or unsafe operations.
[WARNING] /home/dee/dev/rick-major-review/rick-tests/src/test/java/org/gephi/importer/impl/TestImportContainerImplRickGenNodeExists.java: Recompile with -Xlint:unchecked for details.
[INFO] 
[INFO] --- maven-surefire-plugin:2.22.2:test (default-test) @ rick-tests ---
[INFO] 
[INFO] -------------------------------------------------------
[INFO]  T E S T S
[INFO] -------------------------------------------------------
[INFO] Running org.gephi.layout.plugin.force.quadtree.TestFirstAddRickGen
[INFO] Tests run: 3, Failures: 0, Errors: 0, Skipped: 0, Time elapsed: 4.279 s - in org.gephi.layout.plugin.force.quadtree.TestFirstAddRickGen
[INFO] 
[INFO] Results:
[INFO] 
[INFO] Tests run: 3, Failures: 0, Errors: 0, Skipped: 0
[INFO] 
[INFO] ------------------------------------------------------------------------
[INFO] BUILD SUCCESS
[INFO] ------------------------------------------------------------------------
[INFO] Total time:  19.535 s
[INFO] Finished at: 2023-06-06T20:28:18+02:00
[INFO] ------------------------------------------------------------------------

Security framework of XStream not initialized, XStream is probably vulnerable.

---------------------------------------------------
[LOG] Cleaned targets with ['mvn', 'clean']
[INFO] Scanning for projects...
[INFO] 
[INFO] ------------------------< org.gephi:rick-tests >------------------------
[INFO] Building rick-tests 1.0-SNAPSHOT
[INFO] --------------------------------[ jar ]---------------------------------
[INFO] 
[INFO] --- maven-clean-plugin:2.5:clean (default-clean) @ rick-tests ---
[INFO] Deleting /home/dee/dev/rick-major-review/rick-tests/target
[INFO] ------------------------------------------------------------------------
[INFO] BUILD SUCCESS
[INFO] ------------------------------------------------------------------------
[INFO] Total time:  0.852 s
[INFO] Finished at: 2023-06-06T20:28:23+02:00
[INFO] ------------------------------------------------------------------------


---------------------------------------------------
[LOG] In experiment directory /home/dee/dev/rick-major-review/finches
---------------------------------------------------
[LOG] Restoring original RICK test from ./QuadTree.java/original-test.java
[LOG] Invoking cp ./QuadTree.java/original-test.java /home/dee/dev/rick-major-review/rick-tests/src/test/java/org/gephi/layout/plugin/force/quadtree/TestFirstAddRickGen.java
---------------------------------------------------
[PO] Evaluating only PO
[LOG] Replacing original RICK test with variant po
[LOG] Invoking cp /home/dee/dev/rick-major-review/finches/output/QuadTree_FirstAdd_addNode_NodeProperties/test-po.java /home/dee/dev/rick-major-review/rick-tests/src/test/java/org/gephi/layout/plugin/force/quadtree/TestFirstAddRickGen.java
[LOG] In test module directory /home/dee/dev/rick-major-review/rick-tests
[LOG] Invoked tests with ['mvn', 'test', '-Dtest=TestFirstAddRickGen']
[INFO] Scanning for projects...
[INFO] 
[INFO] ------------------------< org.gephi:rick-tests >------------------------
[INFO] Building rick-tests 1.0-SNAPSHOT
[INFO] --------------------------------[ jar ]---------------------------------
[INFO] 
[INFO] --- maven-resources-plugin:2.6:resources (default-resources) @ rick-tests ---
[WARNING] Using platform encoding (UTF-8 actually) to copy filtered resources, i.e. build is platform dependent!
[INFO] Copying 0 resource
[INFO] 
[INFO] --- maven-compiler-plugin:3.1:compile (default-compile) @ rick-tests ---
[INFO] Nothing to compile - all classes are up to date
[INFO] 
[INFO] --- maven-resources-plugin:2.6:testResources (default-testResources) @ rick-tests ---
[WARNING] Using platform encoding (UTF-8 actually) to copy filtered resources, i.e. build is platform dependent!
[INFO] Copying 119 resources
[INFO] 
[INFO] --- maven-compiler-plugin:3.1:testCompile (default-testCompile) @ rick-tests ---
[INFO] Changes detected - recompiling the module!
[WARNING] File encoding has not been set, using platform encoding UTF-8, i.e. build is platform dependent!
[INFO] Compiling 26 source files to /home/dee/dev/rick-major-review/rick-tests/target/test-classes
[WARNING] /home/dee/dev/rick-major-review/rick-tests/src/test/java/org/gephi/importer/impl/TestImportContainerImplRickGenNodeExists.java: Some input files use unchecked or unsafe operations.
[WARNING] /home/dee/dev/rick-major-review/rick-tests/src/test/java/org/gephi/importer/impl/TestImportContainerImplRickGenNodeExists.java: Recompile with -Xlint:unchecked for details.
[INFO] 
[INFO] --- maven-surefire-plugin:2.22.2:test (default-test) @ rick-tests ---
[INFO] 
[INFO] -------------------------------------------------------
[INFO]  T E S T S
[INFO] -------------------------------------------------------
[INFO] Running org.gephi.layout.plugin.force.quadtree.TestFirstAddRickGen
[INFO] Tests run: 3, Failures: 0, Errors: 0, Skipped: 0, Time elapsed: 4.574 s - in org.gephi.layout.plugin.force.quadtree.TestFirstAddRickGen
[INFO] 
[INFO] Results:
[INFO] 
[INFO] Tests run: 3, Failures: 0, Errors: 0, Skipped: 0
[INFO] 
[INFO] ------------------------------------------------------------------------
[INFO] BUILD SUCCESS
[INFO] ------------------------------------------------------------------------
[INFO] Total time:  20.236 s
[INFO] Finished at: 2023-06-06T20:28:46+02:00
[INFO] ------------------------------------------------------------------------

Security framework of XStream not initialized, XStream is probably vulnerable.

---------------------------------------------------
[LOG] Cleaned targets with ['mvn', 'clean']
[INFO] Scanning for projects...
[INFO] 
[INFO] ------------------------< org.gephi:rick-tests >------------------------
[INFO] Building rick-tests 1.0-SNAPSHOT
[INFO] --------------------------------[ jar ]---------------------------------
[INFO] 
[INFO] --- maven-clean-plugin:2.5:clean (default-clean) @ rick-tests ---
[INFO] Deleting /home/dee/dev/rick-major-review/rick-tests/target
[INFO] ------------------------------------------------------------------------
[INFO] BUILD SUCCESS
[INFO] ------------------------------------------------------------------------
[INFO] Total time:  0.840 s
[INFO] Finished at: 2023-06-06T20:28:51+02:00
[INFO] ------------------------------------------------------------------------


---------------------------------------------------
[LOG] In experiment directory /home/dee/dev/rick-major-review/finches
---------------------------------------------------
[LOG] Restoring original RICK test from ./QuadTree.java/original-test.java
[LOG] Invoking cp ./QuadTree.java/original-test.java /home/dee/dev/rick-major-review/rick-tests/src/test/java/org/gephi/layout/plugin/force/quadtree/TestFirstAddRickGen.java
---------------------------------------------------
[CO] Evaluating only CO
[LOG] Replacing original RICK test with variant co
[LOG] Invoking cp /home/dee/dev/rick-major-review/finches/output/QuadTree_FirstAdd_addNode_NodeProperties/test-co.java /home/dee/dev/rick-major-review/rick-tests/src/test/java/org/gephi/layout/plugin/force/quadtree/TestFirstAddRickGen.java
[LOG] In test module directory /home/dee/dev/rick-major-review/rick-tests
[LOG] Invoked tests with ['mvn', 'test', '-Dtest=TestFirstAddRickGen']
[INFO] Scanning for projects...
[INFO] 
[INFO] ------------------------< org.gephi:rick-tests >------------------------
[INFO] Building rick-tests 1.0-SNAPSHOT
[INFO] --------------------------------[ jar ]---------------------------------
[INFO] 
[INFO] --- maven-resources-plugin:2.6:resources (default-resources) @ rick-tests ---
[WARNING] Using platform encoding (UTF-8 actually) to copy filtered resources, i.e. build is platform dependent!
[INFO] Copying 0 resource
[INFO] 
[INFO] --- maven-compiler-plugin:3.1:compile (default-compile) @ rick-tests ---
[INFO] Nothing to compile - all classes are up to date
[INFO] 
[INFO] --- maven-resources-plugin:2.6:testResources (default-testResources) @ rick-tests ---
[WARNING] Using platform encoding (UTF-8 actually) to copy filtered resources, i.e. build is platform dependent!
[INFO] Copying 119 resources
[INFO] 
[INFO] --- maven-compiler-plugin:3.1:testCompile (default-testCompile) @ rick-tests ---
[INFO] Changes detected - recompiling the module!
[WARNING] File encoding has not been set, using platform encoding UTF-8, i.e. build is platform dependent!
[INFO] Compiling 26 source files to /home/dee/dev/rick-major-review/rick-tests/target/test-classes
[WARNING] /home/dee/dev/rick-major-review/rick-tests/src/test/java/org/gephi/importer/impl/TestImportContainerImplRickGenNodeExists.java: Some input files use unchecked or unsafe operations.
[WARNING] /home/dee/dev/rick-major-review/rick-tests/src/test/java/org/gephi/importer/impl/TestImportContainerImplRickGenNodeExists.java: Recompile with -Xlint:unchecked for details.
[INFO] 
[INFO] --- maven-surefire-plugin:2.22.2:test (default-test) @ rick-tests ---
[INFO] 
[INFO] -------------------------------------------------------
[INFO]  T E S T S
[INFO] -------------------------------------------------------
[INFO] Running org.gephi.layout.plugin.force.quadtree.TestFirstAddRickGen
[INFO] Tests run: 3, Failures: 0, Errors: 0, Skipped: 0, Time elapsed: 4.324 s - in org.gephi.layout.plugin.force.quadtree.TestFirstAddRickGen
[INFO] 
[INFO] Results:
[INFO] 
[INFO] Tests run: 3, Failures: 0, Errors: 0, Skipped: 0
[INFO] 
[INFO] ------------------------------------------------------------------------
[INFO] BUILD SUCCESS
[INFO] ------------------------------------------------------------------------
[INFO] Total time:  18.793 s
[INFO] Finished at: 2023-06-06T20:29:13+02:00
[INFO] ------------------------------------------------------------------------

Security framework of XStream not initialized, XStream is probably vulnerable.

---------------------------------------------------
[LOG] Cleaned targets with ['mvn', 'clean']
[INFO] Scanning for projects...
[INFO] 
[INFO] ------------------------< org.gephi:rick-tests >------------------------
[INFO] Building rick-tests 1.0-SNAPSHOT
[INFO] --------------------------------[ jar ]---------------------------------
[INFO] 
[INFO] --- maven-clean-plugin:2.5:clean (default-clean) @ rick-tests ---
[INFO] Deleting /home/dee/dev/rick-major-review/rick-tests/target
[INFO] ------------------------------------------------------------------------
[INFO] BUILD SUCCESS
[INFO] ------------------------------------------------------------------------
[INFO] Total time:  0.948 s
[INFO] Finished at: 2023-06-06T20:29:17+02:00
[INFO] ------------------------------------------------------------------------


---------------------------------------------------
[LOG] In experiment directory /home/dee/dev/rick-major-review/finches
---------------------------------------------------
[LOG] Restoring original RICK test from ./QuadTree.java/original-test.java
[LOG] Invoking cp ./QuadTree.java/original-test.java /home/dee/dev/rick-major-review/rick-tests/src/test/java/org/gephi/layout/plugin/force/quadtree/TestFirstAddRickGen.java
---------------------------------------------------
[ALL] Evaluating (OO +) PO + CO
[LOG] Restoring original RICK test from ./QuadTree.java/original-test.java
[LOG] Invoking cp ./QuadTree.java/original-test.java /home/dee/dev/rick-major-review/rick-tests/src/test/java/org/gephi/layout/plugin/force/quadtree/TestFirstAddRickGen.java
[LOG] In test module directory /home/dee/dev/rick-major-review/rick-tests
[LOG] Invoked tests with ['mvn', 'test', '-Dtest=TestFirstAddRickGen']
[INFO] Scanning for projects...
[INFO] 
[INFO] ------------------------< org.gephi:rick-tests >------------------------
[INFO] Building rick-tests 1.0-SNAPSHOT
[INFO] --------------------------------[ jar ]---------------------------------
[INFO] 
[INFO] --- maven-resources-plugin:2.6:resources (default-resources) @ rick-tests ---
[WARNING] Using platform encoding (UTF-8 actually) to copy filtered resources, i.e. build is platform dependent!
[INFO] Copying 0 resource
[INFO] 
[INFO] --- maven-compiler-plugin:3.1:compile (default-compile) @ rick-tests ---
[INFO] Nothing to compile - all classes are up to date
[INFO] 
[INFO] --- maven-resources-plugin:2.6:testResources (default-testResources) @ rick-tests ---
[WARNING] Using platform encoding (UTF-8 actually) to copy filtered resources, i.e. build is platform dependent!
[INFO] Copying 119 resources
[INFO] 
[INFO] --- maven-compiler-plugin:3.1:testCompile (default-testCompile) @ rick-tests ---
[INFO] Changes detected - recompiling the module!
[WARNING] File encoding has not been set, using platform encoding UTF-8, i.e. build is platform dependent!
[INFO] Compiling 26 source files to /home/dee/dev/rick-major-review/rick-tests/target/test-classes
[WARNING] /home/dee/dev/rick-major-review/rick-tests/src/test/java/org/gephi/importer/impl/TestImportContainerImplRickGenNodeExists.java: Some input files use unchecked or unsafe operations.
[WARNING] /home/dee/dev/rick-major-review/rick-tests/src/test/java/org/gephi/importer/impl/TestImportContainerImplRickGenNodeExists.java: Recompile with -Xlint:unchecked for details.
[INFO] 
[INFO] --- maven-surefire-plugin:2.22.2:test (default-test) @ rick-tests ---
[INFO] 
[INFO] -------------------------------------------------------
[INFO]  T E S T S
[INFO] -------------------------------------------------------
[INFO] Running org.gephi.layout.plugin.force.quadtree.TestFirstAddRickGen
[INFO] Tests run: 3, Failures: 0, Errors: 0, Skipped: 0, Time elapsed: 4.257 s - in org.gephi.layout.plugin.force.quadtree.TestFirstAddRickGen
[INFO] 
[INFO] Results:
[INFO] 
[INFO] Tests run: 3, Failures: 0, Errors: 0, Skipped: 0
[INFO] 
[INFO] ------------------------------------------------------------------------
[INFO] BUILD SUCCESS
[INFO] ------------------------------------------------------------------------
[INFO] Total time:  18.705 s
[INFO] Finished at: 2023-06-06T20:29:39+02:00
[INFO] ------------------------------------------------------------------------

Security framework of XStream not initialized, XStream is probably vulnerable.

---------------------------------------------------
[LOG] Cleaned targets with ['mvn', 'clean']
[INFO] Scanning for projects...
[INFO] 
[INFO] ------------------------< org.gephi:rick-tests >------------------------
[INFO] Building rick-tests 1.0-SNAPSHOT
[INFO] --------------------------------[ jar ]---------------------------------
[INFO] 
[INFO] --- maven-clean-plugin:2.5:clean (default-clean) @ rick-tests ---
[INFO] Deleting /home/dee/dev/rick-major-review/rick-tests/target
[INFO] ------------------------------------------------------------------------
[INFO] BUILD SUCCESS
[INFO] ------------------------------------------------------------------------
[INFO] Total time:  0.899 s
[INFO] Finished at: 2023-06-06T20:29:44+02:00
[INFO] ------------------------------------------------------------------------


---------------------------------------------------
[LOG] In experiment directory /home/dee/dev/rick-major-review/finches
---------------------------------------------------
---------------------------------------------------
[LOG] Resetting QuadTree.java to original
[LOG] Invoking cp ./QuadTree.java/original.java /home/dee/dev/rick-major-review/gephi/modules/LayoutPlugin/src/main/java/org/gephi/layout/plugin/force/quadtree/QuadTree.java
---------------------------------------------------
[LOG] Copying littledarwin mutants to /home/dee/dev/rick-major-review/finches/output/QuadTree_FirstAdd_addNode_NodeProperties/
[LOG] Invoked copying with ['cp', '-r', '/home/dee/dev/rick-major-review/finches/QuadTree.java', '/home/dee/dev/rick-major-review/finches/output/QuadTree_FirstAdd_addNode_NodeProperties/']


---------------------------------------------------
[LOG] Finishing analysis at 2023-06-06 20:29:44.213025
====== END OF THE LINE ======
