[LOG] Initiating analysis at 2023-06-11 17:05:34.129036
---------------------------------------------------
[LOG] Removing pre-existing mutants from current working directory
[LOG] Cleaning up LittleDarwin results
---------------------------------------------------
[LOG] Working with AttributeColumnsControllerImpl_canConvertColumnToDynamic_Column
[LOG] Generating mutants for its parent AttributeColumnsControllerImpl.java
---------------------------------------------------
[LOG] Running littledarwin on /home/dee/dev/rick-major-review/gephi/modules/DataLaboratoryAPI/src/main/java/org/gephi/datalab/impl/
[LOG] Invoked LitteDarwin with ['python3', '-m', 'littledarwin', '-m', '-v', '-p', '/home/dee/dev/rick-major-review/gephi/modules/DataLaboratoryAPI/src/main/java/org/gephi/datalab/impl/', '--all']

    __     _  __   __   __       ____                          _
   / /    (_)/ /_ / /_ / /___   / __ \ ____ _ _____ _      __ (_)____
  / /    / // __// __// // _ \ / / / // __ `// ___/| | /| / // // __ \
 / /___ / // /_ / /_ / //  __// /_/ // /_/ // /    | |/ |/ // // / / /
/_____//_/ \__/ \__//_/ \___//_____/ \__,_//_/     |__/|__//_//_/ /_/

      _                     _                 ___
     /_|  /|/|  _/__/'     /_|   _ /   _ ' _ (_  _ _ _  _      _ /
    (  | /   |(//(///()/) (  |/)(/((/_) /_)  /  / (///)(-((/()/ /(
                                  /


    LittleDarwin version 0.10.7 Copyright (C) 2014-2020 Ali Parsai

    LittleDarwin comes with ABSOLUTELY NO WARRANTY.
    This is free software, and you are welcome to redistribute it
    under certain conditions; run LittleDarwin --license for details.

    
Source Path:  /home/dee/dev/rick-major-review/gephi/modules/DataLaboratoryAPI/src/main/java/org/gephi/datalab/impl
Target Path:  /home/dee/anaconda3/lib/python3.8/site-packages/littledarwin/LittleDarwinResults
Creating Mutation Database:  /home/dee/anaconda3/lib/python3.8/site-packages/littledarwin/LittleDarwinResults/mutationdatabase

(1/5) Source file:  /home/dee/dev/rick-major-review/gephi/modules/DataLaboratoryAPI/src/main/java/org/gephi/datalab/impl/AttributeColumnsMergeStrategiesControllerImpl.java
ANTLR runtime and generated code versions disagree: 4.13.0!=4.10.1
ANTLR runtime and generated code versions disagree: 4.13.0!=4.10.1
--> Mutations found:  249
----> LogicalOperatorReplacement : 1
----> RemoveNullCheck : 41
----> ConditionalOperatorReplacement : 18
----> RemoveMethod : 20
----> RelationalOperatorReplacement : 55
----> ArithmeticOperatorReplacementShortcut : 2
----> ArithmeticOperatorReplacementBinary : 3
----> ConditionalOperatorDeletion : 10
----> NullifyInputVariable : 52
----> ArithmeticOperatorReplacementUnary : 12
----> NullifyReturnValue : 23
----> NullifyObjectInitialization : 12

(2/5) Source file:  /home/dee/dev/rick-major-review/gephi/modules/DataLaboratoryAPI/src/main/java/org/gephi/datalab/impl/SearchReplaceControllerImpl.java
ANTLR runtime and generated code versions disagree: 4.13.0!=4.10.1
ANTLR runtime and generated code versions disagree: 4.13.0!=4.10.1
--> Mutations found:  94
----> RemoveNullCheck : 12
----> ConditionalOperatorReplacement : 5
----> RemoveMethod : 10
----> RelationalOperatorReplacement : 19
----> ArithmeticOperatorReplacementShortcut : 6
----> ArithmeticOperatorReplacementBinary : 2
----> ConditionalOperatorDeletion : 5
----> NullifyInputVariable : 13
----> NullifyReturnValue : 18
----> NullifyObjectInitialization : 4

(3/5) Source file:  /home/dee/dev/rick-major-review/gephi/modules/DataLaboratoryAPI/src/main/java/org/gephi/datalab/impl/AttributeColumnsControllerImpl.java
ANTLR runtime and generated code versions disagree: 4.13.0!=4.10.1
ANTLR runtime and generated code versions disagree: 4.13.0!=4.10.1
--> Mutations found:  333
----> RemoveNullCheck : 33
----> ConditionalOperatorReplacement : 11
----> RemoveMethod : 59
----> RelationalOperatorReplacement : 54
----> ArithmeticOperatorReplacementShortcut : 6
----> ArithmeticOperatorReplacementBinary : 1
----> ConditionalOperatorDeletion : 18
----> NullifyInputVariable : 102
----> NullifyReturnValue : 30
----> NullifyObjectInitialization : 19

(4/5) Source file:  /home/dee/dev/rick-major-review/gephi/modules/DataLaboratoryAPI/src/main/java/org/gephi/datalab/impl/GraphElementsControllerImpl.java
ANTLR runtime and generated code versions disagree: 4.13.0!=4.10.1
ANTLR runtime and generated code versions disagree: 4.13.0!=4.10.1
--> Mutations found:  175
----> RemoveNullCheck : 8
----> RemoveMethod : 47
----> RelationalOperatorReplacement : 10
----> ArithmeticOperatorReplacementBinary : 6
----> ConditionalOperatorDeletion : 4
----> NullifyInputVariable : 76
----> NullifyReturnValue : 23
----> NullifyObjectInitialization : 1

(5/5) Source file:  /home/dee/dev/rick-major-review/gephi/modules/DataLaboratoryAPI/src/main/java/org/gephi/datalab/impl/DataTablesControllerImpl.java
ANTLR runtime and generated code versions disagree: 4.13.0!=4.10.1
ANTLR runtime and generated code versions disagree: 4.13.0!=4.10.1
--> Mutations found:  89
----> RemoveNullCheck : 23
----> RemoveMethod : 34
----> RelationalOperatorReplacement : 23
----> NullifyInputVariable : 4
----> NullifyReturnValue : 5

Total mutations found:  940
--> LogicalOperatorReplacement: 1
--> RemoveNullCheck: 117
--> ConditionalOperatorReplacement: 34
--> RemoveMethod: 170
--> RelationalOperatorReplacement: 161
--> ArithmeticOperatorReplacementShortcut: 14
--> ArithmeticOperatorReplacementBinary: 12
--> ConditionalOperatorDeletion: 37
--> NullifyInputVariable: 247
--> ArithmeticOperatorReplacementUnary: 12
--> NullifyReturnValue: 99
--> NullifyObjectInitialization: 36


---------------------------------------------------
[LOG] Copying mutants of AttributeColumnsControllerImpl.java
---------------------------------------------------
[LOG] Generated 333 mutants
---------------------------------------------------
[LOG] Backing up original RICK test as ./AttributeColumnsControllerImpl.java/original-test.java
[LOG] Invoking cp /home/dee/dev/rick-major-review/rick-tests/src/test/java/org/gephi/datalab/impl/TestAttributeColumnsControllerImplRickGenCanConvertColumnToDynamic.java ./AttributeColumnsControllerImpl.java/original-test.java
---------------------------------------------------
[LOG] Generating variants of original RICK test
[LOG] Modifying /home/dee/dev/rick-experiments/mutation-analysis/output/AttributeColumnsControllerImpl_canConvertColumnToDynamic_Column/test-oo.java
[LOG] Created OO test at /home/dee/dev/rick-experiments/mutation-analysis/output/AttributeColumnsControllerImpl_canConvertColumnToDynamic_Column/test-oo.java
[LOG] Modifying /home/dee/dev/rick-experiments/mutation-analysis/output/AttributeColumnsControllerImpl_canConvertColumnToDynamic_Column/test-baseline.java
[LOG] Created baseline test at /home/dee/dev/rick-experiments/mutation-analysis/output/AttributeColumnsControllerImpl_canConvertColumnToDynamic_Column/test-baseline.java
[LOG] Modifying /home/dee/dev/rick-experiments/mutation-analysis/output/AttributeColumnsControllerImpl_canConvertColumnToDynamic_Column/test-po.java
[LOG] Created PO test at /home/dee/dev/rick-experiments/mutation-analysis/output/AttributeColumnsControllerImpl_canConvertColumnToDynamic_Column/test-po.java
[LOG] Modifying /home/dee/dev/rick-experiments/mutation-analysis/output/AttributeColumnsControllerImpl_canConvertColumnToDynamic_Column/test-co.java
[LOG] Created CO test at /home/dee/dev/rick-experiments/mutation-analysis/output/AttributeColumnsControllerImpl_canConvertColumnToDynamic_Column/test-co.java
[LOG] Created test with all oracles at /home/dee/dev/rick-experiments/mutation-analysis/output/AttributeColumnsControllerImpl_canConvertColumnToDynamic_Column/test-all.java
---------------------------------------------------
[LOG] Replacing originalAttributeColumnsControllerImpl.java with ./AttributeColumnsControllerImpl.java/175.java
[LOG] Invoking cp ./AttributeColumnsControllerImpl.java/175.java /home/dee/dev/rick-major-review/gephi/modules/DataLaboratoryAPI/src/main/java/org/gephi/datalab/impl/AttributeColumnsControllerImpl.java
[LOG] Invoked a clean install of the parent module with ['mvn', 'clean', 'install', '-DskipTests']
[INFO] Scanning for projects...
[INFO] 
[INFO] -----------------------< org.gephi:datalab-api >------------------------
[INFO] Building DataLaboratoryAPI 0.9.6
[INFO] --------------------------------[ nbm ]---------------------------------
[INFO] 
[INFO] --- maven-clean-plugin:3.1.0:clean (default-clean) @ datalab-api ---
[INFO] Deleting /home/dee/dev/rick-major-review/gephi/modules/DataLaboratoryAPI/target
[INFO] 
[INFO] --- build-helper-maven-plugin:3.3.0:parse-version (parse-version) @ datalab-api ---
[INFO] 
[INFO] --- maven-checkstyle-plugin:3.1.2:check (validate) @ datalab-api ---
[INFO] 
[INFO] --- maven-resources-plugin:3.2.0:copy-resources (generate-modules-xml) @ datalab-api ---
[INFO] Using 'UTF-8' encoding to copy filtered resources.
[INFO] Using 'UTF-8' encoding to copy filtered properties files.
[INFO] Copying 1 resource
[INFO] 
[INFO] --- maven-resources-plugin:3.2.0:resources (default-resources) @ datalab-api ---
[INFO] Using 'UTF-8' encoding to copy filtered resources.
[INFO] Using 'UTF-8' encoding to copy filtered properties files.
[INFO] Copying 34 resources
[INFO] 
[INFO] --- maven-compiler-plugin:3.10.0:compile (default-compile) @ datalab-api ---
[INFO] Changes detected - recompiling the module!
[INFO] Compiling 32 source files to /home/dee/dev/rick-major-review/gephi/modules/DataLaboratoryAPI/target/classes
[WARNING] No processor claimed any of these annotations: java.base/java.lang.Override
[WARNING] /home/dee/dev/rick-major-review/gephi/modules/DataLaboratoryAPI/src/main/java/org/gephi/datalab/api/AttributeColumnsController.java:[92,57] [rawtypes] found raw type: Class
  missing type arguments for generic class Class<T>
  where T is a type-variable:
    T extends Object declared in class Class
[WARNING] /home/dee/dev/rick-major-review/gephi/modules/DataLaboratoryAPI/src/main/java/org/gephi/datalab/api/AttributeColumnsController.java:[108,69] [rawtypes] found raw type: Class
  missing type arguments for generic class Class<T>
  where T is a type-variable:
    T extends Object declared in class Class
[WARNING] /home/dee/dev/rick-major-review/gephi/modules/DataLaboratoryAPI/src/main/java/org/gephi/datalab/impl/AttributeColumnsControllerImpl.java:[103,8] [rawtypes] found raw type: Class
  missing type arguments for generic class Class<T>
  where T is a type-variable:
    T extends Object declared in class Class
[WARNING] /home/dee/dev/rick-major-review/gephi/modules/DataLaboratoryAPI/src/main/java/org/gephi/datalab/impl/AttributeColumnsControllerImpl.java:[135,64] [rawtypes] found raw type: Class
  missing type arguments for generic class Class<T>
  where T is a type-variable:
    T extends Object declared in class Class
[WARNING] /home/dee/dev/rick-major-review/gephi/modules/DataLaboratoryAPI/src/main/java/org/gephi/datalab/impl/AttributeColumnsControllerImpl.java:[164,8] [rawtypes] found raw type: Class
  missing type arguments for generic class Class<T>
  where T is a type-variable:
    T extends Object declared in class Class
[WARNING] /home/dee/dev/rick-major-review/gephi/modules/DataLaboratoryAPI/src/main/java/org/gephi/datalab/impl/AttributeColumnsControllerImpl.java:[216,76] [rawtypes] found raw type: Class
  missing type arguments for generic class Class<T>
  where T is a type-variable:
    T extends Object declared in class Class
[WARNING] /home/dee/dev/rick-major-review/gephi/modules/DataLaboratoryAPI/src/main/java/org/gephi/datalab/impl/AttributeColumnsControllerImpl.java:[231,8] [rawtypes] found raw type: Class
  missing type arguments for generic class Class<T>
  where T is a type-variable:
    T extends Object declared in class Class
[WARNING] /home/dee/dev/rick-major-review/gephi/modules/DataLaboratoryAPI/src/main/java/org/gephi/datalab/impl/AttributeColumnsControllerImpl.java:[562,8] [rawtypes] found raw type: Class
  missing type arguments for generic class Class<T>
  where T is a type-variable:
    T extends Object declared in class Class
[WARNING] /home/dee/dev/rick-major-review/gephi/modules/DataLaboratoryAPI/src/main/java/org/gephi/datalab/impl/AttributeColumnsControllerImpl.java:[599,12] [rawtypes] found raw type: Class
  missing type arguments for generic class Class<T>
  where T is a type-variable:
    T extends Object declared in class Class
[WARNING] /home/dee/dev/rick-major-review/gephi/modules/DataLaboratoryAPI/src/main/java/org/gephi/datalab/impl/AttributeColumnsControllerImpl.java:[833,8] [rawtypes] found raw type: Class
  missing type arguments for generic class Class<T>
  where T is a type-variable:
    T extends Object declared in class Class
[WARNING] /home/dee/dev/rick-major-review/gephi/modules/DataLaboratoryAPI/src/main/java/org/gephi/datalab/impl/AttributeColumnsControllerImpl.java:[839,12] [rawtypes] found raw type: TimestampMap
  missing type arguments for generic class TimestampMap<T>
  where T is a type-variable:
    T extends Object declared in class TimestampMap
[WARNING] /home/dee/dev/rick-major-review/gephi/modules/DataLaboratoryAPI/src/main/java/org/gephi/datalab/impl/AttributeColumnsControllerImpl.java:[846,12] [rawtypes] found raw type: IntervalMap
  missing type arguments for generic class IntervalMap<T>
  where T is a type-variable:
    T extends Object declared in class IntervalMap
[WARNING] /home/dee/dev/rick-major-review/gephi/modules/DataLaboratoryAPI/src/main/java/org/gephi/datalab/impl/AttributeColumnsMergeStrategiesControllerImpl.java:[75,79] [rawtypes] found raw type: Class
  missing type arguments for generic class Class<T>
  where T is a type-variable:
    T extends Object declared in class Class
[WARNING] /home/dee/dev/rick-major-review/gephi/modules/DataLaboratoryAPI/src/main/java/org/gephi/datalab/api/AttributeColumnsMergeStrategiesController.java:[68,72] [rawtypes] found raw type: Class
  missing type arguments for generic class Class<T>
  where T is a type-variable:
    T extends Object declared in class Class
[INFO] 
[INFO] --- nbm-maven-plugin:4.6:manifest (default-manifest) @ datalab-api ---
[INFO] NBM Plugin generates manifest
[INFO] 
[INFO] --- maven-resources-plugin:3.2.0:testResources (default-testResources) @ datalab-api ---
[INFO] Using 'UTF-8' encoding to copy filtered resources.
[INFO] Using 'UTF-8' encoding to copy filtered properties files.
[INFO] skip non existing resourceDirectory /home/dee/dev/rick-major-review/gephi/modules/DataLaboratoryAPI/src/test/resources
[INFO] 
[INFO] --- maven-compiler-plugin:3.10.0:testCompile (default-testCompile) @ datalab-api ---
[INFO] No sources to compile
[INFO] 
[INFO] --- maven-surefire-plugin:2.22.2:test (default-test) @ datalab-api ---
[INFO] Tests are skipped.
[INFO] 
[INFO] --- maven-jar-plugin:3.2.2:jar (default-jar) @ datalab-api ---
[INFO] Building jar: /home/dee/dev/rick-major-review/gephi/modules/DataLaboratoryAPI/target/datalab-api-0.9.6.jar
[INFO] 
[INFO] --- nbm-maven-plugin:4.6:nbm (default-nbm) @ datalab-api ---
[INFO] Copying module JAR to /home/dee/dev/rick-major-review/gephi/modules/DataLaboratoryAPI/target/nbm/clusters/gephi/modules
[INFO] Generating Auto Update information for org.gephi.datalab.api
[WARNING] No updater.jar specified, cannot validate Info.xml against DTD
[INFO] Building jar: /home/dee/dev/rick-major-review/gephi/modules/DataLaboratoryAPI/target/nbm/datalab-api-0.9.6.nbm
[INFO] 
[INFO] --- maven-install-plugin:2.5.2:install (default-install) @ datalab-api ---
[INFO] Installing /home/dee/dev/rick-major-review/gephi/modules/DataLaboratoryAPI/target/datalab-api-0.9.6.jar to /home/dee/.m2/repository/org/gephi/datalab-api/0.9.6/datalab-api-0.9.6.jar
[INFO] Installing /home/dee/dev/rick-major-review/gephi/modules/DataLaboratoryAPI/pom.xml to /home/dee/.m2/repository/org/gephi/datalab-api/0.9.6/datalab-api-0.9.6.pom
[INFO] Installing /home/dee/dev/rick-major-review/gephi/modules/DataLaboratoryAPI/target/datalab-api-0.9.6.nbm to /home/dee/.m2/repository/org/gephi/datalab-api/0.9.6/datalab-api-0.9.6.nbm
[INFO] ------------------------------------------------------------------------
[INFO] BUILD SUCCESS
[INFO] ------------------------------------------------------------------------
[INFO] Total time:  25.531 s
[INFO] Finished at: 2023-06-11T17:06:24+02:00
[INFO] ------------------------------------------------------------------------


---------------------------------------------------
[BASELINE] Not evaluating any oracle
[LOG] Replacing original RICK test with variant baseline
[LOG] Invoking cp /home/dee/dev/rick-experiments/mutation-analysis/output/AttributeColumnsControllerImpl_canConvertColumnToDynamic_Column/test-baseline.java /home/dee/dev/rick-major-review/rick-tests/src/test/java/org/gephi/datalab/impl/TestAttributeColumnsControllerImplRickGenCanConvertColumnToDynamic.java
[LOG] In test module directory /home/dee/dev/rick-major-review/rick-tests
[LOG] Invoked tests with ['mvn', 'test', '-Dtest=TestAttributeColumnsControllerImplRickGenCanConvertColumnToDynamic']
[INFO] Scanning for projects...
[INFO] 
[INFO] ------------------------< org.gephi:rick-tests >------------------------
[INFO] Building rick-tests 1.0-SNAPSHOT
[INFO] --------------------------------[ jar ]---------------------------------
[INFO] 
[INFO] --- maven-resources-plugin:2.6:resources (default-resources) @ rick-tests ---
[WARNING] Using platform encoding (UTF-8 actually) to copy filtered resources, i.e. build is platform dependent!
[INFO] Copying 0 resource
[INFO] 
[INFO] --- maven-compiler-plugin:3.1:compile (default-compile) @ rick-tests ---
[INFO] Nothing to compile - all classes are up to date
[INFO] 
[INFO] --- maven-resources-plugin:2.6:testResources (default-testResources) @ rick-tests ---
[WARNING] Using platform encoding (UTF-8 actually) to copy filtered resources, i.e. build is platform dependent!
[INFO] Copying 119 resources
[INFO] 
[INFO] --- maven-compiler-plugin:3.1:testCompile (default-testCompile) @ rick-tests ---
[INFO] Changes detected - recompiling the module!
[WARNING] File encoding has not been set, using platform encoding UTF-8, i.e. build is platform dependent!
[INFO] Compiling 26 source files to /home/dee/dev/rick-major-review/rick-tests/target/test-classes
[WARNING] /home/dee/dev/rick-major-review/rick-tests/src/test/java/org/gephi/importer/impl/TestImportContainerImplRickGenNodeExists.java: Some input files use unchecked or unsafe operations.
[WARNING] /home/dee/dev/rick-major-review/rick-tests/src/test/java/org/gephi/importer/impl/TestImportContainerImplRickGenNodeExists.java: Recompile with -Xlint:unchecked for details.
[INFO] 
[INFO] --- maven-surefire-plugin:2.22.2:test (default-test) @ rick-tests ---
[INFO] 
[INFO] -------------------------------------------------------
[INFO]  T E S T S
[INFO] -------------------------------------------------------
[INFO] Running org.gephi.datalab.impl.TestAttributeColumnsControllerImplRickGenCanConvertColumnToDynamic
[INFO] Tests run: 3, Failures: 0, Errors: 0, Skipped: 0, Time elapsed: 5.816 s - in org.gephi.datalab.impl.TestAttributeColumnsControllerImplRickGenCanConvertColumnToDynamic
[INFO] 
[INFO] Results:
[INFO] 
[INFO] Tests run: 3, Failures: 0, Errors: 0, Skipped: 0
[INFO] 
[INFO] ------------------------------------------------------------------------
[INFO] BUILD SUCCESS
[INFO] ------------------------------------------------------------------------
[INFO] Total time:  26.879 s
[INFO] Finished at: 2023-06-11T17:06:56+02:00
[INFO] ------------------------------------------------------------------------

Security framework of XStream not initialized, XStream is probably vulnerable.

---------------------------------------------------
[LOG] Cleaned targets with ['mvn', 'clean']
[INFO] Scanning for projects...
[INFO] 
[INFO] ------------------------< org.gephi:rick-tests >------------------------
[INFO] Building rick-tests 1.0-SNAPSHOT
[INFO] --------------------------------[ jar ]---------------------------------
[INFO] 
[INFO] --- maven-clean-plugin:2.5:clean (default-clean) @ rick-tests ---
[INFO] Deleting /home/dee/dev/rick-major-review/rick-tests/target
[INFO] ------------------------------------------------------------------------
[INFO] BUILD SUCCESS
[INFO] ------------------------------------------------------------------------
[INFO] Total time:  1.163 s
[INFO] Finished at: 2023-06-11T17:07:02+02:00
[INFO] ------------------------------------------------------------------------


---------------------------------------------------
[LOG] In experiment directory /home/dee/dev/rick-experiments/mutation-analysis
---------------------------------------------------
[LOG] Restoring original RICK test from ./AttributeColumnsControllerImpl.java/original-test.java
[LOG] Invoking cp ./AttributeColumnsControllerImpl.java/original-test.java /home/dee/dev/rick-major-review/rick-tests/src/test/java/org/gephi/datalab/impl/TestAttributeColumnsControllerImplRickGenCanConvertColumnToDynamic.java
---------------------------------------------------
[OO] Evaluating only OO
[LOG] Replacing original RICK test with variant oo
[LOG] Invoking cp /home/dee/dev/rick-experiments/mutation-analysis/output/AttributeColumnsControllerImpl_canConvertColumnToDynamic_Column/test-oo.java /home/dee/dev/rick-major-review/rick-tests/src/test/java/org/gephi/datalab/impl/TestAttributeColumnsControllerImplRickGenCanConvertColumnToDynamic.java
[LOG] In test module directory /home/dee/dev/rick-major-review/rick-tests
[LOG] Invoked tests with ['mvn', 'test', '-Dtest=TestAttributeColumnsControllerImplRickGenCanConvertColumnToDynamic']
[INFO] Scanning for projects...
[INFO] 
[INFO] ------------------------< org.gephi:rick-tests >------------------------
[INFO] Building rick-tests 1.0-SNAPSHOT
[INFO] --------------------------------[ jar ]---------------------------------
[INFO] 
[INFO] --- maven-resources-plugin:2.6:resources (default-resources) @ rick-tests ---
[WARNING] Using platform encoding (UTF-8 actually) to copy filtered resources, i.e. build is platform dependent!
[INFO] Copying 0 resource
[INFO] 
[INFO] --- maven-compiler-plugin:3.1:compile (default-compile) @ rick-tests ---
[INFO] Nothing to compile - all classes are up to date
[INFO] 
[INFO] --- maven-resources-plugin:2.6:testResources (default-testResources) @ rick-tests ---
[WARNING] Using platform encoding (UTF-8 actually) to copy filtered resources, i.e. build is platform dependent!
[INFO] Copying 119 resources
[INFO] 
[INFO] --- maven-compiler-plugin:3.1:testCompile (default-testCompile) @ rick-tests ---
[INFO] Changes detected - recompiling the module!
[WARNING] File encoding has not been set, using platform encoding UTF-8, i.e. build is platform dependent!
[INFO] Compiling 26 source files to /home/dee/dev/rick-major-review/rick-tests/target/test-classes
[WARNING] /home/dee/dev/rick-major-review/rick-tests/src/test/java/org/gephi/importer/impl/TestImportContainerImplRickGenNodeExists.java: Some input files use unchecked or unsafe operations.
[WARNING] /home/dee/dev/rick-major-review/rick-tests/src/test/java/org/gephi/importer/impl/TestImportContainerImplRickGenNodeExists.java: Recompile with -Xlint:unchecked for details.
[INFO] 
[INFO] --- maven-surefire-plugin:2.22.2:test (default-test) @ rick-tests ---
[INFO] 
[INFO] -------------------------------------------------------
[INFO]  T E S T S
[INFO] -------------------------------------------------------
[INFO] Running org.gephi.datalab.impl.TestAttributeColumnsControllerImplRickGenCanConvertColumnToDynamic
[INFO] Tests run: 3, Failures: 0, Errors: 0, Skipped: 0, Time elapsed: 5.265 s - in org.gephi.datalab.impl.TestAttributeColumnsControllerImplRickGenCanConvertColumnToDynamic
[INFO] 
[INFO] Results:
[INFO] 
[INFO] Tests run: 3, Failures: 0, Errors: 0, Skipped: 0
[INFO] 
[INFO] ------------------------------------------------------------------------
[INFO] BUILD SUCCESS
[INFO] ------------------------------------------------------------------------
[INFO] Total time:  25.731 s
[INFO] Finished at: 2023-06-11T17:07:32+02:00
[INFO] ------------------------------------------------------------------------

Security framework of XStream not initialized, XStream is probably vulnerable.

---------------------------------------------------
[LOG] Cleaned targets with ['mvn', 'clean']
[INFO] Scanning for projects...
[INFO] 
[INFO] ------------------------< org.gephi:rick-tests >------------------------
[INFO] Building rick-tests 1.0-SNAPSHOT
[INFO] --------------------------------[ jar ]---------------------------------
[INFO] 
[INFO] --- maven-clean-plugin:2.5:clean (default-clean) @ rick-tests ---
[INFO] Deleting /home/dee/dev/rick-major-review/rick-tests/target
[INFO] ------------------------------------------------------------------------
[INFO] BUILD SUCCESS
[INFO] ------------------------------------------------------------------------
[INFO] Total time:  1.023 s
[INFO] Finished at: 2023-06-11T17:07:38+02:00
[INFO] ------------------------------------------------------------------------


---------------------------------------------------
[LOG] In experiment directory /home/dee/dev/rick-experiments/mutation-analysis
---------------------------------------------------
[LOG] Restoring original RICK test from ./AttributeColumnsControllerImpl.java/original-test.java
[LOG] Invoking cp ./AttributeColumnsControllerImpl.java/original-test.java /home/dee/dev/rick-major-review/rick-tests/src/test/java/org/gephi/datalab/impl/TestAttributeColumnsControllerImplRickGenCanConvertColumnToDynamic.java
---------------------------------------------------
[PO] Evaluating only PO
[LOG] Replacing original RICK test with variant po
[LOG] Invoking cp /home/dee/dev/rick-experiments/mutation-analysis/output/AttributeColumnsControllerImpl_canConvertColumnToDynamic_Column/test-po.java /home/dee/dev/rick-major-review/rick-tests/src/test/java/org/gephi/datalab/impl/TestAttributeColumnsControllerImplRickGenCanConvertColumnToDynamic.java
[LOG] In test module directory /home/dee/dev/rick-major-review/rick-tests
[LOG] Invoked tests with ['mvn', 'test', '-Dtest=TestAttributeColumnsControllerImplRickGenCanConvertColumnToDynamic']
[INFO] Scanning for projects...
[INFO] 
[INFO] ------------------------< org.gephi:rick-tests >------------------------
[INFO] Building rick-tests 1.0-SNAPSHOT
[INFO] --------------------------------[ jar ]---------------------------------
[INFO] 
[INFO] --- maven-resources-plugin:2.6:resources (default-resources) @ rick-tests ---
[WARNING] Using platform encoding (UTF-8 actually) to copy filtered resources, i.e. build is platform dependent!
[INFO] Copying 0 resource
[INFO] 
[INFO] --- maven-compiler-plugin:3.1:compile (default-compile) @ rick-tests ---
[INFO] Nothing to compile - all classes are up to date
[INFO] 
[INFO] --- maven-resources-plugin:2.6:testResources (default-testResources) @ rick-tests ---
[WARNING] Using platform encoding (UTF-8 actually) to copy filtered resources, i.e. build is platform dependent!
[INFO] Copying 119 resources
[INFO] 
[INFO] --- maven-compiler-plugin:3.1:testCompile (default-testCompile) @ rick-tests ---
[INFO] Changes detected - recompiling the module!
[WARNING] File encoding has not been set, using platform encoding UTF-8, i.e. build is platform dependent!
[INFO] Compiling 26 source files to /home/dee/dev/rick-major-review/rick-tests/target/test-classes
[WARNING] /home/dee/dev/rick-major-review/rick-tests/src/test/java/org/gephi/importer/impl/TestImportContainerImplRickGenNodeExists.java: Some input files use unchecked or unsafe operations.
[WARNING] /home/dee/dev/rick-major-review/rick-tests/src/test/java/org/gephi/importer/impl/TestImportContainerImplRickGenNodeExists.java: Recompile with -Xlint:unchecked for details.
[INFO] 
[INFO] --- maven-surefire-plugin:2.22.2:test (default-test) @ rick-tests ---
[INFO] 
[INFO] -------------------------------------------------------
[INFO]  T E S T S
[INFO] -------------------------------------------------------
[INFO] Running org.gephi.datalab.impl.TestAttributeColumnsControllerImplRickGenCanConvertColumnToDynamic
[INFO] Tests run: 3, Failures: 0, Errors: 0, Skipped: 0, Time elapsed: 5.209 s - in org.gephi.datalab.impl.TestAttributeColumnsControllerImplRickGenCanConvertColumnToDynamic
[INFO] 
[INFO] Results:
[INFO] 
[INFO] Tests run: 3, Failures: 0, Errors: 0, Skipped: 0
[INFO] 
[INFO] ------------------------------------------------------------------------
[INFO] BUILD SUCCESS
[INFO] ------------------------------------------------------------------------
[INFO] Total time:  23.194 s
[INFO] Finished at: 2023-06-11T17:08:05+02:00
[INFO] ------------------------------------------------------------------------

Security framework of XStream not initialized, XStream is probably vulnerable.

---------------------------------------------------
[LOG] Cleaned targets with ['mvn', 'clean']
[INFO] Scanning for projects...
[INFO] 
[INFO] ------------------------< org.gephi:rick-tests >------------------------
[INFO] Building rick-tests 1.0-SNAPSHOT
[INFO] --------------------------------[ jar ]---------------------------------
[INFO] 
[INFO] --- maven-clean-plugin:2.5:clean (default-clean) @ rick-tests ---
[INFO] Deleting /home/dee/dev/rick-major-review/rick-tests/target
[INFO] ------------------------------------------------------------------------
[INFO] BUILD SUCCESS
[INFO] ------------------------------------------------------------------------
[INFO] Total time:  1.157 s
[INFO] Finished at: 2023-06-11T17:08:11+02:00
[INFO] ------------------------------------------------------------------------


---------------------------------------------------
[LOG] In experiment directory /home/dee/dev/rick-experiments/mutation-analysis
---------------------------------------------------
[LOG] Restoring original RICK test from ./AttributeColumnsControllerImpl.java/original-test.java
[LOG] Invoking cp ./AttributeColumnsControllerImpl.java/original-test.java /home/dee/dev/rick-major-review/rick-tests/src/test/java/org/gephi/datalab/impl/TestAttributeColumnsControllerImplRickGenCanConvertColumnToDynamic.java
---------------------------------------------------
[CO] Evaluating only CO
[LOG] Replacing original RICK test with variant co
[LOG] Invoking cp /home/dee/dev/rick-experiments/mutation-analysis/output/AttributeColumnsControllerImpl_canConvertColumnToDynamic_Column/test-co.java /home/dee/dev/rick-major-review/rick-tests/src/test/java/org/gephi/datalab/impl/TestAttributeColumnsControllerImplRickGenCanConvertColumnToDynamic.java
[LOG] In test module directory /home/dee/dev/rick-major-review/rick-tests
[LOG] Invoked tests with ['mvn', 'test', '-Dtest=TestAttributeColumnsControllerImplRickGenCanConvertColumnToDynamic']
[INFO] Scanning for projects...
[INFO] 
[INFO] ------------------------< org.gephi:rick-tests >------------------------
[INFO] Building rick-tests 1.0-SNAPSHOT
[INFO] --------------------------------[ jar ]---------------------------------
[INFO] 
[INFO] --- maven-resources-plugin:2.6:resources (default-resources) @ rick-tests ---
[WARNING] Using platform encoding (UTF-8 actually) to copy filtered resources, i.e. build is platform dependent!
[INFO] Copying 0 resource
[INFO] 
[INFO] --- maven-compiler-plugin:3.1:compile (default-compile) @ rick-tests ---
[INFO] Nothing to compile - all classes are up to date
[INFO] 
[INFO] --- maven-resources-plugin:2.6:testResources (default-testResources) @ rick-tests ---
[WARNING] Using platform encoding (UTF-8 actually) to copy filtered resources, i.e. build is platform dependent!
[INFO] Copying 119 resources
[INFO] 
[INFO] --- maven-compiler-plugin:3.1:testCompile (default-testCompile) @ rick-tests ---
[INFO] Changes detected - recompiling the module!
[WARNING] File encoding has not been set, using platform encoding UTF-8, i.e. build is platform dependent!
[INFO] Compiling 26 source files to /home/dee/dev/rick-major-review/rick-tests/target/test-classes
[WARNING] /home/dee/dev/rick-major-review/rick-tests/src/test/java/org/gephi/importer/impl/TestImportContainerImplRickGenNodeExists.java: Some input files use unchecked or unsafe operations.
[WARNING] /home/dee/dev/rick-major-review/rick-tests/src/test/java/org/gephi/importer/impl/TestImportContainerImplRickGenNodeExists.java: Recompile with -Xlint:unchecked for details.
[INFO] 
[INFO] --- maven-surefire-plugin:2.22.2:test (default-test) @ rick-tests ---
[INFO] 
[INFO] -------------------------------------------------------
[INFO]  T E S T S
[INFO] -------------------------------------------------------
[INFO] Running org.gephi.datalab.impl.TestAttributeColumnsControllerImplRickGenCanConvertColumnToDynamic
[INFO] Tests run: 3, Failures: 0, Errors: 0, Skipped: 0, Time elapsed: 4.932 s - in org.gephi.datalab.impl.TestAttributeColumnsControllerImplRickGenCanConvertColumnToDynamic
[INFO] 
[INFO] Results:
[INFO] 
[INFO] Tests run: 3, Failures: 0, Errors: 0, Skipped: 0
[INFO] 
[INFO] ------------------------------------------------------------------------
[INFO] BUILD SUCCESS
[INFO] ------------------------------------------------------------------------
[INFO] Total time:  24.288 s
[INFO] Finished at: 2023-06-11T17:08:40+02:00
[INFO] ------------------------------------------------------------------------

Security framework of XStream not initialized, XStream is probably vulnerable.

---------------------------------------------------
[LOG] Cleaned targets with ['mvn', 'clean']
[INFO] Scanning for projects...
[INFO] 
[INFO] ------------------------< org.gephi:rick-tests >------------------------
[INFO] Building rick-tests 1.0-SNAPSHOT
[INFO] --------------------------------[ jar ]---------------------------------
[INFO] 
[INFO] --- maven-clean-plugin:2.5:clean (default-clean) @ rick-tests ---
[INFO] Deleting /home/dee/dev/rick-major-review/rick-tests/target
[INFO] ------------------------------------------------------------------------
[INFO] BUILD SUCCESS
[INFO] ------------------------------------------------------------------------
[INFO] Total time:  0.988 s
[INFO] Finished at: 2023-06-11T17:08:45+02:00
[INFO] ------------------------------------------------------------------------


---------------------------------------------------
[LOG] In experiment directory /home/dee/dev/rick-experiments/mutation-analysis
---------------------------------------------------
[LOG] Restoring original RICK test from ./AttributeColumnsControllerImpl.java/original-test.java
[LOG] Invoking cp ./AttributeColumnsControllerImpl.java/original-test.java /home/dee/dev/rick-major-review/rick-tests/src/test/java/org/gephi/datalab/impl/TestAttributeColumnsControllerImplRickGenCanConvertColumnToDynamic.java
---------------------------------------------------
[ALL] Evaluating (OO +) PO + CO
[LOG] Restoring original RICK test from ./AttributeColumnsControllerImpl.java/original-test.java
[LOG] Invoking cp ./AttributeColumnsControllerImpl.java/original-test.java /home/dee/dev/rick-major-review/rick-tests/src/test/java/org/gephi/datalab/impl/TestAttributeColumnsControllerImplRickGenCanConvertColumnToDynamic.java
[LOG] In test module directory /home/dee/dev/rick-major-review/rick-tests
[LOG] Invoked tests with ['mvn', 'test', '-Dtest=TestAttributeColumnsControllerImplRickGenCanConvertColumnToDynamic']
[INFO] Scanning for projects...
[INFO] 
[INFO] ------------------------< org.gephi:rick-tests >------------------------
[INFO] Building rick-tests 1.0-SNAPSHOT
[INFO] --------------------------------[ jar ]---------------------------------
[INFO] 
[INFO] --- maven-resources-plugin:2.6:resources (default-resources) @ rick-tests ---
[WARNING] Using platform encoding (UTF-8 actually) to copy filtered resources, i.e. build is platform dependent!
[INFO] Copying 0 resource
[INFO] 
[INFO] --- maven-compiler-plugin:3.1:compile (default-compile) @ rick-tests ---
[INFO] Nothing to compile - all classes are up to date
[INFO] 
[INFO] --- maven-resources-plugin:2.6:testResources (default-testResources) @ rick-tests ---
[WARNING] Using platform encoding (UTF-8 actually) to copy filtered resources, i.e. build is platform dependent!
[INFO] Copying 119 resources
[INFO] 
[INFO] --- maven-compiler-plugin:3.1:testCompile (default-testCompile) @ rick-tests ---
[INFO] Changes detected - recompiling the module!
[WARNING] File encoding has not been set, using platform encoding UTF-8, i.e. build is platform dependent!
[INFO] Compiling 26 source files to /home/dee/dev/rick-major-review/rick-tests/target/test-classes
[WARNING] /home/dee/dev/rick-major-review/rick-tests/src/test/java/org/gephi/importer/impl/TestImportContainerImplRickGenNodeExists.java: Some input files use unchecked or unsafe operations.
[WARNING] /home/dee/dev/rick-major-review/rick-tests/src/test/java/org/gephi/importer/impl/TestImportContainerImplRickGenNodeExists.java: Recompile with -Xlint:unchecked for details.
[INFO] 
[INFO] --- maven-surefire-plugin:2.22.2:test (default-test) @ rick-tests ---
[INFO] 
[INFO] -------------------------------------------------------
[INFO]  T E S T S
[INFO] -------------------------------------------------------
[INFO] Running org.gephi.datalab.impl.TestAttributeColumnsControllerImplRickGenCanConvertColumnToDynamic
[INFO] Tests run: 3, Failures: 0, Errors: 0, Skipped: 0, Time elapsed: 5.64 s - in org.gephi.datalab.impl.TestAttributeColumnsControllerImplRickGenCanConvertColumnToDynamic
[INFO] 
[INFO] Results:
[INFO] 
[INFO] Tests run: 3, Failures: 0, Errors: 0, Skipped: 0
[INFO] 
[INFO] ------------------------------------------------------------------------
[INFO] BUILD SUCCESS
[INFO] ------------------------------------------------------------------------
[INFO] Total time:  24.332 s
[INFO] Finished at: 2023-06-11T17:09:13+02:00
[INFO] ------------------------------------------------------------------------

Security framework of XStream not initialized, XStream is probably vulnerable.

---------------------------------------------------
[LOG] Cleaned targets with ['mvn', 'clean']
[INFO] Scanning for projects...
[INFO] 
[INFO] ------------------------< org.gephi:rick-tests >------------------------
[INFO] Building rick-tests 1.0-SNAPSHOT
[INFO] --------------------------------[ jar ]---------------------------------
[INFO] 
[INFO] --- maven-clean-plugin:2.5:clean (default-clean) @ rick-tests ---
[INFO] Deleting /home/dee/dev/rick-major-review/rick-tests/target
[INFO] ------------------------------------------------------------------------
[INFO] BUILD SUCCESS
[INFO] ------------------------------------------------------------------------
[INFO] Total time:  1.079 s
[INFO] Finished at: 2023-06-11T17:09:19+02:00
[INFO] ------------------------------------------------------------------------


---------------------------------------------------
[LOG] In experiment directory /home/dee/dev/rick-experiments/mutation-analysis
---------------------------------------------------
---------------------------------------------------
[LOG] Resetting AttributeColumnsControllerImpl.java to original
[LOG] Invoking cp ./AttributeColumnsControllerImpl.java/original.java /home/dee/dev/rick-major-review/gephi/modules/DataLaboratoryAPI/src/main/java/org/gephi/datalab/impl/AttributeColumnsControllerImpl.java
---------------------------------------------------
[LOG] Replacing originalAttributeColumnsControllerImpl.java with ./AttributeColumnsControllerImpl.java/208.java
[LOG] Invoking cp ./AttributeColumnsControllerImpl.java/208.java /home/dee/dev/rick-major-review/gephi/modules/DataLaboratoryAPI/src/main/java/org/gephi/datalab/impl/AttributeColumnsControllerImpl.java
[LOG] Invoked a clean install of the parent module with ['mvn', 'clean', 'install', '-DskipTests']
[INFO] Scanning for projects...
[INFO] 
[INFO] -----------------------< org.gephi:datalab-api >------------------------
[INFO] Building DataLaboratoryAPI 0.9.6
[INFO] --------------------------------[ nbm ]---------------------------------
[INFO] 
[INFO] --- maven-clean-plugin:3.1.0:clean (default-clean) @ datalab-api ---
[INFO] Deleting /home/dee/dev/rick-major-review/gephi/modules/DataLaboratoryAPI/target
[INFO] 
[INFO] --- build-helper-maven-plugin:3.3.0:parse-version (parse-version) @ datalab-api ---
[INFO] 
[INFO] --- maven-checkstyle-plugin:3.1.2:check (validate) @ datalab-api ---
[INFO] 
[INFO] --- maven-resources-plugin:3.2.0:copy-resources (generate-modules-xml) @ datalab-api ---
[INFO] Using 'UTF-8' encoding to copy filtered resources.
[INFO] Using 'UTF-8' encoding to copy filtered properties files.
[INFO] Copying 1 resource
[INFO] 
[INFO] --- maven-resources-plugin:3.2.0:resources (default-resources) @ datalab-api ---
[INFO] Using 'UTF-8' encoding to copy filtered resources.
[INFO] Using 'UTF-8' encoding to copy filtered properties files.
[INFO] Copying 34 resources
[INFO] 
[INFO] --- maven-compiler-plugin:3.10.0:compile (default-compile) @ datalab-api ---
[INFO] Changes detected - recompiling the module!
[INFO] Compiling 32 source files to /home/dee/dev/rick-major-review/gephi/modules/DataLaboratoryAPI/target/classes
[WARNING] No processor claimed any of these annotations: java.base/java.lang.Override
[WARNING] /home/dee/dev/rick-major-review/gephi/modules/DataLaboratoryAPI/src/main/java/org/gephi/datalab/api/AttributeColumnsController.java:[92,57] [rawtypes] found raw type: Class
  missing type arguments for generic class Class<T>
  where T is a type-variable:
    T extends Object declared in class Class
[WARNING] /home/dee/dev/rick-major-review/gephi/modules/DataLaboratoryAPI/src/main/java/org/gephi/datalab/api/AttributeColumnsController.java:[108,69] [rawtypes] found raw type: Class
  missing type arguments for generic class Class<T>
  where T is a type-variable:
    T extends Object declared in class Class
[WARNING] /home/dee/dev/rick-major-review/gephi/modules/DataLaboratoryAPI/src/main/java/org/gephi/datalab/impl/AttributeColumnsControllerImpl.java:[103,8] [rawtypes] found raw type: Class
  missing type arguments for generic class Class<T>
  where T is a type-variable:
    T extends Object declared in class Class
[WARNING] /home/dee/dev/rick-major-review/gephi/modules/DataLaboratoryAPI/src/main/java/org/gephi/datalab/impl/AttributeColumnsControllerImpl.java:[135,64] [rawtypes] found raw type: Class
  missing type arguments for generic class Class<T>
  where T is a type-variable:
    T extends Object declared in class Class
[WARNING] /home/dee/dev/rick-major-review/gephi/modules/DataLaboratoryAPI/src/main/java/org/gephi/datalab/impl/AttributeColumnsControllerImpl.java:[164,8] [rawtypes] found raw type: Class
  missing type arguments for generic class Class<T>
  where T is a type-variable:
    T extends Object declared in class Class
[WARNING] /home/dee/dev/rick-major-review/gephi/modules/DataLaboratoryAPI/src/main/java/org/gephi/datalab/impl/AttributeColumnsControllerImpl.java:[216,76] [rawtypes] found raw type: Class
  missing type arguments for generic class Class<T>
  where T is a type-variable:
    T extends Object declared in class Class
[WARNING] /home/dee/dev/rick-major-review/gephi/modules/DataLaboratoryAPI/src/main/java/org/gephi/datalab/impl/AttributeColumnsControllerImpl.java:[231,8] [rawtypes] found raw type: Class
  missing type arguments for generic class Class<T>
  where T is a type-variable:
    T extends Object declared in class Class
[WARNING] /home/dee/dev/rick-major-review/gephi/modules/DataLaboratoryAPI/src/main/java/org/gephi/datalab/impl/AttributeColumnsControllerImpl.java:[562,8] [rawtypes] found raw type: Class
  missing type arguments for generic class Class<T>
  where T is a type-variable:
    T extends Object declared in class Class
[WARNING] /home/dee/dev/rick-major-review/gephi/modules/DataLaboratoryAPI/src/main/java/org/gephi/datalab/impl/AttributeColumnsControllerImpl.java:[599,12] [rawtypes] found raw type: Class
  missing type arguments for generic class Class<T>
  where T is a type-variable:
    T extends Object declared in class Class
[WARNING] /home/dee/dev/rick-major-review/gephi/modules/DataLaboratoryAPI/src/main/java/org/gephi/datalab/impl/AttributeColumnsControllerImpl.java:[833,8] [rawtypes] found raw type: Class
  missing type arguments for generic class Class<T>
  where T is a type-variable:
    T extends Object declared in class Class
[WARNING] /home/dee/dev/rick-major-review/gephi/modules/DataLaboratoryAPI/src/main/java/org/gephi/datalab/impl/AttributeColumnsControllerImpl.java:[839,12] [rawtypes] found raw type: TimestampMap
  missing type arguments for generic class TimestampMap<T>
  where T is a type-variable:
    T extends Object declared in class TimestampMap
[WARNING] /home/dee/dev/rick-major-review/gephi/modules/DataLaboratoryAPI/src/main/java/org/gephi/datalab/impl/AttributeColumnsControllerImpl.java:[846,12] [rawtypes] found raw type: IntervalMap
  missing type arguments for generic class IntervalMap<T>
  where T is a type-variable:
    T extends Object declared in class IntervalMap
[WARNING] /home/dee/dev/rick-major-review/gephi/modules/DataLaboratoryAPI/src/main/java/org/gephi/datalab/impl/AttributeColumnsMergeStrategiesControllerImpl.java:[75,79] [rawtypes] found raw type: Class
  missing type arguments for generic class Class<T>
  where T is a type-variable:
    T extends Object declared in class Class
[WARNING] /home/dee/dev/rick-major-review/gephi/modules/DataLaboratoryAPI/src/main/java/org/gephi/datalab/api/AttributeColumnsMergeStrategiesController.java:[68,72] [rawtypes] found raw type: Class
  missing type arguments for generic class Class<T>
  where T is a type-variable:
    T extends Object declared in class Class
[INFO] 
[INFO] --- nbm-maven-plugin:4.6:manifest (default-manifest) @ datalab-api ---
[INFO] NBM Plugin generates manifest
[INFO] 
[INFO] --- maven-resources-plugin:3.2.0:testResources (default-testResources) @ datalab-api ---
[INFO] Using 'UTF-8' encoding to copy filtered resources.
[INFO] Using 'UTF-8' encoding to copy filtered properties files.
[INFO] skip non existing resourceDirectory /home/dee/dev/rick-major-review/gephi/modules/DataLaboratoryAPI/src/test/resources
[INFO] 
[INFO] --- maven-compiler-plugin:3.10.0:testCompile (default-testCompile) @ datalab-api ---
[INFO] No sources to compile
[INFO] 
[INFO] --- maven-surefire-plugin:2.22.2:test (default-test) @ datalab-api ---
[INFO] Tests are skipped.
[INFO] 
[INFO] --- maven-jar-plugin:3.2.2:jar (default-jar) @ datalab-api ---
[INFO] Building jar: /home/dee/dev/rick-major-review/gephi/modules/DataLaboratoryAPI/target/datalab-api-0.9.6.jar
[INFO] 
[INFO] --- nbm-maven-plugin:4.6:nbm (default-nbm) @ datalab-api ---
[INFO] Copying module JAR to /home/dee/dev/rick-major-review/gephi/modules/DataLaboratoryAPI/target/nbm/clusters/gephi/modules
[INFO] Generating Auto Update information for org.gephi.datalab.api
[WARNING] No updater.jar specified, cannot validate Info.xml against DTD
[INFO] Building jar: /home/dee/dev/rick-major-review/gephi/modules/DataLaboratoryAPI/target/nbm/datalab-api-0.9.6.nbm
[INFO] 
[INFO] --- maven-install-plugin:2.5.2:install (default-install) @ datalab-api ---
[INFO] Installing /home/dee/dev/rick-major-review/gephi/modules/DataLaboratoryAPI/target/datalab-api-0.9.6.jar to /home/dee/.m2/repository/org/gephi/datalab-api/0.9.6/datalab-api-0.9.6.jar
[INFO] Installing /home/dee/dev/rick-major-review/gephi/modules/DataLaboratoryAPI/pom.xml to /home/dee/.m2/repository/org/gephi/datalab-api/0.9.6/datalab-api-0.9.6.pom
[INFO] Installing /home/dee/dev/rick-major-review/gephi/modules/DataLaboratoryAPI/target/datalab-api-0.9.6.nbm to /home/dee/.m2/repository/org/gephi/datalab-api/0.9.6/datalab-api-0.9.6.nbm
[INFO] ------------------------------------------------------------------------
[INFO] BUILD SUCCESS
[INFO] ------------------------------------------------------------------------
[INFO] Total time:  22.452 s
[INFO] Finished at: 2023-06-11T17:09:46+02:00
[INFO] ------------------------------------------------------------------------


---------------------------------------------------
[BASELINE] Not evaluating any oracle
[LOG] Replacing original RICK test with variant baseline
[LOG] Invoking cp /home/dee/dev/rick-experiments/mutation-analysis/output/AttributeColumnsControllerImpl_canConvertColumnToDynamic_Column/test-baseline.java /home/dee/dev/rick-major-review/rick-tests/src/test/java/org/gephi/datalab/impl/TestAttributeColumnsControllerImplRickGenCanConvertColumnToDynamic.java
[LOG] In test module directory /home/dee/dev/rick-major-review/rick-tests
[LOG] Invoked tests with ['mvn', 'test', '-Dtest=TestAttributeColumnsControllerImplRickGenCanConvertColumnToDynamic']
[INFO] Scanning for projects...
[INFO] 
[INFO] ------------------------< org.gephi:rick-tests >------------------------
[INFO] Building rick-tests 1.0-SNAPSHOT
[INFO] --------------------------------[ jar ]---------------------------------
[INFO] 
[INFO] --- maven-resources-plugin:2.6:resources (default-resources) @ rick-tests ---
[WARNING] Using platform encoding (UTF-8 actually) to copy filtered resources, i.e. build is platform dependent!
[INFO] Copying 0 resource
[INFO] 
[INFO] --- maven-compiler-plugin:3.1:compile (default-compile) @ rick-tests ---
[INFO] Nothing to compile - all classes are up to date
[INFO] 
[INFO] --- maven-resources-plugin:2.6:testResources (default-testResources) @ rick-tests ---
[WARNING] Using platform encoding (UTF-8 actually) to copy filtered resources, i.e. build is platform dependent!
[INFO] Copying 119 resources
[INFO] 
[INFO] --- maven-compiler-plugin:3.1:testCompile (default-testCompile) @ rick-tests ---
[INFO] Changes detected - recompiling the module!
[WARNING] File encoding has not been set, using platform encoding UTF-8, i.e. build is platform dependent!
[INFO] Compiling 26 source files to /home/dee/dev/rick-major-review/rick-tests/target/test-classes
[WARNING] /home/dee/dev/rick-major-review/rick-tests/src/test/java/org/gephi/importer/impl/TestImportContainerImplRickGenNodeExists.java: Some input files use unchecked or unsafe operations.
[WARNING] /home/dee/dev/rick-major-review/rick-tests/src/test/java/org/gephi/importer/impl/TestImportContainerImplRickGenNodeExists.java: Recompile with -Xlint:unchecked for details.
[INFO] 
[INFO] --- maven-surefire-plugin:2.22.2:test (default-test) @ rick-tests ---
[INFO] 
[INFO] -------------------------------------------------------
[INFO]  T E S T S
[INFO] -------------------------------------------------------
[INFO] Running org.gephi.datalab.impl.TestAttributeColumnsControllerImplRickGenCanConvertColumnToDynamic
[ERROR] Tests run: 3, Failures: 0, Errors: 3, Skipped: 0, Time elapsed: 5.898 s <<< FAILURE! - in org.gephi.datalab.impl.TestAttributeColumnsControllerImplRickGenCanConvertColumnToDynamic
[ERROR] test_canConvertColumnToDynamic_OO_e4997630d1334c0f868c228ee62fdd8f  Time elapsed: 4.883 s  <<< ERROR!
java.lang.NullPointerException
	at org.gephi.datalab.impl.TestAttributeColumnsControllerImplRickGenCanConvertColumnToDynamic.test_canConvertColumnToDynamic_OO_e4997630d1334c0f868c228ee62fdd8f(TestAttributeColumnsControllerImplRickGenCanConvertColumnToDynamic.java:39)

[ERROR] test_canConvertColumnToDynamic_CO_e4997630d1334c0f868c228ee62fdd8f  Time elapsed: 0.017 s  <<< ERROR!
java.lang.NullPointerException
	at org.gephi.datalab.impl.TestAttributeColumnsControllerImplRickGenCanConvertColumnToDynamic.test_canConvertColumnToDynamic_CO_e4997630d1334c0f868c228ee62fdd8f(TestAttributeColumnsControllerImplRickGenCanConvertColumnToDynamic.java:69)

[ERROR] test_canConvertColumnToDynamic_PO_e4997630d1334c0f868c228ee62fdd8f  Time elapsed: 0.015 s  <<< ERROR!
java.lang.NullPointerException
	at org.gephi.datalab.impl.TestAttributeColumnsControllerImplRickGenCanConvertColumnToDynamic.test_canConvertColumnToDynamic_PO_e4997630d1334c0f868c228ee62fdd8f(TestAttributeColumnsControllerImplRickGenCanConvertColumnToDynamic.java:54)

[INFO] 
[INFO] Results:
[INFO] 
[ERROR] Errors: 
[ERROR]   TestAttributeColumnsControllerImplRickGenCanConvertColumnToDynamic.test_canConvertColumnToDynamic_CO_e4997630d1334c0f868c228ee62fdd8f:69  NullPointer
[ERROR]   TestAttributeColumnsControllerImplRickGenCanConvertColumnToDynamic.test_canConvertColumnToDynamic_OO_e4997630d1334c0f868c228ee62fdd8f:39  NullPointer
[ERROR]   TestAttributeColumnsControllerImplRickGenCanConvertColumnToDynamic.test_canConvertColumnToDynamic_PO_e4997630d1334c0f868c228ee62fdd8f:54  NullPointer
[INFO] 
[ERROR] Tests run: 3, Failures: 0, Errors: 3, Skipped: 0
[INFO] 
[INFO] ------------------------------------------------------------------------
[INFO] BUILD FAILURE
[INFO] ------------------------------------------------------------------------
[INFO] Total time:  24.167 s
[INFO] Finished at: 2023-06-11T17:10:14+02:00
[INFO] ------------------------------------------------------------------------
[ERROR] Failed to execute goal org.apache.maven.plugins:maven-surefire-plugin:2.22.2:test (default-test) on project rick-tests: There are test failures.
[ERROR] 
[ERROR] Please refer to /home/dee/dev/rick-major-review/rick-tests/target/surefire-reports for the individual test results.
[ERROR] Please refer to dump files (if any exist) [date].dump, [date]-jvmRun[N].dump and [date].dumpstream.
[ERROR] -> [Help 1]
[ERROR] 
[ERROR] To see the full stack trace of the errors, re-run Maven with the -e switch.
[ERROR] Re-run Maven using the -X switch to enable full debug logging.
[ERROR] 
[ERROR] For more information about the errors and possible solutions, please read the following articles:
[ERROR] [Help 1] http://cwiki.apache.org/confluence/display/MAVEN/MojoFailureException

Security framework of XStream not initialized, XStream is probably vulnerable.

---------------------------------------------------
[LOG] Cleaned targets with ['mvn', 'clean']
[INFO] Scanning for projects...
[INFO] 
[INFO] ------------------------< org.gephi:rick-tests >------------------------
[INFO] Building rick-tests 1.0-SNAPSHOT
[INFO] --------------------------------[ jar ]---------------------------------
[INFO] 
[INFO] --- maven-clean-plugin:2.5:clean (default-clean) @ rick-tests ---
[INFO] Deleting /home/dee/dev/rick-major-review/rick-tests/target
[INFO] ------------------------------------------------------------------------
[INFO] BUILD SUCCESS
[INFO] ------------------------------------------------------------------------
[INFO] Total time:  1.055 s
[INFO] Finished at: 2023-06-11T17:10:19+02:00
[INFO] ------------------------------------------------------------------------


---------------------------------------------------
[LOG] In experiment directory /home/dee/dev/rick-experiments/mutation-analysis
---------------------------------------------------
[LOG] Restoring original RICK test from ./AttributeColumnsControllerImpl.java/original-test.java
[LOG] Invoking cp ./AttributeColumnsControllerImpl.java/original-test.java /home/dee/dev/rick-major-review/rick-tests/src/test/java/org/gephi/datalab/impl/TestAttributeColumnsControllerImplRickGenCanConvertColumnToDynamic.java
---------------------------------------------------
[OO] Evaluating only OO
[LOG] Replacing original RICK test with variant oo
[LOG] Invoking cp /home/dee/dev/rick-experiments/mutation-analysis/output/AttributeColumnsControllerImpl_canConvertColumnToDynamic_Column/test-oo.java /home/dee/dev/rick-major-review/rick-tests/src/test/java/org/gephi/datalab/impl/TestAttributeColumnsControllerImplRickGenCanConvertColumnToDynamic.java
[LOG] In test module directory /home/dee/dev/rick-major-review/rick-tests
[LOG] Invoked tests with ['mvn', 'test', '-Dtest=TestAttributeColumnsControllerImplRickGenCanConvertColumnToDynamic']
[INFO] Scanning for projects...
[INFO] 
[INFO] ------------------------< org.gephi:rick-tests >------------------------
[INFO] Building rick-tests 1.0-SNAPSHOT
[INFO] --------------------------------[ jar ]---------------------------------
[INFO] 
[INFO] --- maven-resources-plugin:2.6:resources (default-resources) @ rick-tests ---
[WARNING] Using platform encoding (UTF-8 actually) to copy filtered resources, i.e. build is platform dependent!
[INFO] Copying 0 resource
[INFO] 
[INFO] --- maven-compiler-plugin:3.1:compile (default-compile) @ rick-tests ---
[INFO] Nothing to compile - all classes are up to date
[INFO] 
[INFO] --- maven-resources-plugin:2.6:testResources (default-testResources) @ rick-tests ---
[WARNING] Using platform encoding (UTF-8 actually) to copy filtered resources, i.e. build is platform dependent!
[INFO] Copying 119 resources
[INFO] 
[INFO] --- maven-compiler-plugin:3.1:testCompile (default-testCompile) @ rick-tests ---
[INFO] Changes detected - recompiling the module!
[WARNING] File encoding has not been set, using platform encoding UTF-8, i.e. build is platform dependent!
[INFO] Compiling 26 source files to /home/dee/dev/rick-major-review/rick-tests/target/test-classes
[WARNING] /home/dee/dev/rick-major-review/rick-tests/src/test/java/org/gephi/importer/impl/TestImportContainerImplRickGenNodeExists.java: Some input files use unchecked or unsafe operations.
[WARNING] /home/dee/dev/rick-major-review/rick-tests/src/test/java/org/gephi/importer/impl/TestImportContainerImplRickGenNodeExists.java: Recompile with -Xlint:unchecked for details.
[INFO] 
[INFO] --- maven-surefire-plugin:2.22.2:test (default-test) @ rick-tests ---
[INFO] 
[INFO] -------------------------------------------------------
[INFO]  T E S T S
[INFO] -------------------------------------------------------
[INFO] Running org.gephi.datalab.impl.TestAttributeColumnsControllerImplRickGenCanConvertColumnToDynamic
[ERROR] Tests run: 3, Failures: 0, Errors: 3, Skipped: 0, Time elapsed: 5.445 s <<< FAILURE! - in org.gephi.datalab.impl.TestAttributeColumnsControllerImplRickGenCanConvertColumnToDynamic
[ERROR] test_canConvertColumnToDynamic_OO_e4997630d1334c0f868c228ee62fdd8f  Time elapsed: 4.479 s  <<< ERROR!
java.lang.NullPointerException
	at org.gephi.datalab.impl.TestAttributeColumnsControllerImplRickGenCanConvertColumnToDynamic.test_canConvertColumnToDynamic_OO_e4997630d1334c0f868c228ee62fdd8f(TestAttributeColumnsControllerImplRickGenCanConvertColumnToDynamic.java:39)

[ERROR] test_canConvertColumnToDynamic_CO_e4997630d1334c0f868c228ee62fdd8f  Time elapsed: 0.015 s  <<< ERROR!
java.lang.NullPointerException
	at org.gephi.datalab.impl.TestAttributeColumnsControllerImplRickGenCanConvertColumnToDynamic.test_canConvertColumnToDynamic_CO_e4997630d1334c0f868c228ee62fdd8f(TestAttributeColumnsControllerImplRickGenCanConvertColumnToDynamic.java:69)

[ERROR] test_canConvertColumnToDynamic_PO_e4997630d1334c0f868c228ee62fdd8f  Time elapsed: 0.013 s  <<< ERROR!
java.lang.NullPointerException
	at org.gephi.datalab.impl.TestAttributeColumnsControllerImplRickGenCanConvertColumnToDynamic.test_canConvertColumnToDynamic_PO_e4997630d1334c0f868c228ee62fdd8f(TestAttributeColumnsControllerImplRickGenCanConvertColumnToDynamic.java:54)

[INFO] 
[INFO] Results:
[INFO] 
[ERROR] Errors: 
[ERROR]   TestAttributeColumnsControllerImplRickGenCanConvertColumnToDynamic.test_canConvertColumnToDynamic_CO_e4997630d1334c0f868c228ee62fdd8f:69  NullPointer
[ERROR]   TestAttributeColumnsControllerImplRickGenCanConvertColumnToDynamic.test_canConvertColumnToDynamic_OO_e4997630d1334c0f868c228ee62fdd8f:39  NullPointer
[ERROR]   TestAttributeColumnsControllerImplRickGenCanConvertColumnToDynamic.test_canConvertColumnToDynamic_PO_e4997630d1334c0f868c228ee62fdd8f:54  NullPointer
[INFO] 
[ERROR] Tests run: 3, Failures: 0, Errors: 3, Skipped: 0
[INFO] 
[INFO] ------------------------------------------------------------------------
[INFO] BUILD FAILURE
[INFO] ------------------------------------------------------------------------
[INFO] Total time:  23.312 s
[INFO] Finished at: 2023-06-11T17:10:47+02:00
[INFO] ------------------------------------------------------------------------
[ERROR] Failed to execute goal org.apache.maven.plugins:maven-surefire-plugin:2.22.2:test (default-test) on project rick-tests: There are test failures.
[ERROR] 
[ERROR] Please refer to /home/dee/dev/rick-major-review/rick-tests/target/surefire-reports for the individual test results.
[ERROR] Please refer to dump files (if any exist) [date].dump, [date]-jvmRun[N].dump and [date].dumpstream.
[ERROR] -> [Help 1]
[ERROR] 
[ERROR] To see the full stack trace of the errors, re-run Maven with the -e switch.
[ERROR] Re-run Maven using the -X switch to enable full debug logging.
[ERROR] 
[ERROR] For more information about the errors and possible solutions, please read the following articles:
[ERROR] [Help 1] http://cwiki.apache.org/confluence/display/MAVEN/MojoFailureException

Security framework of XStream not initialized, XStream is probably vulnerable.

---------------------------------------------------
[LOG] Cleaned targets with ['mvn', 'clean']
[INFO] Scanning for projects...
[INFO] 
[INFO] ------------------------< org.gephi:rick-tests >------------------------
[INFO] Building rick-tests 1.0-SNAPSHOT
[INFO] --------------------------------[ jar ]---------------------------------
[INFO] 
[INFO] --- maven-clean-plugin:2.5:clean (default-clean) @ rick-tests ---
[INFO] Deleting /home/dee/dev/rick-major-review/rick-tests/target
[INFO] ------------------------------------------------------------------------
[INFO] BUILD SUCCESS
[INFO] ------------------------------------------------------------------------
[INFO] Total time:  1.044 s
[INFO] Finished at: 2023-06-11T17:10:52+02:00
[INFO] ------------------------------------------------------------------------


---------------------------------------------------
[LOG] In experiment directory /home/dee/dev/rick-experiments/mutation-analysis
---------------------------------------------------
[LOG] Restoring original RICK test from ./AttributeColumnsControllerImpl.java/original-test.java
[LOG] Invoking cp ./AttributeColumnsControllerImpl.java/original-test.java /home/dee/dev/rick-major-review/rick-tests/src/test/java/org/gephi/datalab/impl/TestAttributeColumnsControllerImplRickGenCanConvertColumnToDynamic.java
---------------------------------------------------
[PO] Evaluating only PO
[LOG] Replacing original RICK test with variant po
[LOG] Invoking cp /home/dee/dev/rick-experiments/mutation-analysis/output/AttributeColumnsControllerImpl_canConvertColumnToDynamic_Column/test-po.java /home/dee/dev/rick-major-review/rick-tests/src/test/java/org/gephi/datalab/impl/TestAttributeColumnsControllerImplRickGenCanConvertColumnToDynamic.java
[LOG] In test module directory /home/dee/dev/rick-major-review/rick-tests
[LOG] Invoked tests with ['mvn', 'test', '-Dtest=TestAttributeColumnsControllerImplRickGenCanConvertColumnToDynamic']
[INFO] Scanning for projects...
[INFO] 
[INFO] ------------------------< org.gephi:rick-tests >------------------------
[INFO] Building rick-tests 1.0-SNAPSHOT
[INFO] --------------------------------[ jar ]---------------------------------
[INFO] 
[INFO] --- maven-resources-plugin:2.6:resources (default-resources) @ rick-tests ---
[WARNING] Using platform encoding (UTF-8 actually) to copy filtered resources, i.e. build is platform dependent!
[INFO] Copying 0 resource
[INFO] 
[INFO] --- maven-compiler-plugin:3.1:compile (default-compile) @ rick-tests ---
[INFO] Nothing to compile - all classes are up to date
[INFO] 
[INFO] --- maven-resources-plugin:2.6:testResources (default-testResources) @ rick-tests ---
[WARNING] Using platform encoding (UTF-8 actually) to copy filtered resources, i.e. build is platform dependent!
[INFO] Copying 119 resources
[INFO] 
[INFO] --- maven-compiler-plugin:3.1:testCompile (default-testCompile) @ rick-tests ---
[INFO] Changes detected - recompiling the module!
[WARNING] File encoding has not been set, using platform encoding UTF-8, i.e. build is platform dependent!
[INFO] Compiling 26 source files to /home/dee/dev/rick-major-review/rick-tests/target/test-classes
[WARNING] /home/dee/dev/rick-major-review/rick-tests/src/test/java/org/gephi/importer/impl/TestImportContainerImplRickGenNodeExists.java: Some input files use unchecked or unsafe operations.
[WARNING] /home/dee/dev/rick-major-review/rick-tests/src/test/java/org/gephi/importer/impl/TestImportContainerImplRickGenNodeExists.java: Recompile with -Xlint:unchecked for details.
[INFO] 
[INFO] --- maven-surefire-plugin:2.22.2:test (default-test) @ rick-tests ---
[INFO] 
[INFO] -------------------------------------------------------
[INFO]  T E S T S
[INFO] -------------------------------------------------------
[INFO] Running org.gephi.datalab.impl.TestAttributeColumnsControllerImplRickGenCanConvertColumnToDynamic
[ERROR] Tests run: 3, Failures: 0, Errors: 3, Skipped: 0, Time elapsed: 5.417 s <<< FAILURE! - in org.gephi.datalab.impl.TestAttributeColumnsControllerImplRickGenCanConvertColumnToDynamic
[ERROR] test_canConvertColumnToDynamic_OO_e4997630d1334c0f868c228ee62fdd8f  Time elapsed: 4.301 s  <<< ERROR!
java.lang.NullPointerException
	at org.gephi.datalab.impl.TestAttributeColumnsControllerImplRickGenCanConvertColumnToDynamic.test_canConvertColumnToDynamic_OO_e4997630d1334c0f868c228ee62fdd8f(TestAttributeColumnsControllerImplRickGenCanConvertColumnToDynamic.java:39)

[ERROR] test_canConvertColumnToDynamic_CO_e4997630d1334c0f868c228ee62fdd8f  Time elapsed: 0.014 s  <<< ERROR!
java.lang.NullPointerException
	at org.gephi.datalab.impl.TestAttributeColumnsControllerImplRickGenCanConvertColumnToDynamic.test_canConvertColumnToDynamic_CO_e4997630d1334c0f868c228ee62fdd8f(TestAttributeColumnsControllerImplRickGenCanConvertColumnToDynamic.java:69)

[ERROR] test_canConvertColumnToDynamic_PO_e4997630d1334c0f868c228ee62fdd8f  Time elapsed: 0.014 s  <<< ERROR!
java.lang.NullPointerException
	at org.gephi.datalab.impl.TestAttributeColumnsControllerImplRickGenCanConvertColumnToDynamic.test_canConvertColumnToDynamic_PO_e4997630d1334c0f868c228ee62fdd8f(TestAttributeColumnsControllerImplRickGenCanConvertColumnToDynamic.java:54)

[INFO] 
[INFO] Results:
[INFO] 
[ERROR] Errors: 
[ERROR]   TestAttributeColumnsControllerImplRickGenCanConvertColumnToDynamic.test_canConvertColumnToDynamic_CO_e4997630d1334c0f868c228ee62fdd8f:69  NullPointer
[ERROR]   TestAttributeColumnsControllerImplRickGenCanConvertColumnToDynamic.test_canConvertColumnToDynamic_OO_e4997630d1334c0f868c228ee62fdd8f:39  NullPointer
[ERROR]   TestAttributeColumnsControllerImplRickGenCanConvertColumnToDynamic.test_canConvertColumnToDynamic_PO_e4997630d1334c0f868c228ee62fdd8f:54  NullPointer
[INFO] 
[ERROR] Tests run: 3, Failures: 0, Errors: 3, Skipped: 0
[INFO] 
[INFO] ------------------------------------------------------------------------
[INFO] BUILD FAILURE
[INFO] ------------------------------------------------------------------------
[INFO] Total time:  24.110 s
[INFO] Finished at: 2023-06-11T17:11:21+02:00
[INFO] ------------------------------------------------------------------------
[ERROR] Failed to execute goal org.apache.maven.plugins:maven-surefire-plugin:2.22.2:test (default-test) on project rick-tests: There are test failures.
[ERROR] 
[ERROR] Please refer to /home/dee/dev/rick-major-review/rick-tests/target/surefire-reports for the individual test results.
[ERROR] Please refer to dump files (if any exist) [date].dump, [date]-jvmRun[N].dump and [date].dumpstream.
[ERROR] -> [Help 1]
[ERROR] 
[ERROR] To see the full stack trace of the errors, re-run Maven with the -e switch.
[ERROR] Re-run Maven using the -X switch to enable full debug logging.
[ERROR] 
[ERROR] For more information about the errors and possible solutions, please read the following articles:
[ERROR] [Help 1] http://cwiki.apache.org/confluence/display/MAVEN/MojoFailureException

Security framework of XStream not initialized, XStream is probably vulnerable.

---------------------------------------------------
[LOG] Cleaned targets with ['mvn', 'clean']
[INFO] Scanning for projects...
[INFO] 
[INFO] ------------------------< org.gephi:rick-tests >------------------------
[INFO] Building rick-tests 1.0-SNAPSHOT
[INFO] --------------------------------[ jar ]---------------------------------
[INFO] 
[INFO] --- maven-clean-plugin:2.5:clean (default-clean) @ rick-tests ---
[INFO] Deleting /home/dee/dev/rick-major-review/rick-tests/target
[INFO] ------------------------------------------------------------------------
[INFO] BUILD SUCCESS
[INFO] ------------------------------------------------------------------------
[INFO] Total time:  1.158 s
[INFO] Finished at: 2023-06-11T17:11:26+02:00
[INFO] ------------------------------------------------------------------------


---------------------------------------------------
[LOG] In experiment directory /home/dee/dev/rick-experiments/mutation-analysis
---------------------------------------------------
[LOG] Restoring original RICK test from ./AttributeColumnsControllerImpl.java/original-test.java
[LOG] Invoking cp ./AttributeColumnsControllerImpl.java/original-test.java /home/dee/dev/rick-major-review/rick-tests/src/test/java/org/gephi/datalab/impl/TestAttributeColumnsControllerImplRickGenCanConvertColumnToDynamic.java
---------------------------------------------------
[CO] Evaluating only CO
[LOG] Replacing original RICK test with variant co
[LOG] Invoking cp /home/dee/dev/rick-experiments/mutation-analysis/output/AttributeColumnsControllerImpl_canConvertColumnToDynamic_Column/test-co.java /home/dee/dev/rick-major-review/rick-tests/src/test/java/org/gephi/datalab/impl/TestAttributeColumnsControllerImplRickGenCanConvertColumnToDynamic.java
[LOG] In test module directory /home/dee/dev/rick-major-review/rick-tests
[LOG] Invoked tests with ['mvn', 'test', '-Dtest=TestAttributeColumnsControllerImplRickGenCanConvertColumnToDynamic']
[INFO] Scanning for projects...
[INFO] 
[INFO] ------------------------< org.gephi:rick-tests >------------------------
[INFO] Building rick-tests 1.0-SNAPSHOT
[INFO] --------------------------------[ jar ]---------------------------------
[INFO] 
[INFO] --- maven-resources-plugin:2.6:resources (default-resources) @ rick-tests ---
[WARNING] Using platform encoding (UTF-8 actually) to copy filtered resources, i.e. build is platform dependent!
[INFO] Copying 0 resource
[INFO] 
[INFO] --- maven-compiler-plugin:3.1:compile (default-compile) @ rick-tests ---
[INFO] Nothing to compile - all classes are up to date
[INFO] 
[INFO] --- maven-resources-plugin:2.6:testResources (default-testResources) @ rick-tests ---
[WARNING] Using platform encoding (UTF-8 actually) to copy filtered resources, i.e. build is platform dependent!
[INFO] Copying 119 resources
[INFO] 
[INFO] --- maven-compiler-plugin:3.1:testCompile (default-testCompile) @ rick-tests ---
[INFO] Changes detected - recompiling the module!
[WARNING] File encoding has not been set, using platform encoding UTF-8, i.e. build is platform dependent!
[INFO] Compiling 26 source files to /home/dee/dev/rick-major-review/rick-tests/target/test-classes
[WARNING] /home/dee/dev/rick-major-review/rick-tests/src/test/java/org/gephi/importer/impl/TestImportContainerImplRickGenNodeExists.java: Some input files use unchecked or unsafe operations.
[WARNING] /home/dee/dev/rick-major-review/rick-tests/src/test/java/org/gephi/importer/impl/TestImportContainerImplRickGenNodeExists.java: Recompile with -Xlint:unchecked for details.
[INFO] 
[INFO] --- maven-surefire-plugin:2.22.2:test (default-test) @ rick-tests ---
[INFO] 
[INFO] -------------------------------------------------------
[INFO]  T E S T S
[INFO] -------------------------------------------------------
[INFO] Running org.gephi.datalab.impl.TestAttributeColumnsControllerImplRickGenCanConvertColumnToDynamic
[ERROR] Tests run: 3, Failures: 0, Errors: 3, Skipped: 0, Time elapsed: 5.002 s <<< FAILURE! - in org.gephi.datalab.impl.TestAttributeColumnsControllerImplRickGenCanConvertColumnToDynamic
[ERROR] test_canConvertColumnToDynamic_OO_e4997630d1334c0f868c228ee62fdd8f  Time elapsed: 3.997 s  <<< ERROR!
java.lang.NullPointerException
	at org.gephi.datalab.impl.TestAttributeColumnsControllerImplRickGenCanConvertColumnToDynamic.test_canConvertColumnToDynamic_OO_e4997630d1334c0f868c228ee62fdd8f(TestAttributeColumnsControllerImplRickGenCanConvertColumnToDynamic.java:39)

[ERROR] test_canConvertColumnToDynamic_CO_e4997630d1334c0f868c228ee62fdd8f  Time elapsed: 0.021 s  <<< ERROR!
java.lang.NullPointerException
	at org.gephi.datalab.impl.TestAttributeColumnsControllerImplRickGenCanConvertColumnToDynamic.test_canConvertColumnToDynamic_CO_e4997630d1334c0f868c228ee62fdd8f(TestAttributeColumnsControllerImplRickGenCanConvertColumnToDynamic.java:69)

[ERROR] test_canConvertColumnToDynamic_PO_e4997630d1334c0f868c228ee62fdd8f  Time elapsed: 0.02 s  <<< ERROR!
java.lang.NullPointerException
	at org.gephi.datalab.impl.TestAttributeColumnsControllerImplRickGenCanConvertColumnToDynamic.test_canConvertColumnToDynamic_PO_e4997630d1334c0f868c228ee62fdd8f(TestAttributeColumnsControllerImplRickGenCanConvertColumnToDynamic.java:54)

[INFO] 
[INFO] Results:
[INFO] 
[ERROR] Errors: 
[ERROR]   TestAttributeColumnsControllerImplRickGenCanConvertColumnToDynamic.test_canConvertColumnToDynamic_CO_e4997630d1334c0f868c228ee62fdd8f:69  NullPointer
[ERROR]   TestAttributeColumnsControllerImplRickGenCanConvertColumnToDynamic.test_canConvertColumnToDynamic_OO_e4997630d1334c0f868c228ee62fdd8f:39  NullPointer
[ERROR]   TestAttributeColumnsControllerImplRickGenCanConvertColumnToDynamic.test_canConvertColumnToDynamic_PO_e4997630d1334c0f868c228ee62fdd8f:54  NullPointer
[INFO] 
[ERROR] Tests run: 3, Failures: 0, Errors: 3, Skipped: 0
[INFO] 
[INFO] ------------------------------------------------------------------------
[INFO] BUILD FAILURE
[INFO] ------------------------------------------------------------------------
[INFO] Total time:  22.632 s
[INFO] Finished at: 2023-06-11T17:11:53+02:00
[INFO] ------------------------------------------------------------------------
[ERROR] Failed to execute goal org.apache.maven.plugins:maven-surefire-plugin:2.22.2:test (default-test) on project rick-tests: There are test failures.
[ERROR] 
[ERROR] Please refer to /home/dee/dev/rick-major-review/rick-tests/target/surefire-reports for the individual test results.
[ERROR] Please refer to dump files (if any exist) [date].dump, [date]-jvmRun[N].dump and [date].dumpstream.
[ERROR] -> [Help 1]
[ERROR] 
[ERROR] To see the full stack trace of the errors, re-run Maven with the -e switch.
[ERROR] Re-run Maven using the -X switch to enable full debug logging.
[ERROR] 
[ERROR] For more information about the errors and possible solutions, please read the following articles:
[ERROR] [Help 1] http://cwiki.apache.org/confluence/display/MAVEN/MojoFailureException

Security framework of XStream not initialized, XStream is probably vulnerable.

---------------------------------------------------
[LOG] Cleaned targets with ['mvn', 'clean']
[INFO] Scanning for projects...
[INFO] 
[INFO] ------------------------< org.gephi:rick-tests >------------------------
[INFO] Building rick-tests 1.0-SNAPSHOT
[INFO] --------------------------------[ jar ]---------------------------------
[INFO] 
[INFO] --- maven-clean-plugin:2.5:clean (default-clean) @ rick-tests ---
[INFO] Deleting /home/dee/dev/rick-major-review/rick-tests/target
[INFO] ------------------------------------------------------------------------
[INFO] BUILD SUCCESS
[INFO] ------------------------------------------------------------------------
[INFO] Total time:  1.068 s
[INFO] Finished at: 2023-06-11T17:11:58+02:00
[INFO] ------------------------------------------------------------------------


---------------------------------------------------
[LOG] In experiment directory /home/dee/dev/rick-experiments/mutation-analysis
---------------------------------------------------
[LOG] Restoring original RICK test from ./AttributeColumnsControllerImpl.java/original-test.java
[LOG] Invoking cp ./AttributeColumnsControllerImpl.java/original-test.java /home/dee/dev/rick-major-review/rick-tests/src/test/java/org/gephi/datalab/impl/TestAttributeColumnsControllerImplRickGenCanConvertColumnToDynamic.java
---------------------------------------------------
[ALL] Evaluating (OO +) PO + CO
[LOG] Restoring original RICK test from ./AttributeColumnsControllerImpl.java/original-test.java
[LOG] Invoking cp ./AttributeColumnsControllerImpl.java/original-test.java /home/dee/dev/rick-major-review/rick-tests/src/test/java/org/gephi/datalab/impl/TestAttributeColumnsControllerImplRickGenCanConvertColumnToDynamic.java
[LOG] In test module directory /home/dee/dev/rick-major-review/rick-tests
[LOG] Invoked tests with ['mvn', 'test', '-Dtest=TestAttributeColumnsControllerImplRickGenCanConvertColumnToDynamic']
[INFO] Scanning for projects...
[INFO] 
[INFO] ------------------------< org.gephi:rick-tests >------------------------
[INFO] Building rick-tests 1.0-SNAPSHOT
[INFO] --------------------------------[ jar ]---------------------------------
[INFO] 
[INFO] --- maven-resources-plugin:2.6:resources (default-resources) @ rick-tests ---
[WARNING] Using platform encoding (UTF-8 actually) to copy filtered resources, i.e. build is platform dependent!
[INFO] Copying 0 resource
[INFO] 
[INFO] --- maven-compiler-plugin:3.1:compile (default-compile) @ rick-tests ---
[INFO] Nothing to compile - all classes are up to date
[INFO] 
[INFO] --- maven-resources-plugin:2.6:testResources (default-testResources) @ rick-tests ---
[WARNING] Using platform encoding (UTF-8 actually) to copy filtered resources, i.e. build is platform dependent!
[INFO] Copying 119 resources
[INFO] 
[INFO] --- maven-compiler-plugin:3.1:testCompile (default-testCompile) @ rick-tests ---
[INFO] Changes detected - recompiling the module!
[WARNING] File encoding has not been set, using platform encoding UTF-8, i.e. build is platform dependent!
[INFO] Compiling 26 source files to /home/dee/dev/rick-major-review/rick-tests/target/test-classes
[WARNING] /home/dee/dev/rick-major-review/rick-tests/src/test/java/org/gephi/importer/impl/TestImportContainerImplRickGenNodeExists.java: Some input files use unchecked or unsafe operations.
[WARNING] /home/dee/dev/rick-major-review/rick-tests/src/test/java/org/gephi/importer/impl/TestImportContainerImplRickGenNodeExists.java: Recompile with -Xlint:unchecked for details.
[INFO] 
[INFO] --- maven-surefire-plugin:2.22.2:test (default-test) @ rick-tests ---
[INFO] 
[INFO] -------------------------------------------------------
[INFO]  T E S T S
[INFO] -------------------------------------------------------
[INFO] Running org.gephi.datalab.impl.TestAttributeColumnsControllerImplRickGenCanConvertColumnToDynamic
[ERROR] Tests run: 3, Failures: 0, Errors: 3, Skipped: 0, Time elapsed: 5.135 s <<< FAILURE! - in org.gephi.datalab.impl.TestAttributeColumnsControllerImplRickGenCanConvertColumnToDynamic
[ERROR] test_canConvertColumnToDynamic_OO_e4997630d1334c0f868c228ee62fdd8f  Time elapsed: 4.05 s  <<< ERROR!
java.lang.NullPointerException
	at org.gephi.datalab.impl.TestAttributeColumnsControllerImplRickGenCanConvertColumnToDynamic.test_canConvertColumnToDynamic_OO_e4997630d1334c0f868c228ee62fdd8f(TestAttributeColumnsControllerImplRickGenCanConvertColumnToDynamic.java:39)

[ERROR] test_canConvertColumnToDynamic_CO_e4997630d1334c0f868c228ee62fdd8f  Time elapsed: 0.019 s  <<< ERROR!
java.lang.NullPointerException
	at org.gephi.datalab.impl.TestAttributeColumnsControllerImplRickGenCanConvertColumnToDynamic.test_canConvertColumnToDynamic_CO_e4997630d1334c0f868c228ee62fdd8f(TestAttributeColumnsControllerImplRickGenCanConvertColumnToDynamic.java:69)

[ERROR] test_canConvertColumnToDynamic_PO_e4997630d1334c0f868c228ee62fdd8f  Time elapsed: 0.015 s  <<< ERROR!
java.lang.NullPointerException
	at org.gephi.datalab.impl.TestAttributeColumnsControllerImplRickGenCanConvertColumnToDynamic.test_canConvertColumnToDynamic_PO_e4997630d1334c0f868c228ee62fdd8f(TestAttributeColumnsControllerImplRickGenCanConvertColumnToDynamic.java:54)

[INFO] 
[INFO] Results:
[INFO] 
[ERROR] Errors: 
[ERROR]   TestAttributeColumnsControllerImplRickGenCanConvertColumnToDynamic.test_canConvertColumnToDynamic_CO_e4997630d1334c0f868c228ee62fdd8f:69  NullPointer
[ERROR]   TestAttributeColumnsControllerImplRickGenCanConvertColumnToDynamic.test_canConvertColumnToDynamic_OO_e4997630d1334c0f868c228ee62fdd8f:39  NullPointer
[ERROR]   TestAttributeColumnsControllerImplRickGenCanConvertColumnToDynamic.test_canConvertColumnToDynamic_PO_e4997630d1334c0f868c228ee62fdd8f:54  NullPointer
[INFO] 
[ERROR] Tests run: 3, Failures: 0, Errors: 3, Skipped: 0
[INFO] 
[INFO] ------------------------------------------------------------------------
[INFO] BUILD FAILURE
[INFO] ------------------------------------------------------------------------
[INFO] Total time:  22.940 s
[INFO] Finished at: 2023-06-11T17:12:26+02:00
[INFO] ------------------------------------------------------------------------
[ERROR] Failed to execute goal org.apache.maven.plugins:maven-surefire-plugin:2.22.2:test (default-test) on project rick-tests: There are test failures.
[ERROR] 
[ERROR] Please refer to /home/dee/dev/rick-major-review/rick-tests/target/surefire-reports for the individual test results.
[ERROR] Please refer to dump files (if any exist) [date].dump, [date]-jvmRun[N].dump and [date].dumpstream.
[ERROR] -> [Help 1]
[ERROR] 
[ERROR] To see the full stack trace of the errors, re-run Maven with the -e switch.
[ERROR] Re-run Maven using the -X switch to enable full debug logging.
[ERROR] 
[ERROR] For more information about the errors and possible solutions, please read the following articles:
[ERROR] [Help 1] http://cwiki.apache.org/confluence/display/MAVEN/MojoFailureException

Security framework of XStream not initialized, XStream is probably vulnerable.

---------------------------------------------------
[LOG] Cleaned targets with ['mvn', 'clean']
[INFO] Scanning for projects...
[INFO] 
[INFO] ------------------------< org.gephi:rick-tests >------------------------
[INFO] Building rick-tests 1.0-SNAPSHOT
[INFO] --------------------------------[ jar ]---------------------------------
[INFO] 
[INFO] --- maven-clean-plugin:2.5:clean (default-clean) @ rick-tests ---
[INFO] Deleting /home/dee/dev/rick-major-review/rick-tests/target
[INFO] ------------------------------------------------------------------------
[INFO] BUILD SUCCESS
[INFO] ------------------------------------------------------------------------
[INFO] Total time:  1.061 s
[INFO] Finished at: 2023-06-11T17:12:31+02:00
[INFO] ------------------------------------------------------------------------


---------------------------------------------------
[LOG] In experiment directory /home/dee/dev/rick-experiments/mutation-analysis
---------------------------------------------------
---------------------------------------------------
[LOG] Resetting AttributeColumnsControllerImpl.java to original
[LOG] Invoking cp ./AttributeColumnsControllerImpl.java/original.java /home/dee/dev/rick-major-review/gephi/modules/DataLaboratoryAPI/src/main/java/org/gephi/datalab/impl/AttributeColumnsControllerImpl.java
---------------------------------------------------
[LOG] Replacing originalAttributeColumnsControllerImpl.java with ./AttributeColumnsControllerImpl.java/38.java
[LOG] Invoking cp ./AttributeColumnsControllerImpl.java/38.java /home/dee/dev/rick-major-review/gephi/modules/DataLaboratoryAPI/src/main/java/org/gephi/datalab/impl/AttributeColumnsControllerImpl.java
[LOG] Invoked a clean install of the parent module with ['mvn', 'clean', 'install', '-DskipTests']
[INFO] Scanning for projects...
[INFO] 
[INFO] -----------------------< org.gephi:datalab-api >------------------------
[INFO] Building DataLaboratoryAPI 0.9.6
[INFO] --------------------------------[ nbm ]---------------------------------
[INFO] 
[INFO] --- maven-clean-plugin:3.1.0:clean (default-clean) @ datalab-api ---
[INFO] Deleting /home/dee/dev/rick-major-review/gephi/modules/DataLaboratoryAPI/target
[INFO] 
[INFO] --- build-helper-maven-plugin:3.3.0:parse-version (parse-version) @ datalab-api ---
[INFO] 
[INFO] --- maven-checkstyle-plugin:3.1.2:check (validate) @ datalab-api ---
[INFO] 
[INFO] --- maven-resources-plugin:3.2.0:copy-resources (generate-modules-xml) @ datalab-api ---
[INFO] Using 'UTF-8' encoding to copy filtered resources.
[INFO] Using 'UTF-8' encoding to copy filtered properties files.
[INFO] Copying 1 resource
[INFO] 
[INFO] --- maven-resources-plugin:3.2.0:resources (default-resources) @ datalab-api ---
[INFO] Using 'UTF-8' encoding to copy filtered resources.
[INFO] Using 'UTF-8' encoding to copy filtered properties files.
[INFO] Copying 34 resources
[INFO] 
[INFO] --- maven-compiler-plugin:3.10.0:compile (default-compile) @ datalab-api ---
[INFO] Changes detected - recompiling the module!
[INFO] Compiling 32 source files to /home/dee/dev/rick-major-review/gephi/modules/DataLaboratoryAPI/target/classes
[WARNING] No processor claimed any of these annotations: java.base/java.lang.Override
[WARNING] /home/dee/dev/rick-major-review/gephi/modules/DataLaboratoryAPI/src/main/java/org/gephi/datalab/api/AttributeColumnsController.java:[92,57] [rawtypes] found raw type: Class
  missing type arguments for generic class Class<T>
  where T is a type-variable:
    T extends Object declared in class Class
[WARNING] /home/dee/dev/rick-major-review/gephi/modules/DataLaboratoryAPI/src/main/java/org/gephi/datalab/api/AttributeColumnsController.java:[108,69] [rawtypes] found raw type: Class
  missing type arguments for generic class Class<T>
  where T is a type-variable:
    T extends Object declared in class Class
[WARNING] /home/dee/dev/rick-major-review/gephi/modules/DataLaboratoryAPI/src/main/java/org/gephi/datalab/impl/AttributeColumnsControllerImpl.java:[103,8] [rawtypes] found raw type: Class
  missing type arguments for generic class Class<T>
  where T is a type-variable:
    T extends Object declared in class Class
[WARNING] /home/dee/dev/rick-major-review/gephi/modules/DataLaboratoryAPI/src/main/java/org/gephi/datalab/impl/AttributeColumnsControllerImpl.java:[135,64] [rawtypes] found raw type: Class
  missing type arguments for generic class Class<T>
  where T is a type-variable:
    T extends Object declared in class Class
[WARNING] /home/dee/dev/rick-major-review/gephi/modules/DataLaboratoryAPI/src/main/java/org/gephi/datalab/impl/AttributeColumnsControllerImpl.java:[164,8] [rawtypes] found raw type: Class
  missing type arguments for generic class Class<T>
  where T is a type-variable:
    T extends Object declared in class Class
[WARNING] /home/dee/dev/rick-major-review/gephi/modules/DataLaboratoryAPI/src/main/java/org/gephi/datalab/impl/AttributeColumnsControllerImpl.java:[216,76] [rawtypes] found raw type: Class
  missing type arguments for generic class Class<T>
  where T is a type-variable:
    T extends Object declared in class Class
[WARNING] /home/dee/dev/rick-major-review/gephi/modules/DataLaboratoryAPI/src/main/java/org/gephi/datalab/impl/AttributeColumnsControllerImpl.java:[231,8] [rawtypes] found raw type: Class
  missing type arguments for generic class Class<T>
  where T is a type-variable:
    T extends Object declared in class Class
[WARNING] /home/dee/dev/rick-major-review/gephi/modules/DataLaboratoryAPI/src/main/java/org/gephi/datalab/impl/AttributeColumnsControllerImpl.java:[562,8] [rawtypes] found raw type: Class
  missing type arguments for generic class Class<T>
  where T is a type-variable:
    T extends Object declared in class Class
[WARNING] /home/dee/dev/rick-major-review/gephi/modules/DataLaboratoryAPI/src/main/java/org/gephi/datalab/impl/AttributeColumnsControllerImpl.java:[599,12] [rawtypes] found raw type: Class
  missing type arguments for generic class Class<T>
  where T is a type-variable:
    T extends Object declared in class Class
[WARNING] /home/dee/dev/rick-major-review/gephi/modules/DataLaboratoryAPI/src/main/java/org/gephi/datalab/impl/AttributeColumnsControllerImpl.java:[833,8] [rawtypes] found raw type: Class
  missing type arguments for generic class Class<T>
  where T is a type-variable:
    T extends Object declared in class Class
[WARNING] /home/dee/dev/rick-major-review/gephi/modules/DataLaboratoryAPI/src/main/java/org/gephi/datalab/impl/AttributeColumnsControllerImpl.java:[839,12] [rawtypes] found raw type: TimestampMap
  missing type arguments for generic class TimestampMap<T>
  where T is a type-variable:
    T extends Object declared in class TimestampMap
[WARNING] /home/dee/dev/rick-major-review/gephi/modules/DataLaboratoryAPI/src/main/java/org/gephi/datalab/impl/AttributeColumnsControllerImpl.java:[846,12] [rawtypes] found raw type: IntervalMap
  missing type arguments for generic class IntervalMap<T>
  where T is a type-variable:
    T extends Object declared in class IntervalMap
[WARNING] /home/dee/dev/rick-major-review/gephi/modules/DataLaboratoryAPI/src/main/java/org/gephi/datalab/impl/AttributeColumnsMergeStrategiesControllerImpl.java:[75,79] [rawtypes] found raw type: Class
  missing type arguments for generic class Class<T>
  where T is a type-variable:
    T extends Object declared in class Class
[WARNING] /home/dee/dev/rick-major-review/gephi/modules/DataLaboratoryAPI/src/main/java/org/gephi/datalab/api/AttributeColumnsMergeStrategiesController.java:[68,72] [rawtypes] found raw type: Class
  missing type arguments for generic class Class<T>
  where T is a type-variable:
    T extends Object declared in class Class
[INFO] 
[INFO] --- nbm-maven-plugin:4.6:manifest (default-manifest) @ datalab-api ---
[INFO] NBM Plugin generates manifest
[INFO] 
[INFO] --- maven-resources-plugin:3.2.0:testResources (default-testResources) @ datalab-api ---
[INFO] Using 'UTF-8' encoding to copy filtered resources.
[INFO] Using 'UTF-8' encoding to copy filtered properties files.
[INFO] skip non existing resourceDirectory /home/dee/dev/rick-major-review/gephi/modules/DataLaboratoryAPI/src/test/resources
[INFO] 
[INFO] --- maven-compiler-plugin:3.10.0:testCompile (default-testCompile) @ datalab-api ---
[INFO] No sources to compile
[INFO] 
[INFO] --- maven-surefire-plugin:2.22.2:test (default-test) @ datalab-api ---
[INFO] Tests are skipped.
[INFO] 
[INFO] --- maven-jar-plugin:3.2.2:jar (default-jar) @ datalab-api ---
[INFO] Building jar: /home/dee/dev/rick-major-review/gephi/modules/DataLaboratoryAPI/target/datalab-api-0.9.6.jar
[INFO] 
[INFO] --- nbm-maven-plugin:4.6:nbm (default-nbm) @ datalab-api ---
[INFO] Copying module JAR to /home/dee/dev/rick-major-review/gephi/modules/DataLaboratoryAPI/target/nbm/clusters/gephi/modules
[INFO] Generating Auto Update information for org.gephi.datalab.api
[WARNING] No updater.jar specified, cannot validate Info.xml against DTD
[INFO] Building jar: /home/dee/dev/rick-major-review/gephi/modules/DataLaboratoryAPI/target/nbm/datalab-api-0.9.6.nbm
[INFO] 
[INFO] --- maven-install-plugin:2.5.2:install (default-install) @ datalab-api ---
[INFO] Installing /home/dee/dev/rick-major-review/gephi/modules/DataLaboratoryAPI/target/datalab-api-0.9.6.jar to /home/dee/.m2/repository/org/gephi/datalab-api/0.9.6/datalab-api-0.9.6.jar
[INFO] Installing /home/dee/dev/rick-major-review/gephi/modules/DataLaboratoryAPI/pom.xml to /home/dee/.m2/repository/org/gephi/datalab-api/0.9.6/datalab-api-0.9.6.pom
[INFO] Installing /home/dee/dev/rick-major-review/gephi/modules/DataLaboratoryAPI/target/datalab-api-0.9.6.nbm to /home/dee/.m2/repository/org/gephi/datalab-api/0.9.6/datalab-api-0.9.6.nbm
[INFO] ------------------------------------------------------------------------
[INFO] BUILD SUCCESS
[INFO] ------------------------------------------------------------------------
[INFO] Total time:  25.133 s
[INFO] Finished at: 2023-06-11T17:13:01+02:00
[INFO] ------------------------------------------------------------------------


---------------------------------------------------
[BASELINE] Not evaluating any oracle
[LOG] Replacing original RICK test with variant baseline
[LOG] Invoking cp /home/dee/dev/rick-experiments/mutation-analysis/output/AttributeColumnsControllerImpl_canConvertColumnToDynamic_Column/test-baseline.java /home/dee/dev/rick-major-review/rick-tests/src/test/java/org/gephi/datalab/impl/TestAttributeColumnsControllerImplRickGenCanConvertColumnToDynamic.java
[LOG] In test module directory /home/dee/dev/rick-major-review/rick-tests
[LOG] Invoked tests with ['mvn', 'test', '-Dtest=TestAttributeColumnsControllerImplRickGenCanConvertColumnToDynamic']
[INFO] Scanning for projects...
[INFO] 
[INFO] ------------------------< org.gephi:rick-tests >------------------------
[INFO] Building rick-tests 1.0-SNAPSHOT
[INFO] --------------------------------[ jar ]---------------------------------
[INFO] 
[INFO] --- maven-resources-plugin:2.6:resources (default-resources) @ rick-tests ---
[WARNING] Using platform encoding (UTF-8 actually) to copy filtered resources, i.e. build is platform dependent!
[INFO] Copying 0 resource
[INFO] 
[INFO] --- maven-compiler-plugin:3.1:compile (default-compile) @ rick-tests ---
[INFO] Nothing to compile - all classes are up to date
[INFO] 
[INFO] --- maven-resources-plugin:2.6:testResources (default-testResources) @ rick-tests ---
[WARNING] Using platform encoding (UTF-8 actually) to copy filtered resources, i.e. build is platform dependent!
[INFO] Copying 119 resources
[INFO] 
[INFO] --- maven-compiler-plugin:3.1:testCompile (default-testCompile) @ rick-tests ---
[INFO] Changes detected - recompiling the module!
[WARNING] File encoding has not been set, using platform encoding UTF-8, i.e. build is platform dependent!
[INFO] Compiling 26 source files to /home/dee/dev/rick-major-review/rick-tests/target/test-classes
[WARNING] /home/dee/dev/rick-major-review/rick-tests/src/test/java/org/gephi/importer/impl/TestImportContainerImplRickGenNodeExists.java: Some input files use unchecked or unsafe operations.
[WARNING] /home/dee/dev/rick-major-review/rick-tests/src/test/java/org/gephi/importer/impl/TestImportContainerImplRickGenNodeExists.java: Recompile with -Xlint:unchecked for details.
[INFO] 
[INFO] --- maven-surefire-plugin:2.22.2:test (default-test) @ rick-tests ---
[INFO] 
[INFO] -------------------------------------------------------
[INFO]  T E S T S
[INFO] -------------------------------------------------------
[INFO] Running org.gephi.datalab.impl.TestAttributeColumnsControllerImplRickGenCanConvertColumnToDynamic
[INFO] Tests run: 3, Failures: 0, Errors: 0, Skipped: 0, Time elapsed: 5.024 s - in org.gephi.datalab.impl.TestAttributeColumnsControllerImplRickGenCanConvertColumnToDynamic
[INFO] 
[INFO] Results:
[INFO] 
[INFO] Tests run: 3, Failures: 0, Errors: 0, Skipped: 0
[INFO] 
[INFO] ------------------------------------------------------------------------
[INFO] BUILD SUCCESS
[INFO] ------------------------------------------------------------------------
[INFO] Total time:  23.648 s
[INFO] Finished at: 2023-06-11T17:13:29+02:00
[INFO] ------------------------------------------------------------------------

Security framework of XStream not initialized, XStream is probably vulnerable.

---------------------------------------------------
[LOG] Cleaned targets with ['mvn', 'clean']
[INFO] Scanning for projects...
[INFO] 
[INFO] ------------------------< org.gephi:rick-tests >------------------------
[INFO] Building rick-tests 1.0-SNAPSHOT
[INFO] --------------------------------[ jar ]---------------------------------
[INFO] 
[INFO] --- maven-clean-plugin:2.5:clean (default-clean) @ rick-tests ---
[INFO] Deleting /home/dee/dev/rick-major-review/rick-tests/target
[INFO] ------------------------------------------------------------------------
[INFO] BUILD SUCCESS
[INFO] ------------------------------------------------------------------------
[INFO] Total time:  1.228 s
[INFO] Finished at: 2023-06-11T17:13:35+02:00
[INFO] ------------------------------------------------------------------------


---------------------------------------------------
[LOG] In experiment directory /home/dee/dev/rick-experiments/mutation-analysis
---------------------------------------------------
[LOG] Restoring original RICK test from ./AttributeColumnsControllerImpl.java/original-test.java
[LOG] Invoking cp ./AttributeColumnsControllerImpl.java/original-test.java /home/dee/dev/rick-major-review/rick-tests/src/test/java/org/gephi/datalab/impl/TestAttributeColumnsControllerImplRickGenCanConvertColumnToDynamic.java
---------------------------------------------------
[OO] Evaluating only OO
[LOG] Replacing original RICK test with variant oo
[LOG] Invoking cp /home/dee/dev/rick-experiments/mutation-analysis/output/AttributeColumnsControllerImpl_canConvertColumnToDynamic_Column/test-oo.java /home/dee/dev/rick-major-review/rick-tests/src/test/java/org/gephi/datalab/impl/TestAttributeColumnsControllerImplRickGenCanConvertColumnToDynamic.java
[LOG] In test module directory /home/dee/dev/rick-major-review/rick-tests
[LOG] Invoked tests with ['mvn', 'test', '-Dtest=TestAttributeColumnsControllerImplRickGenCanConvertColumnToDynamic']
[INFO] Scanning for projects...
[INFO] 
[INFO] ------------------------< org.gephi:rick-tests >------------------------
[INFO] Building rick-tests 1.0-SNAPSHOT
[INFO] --------------------------------[ jar ]---------------------------------
[INFO] 
[INFO] --- maven-resources-plugin:2.6:resources (default-resources) @ rick-tests ---
[WARNING] Using platform encoding (UTF-8 actually) to copy filtered resources, i.e. build is platform dependent!
[INFO] Copying 0 resource
[INFO] 
[INFO] --- maven-compiler-plugin:3.1:compile (default-compile) @ rick-tests ---
[INFO] Nothing to compile - all classes are up to date
[INFO] 
[INFO] --- maven-resources-plugin:2.6:testResources (default-testResources) @ rick-tests ---
[WARNING] Using platform encoding (UTF-8 actually) to copy filtered resources, i.e. build is platform dependent!
[INFO] Copying 119 resources
[INFO] 
[INFO] --- maven-compiler-plugin:3.1:testCompile (default-testCompile) @ rick-tests ---
[INFO] Changes detected - recompiling the module!
[WARNING] File encoding has not been set, using platform encoding UTF-8, i.e. build is platform dependent!
[INFO] Compiling 26 source files to /home/dee/dev/rick-major-review/rick-tests/target/test-classes
[WARNING] /home/dee/dev/rick-major-review/rick-tests/src/test/java/org/gephi/importer/impl/TestImportContainerImplRickGenNodeExists.java: Some input files use unchecked or unsafe operations.
[WARNING] /home/dee/dev/rick-major-review/rick-tests/src/test/java/org/gephi/importer/impl/TestImportContainerImplRickGenNodeExists.java: Recompile with -Xlint:unchecked for details.
[INFO] 
[INFO] --- maven-surefire-plugin:2.22.2:test (default-test) @ rick-tests ---
[INFO] 
[INFO] -------------------------------------------------------
[INFO]  T E S T S
[INFO] -------------------------------------------------------
[INFO] Running org.gephi.datalab.impl.TestAttributeColumnsControllerImplRickGenCanConvertColumnToDynamic
[INFO] Tests run: 3, Failures: 0, Errors: 0, Skipped: 0, Time elapsed: 5.883 s - in org.gephi.datalab.impl.TestAttributeColumnsControllerImplRickGenCanConvertColumnToDynamic
[INFO] 
[INFO] Results:
[INFO] 
[INFO] Tests run: 3, Failures: 0, Errors: 0, Skipped: 0
[INFO] 
[INFO] ------------------------------------------------------------------------
[INFO] BUILD SUCCESS
[INFO] ------------------------------------------------------------------------
[INFO] Total time:  26.484 s
[INFO] Finished at: 2023-06-11T17:14:05+02:00
[INFO] ------------------------------------------------------------------------

Security framework of XStream not initialized, XStream is probably vulnerable.

---------------------------------------------------
[LOG] Cleaned targets with ['mvn', 'clean']
[INFO] Scanning for projects...
[INFO] 
[INFO] ------------------------< org.gephi:rick-tests >------------------------
[INFO] Building rick-tests 1.0-SNAPSHOT
[INFO] --------------------------------[ jar ]---------------------------------
[INFO] 
[INFO] --- maven-clean-plugin:2.5:clean (default-clean) @ rick-tests ---
[INFO] Deleting /home/dee/dev/rick-major-review/rick-tests/target
[INFO] ------------------------------------------------------------------------
[INFO] BUILD SUCCESS
[INFO] ------------------------------------------------------------------------
[INFO] Total time:  1.014 s
[INFO] Finished at: 2023-06-11T17:14:11+02:00
[INFO] ------------------------------------------------------------------------


---------------------------------------------------
[LOG] In experiment directory /home/dee/dev/rick-experiments/mutation-analysis
---------------------------------------------------
[LOG] Restoring original RICK test from ./AttributeColumnsControllerImpl.java/original-test.java
[LOG] Invoking cp ./AttributeColumnsControllerImpl.java/original-test.java /home/dee/dev/rick-major-review/rick-tests/src/test/java/org/gephi/datalab/impl/TestAttributeColumnsControllerImplRickGenCanConvertColumnToDynamic.java
---------------------------------------------------
[PO] Evaluating only PO
[LOG] Replacing original RICK test with variant po
[LOG] Invoking cp /home/dee/dev/rick-experiments/mutation-analysis/output/AttributeColumnsControllerImpl_canConvertColumnToDynamic_Column/test-po.java /home/dee/dev/rick-major-review/rick-tests/src/test/java/org/gephi/datalab/impl/TestAttributeColumnsControllerImplRickGenCanConvertColumnToDynamic.java
[LOG] In test module directory /home/dee/dev/rick-major-review/rick-tests
[LOG] Invoked tests with ['mvn', 'test', '-Dtest=TestAttributeColumnsControllerImplRickGenCanConvertColumnToDynamic']
[INFO] Scanning for projects...
[INFO] 
[INFO] ------------------------< org.gephi:rick-tests >------------------------
[INFO] Building rick-tests 1.0-SNAPSHOT
[INFO] --------------------------------[ jar ]---------------------------------
[INFO] 
[INFO] --- maven-resources-plugin:2.6:resources (default-resources) @ rick-tests ---
[WARNING] Using platform encoding (UTF-8 actually) to copy filtered resources, i.e. build is platform dependent!
[INFO] Copying 0 resource
[INFO] 
[INFO] --- maven-compiler-plugin:3.1:compile (default-compile) @ rick-tests ---
[INFO] Nothing to compile - all classes are up to date
[INFO] 
[INFO] --- maven-resources-plugin:2.6:testResources (default-testResources) @ rick-tests ---
[WARNING] Using platform encoding (UTF-8 actually) to copy filtered resources, i.e. build is platform dependent!
[INFO] Copying 119 resources
[INFO] 
[INFO] --- maven-compiler-plugin:3.1:testCompile (default-testCompile) @ rick-tests ---
[INFO] Changes detected - recompiling the module!
[WARNING] File encoding has not been set, using platform encoding UTF-8, i.e. build is platform dependent!
[INFO] Compiling 26 source files to /home/dee/dev/rick-major-review/rick-tests/target/test-classes
[WARNING] /home/dee/dev/rick-major-review/rick-tests/src/test/java/org/gephi/importer/impl/TestImportContainerImplRickGenNodeExists.java: Some input files use unchecked or unsafe operations.
[WARNING] /home/dee/dev/rick-major-review/rick-tests/src/test/java/org/gephi/importer/impl/TestImportContainerImplRickGenNodeExists.java: Recompile with -Xlint:unchecked for details.
[INFO] 
[INFO] --- maven-surefire-plugin:2.22.2:test (default-test) @ rick-tests ---
[INFO] 
[INFO] -------------------------------------------------------
[INFO]  T E S T S
[INFO] -------------------------------------------------------
[INFO] Running org.gephi.datalab.impl.TestAttributeColumnsControllerImplRickGenCanConvertColumnToDynamic
[INFO] Tests run: 3, Failures: 0, Errors: 0, Skipped: 0, Time elapsed: 4.854 s - in org.gephi.datalab.impl.TestAttributeColumnsControllerImplRickGenCanConvertColumnToDynamic
[INFO] 
[INFO] Results:
[INFO] 
[INFO] Tests run: 3, Failures: 0, Errors: 0, Skipped: 0
[INFO] 
[INFO] ------------------------------------------------------------------------
[INFO] BUILD SUCCESS
[INFO] ------------------------------------------------------------------------
[INFO] Total time:  22.965 s
[INFO] Finished at: 2023-06-11T17:14:38+02:00
[INFO] ------------------------------------------------------------------------

Security framework of XStream not initialized, XStream is probably vulnerable.

---------------------------------------------------
[LOG] Cleaned targets with ['mvn', 'clean']
[INFO] Scanning for projects...
[INFO] 
[INFO] ------------------------< org.gephi:rick-tests >------------------------
[INFO] Building rick-tests 1.0-SNAPSHOT
[INFO] --------------------------------[ jar ]---------------------------------
[INFO] 
[INFO] --- maven-clean-plugin:2.5:clean (default-clean) @ rick-tests ---
[INFO] Deleting /home/dee/dev/rick-major-review/rick-tests/target
[INFO] ------------------------------------------------------------------------
[INFO] BUILD SUCCESS
[INFO] ------------------------------------------------------------------------
[INFO] Total time:  1.122 s
[INFO] Finished at: 2023-06-11T17:14:43+02:00
[INFO] ------------------------------------------------------------------------


---------------------------------------------------
[LOG] In experiment directory /home/dee/dev/rick-experiments/mutation-analysis
---------------------------------------------------
[LOG] Restoring original RICK test from ./AttributeColumnsControllerImpl.java/original-test.java
[LOG] Invoking cp ./AttributeColumnsControllerImpl.java/original-test.java /home/dee/dev/rick-major-review/rick-tests/src/test/java/org/gephi/datalab/impl/TestAttributeColumnsControllerImplRickGenCanConvertColumnToDynamic.java
---------------------------------------------------
[CO] Evaluating only CO
[LOG] Replacing original RICK test with variant co
[LOG] Invoking cp /home/dee/dev/rick-experiments/mutation-analysis/output/AttributeColumnsControllerImpl_canConvertColumnToDynamic_Column/test-co.java /home/dee/dev/rick-major-review/rick-tests/src/test/java/org/gephi/datalab/impl/TestAttributeColumnsControllerImplRickGenCanConvertColumnToDynamic.java
[LOG] In test module directory /home/dee/dev/rick-major-review/rick-tests
[LOG] Invoked tests with ['mvn', 'test', '-Dtest=TestAttributeColumnsControllerImplRickGenCanConvertColumnToDynamic']
[INFO] Scanning for projects...
[INFO] 
[INFO] ------------------------< org.gephi:rick-tests >------------------------
[INFO] Building rick-tests 1.0-SNAPSHOT
[INFO] --------------------------------[ jar ]---------------------------------
[INFO] 
[INFO] --- maven-resources-plugin:2.6:resources (default-resources) @ rick-tests ---
[WARNING] Using platform encoding (UTF-8 actually) to copy filtered resources, i.e. build is platform dependent!
[INFO] Copying 0 resource
[INFO] 
[INFO] --- maven-compiler-plugin:3.1:compile (default-compile) @ rick-tests ---
[INFO] Nothing to compile - all classes are up to date
[INFO] 
[INFO] --- maven-resources-plugin:2.6:testResources (default-testResources) @ rick-tests ---
[WARNING] Using platform encoding (UTF-8 actually) to copy filtered resources, i.e. build is platform dependent!
[INFO] Copying 119 resources
[INFO] 
[INFO] --- maven-compiler-plugin:3.1:testCompile (default-testCompile) @ rick-tests ---
[INFO] Changes detected - recompiling the module!
[WARNING] File encoding has not been set, using platform encoding UTF-8, i.e. build is platform dependent!
[INFO] Compiling 26 source files to /home/dee/dev/rick-major-review/rick-tests/target/test-classes
[WARNING] /home/dee/dev/rick-major-review/rick-tests/src/test/java/org/gephi/importer/impl/TestImportContainerImplRickGenNodeExists.java: Some input files use unchecked or unsafe operations.
[WARNING] /home/dee/dev/rick-major-review/rick-tests/src/test/java/org/gephi/importer/impl/TestImportContainerImplRickGenNodeExists.java: Recompile with -Xlint:unchecked for details.
[INFO] 
[INFO] --- maven-surefire-plugin:2.22.2:test (default-test) @ rick-tests ---
[INFO] 
[INFO] -------------------------------------------------------
[INFO]  T E S T S
[INFO] -------------------------------------------------------
[INFO] Running org.gephi.datalab.impl.TestAttributeColumnsControllerImplRickGenCanConvertColumnToDynamic
[INFO] Tests run: 3, Failures: 0, Errors: 0, Skipped: 0, Time elapsed: 4.731 s - in org.gephi.datalab.impl.TestAttributeColumnsControllerImplRickGenCanConvertColumnToDynamic
[INFO] 
[INFO] Results:
[INFO] 
[INFO] Tests run: 3, Failures: 0, Errors: 0, Skipped: 0
[INFO] 
[INFO] ------------------------------------------------------------------------
[INFO] BUILD SUCCESS
[INFO] ------------------------------------------------------------------------
[INFO] Total time:  22.158 s
[INFO] Finished at: 2023-06-11T17:15:09+02:00
[INFO] ------------------------------------------------------------------------

Security framework of XStream not initialized, XStream is probably vulnerable.

---------------------------------------------------
[LOG] Cleaned targets with ['mvn', 'clean']
[INFO] Scanning for projects...
[INFO] 
[INFO] ------------------------< org.gephi:rick-tests >------------------------
[INFO] Building rick-tests 1.0-SNAPSHOT
[INFO] --------------------------------[ jar ]---------------------------------
[INFO] 
[INFO] --- maven-clean-plugin:2.5:clean (default-clean) @ rick-tests ---
[INFO] Deleting /home/dee/dev/rick-major-review/rick-tests/target
[INFO] ------------------------------------------------------------------------
[INFO] BUILD SUCCESS
[INFO] ------------------------------------------------------------------------
[INFO] Total time:  0.996 s
[INFO] Finished at: 2023-06-11T17:15:15+02:00
[INFO] ------------------------------------------------------------------------


---------------------------------------------------
[LOG] In experiment directory /home/dee/dev/rick-experiments/mutation-analysis
---------------------------------------------------
[LOG] Restoring original RICK test from ./AttributeColumnsControllerImpl.java/original-test.java
[LOG] Invoking cp ./AttributeColumnsControllerImpl.java/original-test.java /home/dee/dev/rick-major-review/rick-tests/src/test/java/org/gephi/datalab/impl/TestAttributeColumnsControllerImplRickGenCanConvertColumnToDynamic.java
---------------------------------------------------
[ALL] Evaluating (OO +) PO + CO
[LOG] Restoring original RICK test from ./AttributeColumnsControllerImpl.java/original-test.java
[LOG] Invoking cp ./AttributeColumnsControllerImpl.java/original-test.java /home/dee/dev/rick-major-review/rick-tests/src/test/java/org/gephi/datalab/impl/TestAttributeColumnsControllerImplRickGenCanConvertColumnToDynamic.java
[LOG] In test module directory /home/dee/dev/rick-major-review/rick-tests
[LOG] Invoked tests with ['mvn', 'test', '-Dtest=TestAttributeColumnsControllerImplRickGenCanConvertColumnToDynamic']
[INFO] Scanning for projects...
[INFO] 
[INFO] ------------------------< org.gephi:rick-tests >------------------------
[INFO] Building rick-tests 1.0-SNAPSHOT
[INFO] --------------------------------[ jar ]---------------------------------
[INFO] 
[INFO] --- maven-resources-plugin:2.6:resources (default-resources) @ rick-tests ---
[WARNING] Using platform encoding (UTF-8 actually) to copy filtered resources, i.e. build is platform dependent!
[INFO] Copying 0 resource
[INFO] 
[INFO] --- maven-compiler-plugin:3.1:compile (default-compile) @ rick-tests ---
[INFO] Nothing to compile - all classes are up to date
[INFO] 
[INFO] --- maven-resources-plugin:2.6:testResources (default-testResources) @ rick-tests ---
[WARNING] Using platform encoding (UTF-8 actually) to copy filtered resources, i.e. build is platform dependent!
[INFO] Copying 119 resources
[INFO] 
[INFO] --- maven-compiler-plugin:3.1:testCompile (default-testCompile) @ rick-tests ---
[INFO] Changes detected - recompiling the module!
[WARNING] File encoding has not been set, using platform encoding UTF-8, i.e. build is platform dependent!
[INFO] Compiling 26 source files to /home/dee/dev/rick-major-review/rick-tests/target/test-classes
[WARNING] /home/dee/dev/rick-major-review/rick-tests/src/test/java/org/gephi/importer/impl/TestImportContainerImplRickGenNodeExists.java: Some input files use unchecked or unsafe operations.
[WARNING] /home/dee/dev/rick-major-review/rick-tests/src/test/java/org/gephi/importer/impl/TestImportContainerImplRickGenNodeExists.java: Recompile with -Xlint:unchecked for details.
[INFO] 
[INFO] --- maven-surefire-plugin:2.22.2:test (default-test) @ rick-tests ---
[INFO] 
[INFO] -------------------------------------------------------
[INFO]  T E S T S
[INFO] -------------------------------------------------------
[INFO] Running org.gephi.datalab.impl.TestAttributeColumnsControllerImplRickGenCanConvertColumnToDynamic
[INFO] Tests run: 3, Failures: 0, Errors: 0, Skipped: 0, Time elapsed: 5.318 s - in org.gephi.datalab.impl.TestAttributeColumnsControllerImplRickGenCanConvertColumnToDynamic
[INFO] 
[INFO] Results:
[INFO] 
[INFO] Tests run: 3, Failures: 0, Errors: 0, Skipped: 0
[INFO] 
[INFO] ------------------------------------------------------------------------
[INFO] BUILD SUCCESS
[INFO] ------------------------------------------------------------------------
[INFO] Total time:  24.083 s
[INFO] Finished at: 2023-06-11T17:15:43+02:00
[INFO] ------------------------------------------------------------------------

Security framework of XStream not initialized, XStream is probably vulnerable.

---------------------------------------------------
[LOG] Cleaned targets with ['mvn', 'clean']
[INFO] Scanning for projects...
[INFO] 
[INFO] ------------------------< org.gephi:rick-tests >------------------------
[INFO] Building rick-tests 1.0-SNAPSHOT
[INFO] --------------------------------[ jar ]---------------------------------
[INFO] 
[INFO] --- maven-clean-plugin:2.5:clean (default-clean) @ rick-tests ---
[INFO] Deleting /home/dee/dev/rick-major-review/rick-tests/target
[INFO] ------------------------------------------------------------------------
[INFO] BUILD SUCCESS
[INFO] ------------------------------------------------------------------------
[INFO] Total time:  1.048 s
[INFO] Finished at: 2023-06-11T17:15:48+02:00
[INFO] ------------------------------------------------------------------------


---------------------------------------------------
[LOG] In experiment directory /home/dee/dev/rick-experiments/mutation-analysis
---------------------------------------------------
---------------------------------------------------
[LOG] Resetting AttributeColumnsControllerImpl.java to original
[LOG] Invoking cp ./AttributeColumnsControllerImpl.java/original.java /home/dee/dev/rick-major-review/gephi/modules/DataLaboratoryAPI/src/main/java/org/gephi/datalab/impl/AttributeColumnsControllerImpl.java
---------------------------------------------------
[LOG] Replacing originalAttributeColumnsControllerImpl.java with ./AttributeColumnsControllerImpl.java/39.java
[LOG] Invoking cp ./AttributeColumnsControllerImpl.java/39.java /home/dee/dev/rick-major-review/gephi/modules/DataLaboratoryAPI/src/main/java/org/gephi/datalab/impl/AttributeColumnsControllerImpl.java
[LOG] Invoked a clean install of the parent module with ['mvn', 'clean', 'install', '-DskipTests']
[INFO] Scanning for projects...
[INFO] 
[INFO] -----------------------< org.gephi:datalab-api >------------------------
[INFO] Building DataLaboratoryAPI 0.9.6
[INFO] --------------------------------[ nbm ]---------------------------------
[INFO] 
[INFO] --- maven-clean-plugin:3.1.0:clean (default-clean) @ datalab-api ---
[INFO] Deleting /home/dee/dev/rick-major-review/gephi/modules/DataLaboratoryAPI/target
[INFO] 
[INFO] --- build-helper-maven-plugin:3.3.0:parse-version (parse-version) @ datalab-api ---
[INFO] 
[INFO] --- maven-checkstyle-plugin:3.1.2:check (validate) @ datalab-api ---
[INFO] 
[INFO] --- maven-resources-plugin:3.2.0:copy-resources (generate-modules-xml) @ datalab-api ---
[INFO] Using 'UTF-8' encoding to copy filtered resources.
[INFO] Using 'UTF-8' encoding to copy filtered properties files.
[INFO] Copying 1 resource
[INFO] 
[INFO] --- maven-resources-plugin:3.2.0:resources (default-resources) @ datalab-api ---
[INFO] Using 'UTF-8' encoding to copy filtered resources.
[INFO] Using 'UTF-8' encoding to copy filtered properties files.
[INFO] Copying 34 resources
[INFO] 
[INFO] --- maven-compiler-plugin:3.10.0:compile (default-compile) @ datalab-api ---
[INFO] Changes detected - recompiling the module!
[INFO] Compiling 32 source files to /home/dee/dev/rick-major-review/gephi/modules/DataLaboratoryAPI/target/classes
[WARNING] No processor claimed any of these annotations: java.base/java.lang.Override
[WARNING] /home/dee/dev/rick-major-review/gephi/modules/DataLaboratoryAPI/src/main/java/org/gephi/datalab/api/AttributeColumnsController.java:[92,57] [rawtypes] found raw type: Class
  missing type arguments for generic class Class<T>
  where T is a type-variable:
    T extends Object declared in class Class
[WARNING] /home/dee/dev/rick-major-review/gephi/modules/DataLaboratoryAPI/src/main/java/org/gephi/datalab/api/AttributeColumnsController.java:[108,69] [rawtypes] found raw type: Class
  missing type arguments for generic class Class<T>
  where T is a type-variable:
    T extends Object declared in class Class
[WARNING] /home/dee/dev/rick-major-review/gephi/modules/DataLaboratoryAPI/src/main/java/org/gephi/datalab/impl/AttributeColumnsControllerImpl.java:[103,8] [rawtypes] found raw type: Class
  missing type arguments for generic class Class<T>
  where T is a type-variable:
    T extends Object declared in class Class
[WARNING] /home/dee/dev/rick-major-review/gephi/modules/DataLaboratoryAPI/src/main/java/org/gephi/datalab/impl/AttributeColumnsControllerImpl.java:[135,64] [rawtypes] found raw type: Class
  missing type arguments for generic class Class<T>
  where T is a type-variable:
    T extends Object declared in class Class
[WARNING] /home/dee/dev/rick-major-review/gephi/modules/DataLaboratoryAPI/src/main/java/org/gephi/datalab/impl/AttributeColumnsControllerImpl.java:[164,8] [rawtypes] found raw type: Class
  missing type arguments for generic class Class<T>
  where T is a type-variable:
    T extends Object declared in class Class
[WARNING] /home/dee/dev/rick-major-review/gephi/modules/DataLaboratoryAPI/src/main/java/org/gephi/datalab/impl/AttributeColumnsControllerImpl.java:[216,76] [rawtypes] found raw type: Class
  missing type arguments for generic class Class<T>
  where T is a type-variable:
    T extends Object declared in class Class
[WARNING] /home/dee/dev/rick-major-review/gephi/modules/DataLaboratoryAPI/src/main/java/org/gephi/datalab/impl/AttributeColumnsControllerImpl.java:[231,8] [rawtypes] found raw type: Class
  missing type arguments for generic class Class<T>
  where T is a type-variable:
    T extends Object declared in class Class
[WARNING] /home/dee/dev/rick-major-review/gephi/modules/DataLaboratoryAPI/src/main/java/org/gephi/datalab/impl/AttributeColumnsControllerImpl.java:[562,8] [rawtypes] found raw type: Class
  missing type arguments for generic class Class<T>
  where T is a type-variable:
    T extends Object declared in class Class
[WARNING] /home/dee/dev/rick-major-review/gephi/modules/DataLaboratoryAPI/src/main/java/org/gephi/datalab/impl/AttributeColumnsControllerImpl.java:[599,12] [rawtypes] found raw type: Class
  missing type arguments for generic class Class<T>
  where T is a type-variable:
    T extends Object declared in class Class
[WARNING] /home/dee/dev/rick-major-review/gephi/modules/DataLaboratoryAPI/src/main/java/org/gephi/datalab/impl/AttributeColumnsControllerImpl.java:[833,8] [rawtypes] found raw type: Class
  missing type arguments for generic class Class<T>
  where T is a type-variable:
    T extends Object declared in class Class
[WARNING] /home/dee/dev/rick-major-review/gephi/modules/DataLaboratoryAPI/src/main/java/org/gephi/datalab/impl/AttributeColumnsControllerImpl.java:[839,12] [rawtypes] found raw type: TimestampMap
  missing type arguments for generic class TimestampMap<T>
  where T is a type-variable:
    T extends Object declared in class TimestampMap
[WARNING] /home/dee/dev/rick-major-review/gephi/modules/DataLaboratoryAPI/src/main/java/org/gephi/datalab/impl/AttributeColumnsControllerImpl.java:[846,12] [rawtypes] found raw type: IntervalMap
  missing type arguments for generic class IntervalMap<T>
  where T is a type-variable:
    T extends Object declared in class IntervalMap
[WARNING] /home/dee/dev/rick-major-review/gephi/modules/DataLaboratoryAPI/src/main/java/org/gephi/datalab/impl/AttributeColumnsMergeStrategiesControllerImpl.java:[75,79] [rawtypes] found raw type: Class
  missing type arguments for generic class Class<T>
  where T is a type-variable:
    T extends Object declared in class Class
[WARNING] /home/dee/dev/rick-major-review/gephi/modules/DataLaboratoryAPI/src/main/java/org/gephi/datalab/api/AttributeColumnsMergeStrategiesController.java:[68,72] [rawtypes] found raw type: Class
  missing type arguments for generic class Class<T>
  where T is a type-variable:
    T extends Object declared in class Class
[INFO] 
[INFO] --- nbm-maven-plugin:4.6:manifest (default-manifest) @ datalab-api ---
[INFO] NBM Plugin generates manifest
[INFO] 
[INFO] --- maven-resources-plugin:3.2.0:testResources (default-testResources) @ datalab-api ---
[INFO] Using 'UTF-8' encoding to copy filtered resources.
[INFO] Using 'UTF-8' encoding to copy filtered properties files.
[INFO] skip non existing resourceDirectory /home/dee/dev/rick-major-review/gephi/modules/DataLaboratoryAPI/src/test/resources
[INFO] 
[INFO] --- maven-compiler-plugin:3.10.0:testCompile (default-testCompile) @ datalab-api ---
[INFO] No sources to compile
[INFO] 
[INFO] --- maven-surefire-plugin:2.22.2:test (default-test) @ datalab-api ---
[INFO] Tests are skipped.
[INFO] 
[INFO] --- maven-jar-plugin:3.2.2:jar (default-jar) @ datalab-api ---
[INFO] Building jar: /home/dee/dev/rick-major-review/gephi/modules/DataLaboratoryAPI/target/datalab-api-0.9.6.jar
[INFO] 
[INFO] --- nbm-maven-plugin:4.6:nbm (default-nbm) @ datalab-api ---
[INFO] Copying module JAR to /home/dee/dev/rick-major-review/gephi/modules/DataLaboratoryAPI/target/nbm/clusters/gephi/modules
[INFO] Generating Auto Update information for org.gephi.datalab.api
[WARNING] No updater.jar specified, cannot validate Info.xml against DTD
[INFO] Building jar: /home/dee/dev/rick-major-review/gephi/modules/DataLaboratoryAPI/target/nbm/datalab-api-0.9.6.nbm
[INFO] 
[INFO] --- maven-install-plugin:2.5.2:install (default-install) @ datalab-api ---
[INFO] Installing /home/dee/dev/rick-major-review/gephi/modules/DataLaboratoryAPI/target/datalab-api-0.9.6.jar to /home/dee/.m2/repository/org/gephi/datalab-api/0.9.6/datalab-api-0.9.6.jar
[INFO] Installing /home/dee/dev/rick-major-review/gephi/modules/DataLaboratoryAPI/pom.xml to /home/dee/.m2/repository/org/gephi/datalab-api/0.9.6/datalab-api-0.9.6.pom
[INFO] Installing /home/dee/dev/rick-major-review/gephi/modules/DataLaboratoryAPI/target/datalab-api-0.9.6.nbm to /home/dee/.m2/repository/org/gephi/datalab-api/0.9.6/datalab-api-0.9.6.nbm
[INFO] ------------------------------------------------------------------------
[INFO] BUILD SUCCESS
[INFO] ------------------------------------------------------------------------
[INFO] Total time:  22.821 s
[INFO] Finished at: 2023-06-11T17:16:16+02:00
[INFO] ------------------------------------------------------------------------


---------------------------------------------------
[BASELINE] Not evaluating any oracle
[LOG] Replacing original RICK test with variant baseline
[LOG] Invoking cp /home/dee/dev/rick-experiments/mutation-analysis/output/AttributeColumnsControllerImpl_canConvertColumnToDynamic_Column/test-baseline.java /home/dee/dev/rick-major-review/rick-tests/src/test/java/org/gephi/datalab/impl/TestAttributeColumnsControllerImplRickGenCanConvertColumnToDynamic.java
[LOG] In test module directory /home/dee/dev/rick-major-review/rick-tests
[LOG] Invoked tests with ['mvn', 'test', '-Dtest=TestAttributeColumnsControllerImplRickGenCanConvertColumnToDynamic']
[INFO] Scanning for projects...
[INFO] 
[INFO] ------------------------< org.gephi:rick-tests >------------------------
[INFO] Building rick-tests 1.0-SNAPSHOT
[INFO] --------------------------------[ jar ]---------------------------------
[INFO] 
[INFO] --- maven-resources-plugin:2.6:resources (default-resources) @ rick-tests ---
[WARNING] Using platform encoding (UTF-8 actually) to copy filtered resources, i.e. build is platform dependent!
[INFO] Copying 0 resource
[INFO] 
[INFO] --- maven-compiler-plugin:3.1:compile (default-compile) @ rick-tests ---
[INFO] Nothing to compile - all classes are up to date
[INFO] 
[INFO] --- maven-resources-plugin:2.6:testResources (default-testResources) @ rick-tests ---
[WARNING] Using platform encoding (UTF-8 actually) to copy filtered resources, i.e. build is platform dependent!
[INFO] Copying 119 resources
[INFO] 
[INFO] --- maven-compiler-plugin:3.1:testCompile (default-testCompile) @ rick-tests ---
[INFO] Changes detected - recompiling the module!
[WARNING] File encoding has not been set, using platform encoding UTF-8, i.e. build is platform dependent!
[INFO] Compiling 26 source files to /home/dee/dev/rick-major-review/rick-tests/target/test-classes
[WARNING] /home/dee/dev/rick-major-review/rick-tests/src/test/java/org/gephi/importer/impl/TestImportContainerImplRickGenNodeExists.java: Some input files use unchecked or unsafe operations.
[WARNING] /home/dee/dev/rick-major-review/rick-tests/src/test/java/org/gephi/importer/impl/TestImportContainerImplRickGenNodeExists.java: Recompile with -Xlint:unchecked for details.
[INFO] 
[INFO] --- maven-surefire-plugin:2.22.2:test (default-test) @ rick-tests ---
[INFO] 
[INFO] -------------------------------------------------------
[INFO]  T E S T S
[INFO] -------------------------------------------------------
[INFO] Running org.gephi.datalab.impl.TestAttributeColumnsControllerImplRickGenCanConvertColumnToDynamic
[ERROR] Tests run: 3, Failures: 0, Errors: 3, Skipped: 0, Time elapsed: 5.449 s <<< FAILURE! - in org.gephi.datalab.impl.TestAttributeColumnsControllerImplRickGenCanConvertColumnToDynamic
[ERROR] test_canConvertColumnToDynamic_OO_e4997630d1334c0f868c228ee62fdd8f  Time elapsed: 4.518 s  <<< ERROR!
java.lang.NullPointerException
	at org.gephi.datalab.impl.TestAttributeColumnsControllerImplRickGenCanConvertColumnToDynamic.test_canConvertColumnToDynamic_OO_e4997630d1334c0f868c228ee62fdd8f(TestAttributeColumnsControllerImplRickGenCanConvertColumnToDynamic.java:39)

[ERROR] test_canConvertColumnToDynamic_CO_e4997630d1334c0f868c228ee62fdd8f  Time elapsed: 0.016 s  <<< ERROR!
java.lang.NullPointerException
	at org.gephi.datalab.impl.TestAttributeColumnsControllerImplRickGenCanConvertColumnToDynamic.test_canConvertColumnToDynamic_CO_e4997630d1334c0f868c228ee62fdd8f(TestAttributeColumnsControllerImplRickGenCanConvertColumnToDynamic.java:69)

[ERROR] test_canConvertColumnToDynamic_PO_e4997630d1334c0f868c228ee62fdd8f  Time elapsed: 0.013 s  <<< ERROR!
java.lang.NullPointerException
	at org.gephi.datalab.impl.TestAttributeColumnsControllerImplRickGenCanConvertColumnToDynamic.test_canConvertColumnToDynamic_PO_e4997630d1334c0f868c228ee62fdd8f(TestAttributeColumnsControllerImplRickGenCanConvertColumnToDynamic.java:54)

[INFO] 
[INFO] Results:
[INFO] 
[ERROR] Errors: 
[ERROR]   TestAttributeColumnsControllerImplRickGenCanConvertColumnToDynamic.test_canConvertColumnToDynamic_CO_e4997630d1334c0f868c228ee62fdd8f:69  NullPointer
[ERROR]   TestAttributeColumnsControllerImplRickGenCanConvertColumnToDynamic.test_canConvertColumnToDynamic_OO_e4997630d1334c0f868c228ee62fdd8f:39  NullPointer
[ERROR]   TestAttributeColumnsControllerImplRickGenCanConvertColumnToDynamic.test_canConvertColumnToDynamic_PO_e4997630d1334c0f868c228ee62fdd8f:54  NullPointer
[INFO] 
[ERROR] Tests run: 3, Failures: 0, Errors: 3, Skipped: 0
[INFO] 
[INFO] ------------------------------------------------------------------------
[INFO] BUILD FAILURE
[INFO] ------------------------------------------------------------------------
[INFO] Total time:  24.971 s
[INFO] Finished at: 2023-06-11T17:16:45+02:00
[INFO] ------------------------------------------------------------------------
[ERROR] Failed to execute goal org.apache.maven.plugins:maven-surefire-plugin:2.22.2:test (default-test) on project rick-tests: There are test failures.
[ERROR] 
[ERROR] Please refer to /home/dee/dev/rick-major-review/rick-tests/target/surefire-reports for the individual test results.
[ERROR] Please refer to dump files (if any exist) [date].dump, [date]-jvmRun[N].dump and [date].dumpstream.
[ERROR] -> [Help 1]
[ERROR] 
[ERROR] To see the full stack trace of the errors, re-run Maven with the -e switch.
[ERROR] Re-run Maven using the -X switch to enable full debug logging.
[ERROR] 
[ERROR] For more information about the errors and possible solutions, please read the following articles:
[ERROR] [Help 1] http://cwiki.apache.org/confluence/display/MAVEN/MojoFailureException

Security framework of XStream not initialized, XStream is probably vulnerable.

---------------------------------------------------
[LOG] Cleaned targets with ['mvn', 'clean']
[INFO] Scanning for projects...
[INFO] 
[INFO] ------------------------< org.gephi:rick-tests >------------------------
[INFO] Building rick-tests 1.0-SNAPSHOT
[INFO] --------------------------------[ jar ]---------------------------------
[INFO] 
[INFO] --- maven-clean-plugin:2.5:clean (default-clean) @ rick-tests ---
[INFO] Deleting /home/dee/dev/rick-major-review/rick-tests/target
[INFO] ------------------------------------------------------------------------
[INFO] BUILD SUCCESS
[INFO] ------------------------------------------------------------------------
[INFO] Total time:  1.164 s
[INFO] Finished at: 2023-06-11T17:16:51+02:00
[INFO] ------------------------------------------------------------------------


---------------------------------------------------
[LOG] In experiment directory /home/dee/dev/rick-experiments/mutation-analysis
---------------------------------------------------
[LOG] Restoring original RICK test from ./AttributeColumnsControllerImpl.java/original-test.java
[LOG] Invoking cp ./AttributeColumnsControllerImpl.java/original-test.java /home/dee/dev/rick-major-review/rick-tests/src/test/java/org/gephi/datalab/impl/TestAttributeColumnsControllerImplRickGenCanConvertColumnToDynamic.java
---------------------------------------------------
[OO] Evaluating only OO
[LOG] Replacing original RICK test with variant oo
[LOG] Invoking cp /home/dee/dev/rick-experiments/mutation-analysis/output/AttributeColumnsControllerImpl_canConvertColumnToDynamic_Column/test-oo.java /home/dee/dev/rick-major-review/rick-tests/src/test/java/org/gephi/datalab/impl/TestAttributeColumnsControllerImplRickGenCanConvertColumnToDynamic.java
[LOG] In test module directory /home/dee/dev/rick-major-review/rick-tests
[LOG] Invoked tests with ['mvn', 'test', '-Dtest=TestAttributeColumnsControllerImplRickGenCanConvertColumnToDynamic']
[INFO] Scanning for projects...
[INFO] 
[INFO] ------------------------< org.gephi:rick-tests >------------------------
[INFO] Building rick-tests 1.0-SNAPSHOT
[INFO] --------------------------------[ jar ]---------------------------------
[INFO] 
[INFO] --- maven-resources-plugin:2.6:resources (default-resources) @ rick-tests ---
[WARNING] Using platform encoding (UTF-8 actually) to copy filtered resources, i.e. build is platform dependent!
[INFO] Copying 0 resource
[INFO] 
[INFO] --- maven-compiler-plugin:3.1:compile (default-compile) @ rick-tests ---
[INFO] Nothing to compile - all classes are up to date
[INFO] 
[INFO] --- maven-resources-plugin:2.6:testResources (default-testResources) @ rick-tests ---
[WARNING] Using platform encoding (UTF-8 actually) to copy filtered resources, i.e. build is platform dependent!
[INFO] Copying 119 resources
[INFO] 
[INFO] --- maven-compiler-plugin:3.1:testCompile (default-testCompile) @ rick-tests ---
[INFO] Changes detected - recompiling the module!
[WARNING] File encoding has not been set, using platform encoding UTF-8, i.e. build is platform dependent!
[INFO] Compiling 26 source files to /home/dee/dev/rick-major-review/rick-tests/target/test-classes
[WARNING] /home/dee/dev/rick-major-review/rick-tests/src/test/java/org/gephi/importer/impl/TestImportContainerImplRickGenNodeExists.java: Some input files use unchecked or unsafe operations.
[WARNING] /home/dee/dev/rick-major-review/rick-tests/src/test/java/org/gephi/importer/impl/TestImportContainerImplRickGenNodeExists.java: Recompile with -Xlint:unchecked for details.
[INFO] 
[INFO] --- maven-surefire-plugin:2.22.2:test (default-test) @ rick-tests ---
[INFO] 
[INFO] -------------------------------------------------------
[INFO]  T E S T S
[INFO] -------------------------------------------------------
[INFO] Running org.gephi.datalab.impl.TestAttributeColumnsControllerImplRickGenCanConvertColumnToDynamic
[ERROR] Tests run: 3, Failures: 0, Errors: 3, Skipped: 0, Time elapsed: 5.732 s <<< FAILURE! - in org.gephi.datalab.impl.TestAttributeColumnsControllerImplRickGenCanConvertColumnToDynamic
[ERROR] test_canConvertColumnToDynamic_OO_e4997630d1334c0f868c228ee62fdd8f  Time elapsed: 4.836 s  <<< ERROR!
java.lang.NullPointerException
	at org.gephi.datalab.impl.TestAttributeColumnsControllerImplRickGenCanConvertColumnToDynamic.test_canConvertColumnToDynamic_OO_e4997630d1334c0f868c228ee62fdd8f(TestAttributeColumnsControllerImplRickGenCanConvertColumnToDynamic.java:39)

[ERROR] test_canConvertColumnToDynamic_CO_e4997630d1334c0f868c228ee62fdd8f  Time elapsed: 0.014 s  <<< ERROR!
java.lang.NullPointerException
	at org.gephi.datalab.impl.TestAttributeColumnsControllerImplRickGenCanConvertColumnToDynamic.test_canConvertColumnToDynamic_CO_e4997630d1334c0f868c228ee62fdd8f(TestAttributeColumnsControllerImplRickGenCanConvertColumnToDynamic.java:69)

[ERROR] test_canConvertColumnToDynamic_PO_e4997630d1334c0f868c228ee62fdd8f  Time elapsed: 0.016 s  <<< ERROR!
java.lang.NullPointerException
	at org.gephi.datalab.impl.TestAttributeColumnsControllerImplRickGenCanConvertColumnToDynamic.test_canConvertColumnToDynamic_PO_e4997630d1334c0f868c228ee62fdd8f(TestAttributeColumnsControllerImplRickGenCanConvertColumnToDynamic.java:54)

[INFO] 
[INFO] Results:
[INFO] 
[ERROR] Errors: 
[ERROR]   TestAttributeColumnsControllerImplRickGenCanConvertColumnToDynamic.test_canConvertColumnToDynamic_CO_e4997630d1334c0f868c228ee62fdd8f:69  NullPointer
[ERROR]   TestAttributeColumnsControllerImplRickGenCanConvertColumnToDynamic.test_canConvertColumnToDynamic_OO_e4997630d1334c0f868c228ee62fdd8f:39  NullPointer
[ERROR]   TestAttributeColumnsControllerImplRickGenCanConvertColumnToDynamic.test_canConvertColumnToDynamic_PO_e4997630d1334c0f868c228ee62fdd8f:54  NullPointer
[INFO] 
[ERROR] Tests run: 3, Failures: 0, Errors: 3, Skipped: 0
[INFO] 
[INFO] ------------------------------------------------------------------------
[INFO] BUILD FAILURE
[INFO] ------------------------------------------------------------------------
[INFO] Total time:  25.185 s
[INFO] Finished at: 2023-06-11T17:17:20+02:00
[INFO] ------------------------------------------------------------------------
[ERROR] Failed to execute goal org.apache.maven.plugins:maven-surefire-plugin:2.22.2:test (default-test) on project rick-tests: There are test failures.
[ERROR] 
[ERROR] Please refer to /home/dee/dev/rick-major-review/rick-tests/target/surefire-reports for the individual test results.
[ERROR] Please refer to dump files (if any exist) [date].dump, [date]-jvmRun[N].dump and [date].dumpstream.
[ERROR] -> [Help 1]
[ERROR] 
[ERROR] To see the full stack trace of the errors, re-run Maven with the -e switch.
[ERROR] Re-run Maven using the -X switch to enable full debug logging.
[ERROR] 
[ERROR] For more information about the errors and possible solutions, please read the following articles:
[ERROR] [Help 1] http://cwiki.apache.org/confluence/display/MAVEN/MojoFailureException

Security framework of XStream not initialized, XStream is probably vulnerable.

---------------------------------------------------
[LOG] Cleaned targets with ['mvn', 'clean']
[INFO] Scanning for projects...
[INFO] 
[INFO] ------------------------< org.gephi:rick-tests >------------------------
[INFO] Building rick-tests 1.0-SNAPSHOT
[INFO] --------------------------------[ jar ]---------------------------------
[INFO] 
[INFO] --- maven-clean-plugin:2.5:clean (default-clean) @ rick-tests ---
[INFO] Deleting /home/dee/dev/rick-major-review/rick-tests/target
[INFO] ------------------------------------------------------------------------
[INFO] BUILD SUCCESS
[INFO] ------------------------------------------------------------------------
[INFO] Total time:  0.952 s
[INFO] Finished at: 2023-06-11T17:17:26+02:00
[INFO] ------------------------------------------------------------------------


---------------------------------------------------
[LOG] In experiment directory /home/dee/dev/rick-experiments/mutation-analysis
---------------------------------------------------
[LOG] Restoring original RICK test from ./AttributeColumnsControllerImpl.java/original-test.java
[LOG] Invoking cp ./AttributeColumnsControllerImpl.java/original-test.java /home/dee/dev/rick-major-review/rick-tests/src/test/java/org/gephi/datalab/impl/TestAttributeColumnsControllerImplRickGenCanConvertColumnToDynamic.java
---------------------------------------------------
[PO] Evaluating only PO
[LOG] Replacing original RICK test with variant po
[LOG] Invoking cp /home/dee/dev/rick-experiments/mutation-analysis/output/AttributeColumnsControllerImpl_canConvertColumnToDynamic_Column/test-po.java /home/dee/dev/rick-major-review/rick-tests/src/test/java/org/gephi/datalab/impl/TestAttributeColumnsControllerImplRickGenCanConvertColumnToDynamic.java
[LOG] In test module directory /home/dee/dev/rick-major-review/rick-tests
[LOG] Invoked tests with ['mvn', 'test', '-Dtest=TestAttributeColumnsControllerImplRickGenCanConvertColumnToDynamic']
[INFO] Scanning for projects...
[INFO] 
[INFO] ------------------------< org.gephi:rick-tests >------------------------
[INFO] Building rick-tests 1.0-SNAPSHOT
[INFO] --------------------------------[ jar ]---------------------------------
[INFO] 
[INFO] --- maven-resources-plugin:2.6:resources (default-resources) @ rick-tests ---
[WARNING] Using platform encoding (UTF-8 actually) to copy filtered resources, i.e. build is platform dependent!
[INFO] Copying 0 resource
[INFO] 
[INFO] --- maven-compiler-plugin:3.1:compile (default-compile) @ rick-tests ---
[INFO] Nothing to compile - all classes are up to date
[INFO] 
[INFO] --- maven-resources-plugin:2.6:testResources (default-testResources) @ rick-tests ---
[WARNING] Using platform encoding (UTF-8 actually) to copy filtered resources, i.e. build is platform dependent!
[INFO] Copying 119 resources
[INFO] 
[INFO] --- maven-compiler-plugin:3.1:testCompile (default-testCompile) @ rick-tests ---
[INFO] Changes detected - recompiling the module!
[WARNING] File encoding has not been set, using platform encoding UTF-8, i.e. build is platform dependent!
[INFO] Compiling 26 source files to /home/dee/dev/rick-major-review/rick-tests/target/test-classes
[WARNING] /home/dee/dev/rick-major-review/rick-tests/src/test/java/org/gephi/importer/impl/TestImportContainerImplRickGenNodeExists.java: Some input files use unchecked or unsafe operations.
[WARNING] /home/dee/dev/rick-major-review/rick-tests/src/test/java/org/gephi/importer/impl/TestImportContainerImplRickGenNodeExists.java: Recompile with -Xlint:unchecked for details.
[INFO] 
[INFO] --- maven-surefire-plugin:2.22.2:test (default-test) @ rick-tests ---
[INFO] 
[INFO] -------------------------------------------------------
[INFO]  T E S T S
[INFO] -------------------------------------------------------
[INFO] Running org.gephi.datalab.impl.TestAttributeColumnsControllerImplRickGenCanConvertColumnToDynamic
[ERROR] Tests run: 3, Failures: 0, Errors: 3, Skipped: 0, Time elapsed: 5.381 s <<< FAILURE! - in org.gephi.datalab.impl.TestAttributeColumnsControllerImplRickGenCanConvertColumnToDynamic
[ERROR] test_canConvertColumnToDynamic_OO_e4997630d1334c0f868c228ee62fdd8f  Time elapsed: 4.335 s  <<< ERROR!
java.lang.NullPointerException
	at org.gephi.datalab.impl.TestAttributeColumnsControllerImplRickGenCanConvertColumnToDynamic.test_canConvertColumnToDynamic_OO_e4997630d1334c0f868c228ee62fdd8f(TestAttributeColumnsControllerImplRickGenCanConvertColumnToDynamic.java:39)

[ERROR] test_canConvertColumnToDynamic_CO_e4997630d1334c0f868c228ee62fdd8f  Time elapsed: 0.014 s  <<< ERROR!
java.lang.NullPointerException
	at org.gephi.datalab.impl.TestAttributeColumnsControllerImplRickGenCanConvertColumnToDynamic.test_canConvertColumnToDynamic_CO_e4997630d1334c0f868c228ee62fdd8f(TestAttributeColumnsControllerImplRickGenCanConvertColumnToDynamic.java:69)

[ERROR] test_canConvertColumnToDynamic_PO_e4997630d1334c0f868c228ee62fdd8f  Time elapsed: 0.017 s  <<< ERROR!
java.lang.NullPointerException
	at org.gephi.datalab.impl.TestAttributeColumnsControllerImplRickGenCanConvertColumnToDynamic.test_canConvertColumnToDynamic_PO_e4997630d1334c0f868c228ee62fdd8f(TestAttributeColumnsControllerImplRickGenCanConvertColumnToDynamic.java:54)

[INFO] 
[INFO] Results:
[INFO] 
[ERROR] Errors: 
[ERROR]   TestAttributeColumnsControllerImplRickGenCanConvertColumnToDynamic.test_canConvertColumnToDynamic_CO_e4997630d1334c0f868c228ee62fdd8f:69  NullPointer
[ERROR]   TestAttributeColumnsControllerImplRickGenCanConvertColumnToDynamic.test_canConvertColumnToDynamic_OO_e4997630d1334c0f868c228ee62fdd8f:39  NullPointer
[ERROR]   TestAttributeColumnsControllerImplRickGenCanConvertColumnToDynamic.test_canConvertColumnToDynamic_PO_e4997630d1334c0f868c228ee62fdd8f:54  NullPointer
[INFO] 
[ERROR] Tests run: 3, Failures: 0, Errors: 3, Skipped: 0
[INFO] 
[INFO] ------------------------------------------------------------------------
[INFO] BUILD FAILURE
[INFO] ------------------------------------------------------------------------
[INFO] Total time:  23.729 s
[INFO] Finished at: 2023-06-11T17:17:54+02:00
[INFO] ------------------------------------------------------------------------
[ERROR] Failed to execute goal org.apache.maven.plugins:maven-surefire-plugin:2.22.2:test (default-test) on project rick-tests: There are test failures.
[ERROR] 
[ERROR] Please refer to /home/dee/dev/rick-major-review/rick-tests/target/surefire-reports for the individual test results.
[ERROR] Please refer to dump files (if any exist) [date].dump, [date]-jvmRun[N].dump and [date].dumpstream.
[ERROR] -> [Help 1]
[ERROR] 
[ERROR] To see the full stack trace of the errors, re-run Maven with the -e switch.
[ERROR] Re-run Maven using the -X switch to enable full debug logging.
[ERROR] 
[ERROR] For more information about the errors and possible solutions, please read the following articles:
[ERROR] [Help 1] http://cwiki.apache.org/confluence/display/MAVEN/MojoFailureException

Security framework of XStream not initialized, XStream is probably vulnerable.

---------------------------------------------------
[LOG] Cleaned targets with ['mvn', 'clean']
[INFO] Scanning for projects...
[INFO] 
[INFO] ------------------------< org.gephi:rick-tests >------------------------
[INFO] Building rick-tests 1.0-SNAPSHOT
[INFO] --------------------------------[ jar ]---------------------------------
[INFO] 
[INFO] --- maven-clean-plugin:2.5:clean (default-clean) @ rick-tests ---
[INFO] Deleting /home/dee/dev/rick-major-review/rick-tests/target
[INFO] ------------------------------------------------------------------------
[INFO] BUILD SUCCESS
[INFO] ------------------------------------------------------------------------
[INFO] Total time:  1.156 s
[INFO] Finished at: 2023-06-11T17:17:59+02:00
[INFO] ------------------------------------------------------------------------


---------------------------------------------------
[LOG] In experiment directory /home/dee/dev/rick-experiments/mutation-analysis
---------------------------------------------------
[LOG] Restoring original RICK test from ./AttributeColumnsControllerImpl.java/original-test.java
[LOG] Invoking cp ./AttributeColumnsControllerImpl.java/original-test.java /home/dee/dev/rick-major-review/rick-tests/src/test/java/org/gephi/datalab/impl/TestAttributeColumnsControllerImplRickGenCanConvertColumnToDynamic.java
---------------------------------------------------
[CO] Evaluating only CO
[LOG] Replacing original RICK test with variant co
[LOG] Invoking cp /home/dee/dev/rick-experiments/mutation-analysis/output/AttributeColumnsControllerImpl_canConvertColumnToDynamic_Column/test-co.java /home/dee/dev/rick-major-review/rick-tests/src/test/java/org/gephi/datalab/impl/TestAttributeColumnsControllerImplRickGenCanConvertColumnToDynamic.java
[LOG] In test module directory /home/dee/dev/rick-major-review/rick-tests
[LOG] Invoked tests with ['mvn', 'test', '-Dtest=TestAttributeColumnsControllerImplRickGenCanConvertColumnToDynamic']
[INFO] Scanning for projects...
[INFO] 
[INFO] ------------------------< org.gephi:rick-tests >------------------------
[INFO] Building rick-tests 1.0-SNAPSHOT
[INFO] --------------------------------[ jar ]---------------------------------
[INFO] 
[INFO] --- maven-resources-plugin:2.6:resources (default-resources) @ rick-tests ---
[WARNING] Using platform encoding (UTF-8 actually) to copy filtered resources, i.e. build is platform dependent!
[INFO] Copying 0 resource
[INFO] 
[INFO] --- maven-compiler-plugin:3.1:compile (default-compile) @ rick-tests ---
[INFO] Nothing to compile - all classes are up to date
[INFO] 
[INFO] --- maven-resources-plugin:2.6:testResources (default-testResources) @ rick-tests ---
[WARNING] Using platform encoding (UTF-8 actually) to copy filtered resources, i.e. build is platform dependent!
[INFO] Copying 119 resources
[INFO] 
[INFO] --- maven-compiler-plugin:3.1:testCompile (default-testCompile) @ rick-tests ---
[INFO] Changes detected - recompiling the module!
[WARNING] File encoding has not been set, using platform encoding UTF-8, i.e. build is platform dependent!
[INFO] Compiling 26 source files to /home/dee/dev/rick-major-review/rick-tests/target/test-classes
[WARNING] /home/dee/dev/rick-major-review/rick-tests/src/test/java/org/gephi/importer/impl/TestImportContainerImplRickGenNodeExists.java: Some input files use unchecked or unsafe operations.
[WARNING] /home/dee/dev/rick-major-review/rick-tests/src/test/java/org/gephi/importer/impl/TestImportContainerImplRickGenNodeExists.java: Recompile with -Xlint:unchecked for details.
[INFO] 
[INFO] --- maven-surefire-plugin:2.22.2:test (default-test) @ rick-tests ---
[INFO] 
[INFO] -------------------------------------------------------
[INFO]  T E S T S
[INFO] -------------------------------------------------------
[INFO] Running org.gephi.datalab.impl.TestAttributeColumnsControllerImplRickGenCanConvertColumnToDynamic
[ERROR] Tests run: 3, Failures: 0, Errors: 3, Skipped: 0, Time elapsed: 4.896 s <<< FAILURE! - in org.gephi.datalab.impl.TestAttributeColumnsControllerImplRickGenCanConvertColumnToDynamic
[ERROR] test_canConvertColumnToDynamic_OO_e4997630d1334c0f868c228ee62fdd8f  Time elapsed: 4.044 s  <<< ERROR!
java.lang.NullPointerException
	at org.gephi.datalab.impl.TestAttributeColumnsControllerImplRickGenCanConvertColumnToDynamic.test_canConvertColumnToDynamic_OO_e4997630d1334c0f868c228ee62fdd8f(TestAttributeColumnsControllerImplRickGenCanConvertColumnToDynamic.java:39)

[ERROR] test_canConvertColumnToDynamic_CO_e4997630d1334c0f868c228ee62fdd8f  Time elapsed: 0.011 s  <<< ERROR!
java.lang.NullPointerException
	at org.gephi.datalab.impl.TestAttributeColumnsControllerImplRickGenCanConvertColumnToDynamic.test_canConvertColumnToDynamic_CO_e4997630d1334c0f868c228ee62fdd8f(TestAttributeColumnsControllerImplRickGenCanConvertColumnToDynamic.java:69)

[ERROR] test_canConvertColumnToDynamic_PO_e4997630d1334c0f868c228ee62fdd8f  Time elapsed: 0.01 s  <<< ERROR!
java.lang.NullPointerException
	at org.gephi.datalab.impl.TestAttributeColumnsControllerImplRickGenCanConvertColumnToDynamic.test_canConvertColumnToDynamic_PO_e4997630d1334c0f868c228ee62fdd8f(TestAttributeColumnsControllerImplRickGenCanConvertColumnToDynamic.java:54)

[INFO] 
[INFO] Results:
[INFO] 
[ERROR] Errors: 
[ERROR]   TestAttributeColumnsControllerImplRickGenCanConvertColumnToDynamic.test_canConvertColumnToDynamic_CO_e4997630d1334c0f868c228ee62fdd8f:69  NullPointer
[ERROR]   TestAttributeColumnsControllerImplRickGenCanConvertColumnToDynamic.test_canConvertColumnToDynamic_OO_e4997630d1334c0f868c228ee62fdd8f:39  NullPointer
[ERROR]   TestAttributeColumnsControllerImplRickGenCanConvertColumnToDynamic.test_canConvertColumnToDynamic_PO_e4997630d1334c0f868c228ee62fdd8f:54  NullPointer
[INFO] 
[ERROR] Tests run: 3, Failures: 0, Errors: 3, Skipped: 0
[INFO] 
[INFO] ------------------------------------------------------------------------
[INFO] BUILD FAILURE
[INFO] ------------------------------------------------------------------------
[INFO] Total time:  22.018 s
[INFO] Finished at: 2023-06-11T17:18:25+02:00
[INFO] ------------------------------------------------------------------------
[ERROR] Failed to execute goal org.apache.maven.plugins:maven-surefire-plugin:2.22.2:test (default-test) on project rick-tests: There are test failures.
[ERROR] 
[ERROR] Please refer to /home/dee/dev/rick-major-review/rick-tests/target/surefire-reports for the individual test results.
[ERROR] Please refer to dump files (if any exist) [date].dump, [date]-jvmRun[N].dump and [date].dumpstream.
[ERROR] -> [Help 1]
[ERROR] 
[ERROR] To see the full stack trace of the errors, re-run Maven with the -e switch.
[ERROR] Re-run Maven using the -X switch to enable full debug logging.
[ERROR] 
[ERROR] For more information about the errors and possible solutions, please read the following articles:
[ERROR] [Help 1] http://cwiki.apache.org/confluence/display/MAVEN/MojoFailureException

Security framework of XStream not initialized, XStream is probably vulnerable.

---------------------------------------------------
[LOG] Cleaned targets with ['mvn', 'clean']
[INFO] Scanning for projects...
[INFO] 
[INFO] ------------------------< org.gephi:rick-tests >------------------------
[INFO] Building rick-tests 1.0-SNAPSHOT
[INFO] --------------------------------[ jar ]---------------------------------
[INFO] 
[INFO] --- maven-clean-plugin:2.5:clean (default-clean) @ rick-tests ---
[INFO] Deleting /home/dee/dev/rick-major-review/rick-tests/target
[INFO] ------------------------------------------------------------------------
[INFO] BUILD SUCCESS
[INFO] ------------------------------------------------------------------------
[INFO] Total time:  1.006 s
[INFO] Finished at: 2023-06-11T17:18:31+02:00
[INFO] ------------------------------------------------------------------------


---------------------------------------------------
[LOG] In experiment directory /home/dee/dev/rick-experiments/mutation-analysis
---------------------------------------------------
[LOG] Restoring original RICK test from ./AttributeColumnsControllerImpl.java/original-test.java
[LOG] Invoking cp ./AttributeColumnsControllerImpl.java/original-test.java /home/dee/dev/rick-major-review/rick-tests/src/test/java/org/gephi/datalab/impl/TestAttributeColumnsControllerImplRickGenCanConvertColumnToDynamic.java
---------------------------------------------------
[ALL] Evaluating (OO +) PO + CO
[LOG] Restoring original RICK test from ./AttributeColumnsControllerImpl.java/original-test.java
[LOG] Invoking cp ./AttributeColumnsControllerImpl.java/original-test.java /home/dee/dev/rick-major-review/rick-tests/src/test/java/org/gephi/datalab/impl/TestAttributeColumnsControllerImplRickGenCanConvertColumnToDynamic.java
[LOG] In test module directory /home/dee/dev/rick-major-review/rick-tests
[LOG] Invoked tests with ['mvn', 'test', '-Dtest=TestAttributeColumnsControllerImplRickGenCanConvertColumnToDynamic']
[INFO] Scanning for projects...
[INFO] 
[INFO] ------------------------< org.gephi:rick-tests >------------------------
[INFO] Building rick-tests 1.0-SNAPSHOT
[INFO] --------------------------------[ jar ]---------------------------------
[INFO] 
[INFO] --- maven-resources-plugin:2.6:resources (default-resources) @ rick-tests ---
[WARNING] Using platform encoding (UTF-8 actually) to copy filtered resources, i.e. build is platform dependent!
[INFO] Copying 0 resource
[INFO] 
[INFO] --- maven-compiler-plugin:3.1:compile (default-compile) @ rick-tests ---
[INFO] Nothing to compile - all classes are up to date
[INFO] 
[INFO] --- maven-resources-plugin:2.6:testResources (default-testResources) @ rick-tests ---
[WARNING] Using platform encoding (UTF-8 actually) to copy filtered resources, i.e. build is platform dependent!
[INFO] Copying 119 resources
[INFO] 
[INFO] --- maven-compiler-plugin:3.1:testCompile (default-testCompile) @ rick-tests ---
[INFO] Changes detected - recompiling the module!
[WARNING] File encoding has not been set, using platform encoding UTF-8, i.e. build is platform dependent!
[INFO] Compiling 26 source files to /home/dee/dev/rick-major-review/rick-tests/target/test-classes
[WARNING] /home/dee/dev/rick-major-review/rick-tests/src/test/java/org/gephi/importer/impl/TestImportContainerImplRickGenNodeExists.java: Some input files use unchecked or unsafe operations.
[WARNING] /home/dee/dev/rick-major-review/rick-tests/src/test/java/org/gephi/importer/impl/TestImportContainerImplRickGenNodeExists.java: Recompile with -Xlint:unchecked for details.
[INFO] 
[INFO] --- maven-surefire-plugin:2.22.2:test (default-test) @ rick-tests ---
[INFO] 
[INFO] -------------------------------------------------------
[INFO]  T E S T S
[INFO] -------------------------------------------------------
[INFO] Running org.gephi.datalab.impl.TestAttributeColumnsControllerImplRickGenCanConvertColumnToDynamic
[ERROR] Tests run: 3, Failures: 0, Errors: 3, Skipped: 0, Time elapsed: 5.413 s <<< FAILURE! - in org.gephi.datalab.impl.TestAttributeColumnsControllerImplRickGenCanConvertColumnToDynamic
[ERROR] test_canConvertColumnToDynamic_OO_e4997630d1334c0f868c228ee62fdd8f  Time elapsed: 4.432 s  <<< ERROR!
java.lang.NullPointerException
	at org.gephi.datalab.impl.TestAttributeColumnsControllerImplRickGenCanConvertColumnToDynamic.test_canConvertColumnToDynamic_OO_e4997630d1334c0f868c228ee62fdd8f(TestAttributeColumnsControllerImplRickGenCanConvertColumnToDynamic.java:39)

[ERROR] test_canConvertColumnToDynamic_CO_e4997630d1334c0f868c228ee62fdd8f  Time elapsed: 0.014 s  <<< ERROR!
java.lang.NullPointerException
	at org.gephi.datalab.impl.TestAttributeColumnsControllerImplRickGenCanConvertColumnToDynamic.test_canConvertColumnToDynamic_CO_e4997630d1334c0f868c228ee62fdd8f(TestAttributeColumnsControllerImplRickGenCanConvertColumnToDynamic.java:69)

[ERROR] test_canConvertColumnToDynamic_PO_e4997630d1334c0f868c228ee62fdd8f  Time elapsed: 0.017 s  <<< ERROR!
java.lang.NullPointerException
	at org.gephi.datalab.impl.TestAttributeColumnsControllerImplRickGenCanConvertColumnToDynamic.test_canConvertColumnToDynamic_PO_e4997630d1334c0f868c228ee62fdd8f(TestAttributeColumnsControllerImplRickGenCanConvertColumnToDynamic.java:54)

[INFO] 
[INFO] Results:
[INFO] 
[ERROR] Errors: 
[ERROR]   TestAttributeColumnsControllerImplRickGenCanConvertColumnToDynamic.test_canConvertColumnToDynamic_CO_e4997630d1334c0f868c228ee62fdd8f:69  NullPointer
[ERROR]   TestAttributeColumnsControllerImplRickGenCanConvertColumnToDynamic.test_canConvertColumnToDynamic_OO_e4997630d1334c0f868c228ee62fdd8f:39  NullPointer
[ERROR]   TestAttributeColumnsControllerImplRickGenCanConvertColumnToDynamic.test_canConvertColumnToDynamic_PO_e4997630d1334c0f868c228ee62fdd8f:54  NullPointer
[INFO] 
[ERROR] Tests run: 3, Failures: 0, Errors: 3, Skipped: 0
[INFO] 
[INFO] ------------------------------------------------------------------------
[INFO] BUILD FAILURE
[INFO] ------------------------------------------------------------------------
[INFO] Total time:  24.504 s
[INFO] Finished at: 2023-06-11T17:18:59+02:00
[INFO] ------------------------------------------------------------------------
[ERROR] Failed to execute goal org.apache.maven.plugins:maven-surefire-plugin:2.22.2:test (default-test) on project rick-tests: There are test failures.
[ERROR] 
[ERROR] Please refer to /home/dee/dev/rick-major-review/rick-tests/target/surefire-reports for the individual test results.
[ERROR] Please refer to dump files (if any exist) [date].dump, [date]-jvmRun[N].dump and [date].dumpstream.
[ERROR] -> [Help 1]
[ERROR] 
[ERROR] To see the full stack trace of the errors, re-run Maven with the -e switch.
[ERROR] Re-run Maven using the -X switch to enable full debug logging.
[ERROR] 
[ERROR] For more information about the errors and possible solutions, please read the following articles:
[ERROR] [Help 1] http://cwiki.apache.org/confluence/display/MAVEN/MojoFailureException

Security framework of XStream not initialized, XStream is probably vulnerable.

---------------------------------------------------
[LOG] Cleaned targets with ['mvn', 'clean']
[INFO] Scanning for projects...
[INFO] 
[INFO] ------------------------< org.gephi:rick-tests >------------------------
[INFO] Building rick-tests 1.0-SNAPSHOT
[INFO] --------------------------------[ jar ]---------------------------------
[INFO] 
[INFO] --- maven-clean-plugin:2.5:clean (default-clean) @ rick-tests ---
[INFO] Deleting /home/dee/dev/rick-major-review/rick-tests/target
[INFO] ------------------------------------------------------------------------
[INFO] BUILD SUCCESS
[INFO] ------------------------------------------------------------------------
[INFO] Total time:  1.111 s
[INFO] Finished at: 2023-06-11T17:19:05+02:00
[INFO] ------------------------------------------------------------------------


---------------------------------------------------
[LOG] In experiment directory /home/dee/dev/rick-experiments/mutation-analysis
---------------------------------------------------
---------------------------------------------------
[LOG] Resetting AttributeColumnsControllerImpl.java to original
[LOG] Invoking cp ./AttributeColumnsControllerImpl.java/original.java /home/dee/dev/rick-major-review/gephi/modules/DataLaboratoryAPI/src/main/java/org/gephi/datalab/impl/AttributeColumnsControllerImpl.java
---------------------------------------------------
[LOG] Replacing originalAttributeColumnsControllerImpl.java with ./AttributeColumnsControllerImpl.java/58.java
[LOG] Invoking cp ./AttributeColumnsControllerImpl.java/58.java /home/dee/dev/rick-major-review/gephi/modules/DataLaboratoryAPI/src/main/java/org/gephi/datalab/impl/AttributeColumnsControllerImpl.java
[LOG] Invoked a clean install of the parent module with ['mvn', 'clean', 'install', '-DskipTests']
[INFO] Scanning for projects...
[INFO] 
[INFO] -----------------------< org.gephi:datalab-api >------------------------
[INFO] Building DataLaboratoryAPI 0.9.6
[INFO] --------------------------------[ nbm ]---------------------------------
[INFO] 
[INFO] --- maven-clean-plugin:3.1.0:clean (default-clean) @ datalab-api ---
[INFO] Deleting /home/dee/dev/rick-major-review/gephi/modules/DataLaboratoryAPI/target
[INFO] 
[INFO] --- build-helper-maven-plugin:3.3.0:parse-version (parse-version) @ datalab-api ---
[INFO] 
[INFO] --- maven-checkstyle-plugin:3.1.2:check (validate) @ datalab-api ---
[INFO] 
[INFO] --- maven-resources-plugin:3.2.0:copy-resources (generate-modules-xml) @ datalab-api ---
[INFO] Using 'UTF-8' encoding to copy filtered resources.
[INFO] Using 'UTF-8' encoding to copy filtered properties files.
[INFO] Copying 1 resource
[INFO] 
[INFO] --- maven-resources-plugin:3.2.0:resources (default-resources) @ datalab-api ---
[INFO] Using 'UTF-8' encoding to copy filtered resources.
[INFO] Using 'UTF-8' encoding to copy filtered properties files.
[INFO] Copying 34 resources
[INFO] 
[INFO] --- maven-compiler-plugin:3.10.0:compile (default-compile) @ datalab-api ---
[INFO] Changes detected - recompiling the module!
[INFO] Compiling 32 source files to /home/dee/dev/rick-major-review/gephi/modules/DataLaboratoryAPI/target/classes
[WARNING] No processor claimed any of these annotations: java.base/java.lang.Override
[WARNING] /home/dee/dev/rick-major-review/gephi/modules/DataLaboratoryAPI/src/main/java/org/gephi/datalab/api/AttributeColumnsController.java:[92,57] [rawtypes] found raw type: Class
  missing type arguments for generic class Class<T>
  where T is a type-variable:
    T extends Object declared in class Class
[WARNING] /home/dee/dev/rick-major-review/gephi/modules/DataLaboratoryAPI/src/main/java/org/gephi/datalab/api/AttributeColumnsController.java:[108,69] [rawtypes] found raw type: Class
  missing type arguments for generic class Class<T>
  where T is a type-variable:
    T extends Object declared in class Class
[WARNING] /home/dee/dev/rick-major-review/gephi/modules/DataLaboratoryAPI/src/main/java/org/gephi/datalab/impl/AttributeColumnsControllerImpl.java:[103,8] [rawtypes] found raw type: Class
  missing type arguments for generic class Class<T>
  where T is a type-variable:
    T extends Object declared in class Class
[WARNING] /home/dee/dev/rick-major-review/gephi/modules/DataLaboratoryAPI/src/main/java/org/gephi/datalab/impl/AttributeColumnsControllerImpl.java:[135,64] [rawtypes] found raw type: Class
  missing type arguments for generic class Class<T>
  where T is a type-variable:
    T extends Object declared in class Class
[WARNING] /home/dee/dev/rick-major-review/gephi/modules/DataLaboratoryAPI/src/main/java/org/gephi/datalab/impl/AttributeColumnsControllerImpl.java:[164,8] [rawtypes] found raw type: Class
  missing type arguments for generic class Class<T>
  where T is a type-variable:
    T extends Object declared in class Class
[WARNING] /home/dee/dev/rick-major-review/gephi/modules/DataLaboratoryAPI/src/main/java/org/gephi/datalab/impl/AttributeColumnsControllerImpl.java:[216,76] [rawtypes] found raw type: Class
  missing type arguments for generic class Class<T>
  where T is a type-variable:
    T extends Object declared in class Class
[WARNING] /home/dee/dev/rick-major-review/gephi/modules/DataLaboratoryAPI/src/main/java/org/gephi/datalab/impl/AttributeColumnsControllerImpl.java:[231,8] [rawtypes] found raw type: Class
  missing type arguments for generic class Class<T>
  where T is a type-variable:
    T extends Object declared in class Class
[WARNING] /home/dee/dev/rick-major-review/gephi/modules/DataLaboratoryAPI/src/main/java/org/gephi/datalab/impl/AttributeColumnsControllerImpl.java:[546,8] [rawtypes] found raw type: Class
  missing type arguments for generic class Class<T>
  where T is a type-variable:
    T extends Object declared in class Class
[WARNING] /home/dee/dev/rick-major-review/gephi/modules/DataLaboratoryAPI/src/main/java/org/gephi/datalab/impl/AttributeColumnsControllerImpl.java:[583,12] [rawtypes] found raw type: Class
  missing type arguments for generic class Class<T>
  where T is a type-variable:
    T extends Object declared in class Class
[WARNING] /home/dee/dev/rick-major-review/gephi/modules/DataLaboratoryAPI/src/main/java/org/gephi/datalab/impl/AttributeColumnsControllerImpl.java:[817,8] [rawtypes] found raw type: Class
  missing type arguments for generic class Class<T>
  where T is a type-variable:
    T extends Object declared in class Class
[WARNING] /home/dee/dev/rick-major-review/gephi/modules/DataLaboratoryAPI/src/main/java/org/gephi/datalab/impl/AttributeColumnsControllerImpl.java:[823,12] [rawtypes] found raw type: TimestampMap
  missing type arguments for generic class TimestampMap<T>
  where T is a type-variable:
    T extends Object declared in class TimestampMap
[WARNING] /home/dee/dev/rick-major-review/gephi/modules/DataLaboratoryAPI/src/main/java/org/gephi/datalab/impl/AttributeColumnsControllerImpl.java:[830,12] [rawtypes] found raw type: IntervalMap
  missing type arguments for generic class IntervalMap<T>
  where T is a type-variable:
    T extends Object declared in class IntervalMap
[WARNING] /home/dee/dev/rick-major-review/gephi/modules/DataLaboratoryAPI/src/main/java/org/gephi/datalab/impl/AttributeColumnsMergeStrategiesControllerImpl.java:[75,79] [rawtypes] found raw type: Class
  missing type arguments for generic class Class<T>
  where T is a type-variable:
    T extends Object declared in class Class
[WARNING] /home/dee/dev/rick-major-review/gephi/modules/DataLaboratoryAPI/src/main/java/org/gephi/datalab/api/AttributeColumnsMergeStrategiesController.java:[68,72] [rawtypes] found raw type: Class
  missing type arguments for generic class Class<T>
  where T is a type-variable:
    T extends Object declared in class Class
[INFO] 
[INFO] --- nbm-maven-plugin:4.6:manifest (default-manifest) @ datalab-api ---
[INFO] NBM Plugin generates manifest
[INFO] 
[INFO] --- maven-resources-plugin:3.2.0:testResources (default-testResources) @ datalab-api ---
[INFO] Using 'UTF-8' encoding to copy filtered resources.
[INFO] Using 'UTF-8' encoding to copy filtered properties files.
[INFO] skip non existing resourceDirectory /home/dee/dev/rick-major-review/gephi/modules/DataLaboratoryAPI/src/test/resources
[INFO] 
[INFO] --- maven-compiler-plugin:3.10.0:testCompile (default-testCompile) @ datalab-api ---
[INFO] No sources to compile
[INFO] 
[INFO] --- maven-surefire-plugin:2.22.2:test (default-test) @ datalab-api ---
[INFO] Tests are skipped.
[INFO] 
[INFO] --- maven-jar-plugin:3.2.2:jar (default-jar) @ datalab-api ---
[INFO] Building jar: /home/dee/dev/rick-major-review/gephi/modules/DataLaboratoryAPI/target/datalab-api-0.9.6.jar
[INFO] 
[INFO] --- nbm-maven-plugin:4.6:nbm (default-nbm) @ datalab-api ---
[INFO] Copying module JAR to /home/dee/dev/rick-major-review/gephi/modules/DataLaboratoryAPI/target/nbm/clusters/gephi/modules
[INFO] Generating Auto Update information for org.gephi.datalab.api
[WARNING] No updater.jar specified, cannot validate Info.xml against DTD
[INFO] Building jar: /home/dee/dev/rick-major-review/gephi/modules/DataLaboratoryAPI/target/nbm/datalab-api-0.9.6.nbm
[INFO] 
[INFO] --- maven-install-plugin:2.5.2:install (default-install) @ datalab-api ---
[INFO] Installing /home/dee/dev/rick-major-review/gephi/modules/DataLaboratoryAPI/target/datalab-api-0.9.6.jar to /home/dee/.m2/repository/org/gephi/datalab-api/0.9.6/datalab-api-0.9.6.jar
[INFO] Installing /home/dee/dev/rick-major-review/gephi/modules/DataLaboratoryAPI/pom.xml to /home/dee/.m2/repository/org/gephi/datalab-api/0.9.6/datalab-api-0.9.6.pom
[INFO] Installing /home/dee/dev/rick-major-review/gephi/modules/DataLaboratoryAPI/target/datalab-api-0.9.6.nbm to /home/dee/.m2/repository/org/gephi/datalab-api/0.9.6/datalab-api-0.9.6.nbm
[INFO] ------------------------------------------------------------------------
[INFO] BUILD SUCCESS
[INFO] ------------------------------------------------------------------------
[INFO] Total time:  22.994 s
[INFO] Finished at: 2023-06-11T17:19:32+02:00
[INFO] ------------------------------------------------------------------------


---------------------------------------------------
[BASELINE] Not evaluating any oracle
[LOG] Replacing original RICK test with variant baseline
[LOG] Invoking cp /home/dee/dev/rick-experiments/mutation-analysis/output/AttributeColumnsControllerImpl_canConvertColumnToDynamic_Column/test-baseline.java /home/dee/dev/rick-major-review/rick-tests/src/test/java/org/gephi/datalab/impl/TestAttributeColumnsControllerImplRickGenCanConvertColumnToDynamic.java
[LOG] In test module directory /home/dee/dev/rick-major-review/rick-tests
[LOG] Invoked tests with ['mvn', 'test', '-Dtest=TestAttributeColumnsControllerImplRickGenCanConvertColumnToDynamic']
[INFO] Scanning for projects...
[INFO] 
[INFO] ------------------------< org.gephi:rick-tests >------------------------
[INFO] Building rick-tests 1.0-SNAPSHOT
[INFO] --------------------------------[ jar ]---------------------------------
[INFO] 
[INFO] --- maven-resources-plugin:2.6:resources (default-resources) @ rick-tests ---
[WARNING] Using platform encoding (UTF-8 actually) to copy filtered resources, i.e. build is platform dependent!
[INFO] Copying 0 resource
[INFO] 
[INFO] --- maven-compiler-plugin:3.1:compile (default-compile) @ rick-tests ---
[INFO] Nothing to compile - all classes are up to date
[INFO] 
[INFO] --- maven-resources-plugin:2.6:testResources (default-testResources) @ rick-tests ---
[WARNING] Using platform encoding (UTF-8 actually) to copy filtered resources, i.e. build is platform dependent!
[INFO] Copying 119 resources
[INFO] 
[INFO] --- maven-compiler-plugin:3.1:testCompile (default-testCompile) @ rick-tests ---
[INFO] Changes detected - recompiling the module!
[WARNING] File encoding has not been set, using platform encoding UTF-8, i.e. build is platform dependent!
[INFO] Compiling 26 source files to /home/dee/dev/rick-major-review/rick-tests/target/test-classes
[WARNING] /home/dee/dev/rick-major-review/rick-tests/src/test/java/org/gephi/importer/impl/TestImportContainerImplRickGenNodeExists.java: Some input files use unchecked or unsafe operations.
[WARNING] /home/dee/dev/rick-major-review/rick-tests/src/test/java/org/gephi/importer/impl/TestImportContainerImplRickGenNodeExists.java: Recompile with -Xlint:unchecked for details.
[INFO] 
[INFO] --- maven-surefire-plugin:2.22.2:test (default-test) @ rick-tests ---
[INFO] 
[INFO] -------------------------------------------------------
[INFO]  T E S T S
[INFO] -------------------------------------------------------
[INFO] Running org.gephi.datalab.impl.TestAttributeColumnsControllerImplRickGenCanConvertColumnToDynamic
[INFO] Tests run: 3, Failures: 0, Errors: 0, Skipped: 0, Time elapsed: 4.996 s - in org.gephi.datalab.impl.TestAttributeColumnsControllerImplRickGenCanConvertColumnToDynamic
[INFO] 
[INFO] Results:
[INFO] 
[INFO] Tests run: 3, Failures: 0, Errors: 0, Skipped: 0
[INFO] 
[INFO] ------------------------------------------------------------------------
[INFO] BUILD SUCCESS
[INFO] ------------------------------------------------------------------------
[INFO] Total time:  23.412 s
[INFO] Finished at: 2023-06-11T17:20:00+02:00
[INFO] ------------------------------------------------------------------------

Security framework of XStream not initialized, XStream is probably vulnerable.

---------------------------------------------------
[LOG] Cleaned targets with ['mvn', 'clean']
[INFO] Scanning for projects...
[INFO] 
[INFO] ------------------------< org.gephi:rick-tests >------------------------
[INFO] Building rick-tests 1.0-SNAPSHOT
[INFO] --------------------------------[ jar ]---------------------------------
[INFO] 
[INFO] --- maven-clean-plugin:2.5:clean (default-clean) @ rick-tests ---
[INFO] Deleting /home/dee/dev/rick-major-review/rick-tests/target
[INFO] ------------------------------------------------------------------------
[INFO] BUILD SUCCESS
[INFO] ------------------------------------------------------------------------
[INFO] Total time:  1.015 s
[INFO] Finished at: 2023-06-11T17:20:05+02:00
[INFO] ------------------------------------------------------------------------


---------------------------------------------------
[LOG] In experiment directory /home/dee/dev/rick-experiments/mutation-analysis
---------------------------------------------------
[LOG] Restoring original RICK test from ./AttributeColumnsControllerImpl.java/original-test.java
[LOG] Invoking cp ./AttributeColumnsControllerImpl.java/original-test.java /home/dee/dev/rick-major-review/rick-tests/src/test/java/org/gephi/datalab/impl/TestAttributeColumnsControllerImplRickGenCanConvertColumnToDynamic.java
---------------------------------------------------
[OO] Evaluating only OO
[LOG] Replacing original RICK test with variant oo
[LOG] Invoking cp /home/dee/dev/rick-experiments/mutation-analysis/output/AttributeColumnsControllerImpl_canConvertColumnToDynamic_Column/test-oo.java /home/dee/dev/rick-major-review/rick-tests/src/test/java/org/gephi/datalab/impl/TestAttributeColumnsControllerImplRickGenCanConvertColumnToDynamic.java
[LOG] In test module directory /home/dee/dev/rick-major-review/rick-tests
[LOG] Invoked tests with ['mvn', 'test', '-Dtest=TestAttributeColumnsControllerImplRickGenCanConvertColumnToDynamic']
[INFO] Scanning for projects...
[INFO] 
[INFO] ------------------------< org.gephi:rick-tests >------------------------
[INFO] Building rick-tests 1.0-SNAPSHOT
[INFO] --------------------------------[ jar ]---------------------------------
[INFO] 
[INFO] --- maven-resources-plugin:2.6:resources (default-resources) @ rick-tests ---
[WARNING] Using platform encoding (UTF-8 actually) to copy filtered resources, i.e. build is platform dependent!
[INFO] Copying 0 resource
[INFO] 
[INFO] --- maven-compiler-plugin:3.1:compile (default-compile) @ rick-tests ---
[INFO] Nothing to compile - all classes are up to date
[INFO] 
[INFO] --- maven-resources-plugin:2.6:testResources (default-testResources) @ rick-tests ---
[WARNING] Using platform encoding (UTF-8 actually) to copy filtered resources, i.e. build is platform dependent!
[INFO] Copying 119 resources
[INFO] 
[INFO] --- maven-compiler-plugin:3.1:testCompile (default-testCompile) @ rick-tests ---
[INFO] Changes detected - recompiling the module!
[WARNING] File encoding has not been set, using platform encoding UTF-8, i.e. build is platform dependent!
[INFO] Compiling 26 source files to /home/dee/dev/rick-major-review/rick-tests/target/test-classes
[WARNING] /home/dee/dev/rick-major-review/rick-tests/src/test/java/org/gephi/importer/impl/TestImportContainerImplRickGenNodeExists.java: Some input files use unchecked or unsafe operations.
[WARNING] /home/dee/dev/rick-major-review/rick-tests/src/test/java/org/gephi/importer/impl/TestImportContainerImplRickGenNodeExists.java: Recompile with -Xlint:unchecked for details.
[INFO] 
[INFO] --- maven-surefire-plugin:2.22.2:test (default-test) @ rick-tests ---
[INFO] 
[INFO] -------------------------------------------------------
[INFO]  T E S T S
[INFO] -------------------------------------------------------
[INFO] Running org.gephi.datalab.impl.TestAttributeColumnsControllerImplRickGenCanConvertColumnToDynamic
[ERROR] Tests run: 3, Failures: 1, Errors: 0, Skipped: 0, Time elapsed: 5.502 s <<< FAILURE! - in org.gephi.datalab.impl.TestAttributeColumnsControllerImplRickGenCanConvertColumnToDynamic
[ERROR] test_canConvertColumnToDynamic_OO_e4997630d1334c0f868c228ee62fdd8f  Time elapsed: 4.438 s  <<< FAILURE!
org.opentest4j.AssertionFailedError: expected: <false> but was: <true>
	at org.gephi.datalab.impl.TestAttributeColumnsControllerImplRickGenCanConvertColumnToDynamic.test_canConvertColumnToDynamic_OO_e4997630d1334c0f868c228ee62fdd8f(TestAttributeColumnsControllerImplRickGenCanConvertColumnToDynamic.java:41)

[INFO] 
[INFO] Results:
[INFO] 
[ERROR] Failures: 
[ERROR]   TestAttributeColumnsControllerImplRickGenCanConvertColumnToDynamic.test_canConvertColumnToDynamic_OO_e4997630d1334c0f868c228ee62fdd8f:41 expected: <false> but was: <true>
[INFO] 
[ERROR] Tests run: 3, Failures: 1, Errors: 0, Skipped: 0
[INFO] 
[INFO] ------------------------------------------------------------------------
[INFO] BUILD FAILURE
[INFO] ------------------------------------------------------------------------
[INFO] Total time:  23.792 s
[INFO] Finished at: 2023-06-11T17:20:33+02:00
[INFO] ------------------------------------------------------------------------
[ERROR] Failed to execute goal org.apache.maven.plugins:maven-surefire-plugin:2.22.2:test (default-test) on project rick-tests: There are test failures.
[ERROR] 
[ERROR] Please refer to /home/dee/dev/rick-major-review/rick-tests/target/surefire-reports for the individual test results.
[ERROR] Please refer to dump files (if any exist) [date].dump, [date]-jvmRun[N].dump and [date].dumpstream.
[ERROR] -> [Help 1]
[ERROR] 
[ERROR] To see the full stack trace of the errors, re-run Maven with the -e switch.
[ERROR] Re-run Maven using the -X switch to enable full debug logging.
[ERROR] 
[ERROR] For more information about the errors and possible solutions, please read the following articles:
[ERROR] [Help 1] http://cwiki.apache.org/confluence/display/MAVEN/MojoFailureException

Security framework of XStream not initialized, XStream is probably vulnerable.

---------------------------------------------------
[LOG] Cleaned targets with ['mvn', 'clean']
[INFO] Scanning for projects...
[INFO] 
[INFO] ------------------------< org.gephi:rick-tests >------------------------
[INFO] Building rick-tests 1.0-SNAPSHOT
[INFO] --------------------------------[ jar ]---------------------------------
[INFO] 
[INFO] --- maven-clean-plugin:2.5:clean (default-clean) @ rick-tests ---
[INFO] Deleting /home/dee/dev/rick-major-review/rick-tests/target
[INFO] ------------------------------------------------------------------------
[INFO] BUILD SUCCESS
[INFO] ------------------------------------------------------------------------
[INFO] Total time:  1.148 s
[INFO] Finished at: 2023-06-11T17:20:39+02:00
[INFO] ------------------------------------------------------------------------


---------------------------------------------------
[LOG] In experiment directory /home/dee/dev/rick-experiments/mutation-analysis
---------------------------------------------------
[LOG] Restoring original RICK test from ./AttributeColumnsControllerImpl.java/original-test.java
[LOG] Invoking cp ./AttributeColumnsControllerImpl.java/original-test.java /home/dee/dev/rick-major-review/rick-tests/src/test/java/org/gephi/datalab/impl/TestAttributeColumnsControllerImplRickGenCanConvertColumnToDynamic.java
---------------------------------------------------
[PO] Evaluating only PO
[LOG] Replacing original RICK test with variant po
[LOG] Invoking cp /home/dee/dev/rick-experiments/mutation-analysis/output/AttributeColumnsControllerImpl_canConvertColumnToDynamic_Column/test-po.java /home/dee/dev/rick-major-review/rick-tests/src/test/java/org/gephi/datalab/impl/TestAttributeColumnsControllerImplRickGenCanConvertColumnToDynamic.java
[LOG] In test module directory /home/dee/dev/rick-major-review/rick-tests
[LOG] Invoked tests with ['mvn', 'test', '-Dtest=TestAttributeColumnsControllerImplRickGenCanConvertColumnToDynamic']
[INFO] Scanning for projects...
[INFO] 
[INFO] ------------------------< org.gephi:rick-tests >------------------------
[INFO] Building rick-tests 1.0-SNAPSHOT
[INFO] --------------------------------[ jar ]---------------------------------
[INFO] 
[INFO] --- maven-resources-plugin:2.6:resources (default-resources) @ rick-tests ---
[WARNING] Using platform encoding (UTF-8 actually) to copy filtered resources, i.e. build is platform dependent!
[INFO] Copying 0 resource
[INFO] 
[INFO] --- maven-compiler-plugin:3.1:compile (default-compile) @ rick-tests ---
[INFO] Nothing to compile - all classes are up to date
[INFO] 
[INFO] --- maven-resources-plugin:2.6:testResources (default-testResources) @ rick-tests ---
[WARNING] Using platform encoding (UTF-8 actually) to copy filtered resources, i.e. build is platform dependent!
[INFO] Copying 119 resources
[INFO] 
[INFO] --- maven-compiler-plugin:3.1:testCompile (default-testCompile) @ rick-tests ---
[INFO] Changes detected - recompiling the module!
[WARNING] File encoding has not been set, using platform encoding UTF-8, i.e. build is platform dependent!
[INFO] Compiling 26 source files to /home/dee/dev/rick-major-review/rick-tests/target/test-classes
[WARNING] /home/dee/dev/rick-major-review/rick-tests/src/test/java/org/gephi/importer/impl/TestImportContainerImplRickGenNodeExists.java: Some input files use unchecked or unsafe operations.
[WARNING] /home/dee/dev/rick-major-review/rick-tests/src/test/java/org/gephi/importer/impl/TestImportContainerImplRickGenNodeExists.java: Recompile with -Xlint:unchecked for details.
[INFO] 
[INFO] --- maven-surefire-plugin:2.22.2:test (default-test) @ rick-tests ---
[INFO] 
[INFO] -------------------------------------------------------
[INFO]  T E S T S
[INFO] -------------------------------------------------------
[INFO] Running org.gephi.datalab.impl.TestAttributeColumnsControllerImplRickGenCanConvertColumnToDynamic
[ERROR] Tests run: 3, Failures: 1, Errors: 0, Skipped: 0, Time elapsed: 5.931 s <<< FAILURE! - in org.gephi.datalab.impl.TestAttributeColumnsControllerImplRickGenCanConvertColumnToDynamic
[ERROR] test_canConvertColumnToDynamic_PO_e4997630d1334c0f868c228ee62fdd8f  Time elapsed: 0.231 s  <<< FAILURE!
org.mockito.exceptions.verification.WantedButNotInvoked: 

Wanted but not invoked:
column.isReadOnly();
-> at org.gephi.datalab.impl.TestAttributeColumnsControllerImplRickGenCanConvertColumnToDynamic.test_canConvertColumnToDynamic_PO_e4997630d1334c0f868c228ee62fdd8f(TestAttributeColumnsControllerImplRickGenCanConvertColumnToDynamic.java:56)
Actually, there were zero interactions with this mock.

	at org.gephi.datalab.impl.TestAttributeColumnsControllerImplRickGenCanConvertColumnToDynamic.test_canConvertColumnToDynamic_PO_e4997630d1334c0f868c228ee62fdd8f(TestAttributeColumnsControllerImplRickGenCanConvertColumnToDynamic.java:56)

[INFO] 
[INFO] Results:
[INFO] 
[ERROR] Failures: 
[ERROR]   TestAttributeColumnsControllerImplRickGenCanConvertColumnToDynamic.test_canConvertColumnToDynamic_PO_e4997630d1334c0f868c228ee62fdd8f:56 
Wanted but not invoked:
column.isReadOnly();
-> at org.gephi.datalab.impl.TestAttributeColumnsControllerImplRickGenCanConvertColumnToDynamic.test_canConvertColumnToDynamic_PO_e4997630d1334c0f868c228ee62fdd8f(TestAttributeColumnsControllerImplRickGenCanConvertColumnToDynamic.java:56)
Actually, there were zero interactions with this mock.

[INFO] 
[ERROR] Tests run: 3, Failures: 1, Errors: 0, Skipped: 0
[INFO] 
[INFO] ------------------------------------------------------------------------
[INFO] BUILD FAILURE
[INFO] ------------------------------------------------------------------------
[INFO] Total time:  24.554 s
[INFO] Finished at: 2023-06-11T17:21:08+02:00
[INFO] ------------------------------------------------------------------------
[ERROR] Failed to execute goal org.apache.maven.plugins:maven-surefire-plugin:2.22.2:test (default-test) on project rick-tests: There are test failures.
[ERROR] 
[ERROR] Please refer to /home/dee/dev/rick-major-review/rick-tests/target/surefire-reports for the individual test results.
[ERROR] Please refer to dump files (if any exist) [date].dump, [date]-jvmRun[N].dump and [date].dumpstream.
[ERROR] -> [Help 1]
[ERROR] 
[ERROR] To see the full stack trace of the errors, re-run Maven with the -e switch.
[ERROR] Re-run Maven using the -X switch to enable full debug logging.
[ERROR] 
[ERROR] For more information about the errors and possible solutions, please read the following articles:
[ERROR] [Help 1] http://cwiki.apache.org/confluence/display/MAVEN/MojoFailureException

Security framework of XStream not initialized, XStream is probably vulnerable.

---------------------------------------------------
[LOG] Cleaned targets with ['mvn', 'clean']
[INFO] Scanning for projects...
[INFO] 
[INFO] ------------------------< org.gephi:rick-tests >------------------------
[INFO] Building rick-tests 1.0-SNAPSHOT
[INFO] --------------------------------[ jar ]---------------------------------
[INFO] 
[INFO] --- maven-clean-plugin:2.5:clean (default-clean) @ rick-tests ---
[INFO] Deleting /home/dee/dev/rick-major-review/rick-tests/target
[INFO] ------------------------------------------------------------------------
[INFO] BUILD SUCCESS
[INFO] ------------------------------------------------------------------------
[INFO] Total time:  1.162 s
[INFO] Finished at: 2023-06-11T17:21:14+02:00
[INFO] ------------------------------------------------------------------------


---------------------------------------------------
[LOG] In experiment directory /home/dee/dev/rick-experiments/mutation-analysis
---------------------------------------------------
[LOG] Restoring original RICK test from ./AttributeColumnsControllerImpl.java/original-test.java
[LOG] Invoking cp ./AttributeColumnsControllerImpl.java/original-test.java /home/dee/dev/rick-major-review/rick-tests/src/test/java/org/gephi/datalab/impl/TestAttributeColumnsControllerImplRickGenCanConvertColumnToDynamic.java
---------------------------------------------------
[CO] Evaluating only CO
[LOG] Replacing original RICK test with variant co
[LOG] Invoking cp /home/dee/dev/rick-experiments/mutation-analysis/output/AttributeColumnsControllerImpl_canConvertColumnToDynamic_Column/test-co.java /home/dee/dev/rick-major-review/rick-tests/src/test/java/org/gephi/datalab/impl/TestAttributeColumnsControllerImplRickGenCanConvertColumnToDynamic.java
[LOG] In test module directory /home/dee/dev/rick-major-review/rick-tests
[LOG] Invoked tests with ['mvn', 'test', '-Dtest=TestAttributeColumnsControllerImplRickGenCanConvertColumnToDynamic']
[INFO] Scanning for projects...
[INFO] 
[INFO] ------------------------< org.gephi:rick-tests >------------------------
[INFO] Building rick-tests 1.0-SNAPSHOT
[INFO] --------------------------------[ jar ]---------------------------------
[INFO] 
[INFO] --- maven-resources-plugin:2.6:resources (default-resources) @ rick-tests ---
[WARNING] Using platform encoding (UTF-8 actually) to copy filtered resources, i.e. build is platform dependent!
[INFO] Copying 0 resource
[INFO] 
[INFO] --- maven-compiler-plugin:3.1:compile (default-compile) @ rick-tests ---
[INFO] Nothing to compile - all classes are up to date
[INFO] 
[INFO] --- maven-resources-plugin:2.6:testResources (default-testResources) @ rick-tests ---
[WARNING] Using platform encoding (UTF-8 actually) to copy filtered resources, i.e. build is platform dependent!
[INFO] Copying 119 resources
[INFO] 
[INFO] --- maven-compiler-plugin:3.1:testCompile (default-testCompile) @ rick-tests ---
[INFO] Changes detected - recompiling the module!
[WARNING] File encoding has not been set, using platform encoding UTF-8, i.e. build is platform dependent!
[INFO] Compiling 26 source files to /home/dee/dev/rick-major-review/rick-tests/target/test-classes
[WARNING] /home/dee/dev/rick-major-review/rick-tests/src/test/java/org/gephi/importer/impl/TestImportContainerImplRickGenNodeExists.java: Some input files use unchecked or unsafe operations.
[WARNING] /home/dee/dev/rick-major-review/rick-tests/src/test/java/org/gephi/importer/impl/TestImportContainerImplRickGenNodeExists.java: Recompile with -Xlint:unchecked for details.
[INFO] 
[INFO] --- maven-surefire-plugin:2.22.2:test (default-test) @ rick-tests ---
[INFO] 
[INFO] -------------------------------------------------------
[INFO]  T E S T S
[INFO] -------------------------------------------------------
[INFO] Running org.gephi.datalab.impl.TestAttributeColumnsControllerImplRickGenCanConvertColumnToDynamic
[ERROR] Tests run: 3, Failures: 1, Errors: 0, Skipped: 0, Time elapsed: 5.108 s <<< FAILURE! - in org.gephi.datalab.impl.TestAttributeColumnsControllerImplRickGenCanConvertColumnToDynamic
[ERROR] test_canConvertColumnToDynamic_CO_e4997630d1334c0f868c228ee62fdd8f  Time elapsed: 0.155 s  <<< FAILURE!
org.mockito.exceptions.verification.WantedButNotInvoked: 

Wanted but not invoked:
column.isReadOnly();
-> at org.gephi.datalab.impl.TestAttributeColumnsControllerImplRickGenCanConvertColumnToDynamic.test_canConvertColumnToDynamic_CO_e4997630d1334c0f868c228ee62fdd8f(TestAttributeColumnsControllerImplRickGenCanConvertColumnToDynamic.java:72)
Actually, there were zero interactions with this mock.

	at org.gephi.datalab.impl.TestAttributeColumnsControllerImplRickGenCanConvertColumnToDynamic.test_canConvertColumnToDynamic_CO_e4997630d1334c0f868c228ee62fdd8f(TestAttributeColumnsControllerImplRickGenCanConvertColumnToDynamic.java:72)

[INFO] 
[INFO] Results:
[INFO] 
[ERROR] Failures: 
[ERROR]   TestAttributeColumnsControllerImplRickGenCanConvertColumnToDynamic.test_canConvertColumnToDynamic_CO_e4997630d1334c0f868c228ee62fdd8f:72 
Wanted but not invoked:
column.isReadOnly();
-> at org.gephi.datalab.impl.TestAttributeColumnsControllerImplRickGenCanConvertColumnToDynamic.test_canConvertColumnToDynamic_CO_e4997630d1334c0f868c228ee62fdd8f(TestAttributeColumnsControllerImplRickGenCanConvertColumnToDynamic.java:72)
Actually, there were zero interactions with this mock.

[INFO] 
[ERROR] Tests run: 3, Failures: 1, Errors: 0, Skipped: 0
[INFO] 
[INFO] ------------------------------------------------------------------------
[INFO] BUILD FAILURE
[INFO] ------------------------------------------------------------------------
[INFO] Total time:  23.649 s
[INFO] Finished at: 2023-06-11T17:21:42+02:00
[INFO] ------------------------------------------------------------------------
[ERROR] Failed to execute goal org.apache.maven.plugins:maven-surefire-plugin:2.22.2:test (default-test) on project rick-tests: There are test failures.
[ERROR] 
[ERROR] Please refer to /home/dee/dev/rick-major-review/rick-tests/target/surefire-reports for the individual test results.
[ERROR] Please refer to dump files (if any exist) [date].dump, [date]-jvmRun[N].dump and [date].dumpstream.
[ERROR] -> [Help 1]
[ERROR] 
[ERROR] To see the full stack trace of the errors, re-run Maven with the -e switch.
[ERROR] Re-run Maven using the -X switch to enable full debug logging.
[ERROR] 
[ERROR] For more information about the errors and possible solutions, please read the following articles:
[ERROR] [Help 1] http://cwiki.apache.org/confluence/display/MAVEN/MojoFailureException

Security framework of XStream not initialized, XStream is probably vulnerable.

---------------------------------------------------
[LOG] Cleaned targets with ['mvn', 'clean']
[INFO] Scanning for projects...
[INFO] 
[INFO] ------------------------< org.gephi:rick-tests >------------------------
[INFO] Building rick-tests 1.0-SNAPSHOT
[INFO] --------------------------------[ jar ]---------------------------------
[INFO] 
[INFO] --- maven-clean-plugin:2.5:clean (default-clean) @ rick-tests ---
[INFO] Deleting /home/dee/dev/rick-major-review/rick-tests/target
[INFO] ------------------------------------------------------------------------
[INFO] BUILD SUCCESS
[INFO] ------------------------------------------------------------------------
[INFO] Total time:  1.144 s
[INFO] Finished at: 2023-06-11T17:21:47+02:00
[INFO] ------------------------------------------------------------------------


---------------------------------------------------
[LOG] In experiment directory /home/dee/dev/rick-experiments/mutation-analysis
---------------------------------------------------
[LOG] Restoring original RICK test from ./AttributeColumnsControllerImpl.java/original-test.java
[LOG] Invoking cp ./AttributeColumnsControllerImpl.java/original-test.java /home/dee/dev/rick-major-review/rick-tests/src/test/java/org/gephi/datalab/impl/TestAttributeColumnsControllerImplRickGenCanConvertColumnToDynamic.java
---------------------------------------------------
[ALL] Evaluating (OO +) PO + CO
[LOG] Restoring original RICK test from ./AttributeColumnsControllerImpl.java/original-test.java
[LOG] Invoking cp ./AttributeColumnsControllerImpl.java/original-test.java /home/dee/dev/rick-major-review/rick-tests/src/test/java/org/gephi/datalab/impl/TestAttributeColumnsControllerImplRickGenCanConvertColumnToDynamic.java
[LOG] In test module directory /home/dee/dev/rick-major-review/rick-tests
[LOG] Invoked tests with ['mvn', 'test', '-Dtest=TestAttributeColumnsControllerImplRickGenCanConvertColumnToDynamic']
[INFO] Scanning for projects...
[INFO] 
[INFO] ------------------------< org.gephi:rick-tests >------------------------
[INFO] Building rick-tests 1.0-SNAPSHOT
[INFO] --------------------------------[ jar ]---------------------------------
[INFO] 
[INFO] --- maven-resources-plugin:2.6:resources (default-resources) @ rick-tests ---
[WARNING] Using platform encoding (UTF-8 actually) to copy filtered resources, i.e. build is platform dependent!
[INFO] Copying 0 resource
[INFO] 
[INFO] --- maven-compiler-plugin:3.1:compile (default-compile) @ rick-tests ---
[INFO] Nothing to compile - all classes are up to date
[INFO] 
[INFO] --- maven-resources-plugin:2.6:testResources (default-testResources) @ rick-tests ---
[WARNING] Using platform encoding (UTF-8 actually) to copy filtered resources, i.e. build is platform dependent!
[INFO] Copying 119 resources
[INFO] 
[INFO] --- maven-compiler-plugin:3.1:testCompile (default-testCompile) @ rick-tests ---
[INFO] Changes detected - recompiling the module!
[WARNING] File encoding has not been set, using platform encoding UTF-8, i.e. build is platform dependent!
[INFO] Compiling 26 source files to /home/dee/dev/rick-major-review/rick-tests/target/test-classes
[WARNING] /home/dee/dev/rick-major-review/rick-tests/src/test/java/org/gephi/importer/impl/TestImportContainerImplRickGenNodeExists.java: Some input files use unchecked or unsafe operations.
[WARNING] /home/dee/dev/rick-major-review/rick-tests/src/test/java/org/gephi/importer/impl/TestImportContainerImplRickGenNodeExists.java: Recompile with -Xlint:unchecked for details.
[INFO] 
[INFO] --- maven-surefire-plugin:2.22.2:test (default-test) @ rick-tests ---
[INFO] 
[INFO] -------------------------------------------------------
[INFO]  T E S T S
[INFO] -------------------------------------------------------
[INFO] Running org.gephi.datalab.impl.TestAttributeColumnsControllerImplRickGenCanConvertColumnToDynamic
[ERROR] Tests run: 3, Failures: 3, Errors: 0, Skipped: 0, Time elapsed: 4.752 s <<< FAILURE! - in org.gephi.datalab.impl.TestAttributeColumnsControllerImplRickGenCanConvertColumnToDynamic
[ERROR] test_canConvertColumnToDynamic_OO_e4997630d1334c0f868c228ee62fdd8f  Time elapsed: 3.682 s  <<< FAILURE!
org.opentest4j.AssertionFailedError: expected: <false> but was: <true>
	at org.gephi.datalab.impl.TestAttributeColumnsControllerImplRickGenCanConvertColumnToDynamic.test_canConvertColumnToDynamic_OO_e4997630d1334c0f868c228ee62fdd8f(TestAttributeColumnsControllerImplRickGenCanConvertColumnToDynamic.java:41)

[ERROR] test_canConvertColumnToDynamic_CO_e4997630d1334c0f868c228ee62fdd8f  Time elapsed: 0.072 s  <<< FAILURE!
org.mockito.exceptions.verification.WantedButNotInvoked: 

Wanted but not invoked:
column.isReadOnly();
-> at org.gephi.datalab.impl.TestAttributeColumnsControllerImplRickGenCanConvertColumnToDynamic.test_canConvertColumnToDynamic_CO_e4997630d1334c0f868c228ee62fdd8f(TestAttributeColumnsControllerImplRickGenCanConvertColumnToDynamic.java:72)
Actually, there were zero interactions with this mock.

	at org.gephi.datalab.impl.TestAttributeColumnsControllerImplRickGenCanConvertColumnToDynamic.test_canConvertColumnToDynamic_CO_e4997630d1334c0f868c228ee62fdd8f(TestAttributeColumnsControllerImplRickGenCanConvertColumnToDynamic.java:72)

[ERROR] test_canConvertColumnToDynamic_PO_e4997630d1334c0f868c228ee62fdd8f  Time elapsed: 0.018 s  <<< FAILURE!
org.mockito.exceptions.verification.WantedButNotInvoked: 

Wanted but not invoked:
column.isReadOnly();
-> at org.gephi.datalab.impl.TestAttributeColumnsControllerImplRickGenCanConvertColumnToDynamic.test_canConvertColumnToDynamic_PO_e4997630d1334c0f868c228ee62fdd8f(TestAttributeColumnsControllerImplRickGenCanConvertColumnToDynamic.java:56)
Actually, there were zero interactions with this mock.

	at org.gephi.datalab.impl.TestAttributeColumnsControllerImplRickGenCanConvertColumnToDynamic.test_canConvertColumnToDynamic_PO_e4997630d1334c0f868c228ee62fdd8f(TestAttributeColumnsControllerImplRickGenCanConvertColumnToDynamic.java:56)

[INFO] 
[INFO] Results:
[INFO] 
[ERROR] Failures: 
[ERROR]   TestAttributeColumnsControllerImplRickGenCanConvertColumnToDynamic.test_canConvertColumnToDynamic_CO_e4997630d1334c0f868c228ee62fdd8f:72 
Wanted but not invoked:
column.isReadOnly();
-> at org.gephi.datalab.impl.TestAttributeColumnsControllerImplRickGenCanConvertColumnToDynamic.test_canConvertColumnToDynamic_CO_e4997630d1334c0f868c228ee62fdd8f(TestAttributeColumnsControllerImplRickGenCanConvertColumnToDynamic.java:72)
Actually, there were zero interactions with this mock.

[ERROR]   TestAttributeColumnsControllerImplRickGenCanConvertColumnToDynamic.test_canConvertColumnToDynamic_OO_e4997630d1334c0f868c228ee62fdd8f:41 expected: <false> but was: <true>
[ERROR]   TestAttributeColumnsControllerImplRickGenCanConvertColumnToDynamic.test_canConvertColumnToDynamic_PO_e4997630d1334c0f868c228ee62fdd8f:56 
Wanted but not invoked:
column.isReadOnly();
-> at org.gephi.datalab.impl.TestAttributeColumnsControllerImplRickGenCanConvertColumnToDynamic.test_canConvertColumnToDynamic_PO_e4997630d1334c0f868c228ee62fdd8f(TestAttributeColumnsControllerImplRickGenCanConvertColumnToDynamic.java:56)
Actually, there were zero interactions with this mock.

[INFO] 
[ERROR] Tests run: 3, Failures: 3, Errors: 0, Skipped: 0
[INFO] 
[INFO] ------------------------------------------------------------------------
[INFO] BUILD FAILURE
[INFO] ------------------------------------------------------------------------
[INFO] Total time:  23.068 s
[INFO] Finished at: 2023-06-11T17:22:14+02:00
[INFO] ------------------------------------------------------------------------
[ERROR] Failed to execute goal org.apache.maven.plugins:maven-surefire-plugin:2.22.2:test (default-test) on project rick-tests: There are test failures.
[ERROR] 
[ERROR] Please refer to /home/dee/dev/rick-major-review/rick-tests/target/surefire-reports for the individual test results.
[ERROR] Please refer to dump files (if any exist) [date].dump, [date]-jvmRun[N].dump and [date].dumpstream.
[ERROR] -> [Help 1]
[ERROR] 
[ERROR] To see the full stack trace of the errors, re-run Maven with the -e switch.
[ERROR] Re-run Maven using the -X switch to enable full debug logging.
[ERROR] 
[ERROR] For more information about the errors and possible solutions, please read the following articles:
[ERROR] [Help 1] http://cwiki.apache.org/confluence/display/MAVEN/MojoFailureException

Security framework of XStream not initialized, XStream is probably vulnerable.

---------------------------------------------------
[LOG] Cleaned targets with ['mvn', 'clean']
[INFO] Scanning for projects...
[INFO] 
[INFO] ------------------------< org.gephi:rick-tests >------------------------
[INFO] Building rick-tests 1.0-SNAPSHOT
[INFO] --------------------------------[ jar ]---------------------------------
[INFO] 
[INFO] --- maven-clean-plugin:2.5:clean (default-clean) @ rick-tests ---
[INFO] Deleting /home/dee/dev/rick-major-review/rick-tests/target
[INFO] ------------------------------------------------------------------------
[INFO] BUILD SUCCESS
[INFO] ------------------------------------------------------------------------
[INFO] Total time:  1.268 s
[INFO] Finished at: 2023-06-11T17:22:20+02:00
[INFO] ------------------------------------------------------------------------


---------------------------------------------------
[LOG] In experiment directory /home/dee/dev/rick-experiments/mutation-analysis
---------------------------------------------------
---------------------------------------------------
[LOG] Resetting AttributeColumnsControllerImpl.java to original
[LOG] Invoking cp ./AttributeColumnsControllerImpl.java/original.java /home/dee/dev/rick-major-review/gephi/modules/DataLaboratoryAPI/src/main/java/org/gephi/datalab/impl/AttributeColumnsControllerImpl.java
---------------------------------------------------
[LOG] Replacing originalAttributeColumnsControllerImpl.java with ./AttributeColumnsControllerImpl.java/59.java
[LOG] Invoking cp ./AttributeColumnsControllerImpl.java/59.java /home/dee/dev/rick-major-review/gephi/modules/DataLaboratoryAPI/src/main/java/org/gephi/datalab/impl/AttributeColumnsControllerImpl.java
[LOG] Invoked a clean install of the parent module with ['mvn', 'clean', 'install', '-DskipTests']
[INFO] Scanning for projects...
[INFO] 
[INFO] -----------------------< org.gephi:datalab-api >------------------------
[INFO] Building DataLaboratoryAPI 0.9.6
[INFO] --------------------------------[ nbm ]---------------------------------
[INFO] 
[INFO] --- maven-clean-plugin:3.1.0:clean (default-clean) @ datalab-api ---
[INFO] Deleting /home/dee/dev/rick-major-review/gephi/modules/DataLaboratoryAPI/target
[INFO] 
[INFO] --- build-helper-maven-plugin:3.3.0:parse-version (parse-version) @ datalab-api ---
[INFO] 
[INFO] --- maven-checkstyle-plugin:3.1.2:check (validate) @ datalab-api ---
[INFO] 
[INFO] --- maven-resources-plugin:3.2.0:copy-resources (generate-modules-xml) @ datalab-api ---
[INFO] Using 'UTF-8' encoding to copy filtered resources.
[INFO] Using 'UTF-8' encoding to copy filtered properties files.
[INFO] Copying 1 resource
[INFO] 
[INFO] --- maven-resources-plugin:3.2.0:resources (default-resources) @ datalab-api ---
[INFO] Using 'UTF-8' encoding to copy filtered resources.
[INFO] Using 'UTF-8' encoding to copy filtered properties files.
[INFO] Copying 34 resources
[INFO] 
[INFO] --- maven-compiler-plugin:3.10.0:compile (default-compile) @ datalab-api ---
[INFO] Changes detected - recompiling the module!
[INFO] Compiling 32 source files to /home/dee/dev/rick-major-review/gephi/modules/DataLaboratoryAPI/target/classes
[WARNING] No processor claimed any of these annotations: java.base/java.lang.Override
[WARNING] /home/dee/dev/rick-major-review/gephi/modules/DataLaboratoryAPI/src/main/java/org/gephi/datalab/api/AttributeColumnsController.java:[92,57] [rawtypes] found raw type: Class
  missing type arguments for generic class Class<T>
  where T is a type-variable:
    T extends Object declared in class Class
[WARNING] /home/dee/dev/rick-major-review/gephi/modules/DataLaboratoryAPI/src/main/java/org/gephi/datalab/api/AttributeColumnsController.java:[108,69] [rawtypes] found raw type: Class
  missing type arguments for generic class Class<T>
  where T is a type-variable:
    T extends Object declared in class Class
[WARNING] /home/dee/dev/rick-major-review/gephi/modules/DataLaboratoryAPI/src/main/java/org/gephi/datalab/impl/AttributeColumnsControllerImpl.java:[103,8] [rawtypes] found raw type: Class
  missing type arguments for generic class Class<T>
  where T is a type-variable:
    T extends Object declared in class Class
[WARNING] /home/dee/dev/rick-major-review/gephi/modules/DataLaboratoryAPI/src/main/java/org/gephi/datalab/impl/AttributeColumnsControllerImpl.java:[135,64] [rawtypes] found raw type: Class
  missing type arguments for generic class Class<T>
  where T is a type-variable:
    T extends Object declared in class Class
[WARNING] /home/dee/dev/rick-major-review/gephi/modules/DataLaboratoryAPI/src/main/java/org/gephi/datalab/impl/AttributeColumnsControllerImpl.java:[164,8] [rawtypes] found raw type: Class
  missing type arguments for generic class Class<T>
  where T is a type-variable:
    T extends Object declared in class Class
[WARNING] /home/dee/dev/rick-major-review/gephi/modules/DataLaboratoryAPI/src/main/java/org/gephi/datalab/impl/AttributeColumnsControllerImpl.java:[216,76] [rawtypes] found raw type: Class
  missing type arguments for generic class Class<T>
  where T is a type-variable:
    T extends Object declared in class Class
[WARNING] /home/dee/dev/rick-major-review/gephi/modules/DataLaboratoryAPI/src/main/java/org/gephi/datalab/impl/AttributeColumnsControllerImpl.java:[231,8] [rawtypes] found raw type: Class
  missing type arguments for generic class Class<T>
  where T is a type-variable:
    T extends Object declared in class Class
[WARNING] /home/dee/dev/rick-major-review/gephi/modules/DataLaboratoryAPI/src/main/java/org/gephi/datalab/impl/AttributeColumnsControllerImpl.java:[546,8] [rawtypes] found raw type: Class
  missing type arguments for generic class Class<T>
  where T is a type-variable:
    T extends Object declared in class Class
[WARNING] /home/dee/dev/rick-major-review/gephi/modules/DataLaboratoryAPI/src/main/java/org/gephi/datalab/impl/AttributeColumnsControllerImpl.java:[583,12] [rawtypes] found raw type: Class
  missing type arguments for generic class Class<T>
  where T is a type-variable:
    T extends Object declared in class Class
[WARNING] /home/dee/dev/rick-major-review/gephi/modules/DataLaboratoryAPI/src/main/java/org/gephi/datalab/impl/AttributeColumnsControllerImpl.java:[817,8] [rawtypes] found raw type: Class
  missing type arguments for generic class Class<T>
  where T is a type-variable:
    T extends Object declared in class Class
[WARNING] /home/dee/dev/rick-major-review/gephi/modules/DataLaboratoryAPI/src/main/java/org/gephi/datalab/impl/AttributeColumnsControllerImpl.java:[823,12] [rawtypes] found raw type: TimestampMap
  missing type arguments for generic class TimestampMap<T>
  where T is a type-variable:
    T extends Object declared in class TimestampMap
[WARNING] /home/dee/dev/rick-major-review/gephi/modules/DataLaboratoryAPI/src/main/java/org/gephi/datalab/impl/AttributeColumnsControllerImpl.java:[830,12] [rawtypes] found raw type: IntervalMap
  missing type arguments for generic class IntervalMap<T>
  where T is a type-variable:
    T extends Object declared in class IntervalMap
[WARNING] /home/dee/dev/rick-major-review/gephi/modules/DataLaboratoryAPI/src/main/java/org/gephi/datalab/impl/AttributeColumnsMergeStrategiesControllerImpl.java:[75,79] [rawtypes] found raw type: Class
  missing type arguments for generic class Class<T>
  where T is a type-variable:
    T extends Object declared in class Class
[WARNING] /home/dee/dev/rick-major-review/gephi/modules/DataLaboratoryAPI/src/main/java/org/gephi/datalab/api/AttributeColumnsMergeStrategiesController.java:[68,72] [rawtypes] found raw type: Class
  missing type arguments for generic class Class<T>
  where T is a type-variable:
    T extends Object declared in class Class
[INFO] 
[INFO] --- nbm-maven-plugin:4.6:manifest (default-manifest) @ datalab-api ---
[INFO] NBM Plugin generates manifest
[INFO] 
[INFO] --- maven-resources-plugin:3.2.0:testResources (default-testResources) @ datalab-api ---
[INFO] Using 'UTF-8' encoding to copy filtered resources.
[INFO] Using 'UTF-8' encoding to copy filtered properties files.
[INFO] skip non existing resourceDirectory /home/dee/dev/rick-major-review/gephi/modules/DataLaboratoryAPI/src/test/resources
[INFO] 
[INFO] --- maven-compiler-plugin:3.10.0:testCompile (default-testCompile) @ datalab-api ---
[INFO] No sources to compile
[INFO] 
[INFO] --- maven-surefire-plugin:2.22.2:test (default-test) @ datalab-api ---
[INFO] Tests are skipped.
[INFO] 
[INFO] --- maven-jar-plugin:3.2.2:jar (default-jar) @ datalab-api ---
[INFO] Building jar: /home/dee/dev/rick-major-review/gephi/modules/DataLaboratoryAPI/target/datalab-api-0.9.6.jar
[INFO] 
[INFO] --- nbm-maven-plugin:4.6:nbm (default-nbm) @ datalab-api ---
[INFO] Copying module JAR to /home/dee/dev/rick-major-review/gephi/modules/DataLaboratoryAPI/target/nbm/clusters/gephi/modules
[INFO] Generating Auto Update information for org.gephi.datalab.api
[WARNING] No updater.jar specified, cannot validate Info.xml against DTD
[INFO] Building jar: /home/dee/dev/rick-major-review/gephi/modules/DataLaboratoryAPI/target/nbm/datalab-api-0.9.6.nbm
[INFO] 
[INFO] --- maven-install-plugin:2.5.2:install (default-install) @ datalab-api ---
[INFO] Installing /home/dee/dev/rick-major-review/gephi/modules/DataLaboratoryAPI/target/datalab-api-0.9.6.jar to /home/dee/.m2/repository/org/gephi/datalab-api/0.9.6/datalab-api-0.9.6.jar
[INFO] Installing /home/dee/dev/rick-major-review/gephi/modules/DataLaboratoryAPI/pom.xml to /home/dee/.m2/repository/org/gephi/datalab-api/0.9.6/datalab-api-0.9.6.pom
[INFO] Installing /home/dee/dev/rick-major-review/gephi/modules/DataLaboratoryAPI/target/datalab-api-0.9.6.nbm to /home/dee/.m2/repository/org/gephi/datalab-api/0.9.6/datalab-api-0.9.6.nbm
[INFO] ------------------------------------------------------------------------
[INFO] BUILD SUCCESS
[INFO] ------------------------------------------------------------------------
[INFO] Total time:  23.676 s
[INFO] Finished at: 2023-06-11T17:22:48+02:00
[INFO] ------------------------------------------------------------------------


---------------------------------------------------
[BASELINE] Not evaluating any oracle
[LOG] Replacing original RICK test with variant baseline
[LOG] Invoking cp /home/dee/dev/rick-experiments/mutation-analysis/output/AttributeColumnsControllerImpl_canConvertColumnToDynamic_Column/test-baseline.java /home/dee/dev/rick-major-review/rick-tests/src/test/java/org/gephi/datalab/impl/TestAttributeColumnsControllerImplRickGenCanConvertColumnToDynamic.java
[LOG] In test module directory /home/dee/dev/rick-major-review/rick-tests
[LOG] Invoked tests with ['mvn', 'test', '-Dtest=TestAttributeColumnsControllerImplRickGenCanConvertColumnToDynamic']
[INFO] Scanning for projects...
[INFO] 
[INFO] ------------------------< org.gephi:rick-tests >------------------------
[INFO] Building rick-tests 1.0-SNAPSHOT
[INFO] --------------------------------[ jar ]---------------------------------
[INFO] 
[INFO] --- maven-resources-plugin:2.6:resources (default-resources) @ rick-tests ---
[WARNING] Using platform encoding (UTF-8 actually) to copy filtered resources, i.e. build is platform dependent!
[INFO] Copying 0 resource
[INFO] 
[INFO] --- maven-compiler-plugin:3.1:compile (default-compile) @ rick-tests ---
[INFO] Nothing to compile - all classes are up to date
[INFO] 
[INFO] --- maven-resources-plugin:2.6:testResources (default-testResources) @ rick-tests ---
[WARNING] Using platform encoding (UTF-8 actually) to copy filtered resources, i.e. build is platform dependent!
[INFO] Copying 119 resources
[INFO] 
[INFO] --- maven-compiler-plugin:3.1:testCompile (default-testCompile) @ rick-tests ---
[INFO] Changes detected - recompiling the module!
[WARNING] File encoding has not been set, using platform encoding UTF-8, i.e. build is platform dependent!
[INFO] Compiling 26 source files to /home/dee/dev/rick-major-review/rick-tests/target/test-classes
[WARNING] /home/dee/dev/rick-major-review/rick-tests/src/test/java/org/gephi/importer/impl/TestImportContainerImplRickGenNodeExists.java: Some input files use unchecked or unsafe operations.
[WARNING] /home/dee/dev/rick-major-review/rick-tests/src/test/java/org/gephi/importer/impl/TestImportContainerImplRickGenNodeExists.java: Recompile with -Xlint:unchecked for details.
[INFO] 
[INFO] --- maven-surefire-plugin:2.22.2:test (default-test) @ rick-tests ---
[INFO] 
[INFO] -------------------------------------------------------
[INFO]  T E S T S
[INFO] -------------------------------------------------------
[INFO] Running org.gephi.datalab.impl.TestAttributeColumnsControllerImplRickGenCanConvertColumnToDynamic
[INFO] Tests run: 3, Failures: 0, Errors: 0, Skipped: 0, Time elapsed: 4.891 s - in org.gephi.datalab.impl.TestAttributeColumnsControllerImplRickGenCanConvertColumnToDynamic
[INFO] 
[INFO] Results:
[INFO] 
[INFO] Tests run: 3, Failures: 0, Errors: 0, Skipped: 0
[INFO] 
[INFO] ------------------------------------------------------------------------
[INFO] BUILD SUCCESS
[INFO] ------------------------------------------------------------------------
[INFO] Total time:  23.934 s
[INFO] Finished at: 2023-06-11T17:23:16+02:00
[INFO] ------------------------------------------------------------------------

Security framework of XStream not initialized, XStream is probably vulnerable.

---------------------------------------------------
[LOG] Cleaned targets with ['mvn', 'clean']
[INFO] Scanning for projects...
[INFO] 
[INFO] ------------------------< org.gephi:rick-tests >------------------------
[INFO] Building rick-tests 1.0-SNAPSHOT
[INFO] --------------------------------[ jar ]---------------------------------
[INFO] 
[INFO] --- maven-clean-plugin:2.5:clean (default-clean) @ rick-tests ---
[INFO] Deleting /home/dee/dev/rick-major-review/rick-tests/target
[INFO] ------------------------------------------------------------------------
[INFO] BUILD SUCCESS
[INFO] ------------------------------------------------------------------------
[INFO] Total time:  0.975 s
[INFO] Finished at: 2023-06-11T17:23:21+02:00
[INFO] ------------------------------------------------------------------------


---------------------------------------------------
[LOG] In experiment directory /home/dee/dev/rick-experiments/mutation-analysis
---------------------------------------------------
[LOG] Restoring original RICK test from ./AttributeColumnsControllerImpl.java/original-test.java
[LOG] Invoking cp ./AttributeColumnsControllerImpl.java/original-test.java /home/dee/dev/rick-major-review/rick-tests/src/test/java/org/gephi/datalab/impl/TestAttributeColumnsControllerImplRickGenCanConvertColumnToDynamic.java
---------------------------------------------------
[OO] Evaluating only OO
[LOG] Replacing original RICK test with variant oo
[LOG] Invoking cp /home/dee/dev/rick-experiments/mutation-analysis/output/AttributeColumnsControllerImpl_canConvertColumnToDynamic_Column/test-oo.java /home/dee/dev/rick-major-review/rick-tests/src/test/java/org/gephi/datalab/impl/TestAttributeColumnsControllerImplRickGenCanConvertColumnToDynamic.java
[LOG] In test module directory /home/dee/dev/rick-major-review/rick-tests
[LOG] Invoked tests with ['mvn', 'test', '-Dtest=TestAttributeColumnsControllerImplRickGenCanConvertColumnToDynamic']
[INFO] Scanning for projects...
[INFO] 
[INFO] ------------------------< org.gephi:rick-tests >------------------------
[INFO] Building rick-tests 1.0-SNAPSHOT
[INFO] --------------------------------[ jar ]---------------------------------
[INFO] 
[INFO] --- maven-resources-plugin:2.6:resources (default-resources) @ rick-tests ---
[WARNING] Using platform encoding (UTF-8 actually) to copy filtered resources, i.e. build is platform dependent!
[INFO] Copying 0 resource
[INFO] 
[INFO] --- maven-compiler-plugin:3.1:compile (default-compile) @ rick-tests ---
[INFO] Nothing to compile - all classes are up to date
[INFO] 
[INFO] --- maven-resources-plugin:2.6:testResources (default-testResources) @ rick-tests ---
[WARNING] Using platform encoding (UTF-8 actually) to copy filtered resources, i.e. build is platform dependent!
[INFO] Copying 119 resources
[INFO] 
[INFO] --- maven-compiler-plugin:3.1:testCompile (default-testCompile) @ rick-tests ---
[INFO] Changes detected - recompiling the module!
[WARNING] File encoding has not been set, using platform encoding UTF-8, i.e. build is platform dependent!
[INFO] Compiling 26 source files to /home/dee/dev/rick-major-review/rick-tests/target/test-classes
[WARNING] /home/dee/dev/rick-major-review/rick-tests/src/test/java/org/gephi/importer/impl/TestImportContainerImplRickGenNodeExists.java: Some input files use unchecked or unsafe operations.
[WARNING] /home/dee/dev/rick-major-review/rick-tests/src/test/java/org/gephi/importer/impl/TestImportContainerImplRickGenNodeExists.java: Recompile with -Xlint:unchecked for details.
[INFO] 
[INFO] --- maven-surefire-plugin:2.22.2:test (default-test) @ rick-tests ---
[INFO] 
[INFO] -------------------------------------------------------
[INFO]  T E S T S
[INFO] -------------------------------------------------------
[INFO] Running org.gephi.datalab.impl.TestAttributeColumnsControllerImplRickGenCanConvertColumnToDynamic
[INFO] Tests run: 3, Failures: 0, Errors: 0, Skipped: 0, Time elapsed: 5.187 s - in org.gephi.datalab.impl.TestAttributeColumnsControllerImplRickGenCanConvertColumnToDynamic
[INFO] 
[INFO] Results:
[INFO] 
[INFO] Tests run: 3, Failures: 0, Errors: 0, Skipped: 0
[INFO] 
[INFO] ------------------------------------------------------------------------
[INFO] BUILD SUCCESS
[INFO] ------------------------------------------------------------------------
[INFO] Total time:  23.226 s
[INFO] Finished at: 2023-06-11T17:23:49+02:00
[INFO] ------------------------------------------------------------------------

Security framework of XStream not initialized, XStream is probably vulnerable.

---------------------------------------------------
[LOG] Cleaned targets with ['mvn', 'clean']
[INFO] Scanning for projects...
[INFO] 
[INFO] ------------------------< org.gephi:rick-tests >------------------------
[INFO] Building rick-tests 1.0-SNAPSHOT
[INFO] --------------------------------[ jar ]---------------------------------
[INFO] 
[INFO] --- maven-clean-plugin:2.5:clean (default-clean) @ rick-tests ---
[INFO] Deleting /home/dee/dev/rick-major-review/rick-tests/target
[INFO] ------------------------------------------------------------------------
[INFO] BUILD SUCCESS
[INFO] ------------------------------------------------------------------------
[INFO] Total time:  1.257 s
[INFO] Finished at: 2023-06-11T17:23:54+02:00
[INFO] ------------------------------------------------------------------------


---------------------------------------------------
[LOG] In experiment directory /home/dee/dev/rick-experiments/mutation-analysis
---------------------------------------------------
[LOG] Restoring original RICK test from ./AttributeColumnsControllerImpl.java/original-test.java
[LOG] Invoking cp ./AttributeColumnsControllerImpl.java/original-test.java /home/dee/dev/rick-major-review/rick-tests/src/test/java/org/gephi/datalab/impl/TestAttributeColumnsControllerImplRickGenCanConvertColumnToDynamic.java
---------------------------------------------------
[PO] Evaluating only PO
[LOG] Replacing original RICK test with variant po
[LOG] Invoking cp /home/dee/dev/rick-experiments/mutation-analysis/output/AttributeColumnsControllerImpl_canConvertColumnToDynamic_Column/test-po.java /home/dee/dev/rick-major-review/rick-tests/src/test/java/org/gephi/datalab/impl/TestAttributeColumnsControllerImplRickGenCanConvertColumnToDynamic.java
[LOG] In test module directory /home/dee/dev/rick-major-review/rick-tests
[LOG] Invoked tests with ['mvn', 'test', '-Dtest=TestAttributeColumnsControllerImplRickGenCanConvertColumnToDynamic']
[INFO] Scanning for projects...
[INFO] 
[INFO] ------------------------< org.gephi:rick-tests >------------------------
[INFO] Building rick-tests 1.0-SNAPSHOT
[INFO] --------------------------------[ jar ]---------------------------------
[INFO] 
[INFO] --- maven-resources-plugin:2.6:resources (default-resources) @ rick-tests ---
[WARNING] Using platform encoding (UTF-8 actually) to copy filtered resources, i.e. build is platform dependent!
[INFO] Copying 0 resource
[INFO] 
[INFO] --- maven-compiler-plugin:3.1:compile (default-compile) @ rick-tests ---
[INFO] Nothing to compile - all classes are up to date
[INFO] 
[INFO] --- maven-resources-plugin:2.6:testResources (default-testResources) @ rick-tests ---
[WARNING] Using platform encoding (UTF-8 actually) to copy filtered resources, i.e. build is platform dependent!
[INFO] Copying 119 resources
[INFO] 
[INFO] --- maven-compiler-plugin:3.1:testCompile (default-testCompile) @ rick-tests ---
[INFO] Changes detected - recompiling the module!
[WARNING] File encoding has not been set, using platform encoding UTF-8, i.e. build is platform dependent!
[INFO] Compiling 26 source files to /home/dee/dev/rick-major-review/rick-tests/target/test-classes
[WARNING] /home/dee/dev/rick-major-review/rick-tests/src/test/java/org/gephi/importer/impl/TestImportContainerImplRickGenNodeExists.java: Some input files use unchecked or unsafe operations.
[WARNING] /home/dee/dev/rick-major-review/rick-tests/src/test/java/org/gephi/importer/impl/TestImportContainerImplRickGenNodeExists.java: Recompile with -Xlint:unchecked for details.
[INFO] 
[INFO] --- maven-surefire-plugin:2.22.2:test (default-test) @ rick-tests ---
[INFO] 
[INFO] -------------------------------------------------------
[INFO]  T E S T S
[INFO] -------------------------------------------------------
[INFO] Running org.gephi.datalab.impl.TestAttributeColumnsControllerImplRickGenCanConvertColumnToDynamic
[ERROR] Tests run: 3, Failures: 1, Errors: 0, Skipped: 0, Time elapsed: 5.249 s <<< FAILURE! - in org.gephi.datalab.impl.TestAttributeColumnsControllerImplRickGenCanConvertColumnToDynamic
[ERROR] test_canConvertColumnToDynamic_PO_e4997630d1334c0f868c228ee62fdd8f  Time elapsed: 0.121 s  <<< FAILURE!
org.mockito.exceptions.verification.WantedButNotInvoked: 

Wanted but not invoked:
column.isReadOnly();
-> at org.gephi.datalab.impl.TestAttributeColumnsControllerImplRickGenCanConvertColumnToDynamic.test_canConvertColumnToDynamic_PO_e4997630d1334c0f868c228ee62fdd8f(TestAttributeColumnsControllerImplRickGenCanConvertColumnToDynamic.java:56)
Actually, there were zero interactions with this mock.

	at org.gephi.datalab.impl.TestAttributeColumnsControllerImplRickGenCanConvertColumnToDynamic.test_canConvertColumnToDynamic_PO_e4997630d1334c0f868c228ee62fdd8f(TestAttributeColumnsControllerImplRickGenCanConvertColumnToDynamic.java:56)

[INFO] 
[INFO] Results:
[INFO] 
[ERROR] Failures: 
[ERROR]   TestAttributeColumnsControllerImplRickGenCanConvertColumnToDynamic.test_canConvertColumnToDynamic_PO_e4997630d1334c0f868c228ee62fdd8f:56 
Wanted but not invoked:
column.isReadOnly();
-> at org.gephi.datalab.impl.TestAttributeColumnsControllerImplRickGenCanConvertColumnToDynamic.test_canConvertColumnToDynamic_PO_e4997630d1334c0f868c228ee62fdd8f(TestAttributeColumnsControllerImplRickGenCanConvertColumnToDynamic.java:56)
Actually, there were zero interactions with this mock.

[INFO] 
[ERROR] Tests run: 3, Failures: 1, Errors: 0, Skipped: 0
[INFO] 
[INFO] ------------------------------------------------------------------------
[INFO] BUILD FAILURE
[INFO] ------------------------------------------------------------------------
[INFO] Total time:  22.750 s
[INFO] Finished at: 2023-06-11T17:24:22+02:00
[INFO] ------------------------------------------------------------------------
[ERROR] Failed to execute goal org.apache.maven.plugins:maven-surefire-plugin:2.22.2:test (default-test) on project rick-tests: There are test failures.
[ERROR] 
[ERROR] Please refer to /home/dee/dev/rick-major-review/rick-tests/target/surefire-reports for the individual test results.
[ERROR] Please refer to dump files (if any exist) [date].dump, [date]-jvmRun[N].dump and [date].dumpstream.
[ERROR] -> [Help 1]
[ERROR] 
[ERROR] To see the full stack trace of the errors, re-run Maven with the -e switch.
[ERROR] Re-run Maven using the -X switch to enable full debug logging.
[ERROR] 
[ERROR] For more information about the errors and possible solutions, please read the following articles:
[ERROR] [Help 1] http://cwiki.apache.org/confluence/display/MAVEN/MojoFailureException

Security framework of XStream not initialized, XStream is probably vulnerable.

---------------------------------------------------
[LOG] Cleaned targets with ['mvn', 'clean']
[INFO] Scanning for projects...
[INFO] 
[INFO] ------------------------< org.gephi:rick-tests >------------------------
[INFO] Building rick-tests 1.0-SNAPSHOT
[INFO] --------------------------------[ jar ]---------------------------------
[INFO] 
[INFO] --- maven-clean-plugin:2.5:clean (default-clean) @ rick-tests ---
[INFO] Deleting /home/dee/dev/rick-major-review/rick-tests/target
[INFO] ------------------------------------------------------------------------
[INFO] BUILD SUCCESS
[INFO] ------------------------------------------------------------------------
[INFO] Total time:  1.130 s
[INFO] Finished at: 2023-06-11T17:24:28+02:00
[INFO] ------------------------------------------------------------------------


---------------------------------------------------
[LOG] In experiment directory /home/dee/dev/rick-experiments/mutation-analysis
---------------------------------------------------
[LOG] Restoring original RICK test from ./AttributeColumnsControllerImpl.java/original-test.java
[LOG] Invoking cp ./AttributeColumnsControllerImpl.java/original-test.java /home/dee/dev/rick-major-review/rick-tests/src/test/java/org/gephi/datalab/impl/TestAttributeColumnsControllerImplRickGenCanConvertColumnToDynamic.java
---------------------------------------------------
[CO] Evaluating only CO
[LOG] Replacing original RICK test with variant co
[LOG] Invoking cp /home/dee/dev/rick-experiments/mutation-analysis/output/AttributeColumnsControllerImpl_canConvertColumnToDynamic_Column/test-co.java /home/dee/dev/rick-major-review/rick-tests/src/test/java/org/gephi/datalab/impl/TestAttributeColumnsControllerImplRickGenCanConvertColumnToDynamic.java
[LOG] In test module directory /home/dee/dev/rick-major-review/rick-tests
[LOG] Invoked tests with ['mvn', 'test', '-Dtest=TestAttributeColumnsControllerImplRickGenCanConvertColumnToDynamic']
[INFO] Scanning for projects...
[INFO] 
[INFO] ------------------------< org.gephi:rick-tests >------------------------
[INFO] Building rick-tests 1.0-SNAPSHOT
[INFO] --------------------------------[ jar ]---------------------------------
[INFO] 
[INFO] --- maven-resources-plugin:2.6:resources (default-resources) @ rick-tests ---
[WARNING] Using platform encoding (UTF-8 actually) to copy filtered resources, i.e. build is platform dependent!
[INFO] Copying 0 resource
[INFO] 
[INFO] --- maven-compiler-plugin:3.1:compile (default-compile) @ rick-tests ---
[INFO] Nothing to compile - all classes are up to date
[INFO] 
[INFO] --- maven-resources-plugin:2.6:testResources (default-testResources) @ rick-tests ---
[WARNING] Using platform encoding (UTF-8 actually) to copy filtered resources, i.e. build is platform dependent!
[INFO] Copying 119 resources
[INFO] 
[INFO] --- maven-compiler-plugin:3.1:testCompile (default-testCompile) @ rick-tests ---
[INFO] Changes detected - recompiling the module!
[WARNING] File encoding has not been set, using platform encoding UTF-8, i.e. build is platform dependent!
[INFO] Compiling 26 source files to /home/dee/dev/rick-major-review/rick-tests/target/test-classes
[WARNING] /home/dee/dev/rick-major-review/rick-tests/src/test/java/org/gephi/importer/impl/TestImportContainerImplRickGenNodeExists.java: Some input files use unchecked or unsafe operations.
[WARNING] /home/dee/dev/rick-major-review/rick-tests/src/test/java/org/gephi/importer/impl/TestImportContainerImplRickGenNodeExists.java: Recompile with -Xlint:unchecked for details.
[INFO] 
[INFO] --- maven-surefire-plugin:2.22.2:test (default-test) @ rick-tests ---
[INFO] 
[INFO] -------------------------------------------------------
[INFO]  T E S T S
[INFO] -------------------------------------------------------
[INFO] Running org.gephi.datalab.impl.TestAttributeColumnsControllerImplRickGenCanConvertColumnToDynamic
[ERROR] Tests run: 3, Failures: 1, Errors: 0, Skipped: 0, Time elapsed: 4.818 s <<< FAILURE! - in org.gephi.datalab.impl.TestAttributeColumnsControllerImplRickGenCanConvertColumnToDynamic
[ERROR] test_canConvertColumnToDynamic_CO_e4997630d1334c0f868c228ee62fdd8f  Time elapsed: 0.127 s  <<< FAILURE!
org.mockito.exceptions.verification.WantedButNotInvoked: 

Wanted but not invoked:
column.isReadOnly();
-> at org.gephi.datalab.impl.TestAttributeColumnsControllerImplRickGenCanConvertColumnToDynamic.test_canConvertColumnToDynamic_CO_e4997630d1334c0f868c228ee62fdd8f(TestAttributeColumnsControllerImplRickGenCanConvertColumnToDynamic.java:72)
Actually, there were zero interactions with this mock.

	at org.gephi.datalab.impl.TestAttributeColumnsControllerImplRickGenCanConvertColumnToDynamic.test_canConvertColumnToDynamic_CO_e4997630d1334c0f868c228ee62fdd8f(TestAttributeColumnsControllerImplRickGenCanConvertColumnToDynamic.java:72)

[INFO] 
[INFO] Results:
[INFO] 
[ERROR] Failures: 
[ERROR]   TestAttributeColumnsControllerImplRickGenCanConvertColumnToDynamic.test_canConvertColumnToDynamic_CO_e4997630d1334c0f868c228ee62fdd8f:72 
Wanted but not invoked:
column.isReadOnly();
-> at org.gephi.datalab.impl.TestAttributeColumnsControllerImplRickGenCanConvertColumnToDynamic.test_canConvertColumnToDynamic_CO_e4997630d1334c0f868c228ee62fdd8f(TestAttributeColumnsControllerImplRickGenCanConvertColumnToDynamic.java:72)
Actually, there were zero interactions with this mock.

[INFO] 
[ERROR] Tests run: 3, Failures: 1, Errors: 0, Skipped: 0
[INFO] 
[INFO] ------------------------------------------------------------------------
[INFO] BUILD FAILURE
[INFO] ------------------------------------------------------------------------
[INFO] Total time:  25.669 s
[INFO] Finished at: 2023-06-11T17:24:58+02:00
[INFO] ------------------------------------------------------------------------
[ERROR] Failed to execute goal org.apache.maven.plugins:maven-surefire-plugin:2.22.2:test (default-test) on project rick-tests: There are test failures.
[ERROR] 
[ERROR] Please refer to /home/dee/dev/rick-major-review/rick-tests/target/surefire-reports for the individual test results.
[ERROR] Please refer to dump files (if any exist) [date].dump, [date]-jvmRun[N].dump and [date].dumpstream.
[ERROR] -> [Help 1]
[ERROR] 
[ERROR] To see the full stack trace of the errors, re-run Maven with the -e switch.
[ERROR] Re-run Maven using the -X switch to enable full debug logging.
[ERROR] 
[ERROR] For more information about the errors and possible solutions, please read the following articles:
[ERROR] [Help 1] http://cwiki.apache.org/confluence/display/MAVEN/MojoFailureException

Security framework of XStream not initialized, XStream is probably vulnerable.

---------------------------------------------------
[LOG] Cleaned targets with ['mvn', 'clean']
[INFO] Scanning for projects...
[INFO] 
[INFO] ------------------------< org.gephi:rick-tests >------------------------
[INFO] Building rick-tests 1.0-SNAPSHOT
[INFO] --------------------------------[ jar ]---------------------------------
[INFO] 
[INFO] --- maven-clean-plugin:2.5:clean (default-clean) @ rick-tests ---
[INFO] Deleting /home/dee/dev/rick-major-review/rick-tests/target
[INFO] ------------------------------------------------------------------------
[INFO] BUILD SUCCESS
[INFO] ------------------------------------------------------------------------
[INFO] Total time:  1.040 s
[INFO] Finished at: 2023-06-11T17:25:03+02:00
[INFO] ------------------------------------------------------------------------


---------------------------------------------------
[LOG] In experiment directory /home/dee/dev/rick-experiments/mutation-analysis
---------------------------------------------------
[LOG] Restoring original RICK test from ./AttributeColumnsControllerImpl.java/original-test.java
[LOG] Invoking cp ./AttributeColumnsControllerImpl.java/original-test.java /home/dee/dev/rick-major-review/rick-tests/src/test/java/org/gephi/datalab/impl/TestAttributeColumnsControllerImplRickGenCanConvertColumnToDynamic.java
---------------------------------------------------
[ALL] Evaluating (OO +) PO + CO
[LOG] Restoring original RICK test from ./AttributeColumnsControllerImpl.java/original-test.java
[LOG] Invoking cp ./AttributeColumnsControllerImpl.java/original-test.java /home/dee/dev/rick-major-review/rick-tests/src/test/java/org/gephi/datalab/impl/TestAttributeColumnsControllerImplRickGenCanConvertColumnToDynamic.java
[LOG] In test module directory /home/dee/dev/rick-major-review/rick-tests
[LOG] Invoked tests with ['mvn', 'test', '-Dtest=TestAttributeColumnsControllerImplRickGenCanConvertColumnToDynamic']
[INFO] Scanning for projects...
[INFO] 
[INFO] ------------------------< org.gephi:rick-tests >------------------------
[INFO] Building rick-tests 1.0-SNAPSHOT
[INFO] --------------------------------[ jar ]---------------------------------
[INFO] 
[INFO] --- maven-resources-plugin:2.6:resources (default-resources) @ rick-tests ---
[WARNING] Using platform encoding (UTF-8 actually) to copy filtered resources, i.e. build is platform dependent!
[INFO] Copying 0 resource
[INFO] 
[INFO] --- maven-compiler-plugin:3.1:compile (default-compile) @ rick-tests ---
[INFO] Nothing to compile - all classes are up to date
[INFO] 
[INFO] --- maven-resources-plugin:2.6:testResources (default-testResources) @ rick-tests ---
[WARNING] Using platform encoding (UTF-8 actually) to copy filtered resources, i.e. build is platform dependent!
[INFO] Copying 119 resources
[INFO] 
[INFO] --- maven-compiler-plugin:3.1:testCompile (default-testCompile) @ rick-tests ---
[INFO] Changes detected - recompiling the module!
[WARNING] File encoding has not been set, using platform encoding UTF-8, i.e. build is platform dependent!
[INFO] Compiling 26 source files to /home/dee/dev/rick-major-review/rick-tests/target/test-classes
[WARNING] /home/dee/dev/rick-major-review/rick-tests/src/test/java/org/gephi/importer/impl/TestImportContainerImplRickGenNodeExists.java: Some input files use unchecked or unsafe operations.
[WARNING] /home/dee/dev/rick-major-review/rick-tests/src/test/java/org/gephi/importer/impl/TestImportContainerImplRickGenNodeExists.java: Recompile with -Xlint:unchecked for details.
[INFO] 
[INFO] --- maven-surefire-plugin:2.22.2:test (default-test) @ rick-tests ---
[INFO] 
[INFO] -------------------------------------------------------
[INFO]  T E S T S
[INFO] -------------------------------------------------------
[INFO] Running org.gephi.datalab.impl.TestAttributeColumnsControllerImplRickGenCanConvertColumnToDynamic
[ERROR] Tests run: 3, Failures: 2, Errors: 0, Skipped: 0, Time elapsed: 5.233 s <<< FAILURE! - in org.gephi.datalab.impl.TestAttributeColumnsControllerImplRickGenCanConvertColumnToDynamic
[ERROR] test_canConvertColumnToDynamic_CO_e4997630d1334c0f868c228ee62fdd8f  Time elapsed: 0.212 s  <<< FAILURE!
org.mockito.exceptions.verification.WantedButNotInvoked: 

Wanted but not invoked:
column.isReadOnly();
-> at org.gephi.datalab.impl.TestAttributeColumnsControllerImplRickGenCanConvertColumnToDynamic.test_canConvertColumnToDynamic_CO_e4997630d1334c0f868c228ee62fdd8f(TestAttributeColumnsControllerImplRickGenCanConvertColumnToDynamic.java:72)
Actually, there were zero interactions with this mock.

	at org.gephi.datalab.impl.TestAttributeColumnsControllerImplRickGenCanConvertColumnToDynamic.test_canConvertColumnToDynamic_CO_e4997630d1334c0f868c228ee62fdd8f(TestAttributeColumnsControllerImplRickGenCanConvertColumnToDynamic.java:72)

[ERROR] test_canConvertColumnToDynamic_PO_e4997630d1334c0f868c228ee62fdd8f  Time elapsed: 0.024 s  <<< FAILURE!
org.mockito.exceptions.verification.WantedButNotInvoked: 

Wanted but not invoked:
column.isReadOnly();
-> at org.gephi.datalab.impl.TestAttributeColumnsControllerImplRickGenCanConvertColumnToDynamic.test_canConvertColumnToDynamic_PO_e4997630d1334c0f868c228ee62fdd8f(TestAttributeColumnsControllerImplRickGenCanConvertColumnToDynamic.java:56)
Actually, there were zero interactions with this mock.

	at org.gephi.datalab.impl.TestAttributeColumnsControllerImplRickGenCanConvertColumnToDynamic.test_canConvertColumnToDynamic_PO_e4997630d1334c0f868c228ee62fdd8f(TestAttributeColumnsControllerImplRickGenCanConvertColumnToDynamic.java:56)

[INFO] 
[INFO] Results:
[INFO] 
[ERROR] Failures: 
[ERROR]   TestAttributeColumnsControllerImplRickGenCanConvertColumnToDynamic.test_canConvertColumnToDynamic_CO_e4997630d1334c0f868c228ee62fdd8f:72 
Wanted but not invoked:
column.isReadOnly();
-> at org.gephi.datalab.impl.TestAttributeColumnsControllerImplRickGenCanConvertColumnToDynamic.test_canConvertColumnToDynamic_CO_e4997630d1334c0f868c228ee62fdd8f(TestAttributeColumnsControllerImplRickGenCanConvertColumnToDynamic.java:72)
Actually, there were zero interactions with this mock.

[ERROR]   TestAttributeColumnsControllerImplRickGenCanConvertColumnToDynamic.test_canConvertColumnToDynamic_PO_e4997630d1334c0f868c228ee62fdd8f:56 
Wanted but not invoked:
column.isReadOnly();
-> at org.gephi.datalab.impl.TestAttributeColumnsControllerImplRickGenCanConvertColumnToDynamic.test_canConvertColumnToDynamic_PO_e4997630d1334c0f868c228ee62fdd8f(TestAttributeColumnsControllerImplRickGenCanConvertColumnToDynamic.java:56)
Actually, there were zero interactions with this mock.

[INFO] 
[ERROR] Tests run: 3, Failures: 2, Errors: 0, Skipped: 0
[INFO] 
[INFO] ------------------------------------------------------------------------
[INFO] BUILD FAILURE
[INFO] ------------------------------------------------------------------------
[INFO] Total time:  23.258 s
[INFO] Finished at: 2023-06-11T17:25:31+02:00
[INFO] ------------------------------------------------------------------------
[ERROR] Failed to execute goal org.apache.maven.plugins:maven-surefire-plugin:2.22.2:test (default-test) on project rick-tests: There are test failures.
[ERROR] 
[ERROR] Please refer to /home/dee/dev/rick-major-review/rick-tests/target/surefire-reports for the individual test results.
[ERROR] Please refer to dump files (if any exist) [date].dump, [date]-jvmRun[N].dump and [date].dumpstream.
[ERROR] -> [Help 1]
[ERROR] 
[ERROR] To see the full stack trace of the errors, re-run Maven with the -e switch.
[ERROR] Re-run Maven using the -X switch to enable full debug logging.
[ERROR] 
[ERROR] For more information about the errors and possible solutions, please read the following articles:
[ERROR] [Help 1] http://cwiki.apache.org/confluence/display/MAVEN/MojoFailureException

Security framework of XStream not initialized, XStream is probably vulnerable.

---------------------------------------------------
[LOG] Cleaned targets with ['mvn', 'clean']
[INFO] Scanning for projects...
[INFO] 
[INFO] ------------------------< org.gephi:rick-tests >------------------------
[INFO] Building rick-tests 1.0-SNAPSHOT
[INFO] --------------------------------[ jar ]---------------------------------
[INFO] 
[INFO] --- maven-clean-plugin:2.5:clean (default-clean) @ rick-tests ---
[INFO] Deleting /home/dee/dev/rick-major-review/rick-tests/target
[INFO] ------------------------------------------------------------------------
[INFO] BUILD SUCCESS
[INFO] ------------------------------------------------------------------------
[INFO] Total time:  0.997 s
[INFO] Finished at: 2023-06-11T17:25:36+02:00
[INFO] ------------------------------------------------------------------------


---------------------------------------------------
[LOG] In experiment directory /home/dee/dev/rick-experiments/mutation-analysis
---------------------------------------------------
---------------------------------------------------
[LOG] Resetting AttributeColumnsControllerImpl.java to original
[LOG] Invoking cp ./AttributeColumnsControllerImpl.java/original.java /home/dee/dev/rick-major-review/gephi/modules/DataLaboratoryAPI/src/main/java/org/gephi/datalab/impl/AttributeColumnsControllerImpl.java
---------------------------------------------------
[LOG] Copying littledarwin mutants to /home/dee/dev/rick-experiments/mutation-analysis/output/AttributeColumnsControllerImpl_canConvertColumnToDynamic_Column/
[LOG] Invoked copying with ['cp', '-r', '/home/dee/dev/rick-experiments/mutation-analysis/AttributeColumnsControllerImpl.java', '/home/dee/dev/rick-experiments/mutation-analysis/output/AttributeColumnsControllerImpl_canConvertColumnToDynamic_Column/']


---------------------------------------------------
[LOG] Finishing analysis at 2023-06-11 17:25:36.935828
====== END OF THE LINE ======
