[LOG] Initiating analysis at 2023-06-06 20:52:31.912494
---------------------------------------------------
[LOG] Removing pre-existing mutants from current working directory
[LOG] Cleaning up LittleDarwin results
---------------------------------------------------
[LOG] Working with ImportContainerImpl_nodeExists_String
[LOG] Generating mutants for its parent ImportContainerImpl.java
---------------------------------------------------
[LOG] Running littledarwin on /home/dee/dev/rick-major-review/gephi/modules/ImportAPI/src/main/java/org/gephi/io/importer/impl/
[LOG] Invoked LitteDarwin with ['python3', '-m', 'littledarwin', '-m', '-v', '-p', '/home/dee/dev/rick-major-review/gephi/modules/ImportAPI/src/main/java/org/gephi/io/importer/impl/', '--all']

    __     _  __   __   __       ____                          _
   / /    (_)/ /_ / /_ / /___   / __ \ ____ _ _____ _      __ (_)____
  / /    / // __// __// // _ \ / / / // __ `// ___/| | /| / // // __ \
 / /___ / // /_ / /_ / //  __// /_/ // /_/ // /    | |/ |/ // // / / /
/_____//_/ \__/ \__//_/ \___//_____/ \__,_//_/     |__/|__//_//_/ /_/

      _                     _                 ___
     /_|  /|/|  _/__/'     /_|   _ /   _ ' _ (_  _ _ _  _      _ /
    (  | /   |(//(///()/) (  |/)(/((/_) /_)  /  / (///)(-((/()/ /(
                                  /


    LittleDarwin version 0.10.7 Copyright (C) 2014-2020 Ali Parsai

    LittleDarwin comes with ABSOLUTELY NO WARRANTY.
    This is free software, and you are welcome to redistribute it
    under certain conditions; run LittleDarwin --license for details.

    
Source Path:  /home/dee/dev/rick-major-review/gephi/modules/ImportAPI/src/main/java/org/gephi/io/importer/impl
Target Path:  /home/dee/anaconda3/lib/python3.8/site-packages/littledarwin/LittleDarwinResults
Creating Mutation Database:  /home/dee/anaconda3/lib/python3.8/site-packages/littledarwin/LittleDarwinResults/mutationdatabase

(1/9) Source file:  /home/dee/dev/rick-major-review/gephi/modules/ImportAPI/src/main/java/org/gephi/io/importer/impl/ImportControllerImpl.java
ANTLR runtime and generated code versions disagree: 4.13.0!=4.10.1
ANTLR runtime and generated code versions disagree: 4.13.0!=4.10.1
--> Mutations found:  138
----> ConditionalOperatorReplacement : 6
----> RemoveMethod : 21
----> RelationalOperatorReplacement : 20
----> NullifyInputVariable : 31
----> NullifyReturnValue : 29
----> NullifyObjectInitialization : 13
----> RemoveNullCheck : 18

(2/9) Source file:  /home/dee/dev/rick-major-review/gephi/modules/ImportAPI/src/main/java/org/gephi/io/importer/impl/ImportContainerImpl.java
ANTLR runtime and generated code versions disagree: 4.13.0!=4.10.1
ANTLR runtime and generated code versions disagree: 4.13.0!=4.10.1
--> Mutations found:  429
----> ConditionalOperatorReplacement : 43
----> ShiftOperatorReplacement : 2
----> RemoveMethod : 106
----> RelationalOperatorReplacement : 65
----> ArithmeticOperatorReplacementShortcut : 10
----> ArithmeticOperatorReplacementBinary : 13
----> ConditionalOperatorDeletion : 17
----> NullifyInputVariable : 47
----> ArithmeticOperatorReplacementUnary : 1
----> NullifyReturnValue : 35
----> AssignmentOperatorReplacementShortcut : 2
----> NullifyObjectInitialization : 51
----> LogicalOperatorReplacement : 2
----> RemoveNullCheck : 35

(3/9) Source file:  /home/dee/dev/rick-major-review/gephi/modules/ImportAPI/src/main/java/org/gephi/io/importer/impl/ImportContainerFactoryImpl.java
ANTLR runtime and generated code versions disagree: 4.13.0!=4.10.1
ANTLR runtime and generated code versions disagree: 4.13.0!=4.10.1
--> Mutations found:  3
----> RemoveMethod : 1
----> NullifyReturnValue : 1
----> NullifyObjectInitialization : 1

(4/9) Source file:  /home/dee/dev/rick-major-review/gephi/modules/ImportAPI/src/main/java/org/gephi/io/importer/impl/ImportContainerParameters.java
ANTLR runtime and generated code versions disagree: 4.13.0!=4.10.1
ANTLR runtime and generated code versions disagree: 4.13.0!=4.10.1
--> Mutations found:  28
----> RemoveMethod : 26
----> NullifyInputVariable : 1
----> NullifyReturnValue : 1

(5/9) Source file:  /home/dee/dev/rick-major-review/gephi/modules/ImportAPI/src/main/java/org/gephi/io/importer/impl/ElementDraftImpl.java
ANTLR runtime and generated code versions disagree: 4.13.0!=4.10.1
ANTLR runtime and generated code versions disagree: 4.13.0!=4.10.1
--> Mutations found:  225
----> ConditionalOperatorReplacement : 21
----> RemoveMethod : 52
----> RelationalOperatorReplacement : 24
----> ArithmeticOperatorReplacementBinary : 9
----> ConditionalOperatorDeletion : 13
----> NullifyInputVariable : 51
----> ArithmeticOperatorReplacementUnary : 1
----> NullifyReturnValue : 12
----> NullifyObjectInitialization : 22
----> RemoveNullCheck : 20

(6/9) Source file:  /home/dee/dev/rick-major-review/gephi/modules/ImportAPI/src/main/java/org/gephi/io/importer/impl/NodeDraftImpl.java
ANTLR runtime and generated code versions disagree: 4.13.0!=4.10.1
ANTLR runtime and generated code versions disagree: 4.13.0!=4.10.1
--> Mutations found:  32
----> RemoveMethod : 25
----> NullifyInputVariable : 3
----> NullifyReturnValue : 4

(7/9) Source file:  /home/dee/dev/rick-major-review/gephi/modules/ImportAPI/src/main/java/org/gephi/io/importer/impl/ElementFactoryImpl.java
ANTLR runtime and generated code versions disagree: 4.13.0!=4.10.1
ANTLR runtime and generated code versions disagree: 4.13.0!=4.10.1
--> Mutations found:  23
----> RemoveMethod : 4
----> RelationalOperatorReplacement : 2
----> NullifyInputVariable : 2
----> NullifyReturnValue : 4
----> NullifyObjectInitialization : 9
----> RemoveNullCheck : 2

(8/9) Source file:  /home/dee/dev/rick-major-review/gephi/modules/ImportAPI/src/main/java/org/gephi/io/importer/impl/EdgeDraftImpl.java
ANTLR runtime and generated code versions disagree: 4.13.0!=4.10.1
ANTLR runtime and generated code versions disagree: 4.13.0!=4.10.1
--> Mutations found:  50
----> ConditionalOperatorReplacement : 2
----> RemoveMethod : 19
----> RelationalOperatorReplacement : 5
----> ConditionalOperatorDeletion : 1
----> NullifyInputVariable : 8
----> NullifyReturnValue : 10
----> NullifyObjectInitialization : 1
----> RemoveNullCheck : 4

(9/9) Source file:  /home/dee/dev/rick-major-review/gephi/modules/ImportAPI/src/main/java/org/gephi/io/importer/impl/ColumnDraftImpl.java
ANTLR runtime and generated code versions disagree: 4.13.0!=4.10.1
ANTLR runtime and generated code versions disagree: 4.13.0!=4.10.1
--> Mutations found:  34
----> ConditionalOperatorReplacement : 3
----> RemoveMethod : 15
----> RelationalOperatorReplacement : 1
----> ConditionalOperatorDeletion : 3
----> NullifyInputVariable : 5
----> NullifyReturnValue : 6
----> RemoveNullCheck : 1

Total mutations found:  962
--> ConditionalOperatorReplacement: 75
--> ShiftOperatorReplacement: 2
--> RemoveMethod: 269
--> RelationalOperatorReplacement: 117
--> ArithmeticOperatorReplacementShortcut: 10
--> ArithmeticOperatorReplacementBinary: 22
--> ConditionalOperatorDeletion: 34
--> NullifyInputVariable: 148
--> ArithmeticOperatorReplacementUnary: 2
--> NullifyReturnValue: 102
--> AssignmentOperatorReplacementShortcut: 2
--> NullifyObjectInitialization: 97
--> LogicalOperatorReplacement: 2
--> RemoveNullCheck: 80


---------------------------------------------------
[LOG] Copying mutants of ImportContainerImpl.java
---------------------------------------------------
[LOG] Generated 429 mutants
---------------------------------------------------
[LOG] Backing up original RICK test as ./ImportContainerImpl.java/original-test.java
[LOG] Invoking cp /home/dee/dev/rick-major-review/rick-tests/src/test/java/org/gephi/importer/impl/TestImportContainerImplRickGenNodeExists.java ./ImportContainerImpl.java/original-test.java
---------------------------------------------------
[LOG] Generating variants of original RICK test
[LOG] Modifying /home/dee/dev/rick-major-review/finches/output/ImportContainerImpl_nodeExists_String/test-oo.java
[LOG] Created OO test at /home/dee/dev/rick-major-review/finches/output/ImportContainerImpl_nodeExists_String/test-oo.java
[LOG] Modifying /home/dee/dev/rick-major-review/finches/output/ImportContainerImpl_nodeExists_String/test-baseline.java
[LOG] Created baseline test at /home/dee/dev/rick-major-review/finches/output/ImportContainerImpl_nodeExists_String/test-baseline.java
[LOG] Modifying /home/dee/dev/rick-major-review/finches/output/ImportContainerImpl_nodeExists_String/test-po.java
[LOG] Created PO test at /home/dee/dev/rick-major-review/finches/output/ImportContainerImpl_nodeExists_String/test-po.java
[LOG] Modifying /home/dee/dev/rick-major-review/finches/output/ImportContainerImpl_nodeExists_String/test-co.java
[LOG] Created CO test at /home/dee/dev/rick-major-review/finches/output/ImportContainerImpl_nodeExists_String/test-co.java
[LOG] Created test with all oracles at /home/dee/dev/rick-major-review/finches/output/ImportContainerImpl_nodeExists_String/test-all.java
---------------------------------------------------
[LOG] Replacing originalImportContainerImpl.java with ./ImportContainerImpl.java/142.java
[LOG] Invoking cp ./ImportContainerImpl.java/142.java /home/dee/dev/rick-major-review/gephi/modules/ImportAPI/src/main/java/org/gephi/io/importer/impl/ImportContainerImpl.java
[LOG] Invoked a clean install of the parent module with ['mvn', 'clean', 'install', '-DskipTests']
[INFO] Scanning for projects...
[INFO] 
[INFO] ---------------------< org.gephi:io-importer-api >----------------------
[INFO] Building ImportAPI 0.9.6
[INFO] --------------------------------[ nbm ]---------------------------------
[INFO] 
[INFO] --- maven-clean-plugin:3.1.0:clean (default-clean) @ io-importer-api ---
[INFO] Deleting /home/dee/dev/rick-major-review/gephi/modules/ImportAPI/target
[INFO] 
[INFO] --- build-helper-maven-plugin:3.3.0:parse-version (parse-version) @ io-importer-api ---
[INFO] 
[INFO] --- maven-checkstyle-plugin:3.1.2:check (validate) @ io-importer-api ---
[INFO] 
[INFO] --- maven-resources-plugin:3.2.0:copy-resources (generate-modules-xml) @ io-importer-api ---
[INFO] Using 'UTF-8' encoding to copy filtered resources.
[INFO] Using 'UTF-8' encoding to copy filtered properties files.
[INFO] Copying 1 resource
[INFO] 
[INFO] --- maven-resources-plugin:3.2.0:resources (default-resources) @ io-importer-api ---
[INFO] Using 'UTF-8' encoding to copy filtered resources.
[INFO] Using 'UTF-8' encoding to copy filtered properties files.
[INFO] Copying 37 resources
[INFO] 
[INFO] --- maven-compiler-plugin:3.10.0:compile (default-compile) @ io-importer-api ---
[INFO] Changes detected - recompiling the module!
[INFO] Compiling 41 source files to /home/dee/dev/rick-major-review/gephi/modules/ImportAPI/target/classes
[WARNING] No processor claimed any of these annotations: java.base/java.lang.Override
[WARNING] /home/dee/dev/rick-major-review/gephi/modules/ImportAPI/src/main/java/org/gephi/io/importer/api/ContainerLoader.java:[172,42] [rawtypes] found raw type: Class
  missing type arguments for generic class Class<T>
  where T is a type-variable:
    T extends Object declared in class Class
[WARNING] /home/dee/dev/rick-major-review/gephi/modules/ImportAPI/src/main/java/org/gephi/io/importer/api/ContainerLoader.java:[184,42] [rawtypes] found raw type: Class
  missing type arguments for generic class Class<T>
  where T is a type-variable:
    T extends Object declared in class Class
[WARNING] /home/dee/dev/rick-major-review/gephi/modules/ImportAPI/src/main/java/org/gephi/io/importer/api/ContainerLoader.java:[199,42] [rawtypes] found raw type: Class
  missing type arguments for generic class Class<T>
  where T is a type-variable:
    T extends Object declared in class Class
[WARNING] /home/dee/dev/rick-major-review/gephi/modules/ImportAPI/src/main/java/org/gephi/io/importer/api/ContainerLoader.java:[214,42] [rawtypes] found raw type: Class
  missing type arguments for generic class Class<T>
  where T is a type-variable:
    T extends Object declared in class Class
[WARNING] /home/dee/dev/rick-major-review/gephi/modules/ImportAPI/src/main/java/org/gephi/io/importer/api/ContainerUnloader.java:[121,4] [rawtypes] found raw type: Class
  missing type arguments for generic class Class<T>
  where T is a type-variable:
    T extends Object declared in class Class
[WARNING] /home/dee/dev/rick-major-review/gephi/modules/ImportAPI/src/main/java/org/gephi/io/importer/api/ElementDraft.java:[345,4] [rawtypes] found raw type: TimeSet
  missing type arguments for generic class TimeSet<K>
  where K is a type-variable:
    K extends Object declared in interface TimeSet
[WARNING] /home/dee/dev/rick-major-review/gephi/modules/ImportAPI/src/main/java/org/gephi/io/importer/api/ColumnDraft.java:[80,4] [rawtypes] found raw type: Class
  missing type arguments for generic class Class<T>
  where T is a type-variable:
    T extends Object declared in class Class
[WARNING] /home/dee/dev/rick-major-review/gephi/modules/ImportAPI/src/main/java/org/gephi/io/importer/api/ColumnDraft.java:[88,4] [rawtypes] found raw type: Class
  missing type arguments for generic class Class<T>
  where T is a type-variable:
    T extends Object declared in class Class
[WARNING] /home/dee/dev/rick-major-review/gephi/modules/ImportAPI/src/main/java/org/gephi/io/importer/api/ElementIdType.java:[56,18] [rawtypes] found raw type: Class
  missing type arguments for generic class Class<T>
  where T is a type-variable:
    T extends Object declared in class Class
[WARNING] /home/dee/dev/rick-major-review/gephi/modules/ImportAPI/src/main/java/org/gephi/io/importer/api/ElementIdType.java:[58,18] [rawtypes] found raw type: Class
  missing type arguments for generic class Class<T>
  where T is a type-variable:
    T extends Object declared in class Class
[WARNING] /home/dee/dev/rick-major-review/gephi/modules/ImportAPI/src/main/java/org/gephi/io/importer/api/ElementIdType.java:[62,11] [rawtypes] found raw type: Class
  missing type arguments for generic class Class<T>
  where T is a type-variable:
    T extends Object declared in class Class
[WARNING] /home/dee/dev/rick-major-review/gephi/modules/ImportAPI/src/main/java/org/gephi/io/importer/impl/ImportContainerImpl.java:[106,18] [rawtypes] found raw type: Object2IntMap
  missing type arguments for generic class Object2IntMap<K>
  where K is a type-variable:
    K extends Object declared in interface Object2IntMap
[WARNING] /home/dee/dev/rick-major-review/gephi/modules/ImportAPI/src/main/java/org/gephi/io/importer/impl/ImportContainerImpl.java:[111,12] [rawtypes] found raw type: Class
  missing type arguments for generic class Class<T>
  where T is a type-variable:
    T extends Object declared in class Class
[WARNING] /home/dee/dev/rick-major-review/gephi/modules/ImportAPI/src/main/java/org/gephi/io/importer/impl/ImportContainerImpl.java:[143,26] [rawtypes] found raw type: Object2IntOpenHashMap
  missing type arguments for generic class Object2IntOpenHashMap<K>
  where K is a type-variable:
    K extends Object declared in class Object2IntOpenHashMap
[WARNING] /home/dee/dev/rick-major-review/gephi/modules/ImportAPI/src/main/java/org/gephi/io/importer/impl/ImportContainerImpl.java:[144,27] [rawtypes] found raw type: Long2ObjectMap
  missing type arguments for generic class Long2ObjectMap<V>
  where V is a type-variable:
    V extends Object declared in interface Long2ObjectMap
[WARNING] /home/dee/dev/rick-major-review/gephi/modules/ImportAPI/src/main/java/org/gephi/io/importer/impl/ImportContainerImpl.java:[144,23] [unchecked] unchecked conversion
  required: Long2ObjectMap<int[]>[]
  found:    Long2ObjectMap[]
[WARNING] /home/dee/dev/rick-major-review/gephi/modules/ImportAPI/src/main/java/org/gephi/io/importer/impl/ImportContainerImpl.java:[238,17] [rawtypes] found raw type: Long2ObjectMap
  missing type arguments for generic class Long2ObjectMap<V>
  where V is a type-variable:
    V extends Object declared in interface Long2ObjectMap
[WARNING] /home/dee/dev/rick-major-review/gephi/modules/ImportAPI/src/main/java/org/gephi/io/importer/impl/ImportContainerImpl.java:[500,49] [rawtypes] found raw type: Class
  missing type arguments for generic class Class<T>
  where T is a type-variable:
    T extends Object declared in class Class
[WARNING] /home/dee/dev/rick-major-review/gephi/modules/ImportAPI/src/main/java/org/gephi/io/importer/impl/ImportContainerImpl.java:[505,70] [unchecked] unchecked method invocation: method getStaticType in class AttributeUtils is applied to given types
  required: Class<? extends TimeMap>
  found: Class
[WARNING] /home/dee/dev/rick-major-review/gephi/modules/ImportAPI/src/main/java/org/gephi/io/importer/impl/ImportContainerImpl.java:[505,71] [unchecked] unchecked conversion
  required: Class<? extends TimeMap>
  found:    Class
[WARNING] /home/dee/dev/rick-major-review/gephi/modules/ImportAPI/src/main/java/org/gephi/io/importer/impl/ImportContainerImpl.java:[513,49] [rawtypes] found raw type: Class
  missing type arguments for generic class Class<T>
  where T is a type-variable:
    T extends Object declared in class Class
[WARNING] /home/dee/dev/rick-major-review/gephi/modules/ImportAPI/src/main/java/org/gephi/io/importer/impl/ImportContainerImpl.java:[538,49] [rawtypes] found raw type: Class
  missing type arguments for generic class Class<T>
  where T is a type-variable:
    T extends Object declared in class Class
[WARNING] /home/dee/dev/rick-major-review/gephi/modules/ImportAPI/src/main/java/org/gephi/io/importer/impl/ImportContainerImpl.java:[543,70] [unchecked] unchecked method invocation: method getStaticType in class AttributeUtils is applied to given types
  required: Class<? extends TimeMap>
  found: Class
[WARNING] /home/dee/dev/rick-major-review/gephi/modules/ImportAPI/src/main/java/org/gephi/io/importer/impl/ImportContainerImpl.java:[543,71] [unchecked] unchecked conversion
  required: Class<? extends TimeMap>
  found:    Class
[WARNING] /home/dee/dev/rick-major-review/gephi/modules/ImportAPI/src/main/java/org/gephi/io/importer/impl/ImportContainerImpl.java:[551,49] [rawtypes] found raw type: Class
  missing type arguments for generic class Class<T>
  where T is a type-variable:
    T extends Object declared in class Class
[WARNING] /home/dee/dev/rick-major-review/gephi/modules/ImportAPI/src/main/java/org/gephi/io/importer/impl/ImportContainerImpl.java:[861,27] [deprecation] Float(float) in Float has been deprecated
[WARNING] /home/dee/dev/rick-major-review/gephi/modules/ImportAPI/src/main/java/org/gephi/io/importer/impl/ImportContainerImpl.java:[1041,11] [rawtypes] found raw type: Class
  missing type arguments for generic class Class<T>
  where T is a type-variable:
    T extends Object declared in class Class
[WARNING] /home/dee/dev/rick-major-review/gephi/modules/ImportAPI/src/main/java/org/gephi/io/importer/impl/ImportContainerImpl.java:[1054,12] [rawtypes] found raw type: Class
  missing type arguments for generic class Class<T>
  where T is a type-variable:
    T extends Object declared in class Class
[WARNING] /home/dee/dev/rick-major-review/gephi/modules/ImportAPI/src/main/java/org/gephi/io/importer/impl/ImportContainerImpl.java:[1085,23] [unchecked] unchecked call to put(K,int) as a member of the raw type Object2IntFunction
  where K is a type-variable:
    K extends Object declared in interface Object2IntFunction
[WARNING] /home/dee/dev/rick-major-review/gephi/modules/ImportAPI/src/main/java/org/gephi/io/importer/impl/ImportContainerImpl.java:[1091,12] [rawtypes] found raw type: Long2ObjectMap
  missing type arguments for generic class Long2ObjectMap<V>
  where V is a type-variable:
    V extends Object declared in interface Long2ObjectMap
[WARNING] /home/dee/dev/rick-major-review/gephi/modules/ImportAPI/src/main/java/org/gephi/io/importer/impl/ImportContainerImpl.java:[1091,37] [rawtypes] found raw type: Long2ObjectMap
  missing type arguments for generic class Long2ObjectMap<V>
  where V is a type-variable:
    V extends Object declared in interface Long2ObjectMap
[WARNING] /home/dee/dev/rick-major-review/gephi/modules/ImportAPI/src/main/java/org/gephi/io/importer/impl/ImportContainerImpl.java:[1093,27] [unchecked] unchecked conversion
  required: Long2ObjectMap<int[]>[]
  found:    Long2ObjectMap[]
[WARNING] /home/dee/dev/rick-major-review/gephi/modules/ImportAPI/src/main/java/org/gephi/io/importer/impl/ImportContainerImpl.java:[1168,34] [rawtypes] found raw type: Collection
  missing type arguments for generic class Collection<E>
  where E is a type-variable:
    E extends Object declared in interface Collection
[WARNING] /home/dee/dev/rick-major-review/gephi/modules/ImportAPI/src/main/java/org/gephi/io/importer/impl/ImportContainerImpl.java:[1169,30] [unchecked] unchecked conversion
  required: Collection<T>
  found:    Collection
  where T is a type-variable:
    T extends ElementDraft declared in class NullFilterIterable
[WARNING] /home/dee/dev/rick-major-review/gephi/modules/ImportAPI/src/main/java/org/gephi/io/importer/impl/ElementDraftImpl.java:[78,14] [rawtypes] found raw type: TimeSet
  missing type arguments for generic class TimeSet<K>
  where K is a type-variable:
    K extends Object declared in interface TimeSet
[WARNING] /home/dee/dev/rick-major-review/gephi/modules/ImportAPI/src/main/java/org/gephi/io/importer/impl/ElementDraftImpl.java:[86,51] [rawtypes] found raw type: Class
  missing type arguments for generic class Class<T>
  where T is a type-variable:
    T extends Object declared in class Class
[WARNING] /home/dee/dev/rick-major-review/gephi/modules/ImportAPI/src/main/java/org/gephi/io/importer/impl/ElementDraftImpl.java:[93,47] [rawtypes] found raw type: Class
  missing type arguments for generic class Class<T>
  where T is a type-variable:
    T extends Object declared in class Class
[WARNING] /home/dee/dev/rick-major-review/gephi/modules/ImportAPI/src/main/java/org/gephi/io/importer/impl/ElementDraftImpl.java:[234,8] [rawtypes] found raw type: Class
  missing type arguments for generic class Class<T>
  where T is a type-variable:
    T extends Object declared in class Class
[WARNING] /home/dee/dev/rick-major-review/gephi/modules/ImportAPI/src/main/java/org/gephi/io/importer/impl/ElementDraftImpl.java:[236,47] [unchecked] unchecked method invocation: method getStaticType in class AttributeUtils is applied to given types
  required: Class<? extends TimeMap>
  found: Class
[WARNING] /home/dee/dev/rick-major-review/gephi/modules/ImportAPI/src/main/java/org/gephi/io/importer/impl/ElementDraftImpl.java:[236,48] [unchecked] unchecked conversion
  required: Class<? extends TimeMap>
  found:    Class
[WARNING] /home/dee/dev/rick-major-review/gephi/modules/ImportAPI/src/main/java/org/gephi/io/importer/impl/ElementDraftImpl.java:[378,19] [unchecked] unchecked call to add(K) as a member of the raw type TimeSet
  where K is a type-variable:
    K extends Object declared in interface TimeSet
[WARNING] /home/dee/dev/rick-major-review/gephi/modules/ImportAPI/src/main/java/org/gephi/io/importer/impl/ElementDraftImpl.java:[394,27] [unchecked] unchecked call to add(K) as a member of the raw type TimeSet
  where K is a type-variable:
    K extends Object declared in interface TimeSet
[WARNING] /home/dee/dev/rick-major-review/gephi/modules/ImportAPI/src/main/java/org/gephi/io/importer/impl/ElementDraftImpl.java:[400,11] [rawtypes] found raw type: TimeSet
  missing type arguments for generic class TimeSet<K>
  where K is a type-variable:
    K extends Object declared in interface TimeSet
[WARNING] /home/dee/dev/rick-major-review/gephi/modules/ImportAPI/src/main/java/org/gephi/io/importer/impl/ElementDraftImpl.java:[437,27] [unchecked] unchecked call to add(K) as a member of the raw type TimeSet
  where K is a type-variable:
    K extends Object declared in interface TimeSet
[WARNING] /home/dee/dev/rick-major-review/gephi/modules/ImportAPI/src/main/java/org/gephi/io/importer/impl/ElementDraftImpl.java:[455,23] [unchecked] unchecked call to add(K) as a member of the raw type TimeSet
  where K is a type-variable:
    K extends Object declared in interface TimeSet
[WARNING] /home/dee/dev/rick-major-review/gephi/modules/ImportAPI/src/main/java/org/gephi/io/importer/impl/ElementDraftImpl.java:[488,8] [rawtypes] found raw type: Class
  missing type arguments for generic class Class<T>
  where T is a type-variable:
    T extends Object declared in class Class
[WARNING] /home/dee/dev/rick-major-review/gephi/modules/ImportAPI/src/main/java/org/gephi/io/importer/impl/ElementDraftImpl.java:[506,8] [rawtypes] found raw type: Class
  missing type arguments for generic class Class<T>
  where T is a type-variable:
    T extends Object declared in class Class
[WARNING] /home/dee/dev/rick-major-review/gephi/modules/ImportAPI/src/main/java/org/gephi/io/importer/impl/ElementDraftImpl.java:[520,8] [rawtypes] found raw type: TimestampMap
  missing type arguments for generic class TimestampMap<T>
  where T is a type-variable:
    T extends Object declared in class TimestampMap
[WARNING] /home/dee/dev/rick-major-review/gephi/modules/ImportAPI/src/main/java/org/gephi/io/importer/impl/ElementDraftImpl.java:[522,73] [deprecation] newInstance() in Class has been deprecated
  where T is a type-variable:
    T extends Object declared in class Class
[WARNING] /home/dee/dev/rick-major-review/gephi/modules/ImportAPI/src/main/java/org/gephi/io/importer/impl/ElementDraftImpl.java:[525,13] [unchecked] unchecked call to put(Double,T) as a member of the raw type TimestampMap
  where T is a type-variable:
    T extends Object declared in class TimestampMap
[WARNING] /home/dee/dev/rick-major-review/gephi/modules/ImportAPI/src/main/java/org/gephi/io/importer/impl/ElementDraftImpl.java:[531,8] [rawtypes] found raw type: Class
  missing type arguments for generic class Class<T>
  where T is a type-variable:
    T extends Object declared in class Class
[WARNING] /home/dee/dev/rick-major-review/gephi/modules/ImportAPI/src/main/java/org/gephi/io/importer/impl/ElementDraftImpl.java:[545,8] [rawtypes] found raw type: IntervalMap
  missing type arguments for generic class IntervalMap<T>
  where T is a type-variable:
    T extends Object declared in class IntervalMap
[WARNING] /home/dee/dev/rick-major-review/gephi/modules/ImportAPI/src/main/java/org/gephi/io/importer/impl/ElementDraftImpl.java:[547,72] [deprecation] newInstance() in Class has been deprecated
  where T is a type-variable:
    T extends Object declared in class Class
[WARNING] /home/dee/dev/rick-major-review/gephi/modules/ImportAPI/src/main/java/org/gephi/io/importer/impl/ElementDraftImpl.java:[550,13] [unchecked] unchecked call to put(Interval,T) as a member of the raw type IntervalMap
  where T is a type-variable:
    T extends Object declared in class IntervalMap
[WARNING] /home/dee/dev/rick-major-review/gephi/modules/ImportAPI/src/main/java/org/gephi/io/importer/impl/NodeDraftImpl.java:[134,38] [rawtypes] found raw type: Class
  missing type arguments for generic class Class<T>
  where T is a type-variable:
    T extends Object declared in class Class
[WARNING] /home/dee/dev/rick-major-review/gephi/modules/ImportAPI/src/main/java/org/gephi/io/importer/impl/EdgeDraftImpl.java:[133,38] [rawtypes] found raw type: Class
  missing type arguments for generic class Class<T>
  where T is a type-variable:
    T extends Object declared in class Class
[WARNING] /home/dee/dev/rick-major-review/gephi/modules/ImportAPI/src/main/java/org/gephi/io/importer/api/AbstractDatabase.java:[51,16] [serial] serializable class AbstractDatabase has no definition of serialVersionUID
[WARNING] /home/dee/dev/rick-major-review/gephi/modules/ImportAPI/src/main/java/org/gephi/io/importer/api/PropertiesAssociations.java:[49,13] [serial] serializable class PropertiesAssociations has no definition of serialVersionUID
[WARNING] /home/dee/dev/rick-major-review/gephi/modules/ImportAPI/src/main/java/org/gephi/io/importer/spi/ImporterWizardUI.java:[91,20] [rawtypes] found raw type: Panel
  missing type arguments for generic class Panel<Data>
  where Data is a type-variable:
    Data extends Object declared in interface Panel
[WARNING] /home/dee/dev/rick-major-review/gephi/modules/ImportAPI/src/main/java/org/gephi/io/importer/spi/ImporterWizardUI.java:[99,31] [rawtypes] found raw type: Panel
  missing type arguments for generic class Panel<Data>
  where Data is a type-variable:
    Data extends Object declared in interface Panel
[WARNING] /home/dee/dev/rick-major-review/gephi/modules/ImportAPI/src/main/java/org/gephi/io/importer/spi/ImporterWizardUI.java:[109,58] [rawtypes] found raw type: Panel
  missing type arguments for generic class Panel<Data>
  where Data is a type-variable:
    Data extends Object declared in interface Panel
[WARNING] /home/dee/dev/rick-major-review/gephi/modules/ImportAPI/src/main/java/org/gephi/io/importer/impl/ColumnDraftImpl.java:[56,20] [rawtypes] found raw type: Class
  missing type arguments for generic class Class<T>
  where T is a type-variable:
    T extends Object declared in class Class
[WARNING] /home/dee/dev/rick-major-review/gephi/modules/ImportAPI/src/main/java/org/gephi/io/importer/impl/ColumnDraftImpl.java:[61,66] [rawtypes] found raw type: Class
  missing type arguments for generic class Class<T>
  where T is a type-variable:
    T extends Object declared in class Class
[WARNING] /home/dee/dev/rick-major-review/gephi/modules/ImportAPI/src/main/java/org/gephi/io/importer/impl/ColumnDraftImpl.java:[84,11] [rawtypes] found raw type: Class
  missing type arguments for generic class Class<T>
  where T is a type-variable:
    T extends Object declared in class Class
[WARNING] /home/dee/dev/rick-major-review/gephi/modules/ImportAPI/src/main/java/org/gephi/io/importer/impl/ColumnDraftImpl.java:[108,11] [rawtypes] found raw type: Class
  missing type arguments for generic class Class<T>
  where T is a type-variable:
    T extends Object declared in class Class
[WARNING] /home/dee/dev/rick-major-review/gephi/modules/ImportAPI/src/main/java/org/gephi/io/importer/impl/ColumnDraftImpl.java:[110,8] [rawtypes] found raw type: Class
  missing type arguments for generic class Class<T>
  where T is a type-variable:
    T extends Object declared in class Class
[WARNING] /home/dee/dev/rick-major-review/gephi/modules/ImportAPI/src/main/java/org/gephi/io/importer/impl/ColumnDraftImpl.java:[126,8] [rawtypes] found raw type: Class
  missing type arguments for generic class Class<T>
  where T is a type-variable:
    T extends Object declared in class Class
[WARNING] /home/dee/dev/rick-major-review/gephi/modules/ImportAPI/src/main/java/org/gephi/io/importer/impl/ColumnDraftImpl.java:[129,79] [unchecked] unchecked call to isAssignableFrom(Class<?>) as a member of the raw type Class
[INFO] 
[INFO] --- nbm-maven-plugin:4.6:manifest (default-manifest) @ io-importer-api ---
[INFO] NBM Plugin generates manifest
[INFO] 
[INFO] --- maven-resources-plugin:3.2.0:testResources (default-testResources) @ io-importer-api ---
[INFO] Using 'UTF-8' encoding to copy filtered resources.
[INFO] Using 'UTF-8' encoding to copy filtered properties files.
[INFO] skip non existing resourceDirectory /home/dee/dev/rick-major-review/gephi/modules/ImportAPI/src/test/resources
[INFO] 
[INFO] --- maven-compiler-plugin:3.10.0:testCompile (default-testCompile) @ io-importer-api ---
[INFO] Changes detected - recompiling the module!
[INFO] Compiling 2 source files to /home/dee/dev/rick-major-review/gephi/modules/ImportAPI/target/test-classes
[WARNING] /home/dee/dev/rick-major-review/gephi/modules/ImportAPI/src/test/java/org/gephi/io/importer/GraphImporter.java:[17,41] [rawtypes] found raw type: Class
  missing type arguments for generic class Class<T>
  where T is a type-variable:
    T extends Object declared in class Class
[WARNING] /home/dee/dev/rick-major-review/gephi/modules/ImportAPI/src/test/java/org/gephi/io/importer/GraphImporter.java:[34,44] [rawtypes] found raw type: Class
  missing type arguments for generic class Class<T>
  where T is a type-variable:
    T extends Object declared in class Class
[WARNING] /home/dee/dev/rick-major-review/gephi/modules/ImportAPI/src/test/java/org/gephi/io/importer/GraphImporter.java:[46,36] [rawtypes] found raw type: Class
  missing type arguments for generic class Class<T>
  where T is a type-variable:
    T extends Object declared in class Class
[INFO] 
[INFO] --- maven-surefire-plugin:2.22.2:test (default-test) @ io-importer-api ---
[INFO] Tests are skipped.
[INFO] 
[INFO] --- maven-jar-plugin:3.2.2:jar (default-jar) @ io-importer-api ---
[INFO] Building jar: /home/dee/dev/rick-major-review/gephi/modules/ImportAPI/target/io-importer-api-0.9.6.jar
[INFO] 
[INFO] --- nbm-maven-plugin:4.6:nbm (default-nbm) @ io-importer-api ---
[INFO] Copying module JAR to /home/dee/dev/rick-major-review/gephi/modules/ImportAPI/target/nbm/clusters/gephi/modules
[INFO] Generating Auto Update information for org.gephi.io.importer.api
[WARNING] No updater.jar specified, cannot validate Info.xml against DTD
[INFO] Building jar: /home/dee/dev/rick-major-review/gephi/modules/ImportAPI/target/nbm/io-importer-api-0.9.6.nbm
[INFO] 
[INFO] --- maven-jar-plugin:3.2.2:test-jar (default) @ io-importer-api ---
[INFO] Building jar: /home/dee/dev/rick-major-review/gephi/modules/ImportAPI/target/io-importer-api-0.9.6-tests.jar
[INFO] 
[INFO] --- maven-install-plugin:2.5.2:install (default-install) @ io-importer-api ---
[INFO] Installing /home/dee/dev/rick-major-review/gephi/modules/ImportAPI/target/io-importer-api-0.9.6.jar to /home/dee/.m2/repository/org/gephi/io-importer-api/0.9.6/io-importer-api-0.9.6.jar
[INFO] Installing /home/dee/dev/rick-major-review/gephi/modules/ImportAPI/pom.xml to /home/dee/.m2/repository/org/gephi/io-importer-api/0.9.6/io-importer-api-0.9.6.pom
[INFO] Installing /home/dee/dev/rick-major-review/gephi/modules/ImportAPI/target/io-importer-api-0.9.6.nbm to /home/dee/.m2/repository/org/gephi/io-importer-api/0.9.6/io-importer-api-0.9.6.nbm
[INFO] Installing /home/dee/dev/rick-major-review/gephi/modules/ImportAPI/target/io-importer-api-0.9.6-tests.jar to /home/dee/.m2/repository/org/gephi/io-importer-api/0.9.6/io-importer-api-0.9.6-tests.jar
[INFO] ------------------------------------------------------------------------
[INFO] BUILD SUCCESS
[INFO] ------------------------------------------------------------------------
[INFO] Total time:  31.891 s
[INFO] Finished at: 2023-06-06T20:53:30+02:00
[INFO] ------------------------------------------------------------------------


---------------------------------------------------
[BASELINE] Not evaluating any oracle
[LOG] Replacing original RICK test with variant baseline
[LOG] Invoking cp /home/dee/dev/rick-major-review/finches/output/ImportContainerImpl_nodeExists_String/test-baseline.java /home/dee/dev/rick-major-review/rick-tests/src/test/java/org/gephi/importer/impl/TestImportContainerImplRickGenNodeExists.java
[LOG] In test module directory /home/dee/dev/rick-major-review/rick-tests
[LOG] Invoked tests with ['mvn', 'test', '-Dtest=TestImportContainerImplRickGenNodeExists']
[INFO] Scanning for projects...
[INFO] 
[INFO] ------------------------< org.gephi:rick-tests >------------------------
[INFO] Building rick-tests 1.0-SNAPSHOT
[INFO] --------------------------------[ jar ]---------------------------------
[INFO] 
[INFO] --- maven-resources-plugin:2.6:resources (default-resources) @ rick-tests ---
[WARNING] Using platform encoding (UTF-8 actually) to copy filtered resources, i.e. build is platform dependent!
[INFO] Copying 0 resource
[INFO] 
[INFO] --- maven-compiler-plugin:3.1:compile (default-compile) @ rick-tests ---
[INFO] Nothing to compile - all classes are up to date
[INFO] 
[INFO] --- maven-resources-plugin:2.6:testResources (default-testResources) @ rick-tests ---
[WARNING] Using platform encoding (UTF-8 actually) to copy filtered resources, i.e. build is platform dependent!
[INFO] Copying 119 resources
[INFO] 
[INFO] --- maven-compiler-plugin:3.1:testCompile (default-testCompile) @ rick-tests ---
[INFO] Changes detected - recompiling the module!
[WARNING] File encoding has not been set, using platform encoding UTF-8, i.e. build is platform dependent!
[INFO] Compiling 26 source files to /home/dee/dev/rick-major-review/rick-tests/target/test-classes
[WARNING] /home/dee/dev/rick-major-review/rick-tests/src/test/java/org/gephi/importer/impl/TestImportContainerImplRickGenNodeExists.java: Some input files use unchecked or unsafe operations.
[WARNING] /home/dee/dev/rick-major-review/rick-tests/src/test/java/org/gephi/importer/impl/TestImportContainerImplRickGenNodeExists.java: Recompile with -Xlint:unchecked for details.
[INFO] 
[INFO] --- maven-surefire-plugin:2.22.2:test (default-test) @ rick-tests ---
[INFO] 
[INFO] -------------------------------------------------------
[INFO]  T E S T S
[INFO] -------------------------------------------------------
[INFO] Running org.gephi.importer.impl.TestImportContainerImplRickGenNodeExists
[ERROR] Tests run: 3, Failures: 0, Errors: 3, Skipped: 0, Time elapsed: 6.55 s <<< FAILURE! - in org.gephi.importer.impl.TestImportContainerImplRickGenNodeExists
[ERROR] test_nodeExists_CO_7833ebbee6984fa18d6f565fd004496e  Time elapsed: 5.16 s  <<< ERROR!
org.mockito.exceptions.misusing.UnnecessaryStubbingException: 

Unnecessary stubbings detected.
Clean & maintainable test code requires zero unnecessary code.
Following stubbings are unnecessary (click to navigate to relevant line of code):
  1. -> at org.gephi.importer.impl.TestImportContainerImplRickGenNodeExists.test_nodeExists_CO_7833ebbee6984fa18d6f565fd004496e(TestImportContainerImplRickGenNodeExists.java:105)
Please remove unnecessary stubbings or use 'lenient' strictness. More info: javadoc for UnnecessaryStubbingException class.

[ERROR] test_nodeExists_PO_7833ebbee6984fa18d6f565fd004496e  Time elapsed: 0.143 s  <<< ERROR!
org.mockito.exceptions.misusing.UnnecessaryStubbingException: 

Unnecessary stubbings detected.
Clean & maintainable test code requires zero unnecessary code.
Following stubbings are unnecessary (click to navigate to relevant line of code):
  1. -> at org.gephi.importer.impl.TestImportContainerImplRickGenNodeExists.test_nodeExists_PO_7833ebbee6984fa18d6f565fd004496e(TestImportContainerImplRickGenNodeExists.java:86)
Please remove unnecessary stubbings or use 'lenient' strictness. More info: javadoc for UnnecessaryStubbingException class.

[ERROR] test_nodeExists_OO_7833ebbee6984fa18d6f565fd004496e  Time elapsed: 0.114 s  <<< ERROR!
org.mockito.exceptions.misusing.UnnecessaryStubbingException: 

Unnecessary stubbings detected.
Clean & maintainable test code requires zero unnecessary code.
Following stubbings are unnecessary (click to navigate to relevant line of code):
  1. -> at org.gephi.importer.impl.TestImportContainerImplRickGenNodeExists.test_nodeExists_OO_7833ebbee6984fa18d6f565fd004496e(TestImportContainerImplRickGenNodeExists.java:67)
Please remove unnecessary stubbings or use 'lenient' strictness. More info: javadoc for UnnecessaryStubbingException class.

[INFO] 
[INFO] Results:
[INFO] 
[ERROR] Errors: 
[ERROR]   TestImportContainerImplRickGenNodeExists.test_nodeExists_CO_7833ebbee6984fa18d6f565fd004496e » UnnecessaryStubbing
[ERROR]   TestImportContainerImplRickGenNodeExists.test_nodeExists_OO_7833ebbee6984fa18d6f565fd004496e » UnnecessaryStubbing
[ERROR]   TestImportContainerImplRickGenNodeExists.test_nodeExists_PO_7833ebbee6984fa18d6f565fd004496e » UnnecessaryStubbing
[INFO] 
[ERROR] Tests run: 3, Failures: 0, Errors: 3, Skipped: 0
[INFO] 
[INFO] ------------------------------------------------------------------------
[INFO] BUILD FAILURE
[INFO] ------------------------------------------------------------------------
[INFO] Total time:  25.188 s
[INFO] Finished at: 2023-06-06T20:54:00+02:00
[INFO] ------------------------------------------------------------------------
[ERROR] Failed to execute goal org.apache.maven.plugins:maven-surefire-plugin:2.22.2:test (default-test) on project rick-tests: There are test failures.
[ERROR] 
[ERROR] Please refer to /home/dee/dev/rick-major-review/rick-tests/target/surefire-reports for the individual test results.
[ERROR] Please refer to dump files (if any exist) [date].dump, [date]-jvmRun[N].dump and [date].dumpstream.
[ERROR] -> [Help 1]
[ERROR] 
[ERROR] To see the full stack trace of the errors, re-run Maven with the -e switch.
[ERROR] Re-run Maven using the -X switch to enable full debug logging.
[ERROR] 
[ERROR] For more information about the errors and possible solutions, please read the following articles:
[ERROR] [Help 1] http://cwiki.apache.org/confluence/display/MAVEN/MojoFailureException

Security framework of XStream not initialized, XStream is probably vulnerable.

---------------------------------------------------
[LOG] Cleaned targets with ['mvn', 'clean']
[INFO] Scanning for projects...
[INFO] 
[INFO] ------------------------< org.gephi:rick-tests >------------------------
[INFO] Building rick-tests 1.0-SNAPSHOT
[INFO] --------------------------------[ jar ]---------------------------------
[INFO] 
[INFO] --- maven-clean-plugin:2.5:clean (default-clean) @ rick-tests ---
[INFO] Deleting /home/dee/dev/rick-major-review/rick-tests/target
[INFO] ------------------------------------------------------------------------
[INFO] BUILD SUCCESS
[INFO] ------------------------------------------------------------------------
[INFO] Total time:  1.109 s
[INFO] Finished at: 2023-06-06T20:54:05+02:00
[INFO] ------------------------------------------------------------------------


---------------------------------------------------
[LOG] In experiment directory /home/dee/dev/rick-major-review/finches
---------------------------------------------------
[LOG] Restoring original RICK test from ./ImportContainerImpl.java/original-test.java
[LOG] Invoking cp ./ImportContainerImpl.java/original-test.java /home/dee/dev/rick-major-review/rick-tests/src/test/java/org/gephi/importer/impl/TestImportContainerImplRickGenNodeExists.java
---------------------------------------------------
[OO] Evaluating only OO
[LOG] Replacing original RICK test with variant oo
[LOG] Invoking cp /home/dee/dev/rick-major-review/finches/output/ImportContainerImpl_nodeExists_String/test-oo.java /home/dee/dev/rick-major-review/rick-tests/src/test/java/org/gephi/importer/impl/TestImportContainerImplRickGenNodeExists.java
[LOG] In test module directory /home/dee/dev/rick-major-review/rick-tests
[LOG] Invoked tests with ['mvn', 'test', '-Dtest=TestImportContainerImplRickGenNodeExists']
[INFO] Scanning for projects...
[INFO] 
[INFO] ------------------------< org.gephi:rick-tests >------------------------
[INFO] Building rick-tests 1.0-SNAPSHOT
[INFO] --------------------------------[ jar ]---------------------------------
[INFO] 
[INFO] --- maven-resources-plugin:2.6:resources (default-resources) @ rick-tests ---
[WARNING] Using platform encoding (UTF-8 actually) to copy filtered resources, i.e. build is platform dependent!
[INFO] Copying 0 resource
[INFO] 
[INFO] --- maven-compiler-plugin:3.1:compile (default-compile) @ rick-tests ---
[INFO] Nothing to compile - all classes are up to date
[INFO] 
[INFO] --- maven-resources-plugin:2.6:testResources (default-testResources) @ rick-tests ---
[WARNING] Using platform encoding (UTF-8 actually) to copy filtered resources, i.e. build is platform dependent!
[INFO] Copying 119 resources
[INFO] 
[INFO] --- maven-compiler-plugin:3.1:testCompile (default-testCompile) @ rick-tests ---
[INFO] Changes detected - recompiling the module!
[WARNING] File encoding has not been set, using platform encoding UTF-8, i.e. build is platform dependent!
[INFO] Compiling 26 source files to /home/dee/dev/rick-major-review/rick-tests/target/test-classes
[WARNING] /home/dee/dev/rick-major-review/rick-tests/src/test/java/org/gephi/importer/impl/TestImportContainerImplRickGenNodeExists.java: Some input files use unchecked or unsafe operations.
[WARNING] /home/dee/dev/rick-major-review/rick-tests/src/test/java/org/gephi/importer/impl/TestImportContainerImplRickGenNodeExists.java: Recompile with -Xlint:unchecked for details.
[INFO] 
[INFO] --- maven-surefire-plugin:2.22.2:test (default-test) @ rick-tests ---
[INFO] 
[INFO] -------------------------------------------------------
[INFO]  T E S T S
[INFO] -------------------------------------------------------
[INFO] Running org.gephi.importer.impl.TestImportContainerImplRickGenNodeExists
[ERROR] Tests run: 3, Failures: 1, Errors: 2, Skipped: 0, Time elapsed: 7.148 s <<< FAILURE! - in org.gephi.importer.impl.TestImportContainerImplRickGenNodeExists
[ERROR] test_nodeExists_CO_7833ebbee6984fa18d6f565fd004496e  Time elapsed: 5.855 s  <<< ERROR!
org.mockito.exceptions.misusing.UnnecessaryStubbingException: 

Unnecessary stubbings detected.
Clean & maintainable test code requires zero unnecessary code.
Following stubbings are unnecessary (click to navigate to relevant line of code):
  1. -> at org.gephi.importer.impl.TestImportContainerImplRickGenNodeExists.test_nodeExists_CO_7833ebbee6984fa18d6f565fd004496e(TestImportContainerImplRickGenNodeExists.java:105)
Please remove unnecessary stubbings or use 'lenient' strictness. More info: javadoc for UnnecessaryStubbingException class.

[ERROR] test_nodeExists_PO_7833ebbee6984fa18d6f565fd004496e  Time elapsed: 0.119 s  <<< ERROR!
org.mockito.exceptions.misusing.UnnecessaryStubbingException: 

Unnecessary stubbings detected.
Clean & maintainable test code requires zero unnecessary code.
Following stubbings are unnecessary (click to navigate to relevant line of code):
  1. -> at org.gephi.importer.impl.TestImportContainerImplRickGenNodeExists.test_nodeExists_PO_7833ebbee6984fa18d6f565fd004496e(TestImportContainerImplRickGenNodeExists.java:86)
Please remove unnecessary stubbings or use 'lenient' strictness. More info: javadoc for UnnecessaryStubbingException class.

[ERROR] test_nodeExists_OO_7833ebbee6984fa18d6f565fd004496e  Time elapsed: 0.106 s  <<< FAILURE!
org.opentest4j.AssertionFailedError: expected: <false> but was: <true>
	at org.gephi.importer.impl.TestImportContainerImplRickGenNodeExists.test_nodeExists_OO_7833ebbee6984fa18d6f565fd004496e(TestImportContainerImplRickGenNodeExists.java:71)

[INFO] 
[INFO] Results:
[INFO] 
[ERROR] Failures: 
[ERROR]   TestImportContainerImplRickGenNodeExists.test_nodeExists_OO_7833ebbee6984fa18d6f565fd004496e:71 expected: <false> but was: <true>
[ERROR] Errors: 
[ERROR]   TestImportContainerImplRickGenNodeExists.test_nodeExists_CO_7833ebbee6984fa18d6f565fd004496e » UnnecessaryStubbing
[ERROR]   TestImportContainerImplRickGenNodeExists.test_nodeExists_PO_7833ebbee6984fa18d6f565fd004496e » UnnecessaryStubbing
[INFO] 
[ERROR] Tests run: 3, Failures: 1, Errors: 2, Skipped: 0
[INFO] 
[INFO] ------------------------------------------------------------------------
[INFO] BUILD FAILURE
[INFO] ------------------------------------------------------------------------
[INFO] Total time:  25.995 s
[INFO] Finished at: 2023-06-06T20:54:35+02:00
[INFO] ------------------------------------------------------------------------
[ERROR] Failed to execute goal org.apache.maven.plugins:maven-surefire-plugin:2.22.2:test (default-test) on project rick-tests: There are test failures.
[ERROR] 
[ERROR] Please refer to /home/dee/dev/rick-major-review/rick-tests/target/surefire-reports for the individual test results.
[ERROR] Please refer to dump files (if any exist) [date].dump, [date]-jvmRun[N].dump and [date].dumpstream.
[ERROR] -> [Help 1]
[ERROR] 
[ERROR] To see the full stack trace of the errors, re-run Maven with the -e switch.
[ERROR] Re-run Maven using the -X switch to enable full debug logging.
[ERROR] 
[ERROR] For more information about the errors and possible solutions, please read the following articles:
[ERROR] [Help 1] http://cwiki.apache.org/confluence/display/MAVEN/MojoFailureException

Security framework of XStream not initialized, XStream is probably vulnerable.

---------------------------------------------------
[LOG] Cleaned targets with ['mvn', 'clean']
[INFO] Scanning for projects...
[INFO] 
[INFO] ------------------------< org.gephi:rick-tests >------------------------
[INFO] Building rick-tests 1.0-SNAPSHOT
[INFO] --------------------------------[ jar ]---------------------------------
[INFO] 
[INFO] --- maven-clean-plugin:2.5:clean (default-clean) @ rick-tests ---
[INFO] Deleting /home/dee/dev/rick-major-review/rick-tests/target
[INFO] ------------------------------------------------------------------------
[INFO] BUILD SUCCESS
[INFO] ------------------------------------------------------------------------
[INFO] Total time:  0.963 s
[INFO] Finished at: 2023-06-06T20:54:41+02:00
[INFO] ------------------------------------------------------------------------


---------------------------------------------------
[LOG] In experiment directory /home/dee/dev/rick-major-review/finches
---------------------------------------------------
[LOG] Restoring original RICK test from ./ImportContainerImpl.java/original-test.java
[LOG] Invoking cp ./ImportContainerImpl.java/original-test.java /home/dee/dev/rick-major-review/rick-tests/src/test/java/org/gephi/importer/impl/TestImportContainerImplRickGenNodeExists.java
---------------------------------------------------
[PO] Evaluating only PO
[LOG] Replacing original RICK test with variant po
[LOG] Invoking cp /home/dee/dev/rick-major-review/finches/output/ImportContainerImpl_nodeExists_String/test-po.java /home/dee/dev/rick-major-review/rick-tests/src/test/java/org/gephi/importer/impl/TestImportContainerImplRickGenNodeExists.java
[LOG] In test module directory /home/dee/dev/rick-major-review/rick-tests
[LOG] Invoked tests with ['mvn', 'test', '-Dtest=TestImportContainerImplRickGenNodeExists']
[INFO] Scanning for projects...
[INFO] 
[INFO] ------------------------< org.gephi:rick-tests >------------------------
[INFO] Building rick-tests 1.0-SNAPSHOT
[INFO] --------------------------------[ jar ]---------------------------------
[INFO] 
[INFO] --- maven-resources-plugin:2.6:resources (default-resources) @ rick-tests ---
[WARNING] Using platform encoding (UTF-8 actually) to copy filtered resources, i.e. build is platform dependent!
[INFO] Copying 0 resource
[INFO] 
[INFO] --- maven-compiler-plugin:3.1:compile (default-compile) @ rick-tests ---
[INFO] Nothing to compile - all classes are up to date
[INFO] 
[INFO] --- maven-resources-plugin:2.6:testResources (default-testResources) @ rick-tests ---
[WARNING] Using platform encoding (UTF-8 actually) to copy filtered resources, i.e. build is platform dependent!
[INFO] Copying 119 resources
[INFO] 
[INFO] --- maven-compiler-plugin:3.1:testCompile (default-testCompile) @ rick-tests ---
[INFO] Changes detected - recompiling the module!
[WARNING] File encoding has not been set, using platform encoding UTF-8, i.e. build is platform dependent!
[INFO] Compiling 26 source files to /home/dee/dev/rick-major-review/rick-tests/target/test-classes
[WARNING] /home/dee/dev/rick-major-review/rick-tests/src/test/java/org/gephi/importer/impl/TestImportContainerImplRickGenNodeExists.java: Some input files use unchecked or unsafe operations.
[WARNING] /home/dee/dev/rick-major-review/rick-tests/src/test/java/org/gephi/importer/impl/TestImportContainerImplRickGenNodeExists.java: Recompile with -Xlint:unchecked for details.
[INFO] 
[INFO] --- maven-surefire-plugin:2.22.2:test (default-test) @ rick-tests ---
[INFO] 
[INFO] -------------------------------------------------------
[INFO]  T E S T S
[INFO] -------------------------------------------------------
[INFO] Running org.gephi.importer.impl.TestImportContainerImplRickGenNodeExists
[ERROR] Tests run: 3, Failures: 1, Errors: 2, Skipped: 0, Time elapsed: 6.63 s <<< FAILURE! - in org.gephi.importer.impl.TestImportContainerImplRickGenNodeExists
[ERROR] test_nodeExists_CO_7833ebbee6984fa18d6f565fd004496e  Time elapsed: 5.311 s  <<< ERROR!
org.mockito.exceptions.misusing.UnnecessaryStubbingException: 

Unnecessary stubbings detected.
Clean & maintainable test code requires zero unnecessary code.
Following stubbings are unnecessary (click to navigate to relevant line of code):
  1. -> at org.gephi.importer.impl.TestImportContainerImplRickGenNodeExists.test_nodeExists_CO_7833ebbee6984fa18d6f565fd004496e(TestImportContainerImplRickGenNodeExists.java:105)
Please remove unnecessary stubbings or use 'lenient' strictness. More info: javadoc for UnnecessaryStubbingException class.

[ERROR] test_nodeExists_PO_7833ebbee6984fa18d6f565fd004496e  Time elapsed: 0.195 s  <<< FAILURE!
org.mockito.exceptions.verification.WantedButNotInvoked: 

Wanted but not invoked:
object2IntMap.containsKey(
    <any java.lang.Object>
);
-> at org.gephi.importer.impl.TestImportContainerImplRickGenNodeExists.test_nodeExists_PO_7833ebbee6984fa18d6f565fd004496e(TestImportContainerImplRickGenNodeExists.java:90)
Actually, there were zero interactions with this mock.

	at org.gephi.importer.impl.TestImportContainerImplRickGenNodeExists.test_nodeExists_PO_7833ebbee6984fa18d6f565fd004496e(TestImportContainerImplRickGenNodeExists.java:90)

[ERROR] test_nodeExists_OO_7833ebbee6984fa18d6f565fd004496e  Time elapsed: 0.071 s  <<< ERROR!
org.mockito.exceptions.misusing.UnnecessaryStubbingException: 

Unnecessary stubbings detected.
Clean & maintainable test code requires zero unnecessary code.
Following stubbings are unnecessary (click to navigate to relevant line of code):
  1. -> at org.gephi.importer.impl.TestImportContainerImplRickGenNodeExists.test_nodeExists_OO_7833ebbee6984fa18d6f565fd004496e(TestImportContainerImplRickGenNodeExists.java:67)
Please remove unnecessary stubbings or use 'lenient' strictness. More info: javadoc for UnnecessaryStubbingException class.

[INFO] 
[INFO] Results:
[INFO] 
[ERROR] Failures: 
[ERROR]   TestImportContainerImplRickGenNodeExists.test_nodeExists_PO_7833ebbee6984fa18d6f565fd004496e:90 
Wanted but not invoked:
object2IntMap.containsKey(
    <any java.lang.Object>
);
-> at org.gephi.importer.impl.TestImportContainerImplRickGenNodeExists.test_nodeExists_PO_7833ebbee6984fa18d6f565fd004496e(TestImportContainerImplRickGenNodeExists.java:90)
Actually, there were zero interactions with this mock.

[ERROR] Errors: 
[ERROR]   TestImportContainerImplRickGenNodeExists.test_nodeExists_CO_7833ebbee6984fa18d6f565fd004496e » UnnecessaryStubbing
[ERROR]   TestImportContainerImplRickGenNodeExists.test_nodeExists_OO_7833ebbee6984fa18d6f565fd004496e » UnnecessaryStubbing
[INFO] 
[ERROR] Tests run: 3, Failures: 1, Errors: 2, Skipped: 0
[INFO] 
[INFO] ------------------------------------------------------------------------
[INFO] BUILD FAILURE
[INFO] ------------------------------------------------------------------------
[INFO] Total time:  26.203 s
[INFO] Finished at: 2023-06-06T20:55:11+02:00
[INFO] ------------------------------------------------------------------------
[ERROR] Failed to execute goal org.apache.maven.plugins:maven-surefire-plugin:2.22.2:test (default-test) on project rick-tests: There are test failures.
[ERROR] 
[ERROR] Please refer to /home/dee/dev/rick-major-review/rick-tests/target/surefire-reports for the individual test results.
[ERROR] Please refer to dump files (if any exist) [date].dump, [date]-jvmRun[N].dump and [date].dumpstream.
[ERROR] -> [Help 1]
[ERROR] 
[ERROR] To see the full stack trace of the errors, re-run Maven with the -e switch.
[ERROR] Re-run Maven using the -X switch to enable full debug logging.
[ERROR] 
[ERROR] For more information about the errors and possible solutions, please read the following articles:
[ERROR] [Help 1] http://cwiki.apache.org/confluence/display/MAVEN/MojoFailureException

Security framework of XStream not initialized, XStream is probably vulnerable.

---------------------------------------------------
[LOG] Cleaned targets with ['mvn', 'clean']
[INFO] Scanning for projects...
[INFO] 
[INFO] ------------------------< org.gephi:rick-tests >------------------------
[INFO] Building rick-tests 1.0-SNAPSHOT
[INFO] --------------------------------[ jar ]---------------------------------
[INFO] 
[INFO] --- maven-clean-plugin:2.5:clean (default-clean) @ rick-tests ---
[INFO] Deleting /home/dee/dev/rick-major-review/rick-tests/target
[INFO] ------------------------------------------------------------------------
[INFO] BUILD SUCCESS
[INFO] ------------------------------------------------------------------------
[INFO] Total time:  1.097 s
[INFO] Finished at: 2023-06-06T20:55:17+02:00
[INFO] ------------------------------------------------------------------------


---------------------------------------------------
[LOG] In experiment directory /home/dee/dev/rick-major-review/finches
---------------------------------------------------
[LOG] Restoring original RICK test from ./ImportContainerImpl.java/original-test.java
[LOG] Invoking cp ./ImportContainerImpl.java/original-test.java /home/dee/dev/rick-major-review/rick-tests/src/test/java/org/gephi/importer/impl/TestImportContainerImplRickGenNodeExists.java
---------------------------------------------------
[CO] Evaluating only CO
[LOG] Replacing original RICK test with variant co
[LOG] Invoking cp /home/dee/dev/rick-major-review/finches/output/ImportContainerImpl_nodeExists_String/test-co.java /home/dee/dev/rick-major-review/rick-tests/src/test/java/org/gephi/importer/impl/TestImportContainerImplRickGenNodeExists.java
[LOG] In test module directory /home/dee/dev/rick-major-review/rick-tests
[LOG] Invoked tests with ['mvn', 'test', '-Dtest=TestImportContainerImplRickGenNodeExists']
[INFO] Scanning for projects...
[INFO] 
[INFO] ------------------------< org.gephi:rick-tests >------------------------
[INFO] Building rick-tests 1.0-SNAPSHOT
[INFO] --------------------------------[ jar ]---------------------------------
[INFO] 
[INFO] --- maven-resources-plugin:2.6:resources (default-resources) @ rick-tests ---
[WARNING] Using platform encoding (UTF-8 actually) to copy filtered resources, i.e. build is platform dependent!
[INFO] Copying 0 resource
[INFO] 
[INFO] --- maven-compiler-plugin:3.1:compile (default-compile) @ rick-tests ---
[INFO] Nothing to compile - all classes are up to date
[INFO] 
[INFO] --- maven-resources-plugin:2.6:testResources (default-testResources) @ rick-tests ---
[WARNING] Using platform encoding (UTF-8 actually) to copy filtered resources, i.e. build is platform dependent!
[INFO] Copying 119 resources
[INFO] 
[INFO] --- maven-compiler-plugin:3.1:testCompile (default-testCompile) @ rick-tests ---
[INFO] Changes detected - recompiling the module!
[WARNING] File encoding has not been set, using platform encoding UTF-8, i.e. build is platform dependent!
[INFO] Compiling 26 source files to /home/dee/dev/rick-major-review/rick-tests/target/test-classes
[WARNING] /home/dee/dev/rick-major-review/rick-tests/src/test/java/org/gephi/importer/impl/TestImportContainerImplRickGenNodeExists.java: Some input files use unchecked or unsafe operations.
[WARNING] /home/dee/dev/rick-major-review/rick-tests/src/test/java/org/gephi/importer/impl/TestImportContainerImplRickGenNodeExists.java: Recompile with -Xlint:unchecked for details.
[INFO] 
[INFO] --- maven-surefire-plugin:2.22.2:test (default-test) @ rick-tests ---
[INFO] 
[INFO] -------------------------------------------------------
[INFO]  T E S T S
[INFO] -------------------------------------------------------
[INFO] Running org.gephi.importer.impl.TestImportContainerImplRickGenNodeExists
[ERROR] Tests run: 3, Failures: 1, Errors: 2, Skipped: 0, Time elapsed: 5.092 s <<< FAILURE! - in org.gephi.importer.impl.TestImportContainerImplRickGenNodeExists
[ERROR] test_nodeExists_CO_7833ebbee6984fa18d6f565fd004496e  Time elapsed: 4.218 s  <<< FAILURE!
org.mockito.exceptions.verification.WantedButNotInvoked: 

Wanted but not invoked:
object2IntMap.containsKey(<any>);
-> at org.gephi.importer.impl.TestImportContainerImplRickGenNodeExists.test_nodeExists_CO_7833ebbee6984fa18d6f565fd004496e(TestImportContainerImplRickGenNodeExists.java:110)
Actually, there were zero interactions with this mock.

	at org.gephi.importer.impl.TestImportContainerImplRickGenNodeExists.test_nodeExists_CO_7833ebbee6984fa18d6f565fd004496e(TestImportContainerImplRickGenNodeExists.java:110)

[ERROR] test_nodeExists_PO_7833ebbee6984fa18d6f565fd004496e  Time elapsed: 0.079 s  <<< ERROR!
org.mockito.exceptions.misusing.UnnecessaryStubbingException: 

Unnecessary stubbings detected.
Clean & maintainable test code requires zero unnecessary code.
Following stubbings are unnecessary (click to navigate to relevant line of code):
  1. -> at org.gephi.importer.impl.TestImportContainerImplRickGenNodeExists.test_nodeExists_PO_7833ebbee6984fa18d6f565fd004496e(TestImportContainerImplRickGenNodeExists.java:86)
Please remove unnecessary stubbings or use 'lenient' strictness. More info: javadoc for UnnecessaryStubbingException class.

[ERROR] test_nodeExists_OO_7833ebbee6984fa18d6f565fd004496e  Time elapsed: 0.054 s  <<< ERROR!
org.mockito.exceptions.misusing.UnnecessaryStubbingException: 

Unnecessary stubbings detected.
Clean & maintainable test code requires zero unnecessary code.
Following stubbings are unnecessary (click to navigate to relevant line of code):
  1. -> at org.gephi.importer.impl.TestImportContainerImplRickGenNodeExists.test_nodeExists_OO_7833ebbee6984fa18d6f565fd004496e(TestImportContainerImplRickGenNodeExists.java:67)
Please remove unnecessary stubbings or use 'lenient' strictness. More info: javadoc for UnnecessaryStubbingException class.

[INFO] 
[INFO] Results:
[INFO] 
[ERROR] Failures: 
[ERROR]   TestImportContainerImplRickGenNodeExists.test_nodeExists_CO_7833ebbee6984fa18d6f565fd004496e:110 
Wanted but not invoked:
object2IntMap.containsKey(<any>);
-> at org.gephi.importer.impl.TestImportContainerImplRickGenNodeExists.test_nodeExists_CO_7833ebbee6984fa18d6f565fd004496e(TestImportContainerImplRickGenNodeExists.java:110)
Actually, there were zero interactions with this mock.

[ERROR] Errors: 
[ERROR]   TestImportContainerImplRickGenNodeExists.test_nodeExists_OO_7833ebbee6984fa18d6f565fd004496e » UnnecessaryStubbing
[ERROR]   TestImportContainerImplRickGenNodeExists.test_nodeExists_PO_7833ebbee6984fa18d6f565fd004496e » UnnecessaryStubbing
[INFO] 
[ERROR] Tests run: 3, Failures: 1, Errors: 2, Skipped: 0
[INFO] 
[INFO] ------------------------------------------------------------------------
[INFO] BUILD FAILURE
[INFO] ------------------------------------------------------------------------
[INFO] Total time:  20.418 s
[INFO] Finished at: 2023-06-06T20:55:41+02:00
[INFO] ------------------------------------------------------------------------
[ERROR] Failed to execute goal org.apache.maven.plugins:maven-surefire-plugin:2.22.2:test (default-test) on project rick-tests: There are test failures.
[ERROR] 
[ERROR] Please refer to /home/dee/dev/rick-major-review/rick-tests/target/surefire-reports for the individual test results.
[ERROR] Please refer to dump files (if any exist) [date].dump, [date]-jvmRun[N].dump and [date].dumpstream.
[ERROR] -> [Help 1]
[ERROR] 
[ERROR] To see the full stack trace of the errors, re-run Maven with the -e switch.
[ERROR] Re-run Maven using the -X switch to enable full debug logging.
[ERROR] 
[ERROR] For more information about the errors and possible solutions, please read the following articles:
[ERROR] [Help 1] http://cwiki.apache.org/confluence/display/MAVEN/MojoFailureException

Security framework of XStream not initialized, XStream is probably vulnerable.

---------------------------------------------------
[LOG] Cleaned targets with ['mvn', 'clean']
[INFO] Scanning for projects...
[INFO] 
[INFO] ------------------------< org.gephi:rick-tests >------------------------
[INFO] Building rick-tests 1.0-SNAPSHOT
[INFO] --------------------------------[ jar ]---------------------------------
[INFO] 
[INFO] --- maven-clean-plugin:2.5:clean (default-clean) @ rick-tests ---
[INFO] Deleting /home/dee/dev/rick-major-review/rick-tests/target
[INFO] ------------------------------------------------------------------------
[INFO] BUILD SUCCESS
[INFO] ------------------------------------------------------------------------
[INFO] Total time:  0.873 s
[INFO] Finished at: 2023-06-06T20:55:46+02:00
[INFO] ------------------------------------------------------------------------


---------------------------------------------------
[LOG] In experiment directory /home/dee/dev/rick-major-review/finches
---------------------------------------------------
[LOG] Restoring original RICK test from ./ImportContainerImpl.java/original-test.java
[LOG] Invoking cp ./ImportContainerImpl.java/original-test.java /home/dee/dev/rick-major-review/rick-tests/src/test/java/org/gephi/importer/impl/TestImportContainerImplRickGenNodeExists.java
---------------------------------------------------
[ALL] Evaluating (OO +) PO + CO
[LOG] Restoring original RICK test from ./ImportContainerImpl.java/original-test.java
[LOG] Invoking cp ./ImportContainerImpl.java/original-test.java /home/dee/dev/rick-major-review/rick-tests/src/test/java/org/gephi/importer/impl/TestImportContainerImplRickGenNodeExists.java
[LOG] In test module directory /home/dee/dev/rick-major-review/rick-tests
[LOG] Invoked tests with ['mvn', 'test', '-Dtest=TestImportContainerImplRickGenNodeExists']
[INFO] Scanning for projects...
[INFO] 
[INFO] ------------------------< org.gephi:rick-tests >------------------------
[INFO] Building rick-tests 1.0-SNAPSHOT
[INFO] --------------------------------[ jar ]---------------------------------
[INFO] 
[INFO] --- maven-resources-plugin:2.6:resources (default-resources) @ rick-tests ---
[WARNING] Using platform encoding (UTF-8 actually) to copy filtered resources, i.e. build is platform dependent!
[INFO] Copying 0 resource
[INFO] 
[INFO] --- maven-compiler-plugin:3.1:compile (default-compile) @ rick-tests ---
[INFO] Nothing to compile - all classes are up to date
[INFO] 
[INFO] --- maven-resources-plugin:2.6:testResources (default-testResources) @ rick-tests ---
[WARNING] Using platform encoding (UTF-8 actually) to copy filtered resources, i.e. build is platform dependent!
[INFO] Copying 119 resources
[INFO] 
[INFO] --- maven-compiler-plugin:3.1:testCompile (default-testCompile) @ rick-tests ---
[INFO] Changes detected - recompiling the module!
[WARNING] File encoding has not been set, using platform encoding UTF-8, i.e. build is platform dependent!
[INFO] Compiling 26 source files to /home/dee/dev/rick-major-review/rick-tests/target/test-classes
[WARNING] /home/dee/dev/rick-major-review/rick-tests/src/test/java/org/gephi/importer/impl/TestImportContainerImplRickGenNodeExists.java: Some input files use unchecked or unsafe operations.
[WARNING] /home/dee/dev/rick-major-review/rick-tests/src/test/java/org/gephi/importer/impl/TestImportContainerImplRickGenNodeExists.java: Recompile with -Xlint:unchecked for details.
[INFO] 
[INFO] --- maven-surefire-plugin:2.22.2:test (default-test) @ rick-tests ---
[INFO] 
[INFO] -------------------------------------------------------
[INFO]  T E S T S
[INFO] -------------------------------------------------------
[INFO] Running org.gephi.importer.impl.TestImportContainerImplRickGenNodeExists
[ERROR] Tests run: 3, Failures: 3, Errors: 0, Skipped: 0, Time elapsed: 5.019 s <<< FAILURE! - in org.gephi.importer.impl.TestImportContainerImplRickGenNodeExists
[ERROR] test_nodeExists_CO_7833ebbee6984fa18d6f565fd004496e  Time elapsed: 4.164 s  <<< FAILURE!
org.mockito.exceptions.verification.WantedButNotInvoked: 

Wanted but not invoked:
object2IntMap.containsKey(<any>);
-> at org.gephi.importer.impl.TestImportContainerImplRickGenNodeExists.test_nodeExists_CO_7833ebbee6984fa18d6f565fd004496e(TestImportContainerImplRickGenNodeExists.java:110)
Actually, there were zero interactions with this mock.

	at org.gephi.importer.impl.TestImportContainerImplRickGenNodeExists.test_nodeExists_CO_7833ebbee6984fa18d6f565fd004496e(TestImportContainerImplRickGenNodeExists.java:110)

[ERROR] test_nodeExists_PO_7833ebbee6984fa18d6f565fd004496e  Time elapsed: 0.076 s  <<< FAILURE!
org.mockito.exceptions.verification.WantedButNotInvoked: 

Wanted but not invoked:
object2IntMap.containsKey(
    <any java.lang.Object>
);
-> at org.gephi.importer.impl.TestImportContainerImplRickGenNodeExists.test_nodeExists_PO_7833ebbee6984fa18d6f565fd004496e(TestImportContainerImplRickGenNodeExists.java:90)
Actually, there were zero interactions with this mock.

	at org.gephi.importer.impl.TestImportContainerImplRickGenNodeExists.test_nodeExists_PO_7833ebbee6984fa18d6f565fd004496e(TestImportContainerImplRickGenNodeExists.java:90)

[ERROR] test_nodeExists_OO_7833ebbee6984fa18d6f565fd004496e  Time elapsed: 0.067 s  <<< FAILURE!
org.opentest4j.AssertionFailedError: expected: <false> but was: <true>
	at org.gephi.importer.impl.TestImportContainerImplRickGenNodeExists.test_nodeExists_OO_7833ebbee6984fa18d6f565fd004496e(TestImportContainerImplRickGenNodeExists.java:71)

[INFO] 
[INFO] Results:
[INFO] 
[ERROR] Failures: 
[ERROR]   TestImportContainerImplRickGenNodeExists.test_nodeExists_CO_7833ebbee6984fa18d6f565fd004496e:110 
Wanted but not invoked:
object2IntMap.containsKey(<any>);
-> at org.gephi.importer.impl.TestImportContainerImplRickGenNodeExists.test_nodeExists_CO_7833ebbee6984fa18d6f565fd004496e(TestImportContainerImplRickGenNodeExists.java:110)
Actually, there were zero interactions with this mock.

[ERROR]   TestImportContainerImplRickGenNodeExists.test_nodeExists_OO_7833ebbee6984fa18d6f565fd004496e:71 expected: <false> but was: <true>
[ERROR]   TestImportContainerImplRickGenNodeExists.test_nodeExists_PO_7833ebbee6984fa18d6f565fd004496e:90 
Wanted but not invoked:
object2IntMap.containsKey(
    <any java.lang.Object>
);
-> at org.gephi.importer.impl.TestImportContainerImplRickGenNodeExists.test_nodeExists_PO_7833ebbee6984fa18d6f565fd004496e(TestImportContainerImplRickGenNodeExists.java:90)
Actually, there were zero interactions with this mock.

[INFO] 
[ERROR] Tests run: 3, Failures: 3, Errors: 0, Skipped: 0
[INFO] 
[INFO] ------------------------------------------------------------------------
[INFO] BUILD FAILURE
[INFO] ------------------------------------------------------------------------
[INFO] Total time:  20.696 s
[INFO] Finished at: 2023-06-06T20:56:10+02:00
[INFO] ------------------------------------------------------------------------
[ERROR] Failed to execute goal org.apache.maven.plugins:maven-surefire-plugin:2.22.2:test (default-test) on project rick-tests: There are test failures.
[ERROR] 
[ERROR] Please refer to /home/dee/dev/rick-major-review/rick-tests/target/surefire-reports for the individual test results.
[ERROR] Please refer to dump files (if any exist) [date].dump, [date]-jvmRun[N].dump and [date].dumpstream.
[ERROR] -> [Help 1]
[ERROR] 
[ERROR] To see the full stack trace of the errors, re-run Maven with the -e switch.
[ERROR] Re-run Maven using the -X switch to enable full debug logging.
[ERROR] 
[ERROR] For more information about the errors and possible solutions, please read the following articles:
[ERROR] [Help 1] http://cwiki.apache.org/confluence/display/MAVEN/MojoFailureException

Security framework of XStream not initialized, XStream is probably vulnerable.

---------------------------------------------------
[LOG] Cleaned targets with ['mvn', 'clean']
[INFO] Scanning for projects...
[INFO] 
[INFO] ------------------------< org.gephi:rick-tests >------------------------
[INFO] Building rick-tests 1.0-SNAPSHOT
[INFO] --------------------------------[ jar ]---------------------------------
[INFO] 
[INFO] --- maven-clean-plugin:2.5:clean (default-clean) @ rick-tests ---
[INFO] Deleting /home/dee/dev/rick-major-review/rick-tests/target
[INFO] ------------------------------------------------------------------------
[INFO] BUILD SUCCESS
[INFO] ------------------------------------------------------------------------
[INFO] Total time:  1.048 s
[INFO] Finished at: 2023-06-06T20:56:15+02:00
[INFO] ------------------------------------------------------------------------


---------------------------------------------------
[LOG] In experiment directory /home/dee/dev/rick-major-review/finches
---------------------------------------------------
---------------------------------------------------
[LOG] Resetting ImportContainerImpl.java to original
[LOG] Invoking cp ./ImportContainerImpl.java/original.java /home/dee/dev/rick-major-review/gephi/modules/ImportAPI/src/main/java/org/gephi/io/importer/impl/ImportContainerImpl.java
---------------------------------------------------
[LOG] Replacing originalImportContainerImpl.java with ./ImportContainerImpl.java/143.java
[LOG] Invoking cp ./ImportContainerImpl.java/143.java /home/dee/dev/rick-major-review/gephi/modules/ImportAPI/src/main/java/org/gephi/io/importer/impl/ImportContainerImpl.java
[LOG] Invoked a clean install of the parent module with ['mvn', 'clean', 'install', '-DskipTests']
[INFO] Scanning for projects...
[INFO] 
[INFO] ---------------------< org.gephi:io-importer-api >----------------------
[INFO] Building ImportAPI 0.9.6
[INFO] --------------------------------[ nbm ]---------------------------------
[INFO] 
[INFO] --- maven-clean-plugin:3.1.0:clean (default-clean) @ io-importer-api ---
[INFO] Deleting /home/dee/dev/rick-major-review/gephi/modules/ImportAPI/target
[INFO] 
[INFO] --- build-helper-maven-plugin:3.3.0:parse-version (parse-version) @ io-importer-api ---
[INFO] 
[INFO] --- maven-checkstyle-plugin:3.1.2:check (validate) @ io-importer-api ---
[INFO] 
[INFO] --- maven-resources-plugin:3.2.0:copy-resources (generate-modules-xml) @ io-importer-api ---
[INFO] Using 'UTF-8' encoding to copy filtered resources.
[INFO] Using 'UTF-8' encoding to copy filtered properties files.
[INFO] Copying 1 resource
[INFO] 
[INFO] --- maven-resources-plugin:3.2.0:resources (default-resources) @ io-importer-api ---
[INFO] Using 'UTF-8' encoding to copy filtered resources.
[INFO] Using 'UTF-8' encoding to copy filtered properties files.
[INFO] Copying 37 resources
[INFO] 
[INFO] --- maven-compiler-plugin:3.10.0:compile (default-compile) @ io-importer-api ---
[INFO] Changes detected - recompiling the module!
[INFO] Compiling 41 source files to /home/dee/dev/rick-major-review/gephi/modules/ImportAPI/target/classes
[WARNING] No processor claimed any of these annotations: java.base/java.lang.Override
[WARNING] /home/dee/dev/rick-major-review/gephi/modules/ImportAPI/src/main/java/org/gephi/io/importer/api/ContainerLoader.java:[172,42] [rawtypes] found raw type: Class
  missing type arguments for generic class Class<T>
  where T is a type-variable:
    T extends Object declared in class Class
[WARNING] /home/dee/dev/rick-major-review/gephi/modules/ImportAPI/src/main/java/org/gephi/io/importer/api/ContainerLoader.java:[184,42] [rawtypes] found raw type: Class
  missing type arguments for generic class Class<T>
  where T is a type-variable:
    T extends Object declared in class Class
[WARNING] /home/dee/dev/rick-major-review/gephi/modules/ImportAPI/src/main/java/org/gephi/io/importer/api/ContainerLoader.java:[199,42] [rawtypes] found raw type: Class
  missing type arguments for generic class Class<T>
  where T is a type-variable:
    T extends Object declared in class Class
[WARNING] /home/dee/dev/rick-major-review/gephi/modules/ImportAPI/src/main/java/org/gephi/io/importer/api/ContainerLoader.java:[214,42] [rawtypes] found raw type: Class
  missing type arguments for generic class Class<T>
  where T is a type-variable:
    T extends Object declared in class Class
[WARNING] /home/dee/dev/rick-major-review/gephi/modules/ImportAPI/src/main/java/org/gephi/io/importer/api/ContainerUnloader.java:[121,4] [rawtypes] found raw type: Class
  missing type arguments for generic class Class<T>
  where T is a type-variable:
    T extends Object declared in class Class
[WARNING] /home/dee/dev/rick-major-review/gephi/modules/ImportAPI/src/main/java/org/gephi/io/importer/api/ElementDraft.java:[345,4] [rawtypes] found raw type: TimeSet
  missing type arguments for generic class TimeSet<K>
  where K is a type-variable:
    K extends Object declared in interface TimeSet
[WARNING] /home/dee/dev/rick-major-review/gephi/modules/ImportAPI/src/main/java/org/gephi/io/importer/api/ColumnDraft.java:[80,4] [rawtypes] found raw type: Class
  missing type arguments for generic class Class<T>
  where T is a type-variable:
    T extends Object declared in class Class
[WARNING] /home/dee/dev/rick-major-review/gephi/modules/ImportAPI/src/main/java/org/gephi/io/importer/api/ColumnDraft.java:[88,4] [rawtypes] found raw type: Class
  missing type arguments for generic class Class<T>
  where T is a type-variable:
    T extends Object declared in class Class
[WARNING] /home/dee/dev/rick-major-review/gephi/modules/ImportAPI/src/main/java/org/gephi/io/importer/api/ElementIdType.java:[56,18] [rawtypes] found raw type: Class
  missing type arguments for generic class Class<T>
  where T is a type-variable:
    T extends Object declared in class Class
[WARNING] /home/dee/dev/rick-major-review/gephi/modules/ImportAPI/src/main/java/org/gephi/io/importer/api/ElementIdType.java:[58,18] [rawtypes] found raw type: Class
  missing type arguments for generic class Class<T>
  where T is a type-variable:
    T extends Object declared in class Class
[WARNING] /home/dee/dev/rick-major-review/gephi/modules/ImportAPI/src/main/java/org/gephi/io/importer/api/ElementIdType.java:[62,11] [rawtypes] found raw type: Class
  missing type arguments for generic class Class<T>
  where T is a type-variable:
    T extends Object declared in class Class
[WARNING] /home/dee/dev/rick-major-review/gephi/modules/ImportAPI/src/main/java/org/gephi/io/importer/impl/ImportContainerImpl.java:[106,18] [rawtypes] found raw type: Object2IntMap
  missing type arguments for generic class Object2IntMap<K>
  where K is a type-variable:
    K extends Object declared in interface Object2IntMap
[WARNING] /home/dee/dev/rick-major-review/gephi/modules/ImportAPI/src/main/java/org/gephi/io/importer/impl/ImportContainerImpl.java:[111,12] [rawtypes] found raw type: Class
  missing type arguments for generic class Class<T>
  where T is a type-variable:
    T extends Object declared in class Class
[WARNING] /home/dee/dev/rick-major-review/gephi/modules/ImportAPI/src/main/java/org/gephi/io/importer/impl/ImportContainerImpl.java:[143,26] [rawtypes] found raw type: Object2IntOpenHashMap
  missing type arguments for generic class Object2IntOpenHashMap<K>
  where K is a type-variable:
    K extends Object declared in class Object2IntOpenHashMap
[WARNING] /home/dee/dev/rick-major-review/gephi/modules/ImportAPI/src/main/java/org/gephi/io/importer/impl/ImportContainerImpl.java:[144,27] [rawtypes] found raw type: Long2ObjectMap
  missing type arguments for generic class Long2ObjectMap<V>
  where V is a type-variable:
    V extends Object declared in interface Long2ObjectMap
[WARNING] /home/dee/dev/rick-major-review/gephi/modules/ImportAPI/src/main/java/org/gephi/io/importer/impl/ImportContainerImpl.java:[144,23] [unchecked] unchecked conversion
  required: Long2ObjectMap<int[]>[]
  found:    Long2ObjectMap[]
[WARNING] /home/dee/dev/rick-major-review/gephi/modules/ImportAPI/src/main/java/org/gephi/io/importer/impl/ImportContainerImpl.java:[238,17] [rawtypes] found raw type: Long2ObjectMap
  missing type arguments for generic class Long2ObjectMap<V>
  where V is a type-variable:
    V extends Object declared in interface Long2ObjectMap
[WARNING] /home/dee/dev/rick-major-review/gephi/modules/ImportAPI/src/main/java/org/gephi/io/importer/impl/ImportContainerImpl.java:[500,49] [rawtypes] found raw type: Class
  missing type arguments for generic class Class<T>
  where T is a type-variable:
    T extends Object declared in class Class
[WARNING] /home/dee/dev/rick-major-review/gephi/modules/ImportAPI/src/main/java/org/gephi/io/importer/impl/ImportContainerImpl.java:[505,70] [unchecked] unchecked method invocation: method getStaticType in class AttributeUtils is applied to given types
  required: Class<? extends TimeMap>
  found: Class
[WARNING] /home/dee/dev/rick-major-review/gephi/modules/ImportAPI/src/main/java/org/gephi/io/importer/impl/ImportContainerImpl.java:[505,71] [unchecked] unchecked conversion
  required: Class<? extends TimeMap>
  found:    Class
[WARNING] /home/dee/dev/rick-major-review/gephi/modules/ImportAPI/src/main/java/org/gephi/io/importer/impl/ImportContainerImpl.java:[513,49] [rawtypes] found raw type: Class
  missing type arguments for generic class Class<T>
  where T is a type-variable:
    T extends Object declared in class Class
[WARNING] /home/dee/dev/rick-major-review/gephi/modules/ImportAPI/src/main/java/org/gephi/io/importer/impl/ImportContainerImpl.java:[538,49] [rawtypes] found raw type: Class
  missing type arguments for generic class Class<T>
  where T is a type-variable:
    T extends Object declared in class Class
[WARNING] /home/dee/dev/rick-major-review/gephi/modules/ImportAPI/src/main/java/org/gephi/io/importer/impl/ImportContainerImpl.java:[543,70] [unchecked] unchecked method invocation: method getStaticType in class AttributeUtils is applied to given types
  required: Class<? extends TimeMap>
  found: Class
[WARNING] /home/dee/dev/rick-major-review/gephi/modules/ImportAPI/src/main/java/org/gephi/io/importer/impl/ImportContainerImpl.java:[543,71] [unchecked] unchecked conversion
  required: Class<? extends TimeMap>
  found:    Class
[WARNING] /home/dee/dev/rick-major-review/gephi/modules/ImportAPI/src/main/java/org/gephi/io/importer/impl/ImportContainerImpl.java:[551,49] [rawtypes] found raw type: Class
  missing type arguments for generic class Class<T>
  where T is a type-variable:
    T extends Object declared in class Class
[WARNING] /home/dee/dev/rick-major-review/gephi/modules/ImportAPI/src/main/java/org/gephi/io/importer/impl/ImportContainerImpl.java:[861,27] [deprecation] Float(float) in Float has been deprecated
[WARNING] /home/dee/dev/rick-major-review/gephi/modules/ImportAPI/src/main/java/org/gephi/io/importer/impl/ImportContainerImpl.java:[1041,11] [rawtypes] found raw type: Class
  missing type arguments for generic class Class<T>
  where T is a type-variable:
    T extends Object declared in class Class
[WARNING] /home/dee/dev/rick-major-review/gephi/modules/ImportAPI/src/main/java/org/gephi/io/importer/impl/ImportContainerImpl.java:[1054,12] [rawtypes] found raw type: Class
  missing type arguments for generic class Class<T>
  where T is a type-variable:
    T extends Object declared in class Class
[WARNING] /home/dee/dev/rick-major-review/gephi/modules/ImportAPI/src/main/java/org/gephi/io/importer/impl/ImportContainerImpl.java:[1085,23] [unchecked] unchecked call to put(K,int) as a member of the raw type Object2IntFunction
  where K is a type-variable:
    K extends Object declared in interface Object2IntFunction
[WARNING] /home/dee/dev/rick-major-review/gephi/modules/ImportAPI/src/main/java/org/gephi/io/importer/impl/ImportContainerImpl.java:[1091,12] [rawtypes] found raw type: Long2ObjectMap
  missing type arguments for generic class Long2ObjectMap<V>
  where V is a type-variable:
    V extends Object declared in interface Long2ObjectMap
[WARNING] /home/dee/dev/rick-major-review/gephi/modules/ImportAPI/src/main/java/org/gephi/io/importer/impl/ImportContainerImpl.java:[1091,37] [rawtypes] found raw type: Long2ObjectMap
  missing type arguments for generic class Long2ObjectMap<V>
  where V is a type-variable:
    V extends Object declared in interface Long2ObjectMap
[WARNING] /home/dee/dev/rick-major-review/gephi/modules/ImportAPI/src/main/java/org/gephi/io/importer/impl/ImportContainerImpl.java:[1093,27] [unchecked] unchecked conversion
  required: Long2ObjectMap<int[]>[]
  found:    Long2ObjectMap[]
[WARNING] /home/dee/dev/rick-major-review/gephi/modules/ImportAPI/src/main/java/org/gephi/io/importer/impl/ImportContainerImpl.java:[1168,34] [rawtypes] found raw type: Collection
  missing type arguments for generic class Collection<E>
  where E is a type-variable:
    E extends Object declared in interface Collection
[WARNING] /home/dee/dev/rick-major-review/gephi/modules/ImportAPI/src/main/java/org/gephi/io/importer/impl/ImportContainerImpl.java:[1169,30] [unchecked] unchecked conversion
  required: Collection<T>
  found:    Collection
  where T is a type-variable:
    T extends ElementDraft declared in class NullFilterIterable
[WARNING] /home/dee/dev/rick-major-review/gephi/modules/ImportAPI/src/main/java/org/gephi/io/importer/impl/ElementDraftImpl.java:[78,14] [rawtypes] found raw type: TimeSet
  missing type arguments for generic class TimeSet<K>
  where K is a type-variable:
    K extends Object declared in interface TimeSet
[WARNING] /home/dee/dev/rick-major-review/gephi/modules/ImportAPI/src/main/java/org/gephi/io/importer/impl/ElementDraftImpl.java:[86,51] [rawtypes] found raw type: Class
  missing type arguments for generic class Class<T>
  where T is a type-variable:
    T extends Object declared in class Class
[WARNING] /home/dee/dev/rick-major-review/gephi/modules/ImportAPI/src/main/java/org/gephi/io/importer/impl/ElementDraftImpl.java:[93,47] [rawtypes] found raw type: Class
  missing type arguments for generic class Class<T>
  where T is a type-variable:
    T extends Object declared in class Class
[WARNING] /home/dee/dev/rick-major-review/gephi/modules/ImportAPI/src/main/java/org/gephi/io/importer/impl/ElementDraftImpl.java:[234,8] [rawtypes] found raw type: Class
  missing type arguments for generic class Class<T>
  where T is a type-variable:
    T extends Object declared in class Class
[WARNING] /home/dee/dev/rick-major-review/gephi/modules/ImportAPI/src/main/java/org/gephi/io/importer/impl/ElementDraftImpl.java:[236,47] [unchecked] unchecked method invocation: method getStaticType in class AttributeUtils is applied to given types
  required: Class<? extends TimeMap>
  found: Class
[WARNING] /home/dee/dev/rick-major-review/gephi/modules/ImportAPI/src/main/java/org/gephi/io/importer/impl/ElementDraftImpl.java:[236,48] [unchecked] unchecked conversion
  required: Class<? extends TimeMap>
  found:    Class
[WARNING] /home/dee/dev/rick-major-review/gephi/modules/ImportAPI/src/main/java/org/gephi/io/importer/impl/ElementDraftImpl.java:[378,19] [unchecked] unchecked call to add(K) as a member of the raw type TimeSet
  where K is a type-variable:
    K extends Object declared in interface TimeSet
[WARNING] /home/dee/dev/rick-major-review/gephi/modules/ImportAPI/src/main/java/org/gephi/io/importer/impl/ElementDraftImpl.java:[394,27] [unchecked] unchecked call to add(K) as a member of the raw type TimeSet
  where K is a type-variable:
    K extends Object declared in interface TimeSet
[WARNING] /home/dee/dev/rick-major-review/gephi/modules/ImportAPI/src/main/java/org/gephi/io/importer/impl/ElementDraftImpl.java:[400,11] [rawtypes] found raw type: TimeSet
  missing type arguments for generic class TimeSet<K>
  where K is a type-variable:
    K extends Object declared in interface TimeSet
[WARNING] /home/dee/dev/rick-major-review/gephi/modules/ImportAPI/src/main/java/org/gephi/io/importer/impl/ElementDraftImpl.java:[437,27] [unchecked] unchecked call to add(K) as a member of the raw type TimeSet
  where K is a type-variable:
    K extends Object declared in interface TimeSet
[WARNING] /home/dee/dev/rick-major-review/gephi/modules/ImportAPI/src/main/java/org/gephi/io/importer/impl/ElementDraftImpl.java:[455,23] [unchecked] unchecked call to add(K) as a member of the raw type TimeSet
  where K is a type-variable:
    K extends Object declared in interface TimeSet
[WARNING] /home/dee/dev/rick-major-review/gephi/modules/ImportAPI/src/main/java/org/gephi/io/importer/impl/ElementDraftImpl.java:[488,8] [rawtypes] found raw type: Class
  missing type arguments for generic class Class<T>
  where T is a type-variable:
    T extends Object declared in class Class
[WARNING] /home/dee/dev/rick-major-review/gephi/modules/ImportAPI/src/main/java/org/gephi/io/importer/impl/ElementDraftImpl.java:[506,8] [rawtypes] found raw type: Class
  missing type arguments for generic class Class<T>
  where T is a type-variable:
    T extends Object declared in class Class
[WARNING] /home/dee/dev/rick-major-review/gephi/modules/ImportAPI/src/main/java/org/gephi/io/importer/impl/ElementDraftImpl.java:[520,8] [rawtypes] found raw type: TimestampMap
  missing type arguments for generic class TimestampMap<T>
  where T is a type-variable:
    T extends Object declared in class TimestampMap
[WARNING] /home/dee/dev/rick-major-review/gephi/modules/ImportAPI/src/main/java/org/gephi/io/importer/impl/ElementDraftImpl.java:[522,73] [deprecation] newInstance() in Class has been deprecated
  where T is a type-variable:
    T extends Object declared in class Class
[WARNING] /home/dee/dev/rick-major-review/gephi/modules/ImportAPI/src/main/java/org/gephi/io/importer/impl/ElementDraftImpl.java:[525,13] [unchecked] unchecked call to put(Double,T) as a member of the raw type TimestampMap
  where T is a type-variable:
    T extends Object declared in class TimestampMap
[WARNING] /home/dee/dev/rick-major-review/gephi/modules/ImportAPI/src/main/java/org/gephi/io/importer/impl/ElementDraftImpl.java:[531,8] [rawtypes] found raw type: Class
  missing type arguments for generic class Class<T>
  where T is a type-variable:
    T extends Object declared in class Class
[WARNING] /home/dee/dev/rick-major-review/gephi/modules/ImportAPI/src/main/java/org/gephi/io/importer/impl/ElementDraftImpl.java:[545,8] [rawtypes] found raw type: IntervalMap
  missing type arguments for generic class IntervalMap<T>
  where T is a type-variable:
    T extends Object declared in class IntervalMap
[WARNING] /home/dee/dev/rick-major-review/gephi/modules/ImportAPI/src/main/java/org/gephi/io/importer/impl/ElementDraftImpl.java:[547,72] [deprecation] newInstance() in Class has been deprecated
  where T is a type-variable:
    T extends Object declared in class Class
[WARNING] /home/dee/dev/rick-major-review/gephi/modules/ImportAPI/src/main/java/org/gephi/io/importer/impl/ElementDraftImpl.java:[550,13] [unchecked] unchecked call to put(Interval,T) as a member of the raw type IntervalMap
  where T is a type-variable:
    T extends Object declared in class IntervalMap
[WARNING] /home/dee/dev/rick-major-review/gephi/modules/ImportAPI/src/main/java/org/gephi/io/importer/impl/NodeDraftImpl.java:[134,38] [rawtypes] found raw type: Class
  missing type arguments for generic class Class<T>
  where T is a type-variable:
    T extends Object declared in class Class
[WARNING] /home/dee/dev/rick-major-review/gephi/modules/ImportAPI/src/main/java/org/gephi/io/importer/impl/EdgeDraftImpl.java:[133,38] [rawtypes] found raw type: Class
  missing type arguments for generic class Class<T>
  where T is a type-variable:
    T extends Object declared in class Class
[WARNING] /home/dee/dev/rick-major-review/gephi/modules/ImportAPI/src/main/java/org/gephi/io/importer/api/AbstractDatabase.java:[51,16] [serial] serializable class AbstractDatabase has no definition of serialVersionUID
[WARNING] /home/dee/dev/rick-major-review/gephi/modules/ImportAPI/src/main/java/org/gephi/io/importer/api/PropertiesAssociations.java:[49,13] [serial] serializable class PropertiesAssociations has no definition of serialVersionUID
[WARNING] /home/dee/dev/rick-major-review/gephi/modules/ImportAPI/src/main/java/org/gephi/io/importer/spi/ImporterWizardUI.java:[91,20] [rawtypes] found raw type: Panel
  missing type arguments for generic class Panel<Data>
  where Data is a type-variable:
    Data extends Object declared in interface Panel
[WARNING] /home/dee/dev/rick-major-review/gephi/modules/ImportAPI/src/main/java/org/gephi/io/importer/spi/ImporterWizardUI.java:[99,31] [rawtypes] found raw type: Panel
  missing type arguments for generic class Panel<Data>
  where Data is a type-variable:
    Data extends Object declared in interface Panel
[WARNING] /home/dee/dev/rick-major-review/gephi/modules/ImportAPI/src/main/java/org/gephi/io/importer/spi/ImporterWizardUI.java:[109,58] [rawtypes] found raw type: Panel
  missing type arguments for generic class Panel<Data>
  where Data is a type-variable:
    Data extends Object declared in interface Panel
[WARNING] /home/dee/dev/rick-major-review/gephi/modules/ImportAPI/src/main/java/org/gephi/io/importer/impl/ColumnDraftImpl.java:[56,20] [rawtypes] found raw type: Class
  missing type arguments for generic class Class<T>
  where T is a type-variable:
    T extends Object declared in class Class
[WARNING] /home/dee/dev/rick-major-review/gephi/modules/ImportAPI/src/main/java/org/gephi/io/importer/impl/ColumnDraftImpl.java:[61,66] [rawtypes] found raw type: Class
  missing type arguments for generic class Class<T>
  where T is a type-variable:
    T extends Object declared in class Class
[WARNING] /home/dee/dev/rick-major-review/gephi/modules/ImportAPI/src/main/java/org/gephi/io/importer/impl/ColumnDraftImpl.java:[84,11] [rawtypes] found raw type: Class
  missing type arguments for generic class Class<T>
  where T is a type-variable:
    T extends Object declared in class Class
[WARNING] /home/dee/dev/rick-major-review/gephi/modules/ImportAPI/src/main/java/org/gephi/io/importer/impl/ColumnDraftImpl.java:[108,11] [rawtypes] found raw type: Class
  missing type arguments for generic class Class<T>
  where T is a type-variable:
    T extends Object declared in class Class
[WARNING] /home/dee/dev/rick-major-review/gephi/modules/ImportAPI/src/main/java/org/gephi/io/importer/impl/ColumnDraftImpl.java:[110,8] [rawtypes] found raw type: Class
  missing type arguments for generic class Class<T>
  where T is a type-variable:
    T extends Object declared in class Class
[WARNING] /home/dee/dev/rick-major-review/gephi/modules/ImportAPI/src/main/java/org/gephi/io/importer/impl/ColumnDraftImpl.java:[126,8] [rawtypes] found raw type: Class
  missing type arguments for generic class Class<T>
  where T is a type-variable:
    T extends Object declared in class Class
[WARNING] /home/dee/dev/rick-major-review/gephi/modules/ImportAPI/src/main/java/org/gephi/io/importer/impl/ColumnDraftImpl.java:[129,79] [unchecked] unchecked call to isAssignableFrom(Class<?>) as a member of the raw type Class
[INFO] 
[INFO] --- nbm-maven-plugin:4.6:manifest (default-manifest) @ io-importer-api ---
[INFO] NBM Plugin generates manifest
[INFO] 
[INFO] --- maven-resources-plugin:3.2.0:testResources (default-testResources) @ io-importer-api ---
[INFO] Using 'UTF-8' encoding to copy filtered resources.
[INFO] Using 'UTF-8' encoding to copy filtered properties files.
[INFO] skip non existing resourceDirectory /home/dee/dev/rick-major-review/gephi/modules/ImportAPI/src/test/resources
[INFO] 
[INFO] --- maven-compiler-plugin:3.10.0:testCompile (default-testCompile) @ io-importer-api ---
[INFO] Changes detected - recompiling the module!
[INFO] Compiling 2 source files to /home/dee/dev/rick-major-review/gephi/modules/ImportAPI/target/test-classes
[WARNING] /home/dee/dev/rick-major-review/gephi/modules/ImportAPI/src/test/java/org/gephi/io/importer/GraphImporter.java:[17,41] [rawtypes] found raw type: Class
  missing type arguments for generic class Class<T>
  where T is a type-variable:
    T extends Object declared in class Class
[WARNING] /home/dee/dev/rick-major-review/gephi/modules/ImportAPI/src/test/java/org/gephi/io/importer/GraphImporter.java:[34,44] [rawtypes] found raw type: Class
  missing type arguments for generic class Class<T>
  where T is a type-variable:
    T extends Object declared in class Class
[WARNING] /home/dee/dev/rick-major-review/gephi/modules/ImportAPI/src/test/java/org/gephi/io/importer/GraphImporter.java:[46,36] [rawtypes] found raw type: Class
  missing type arguments for generic class Class<T>
  where T is a type-variable:
    T extends Object declared in class Class
[INFO] 
[INFO] --- maven-surefire-plugin:2.22.2:test (default-test) @ io-importer-api ---
[INFO] Tests are skipped.
[INFO] 
[INFO] --- maven-jar-plugin:3.2.2:jar (default-jar) @ io-importer-api ---
[INFO] Building jar: /home/dee/dev/rick-major-review/gephi/modules/ImportAPI/target/io-importer-api-0.9.6.jar
[INFO] 
[INFO] --- nbm-maven-plugin:4.6:nbm (default-nbm) @ io-importer-api ---
[INFO] Copying module JAR to /home/dee/dev/rick-major-review/gephi/modules/ImportAPI/target/nbm/clusters/gephi/modules
[INFO] Generating Auto Update information for org.gephi.io.importer.api
[WARNING] No updater.jar specified, cannot validate Info.xml against DTD
[INFO] Building jar: /home/dee/dev/rick-major-review/gephi/modules/ImportAPI/target/nbm/io-importer-api-0.9.6.nbm
[INFO] 
[INFO] --- maven-jar-plugin:3.2.2:test-jar (default) @ io-importer-api ---
[INFO] Building jar: /home/dee/dev/rick-major-review/gephi/modules/ImportAPI/target/io-importer-api-0.9.6-tests.jar
[INFO] 
[INFO] --- maven-install-plugin:2.5.2:install (default-install) @ io-importer-api ---
[INFO] Installing /home/dee/dev/rick-major-review/gephi/modules/ImportAPI/target/io-importer-api-0.9.6.jar to /home/dee/.m2/repository/org/gephi/io-importer-api/0.9.6/io-importer-api-0.9.6.jar
[INFO] Installing /home/dee/dev/rick-major-review/gephi/modules/ImportAPI/pom.xml to /home/dee/.m2/repository/org/gephi/io-importer-api/0.9.6/io-importer-api-0.9.6.pom
[INFO] Installing /home/dee/dev/rick-major-review/gephi/modules/ImportAPI/target/io-importer-api-0.9.6.nbm to /home/dee/.m2/repository/org/gephi/io-importer-api/0.9.6/io-importer-api-0.9.6.nbm
[INFO] Installing /home/dee/dev/rick-major-review/gephi/modules/ImportAPI/target/io-importer-api-0.9.6-tests.jar to /home/dee/.m2/repository/org/gephi/io-importer-api/0.9.6/io-importer-api-0.9.6-tests.jar
[INFO] ------------------------------------------------------------------------
[INFO] BUILD SUCCESS
[INFO] ------------------------------------------------------------------------
[INFO] Total time:  26.192 s
[INFO] Finished at: 2023-06-06T20:56:46+02:00
[INFO] ------------------------------------------------------------------------


---------------------------------------------------
[BASELINE] Not evaluating any oracle
[LOG] Replacing original RICK test with variant baseline
[LOG] Invoking cp /home/dee/dev/rick-major-review/finches/output/ImportContainerImpl_nodeExists_String/test-baseline.java /home/dee/dev/rick-major-review/rick-tests/src/test/java/org/gephi/importer/impl/TestImportContainerImplRickGenNodeExists.java
[LOG] In test module directory /home/dee/dev/rick-major-review/rick-tests
[LOG] Invoked tests with ['mvn', 'test', '-Dtest=TestImportContainerImplRickGenNodeExists']
[INFO] Scanning for projects...
[INFO] 
[INFO] ------------------------< org.gephi:rick-tests >------------------------
[INFO] Building rick-tests 1.0-SNAPSHOT
[INFO] --------------------------------[ jar ]---------------------------------
[INFO] 
[INFO] --- maven-resources-plugin:2.6:resources (default-resources) @ rick-tests ---
[WARNING] Using platform encoding (UTF-8 actually) to copy filtered resources, i.e. build is platform dependent!
[INFO] Copying 0 resource
[INFO] 
[INFO] --- maven-compiler-plugin:3.1:compile (default-compile) @ rick-tests ---
[INFO] Nothing to compile - all classes are up to date
[INFO] 
[INFO] --- maven-resources-plugin:2.6:testResources (default-testResources) @ rick-tests ---
[WARNING] Using platform encoding (UTF-8 actually) to copy filtered resources, i.e. build is platform dependent!
[INFO] Copying 119 resources
[INFO] 
[INFO] --- maven-compiler-plugin:3.1:testCompile (default-testCompile) @ rick-tests ---
[INFO] Changes detected - recompiling the module!
[WARNING] File encoding has not been set, using platform encoding UTF-8, i.e. build is platform dependent!
[INFO] Compiling 26 source files to /home/dee/dev/rick-major-review/rick-tests/target/test-classes
[WARNING] /home/dee/dev/rick-major-review/rick-tests/src/test/java/org/gephi/importer/impl/TestImportContainerImplRickGenNodeExists.java: Some input files use unchecked or unsafe operations.
[WARNING] /home/dee/dev/rick-major-review/rick-tests/src/test/java/org/gephi/importer/impl/TestImportContainerImplRickGenNodeExists.java: Recompile with -Xlint:unchecked for details.
[INFO] 
[INFO] --- maven-surefire-plugin:2.22.2:test (default-test) @ rick-tests ---
[INFO] 
[INFO] -------------------------------------------------------
[INFO]  T E S T S
[INFO] -------------------------------------------------------
[INFO] Running org.gephi.importer.impl.TestImportContainerImplRickGenNodeExists
[ERROR] Tests run: 3, Failures: 0, Errors: 3, Skipped: 0, Time elapsed: 5.219 s <<< FAILURE! - in org.gephi.importer.impl.TestImportContainerImplRickGenNodeExists
[ERROR] test_nodeExists_CO_7833ebbee6984fa18d6f565fd004496e  Time elapsed: 4.231 s  <<< ERROR!
org.mockito.exceptions.misusing.UnnecessaryStubbingException: 

Unnecessary stubbings detected.
Clean & maintainable test code requires zero unnecessary code.
Following stubbings are unnecessary (click to navigate to relevant line of code):
  1. -> at org.gephi.importer.impl.TestImportContainerImplRickGenNodeExists.test_nodeExists_CO_7833ebbee6984fa18d6f565fd004496e(TestImportContainerImplRickGenNodeExists.java:105)
Please remove unnecessary stubbings or use 'lenient' strictness. More info: javadoc for UnnecessaryStubbingException class.

[ERROR] test_nodeExists_PO_7833ebbee6984fa18d6f565fd004496e  Time elapsed: 0.114 s  <<< ERROR!
org.mockito.exceptions.misusing.UnnecessaryStubbingException: 

Unnecessary stubbings detected.
Clean & maintainable test code requires zero unnecessary code.
Following stubbings are unnecessary (click to navigate to relevant line of code):
  1. -> at org.gephi.importer.impl.TestImportContainerImplRickGenNodeExists.test_nodeExists_PO_7833ebbee6984fa18d6f565fd004496e(TestImportContainerImplRickGenNodeExists.java:86)
Please remove unnecessary stubbings or use 'lenient' strictness. More info: javadoc for UnnecessaryStubbingException class.

[ERROR] test_nodeExists_OO_7833ebbee6984fa18d6f565fd004496e  Time elapsed: 0.05 s  <<< ERROR!
org.mockito.exceptions.misusing.UnnecessaryStubbingException: 

Unnecessary stubbings detected.
Clean & maintainable test code requires zero unnecessary code.
Following stubbings are unnecessary (click to navigate to relevant line of code):
  1. -> at org.gephi.importer.impl.TestImportContainerImplRickGenNodeExists.test_nodeExists_OO_7833ebbee6984fa18d6f565fd004496e(TestImportContainerImplRickGenNodeExists.java:67)
Please remove unnecessary stubbings or use 'lenient' strictness. More info: javadoc for UnnecessaryStubbingException class.

[INFO] 
[INFO] Results:
[INFO] 
[ERROR] Errors: 
[ERROR]   TestImportContainerImplRickGenNodeExists.test_nodeExists_CO_7833ebbee6984fa18d6f565fd004496e » UnnecessaryStubbing
[ERROR]   TestImportContainerImplRickGenNodeExists.test_nodeExists_OO_7833ebbee6984fa18d6f565fd004496e » UnnecessaryStubbing
[ERROR]   TestImportContainerImplRickGenNodeExists.test_nodeExists_PO_7833ebbee6984fa18d6f565fd004496e » UnnecessaryStubbing
[INFO] 
[ERROR] Tests run: 3, Failures: 0, Errors: 3, Skipped: 0
[INFO] 
[INFO] ------------------------------------------------------------------------
[INFO] BUILD FAILURE
[INFO] ------------------------------------------------------------------------
[INFO] Total time:  21.002 s
[INFO] Finished at: 2023-06-06T20:57:10+02:00
[INFO] ------------------------------------------------------------------------
[ERROR] Failed to execute goal org.apache.maven.plugins:maven-surefire-plugin:2.22.2:test (default-test) on project rick-tests: There are test failures.
[ERROR] 
[ERROR] Please refer to /home/dee/dev/rick-major-review/rick-tests/target/surefire-reports for the individual test results.
[ERROR] Please refer to dump files (if any exist) [date].dump, [date]-jvmRun[N].dump and [date].dumpstream.
[ERROR] -> [Help 1]
[ERROR] 
[ERROR] To see the full stack trace of the errors, re-run Maven with the -e switch.
[ERROR] Re-run Maven using the -X switch to enable full debug logging.
[ERROR] 
[ERROR] For more information about the errors and possible solutions, please read the following articles:
[ERROR] [Help 1] http://cwiki.apache.org/confluence/display/MAVEN/MojoFailureException

Security framework of XStream not initialized, XStream is probably vulnerable.

---------------------------------------------------
[LOG] Cleaned targets with ['mvn', 'clean']
[INFO] Scanning for projects...
[INFO] 
[INFO] ------------------------< org.gephi:rick-tests >------------------------
[INFO] Building rick-tests 1.0-SNAPSHOT
[INFO] --------------------------------[ jar ]---------------------------------
[INFO] 
[INFO] --- maven-clean-plugin:2.5:clean (default-clean) @ rick-tests ---
[INFO] Deleting /home/dee/dev/rick-major-review/rick-tests/target
[INFO] ------------------------------------------------------------------------
[INFO] BUILD SUCCESS
[INFO] ------------------------------------------------------------------------
[INFO] Total time:  1.060 s
[INFO] Finished at: 2023-06-06T20:57:15+02:00
[INFO] ------------------------------------------------------------------------


---------------------------------------------------
[LOG] In experiment directory /home/dee/dev/rick-major-review/finches
---------------------------------------------------
[LOG] Restoring original RICK test from ./ImportContainerImpl.java/original-test.java
[LOG] Invoking cp ./ImportContainerImpl.java/original-test.java /home/dee/dev/rick-major-review/rick-tests/src/test/java/org/gephi/importer/impl/TestImportContainerImplRickGenNodeExists.java
---------------------------------------------------
[OO] Evaluating only OO
[LOG] Replacing original RICK test with variant oo
[LOG] Invoking cp /home/dee/dev/rick-major-review/finches/output/ImportContainerImpl_nodeExists_String/test-oo.java /home/dee/dev/rick-major-review/rick-tests/src/test/java/org/gephi/importer/impl/TestImportContainerImplRickGenNodeExists.java
[LOG] In test module directory /home/dee/dev/rick-major-review/rick-tests
[LOG] Invoked tests with ['mvn', 'test', '-Dtest=TestImportContainerImplRickGenNodeExists']
[INFO] Scanning for projects...
[INFO] 
[INFO] ------------------------< org.gephi:rick-tests >------------------------
[INFO] Building rick-tests 1.0-SNAPSHOT
[INFO] --------------------------------[ jar ]---------------------------------
[INFO] 
[INFO] --- maven-resources-plugin:2.6:resources (default-resources) @ rick-tests ---
[WARNING] Using platform encoding (UTF-8 actually) to copy filtered resources, i.e. build is platform dependent!
[INFO] Copying 0 resource
[INFO] 
[INFO] --- maven-compiler-plugin:3.1:compile (default-compile) @ rick-tests ---
[INFO] Nothing to compile - all classes are up to date
[INFO] 
[INFO] --- maven-resources-plugin:2.6:testResources (default-testResources) @ rick-tests ---
[WARNING] Using platform encoding (UTF-8 actually) to copy filtered resources, i.e. build is platform dependent!
[INFO] Copying 119 resources
[INFO] 
[INFO] --- maven-compiler-plugin:3.1:testCompile (default-testCompile) @ rick-tests ---
[INFO] Changes detected - recompiling the module!
[WARNING] File encoding has not been set, using platform encoding UTF-8, i.e. build is platform dependent!
[INFO] Compiling 26 source files to /home/dee/dev/rick-major-review/rick-tests/target/test-classes
[WARNING] /home/dee/dev/rick-major-review/rick-tests/src/test/java/org/gephi/importer/impl/TestImportContainerImplRickGenNodeExists.java: Some input files use unchecked or unsafe operations.
[WARNING] /home/dee/dev/rick-major-review/rick-tests/src/test/java/org/gephi/importer/impl/TestImportContainerImplRickGenNodeExists.java: Recompile with -Xlint:unchecked for details.
[INFO] 
[INFO] --- maven-surefire-plugin:2.22.2:test (default-test) @ rick-tests ---
[INFO] 
[INFO] -------------------------------------------------------
[INFO]  T E S T S
[INFO] -------------------------------------------------------
[INFO] Running org.gephi.importer.impl.TestImportContainerImplRickGenNodeExists
[ERROR] Tests run: 3, Failures: 0, Errors: 3, Skipped: 0, Time elapsed: 4.988 s <<< FAILURE! - in org.gephi.importer.impl.TestImportContainerImplRickGenNodeExists
[ERROR] test_nodeExists_CO_7833ebbee6984fa18d6f565fd004496e  Time elapsed: 4.044 s  <<< ERROR!
org.mockito.exceptions.misusing.UnnecessaryStubbingException: 

Unnecessary stubbings detected.
Clean & maintainable test code requires zero unnecessary code.
Following stubbings are unnecessary (click to navigate to relevant line of code):
  1. -> at org.gephi.importer.impl.TestImportContainerImplRickGenNodeExists.test_nodeExists_CO_7833ebbee6984fa18d6f565fd004496e(TestImportContainerImplRickGenNodeExists.java:105)
Please remove unnecessary stubbings or use 'lenient' strictness. More info: javadoc for UnnecessaryStubbingException class.

[ERROR] test_nodeExists_PO_7833ebbee6984fa18d6f565fd004496e  Time elapsed: 0.116 s  <<< ERROR!
org.mockito.exceptions.misusing.UnnecessaryStubbingException: 

Unnecessary stubbings detected.
Clean & maintainable test code requires zero unnecessary code.
Following stubbings are unnecessary (click to navigate to relevant line of code):
  1. -> at org.gephi.importer.impl.TestImportContainerImplRickGenNodeExists.test_nodeExists_PO_7833ebbee6984fa18d6f565fd004496e(TestImportContainerImplRickGenNodeExists.java:86)
Please remove unnecessary stubbings or use 'lenient' strictness. More info: javadoc for UnnecessaryStubbingException class.

[ERROR] test_nodeExists_OO_7833ebbee6984fa18d6f565fd004496e  Time elapsed: 0.051 s  <<< ERROR!
org.mockito.exceptions.misusing.UnnecessaryStubbingException: 

Unnecessary stubbings detected.
Clean & maintainable test code requires zero unnecessary code.
Following stubbings are unnecessary (click to navigate to relevant line of code):
  1. -> at org.gephi.importer.impl.TestImportContainerImplRickGenNodeExists.test_nodeExists_OO_7833ebbee6984fa18d6f565fd004496e(TestImportContainerImplRickGenNodeExists.java:67)
Please remove unnecessary stubbings or use 'lenient' strictness. More info: javadoc for UnnecessaryStubbingException class.

[INFO] 
[INFO] Results:
[INFO] 
[ERROR] Errors: 
[ERROR]   TestImportContainerImplRickGenNodeExists.test_nodeExists_CO_7833ebbee6984fa18d6f565fd004496e » UnnecessaryStubbing
[ERROR]   TestImportContainerImplRickGenNodeExists.test_nodeExists_OO_7833ebbee6984fa18d6f565fd004496e » UnnecessaryStubbing
[ERROR]   TestImportContainerImplRickGenNodeExists.test_nodeExists_PO_7833ebbee6984fa18d6f565fd004496e » UnnecessaryStubbing
[INFO] 
[ERROR] Tests run: 3, Failures: 0, Errors: 3, Skipped: 0
[INFO] 
[INFO] ------------------------------------------------------------------------
[INFO] BUILD FAILURE
[INFO] ------------------------------------------------------------------------
[INFO] Total time:  20.638 s
[INFO] Finished at: 2023-06-06T20:57:40+02:00
[INFO] ------------------------------------------------------------------------
[ERROR] Failed to execute goal org.apache.maven.plugins:maven-surefire-plugin:2.22.2:test (default-test) on project rick-tests: There are test failures.
[ERROR] 
[ERROR] Please refer to /home/dee/dev/rick-major-review/rick-tests/target/surefire-reports for the individual test results.
[ERROR] Please refer to dump files (if any exist) [date].dump, [date]-jvmRun[N].dump and [date].dumpstream.
[ERROR] -> [Help 1]
[ERROR] 
[ERROR] To see the full stack trace of the errors, re-run Maven with the -e switch.
[ERROR] Re-run Maven using the -X switch to enable full debug logging.
[ERROR] 
[ERROR] For more information about the errors and possible solutions, please read the following articles:
[ERROR] [Help 1] http://cwiki.apache.org/confluence/display/MAVEN/MojoFailureException

Security framework of XStream not initialized, XStream is probably vulnerable.

---------------------------------------------------
[LOG] Cleaned targets with ['mvn', 'clean']
[INFO] Scanning for projects...
[INFO] 
[INFO] ------------------------< org.gephi:rick-tests >------------------------
[INFO] Building rick-tests 1.0-SNAPSHOT
[INFO] --------------------------------[ jar ]---------------------------------
[INFO] 
[INFO] --- maven-clean-plugin:2.5:clean (default-clean) @ rick-tests ---
[INFO] Deleting /home/dee/dev/rick-major-review/rick-tests/target
[INFO] ------------------------------------------------------------------------
[INFO] BUILD SUCCESS
[INFO] ------------------------------------------------------------------------
[INFO] Total time:  1.146 s
[INFO] Finished at: 2023-06-06T20:57:45+02:00
[INFO] ------------------------------------------------------------------------


---------------------------------------------------
[LOG] In experiment directory /home/dee/dev/rick-major-review/finches
---------------------------------------------------
[LOG] Restoring original RICK test from ./ImportContainerImpl.java/original-test.java
[LOG] Invoking cp ./ImportContainerImpl.java/original-test.java /home/dee/dev/rick-major-review/rick-tests/src/test/java/org/gephi/importer/impl/TestImportContainerImplRickGenNodeExists.java
---------------------------------------------------
[PO] Evaluating only PO
[LOG] Replacing original RICK test with variant po
[LOG] Invoking cp /home/dee/dev/rick-major-review/finches/output/ImportContainerImpl_nodeExists_String/test-po.java /home/dee/dev/rick-major-review/rick-tests/src/test/java/org/gephi/importer/impl/TestImportContainerImplRickGenNodeExists.java
[LOG] In test module directory /home/dee/dev/rick-major-review/rick-tests
[LOG] Invoked tests with ['mvn', 'test', '-Dtest=TestImportContainerImplRickGenNodeExists']
[INFO] Scanning for projects...
[INFO] 
[INFO] ------------------------< org.gephi:rick-tests >------------------------
[INFO] Building rick-tests 1.0-SNAPSHOT
[INFO] --------------------------------[ jar ]---------------------------------
[INFO] 
[INFO] --- maven-resources-plugin:2.6:resources (default-resources) @ rick-tests ---
[WARNING] Using platform encoding (UTF-8 actually) to copy filtered resources, i.e. build is platform dependent!
[INFO] Copying 0 resource
[INFO] 
[INFO] --- maven-compiler-plugin:3.1:compile (default-compile) @ rick-tests ---
[INFO] Nothing to compile - all classes are up to date
[INFO] 
[INFO] --- maven-resources-plugin:2.6:testResources (default-testResources) @ rick-tests ---
[WARNING] Using platform encoding (UTF-8 actually) to copy filtered resources, i.e. build is platform dependent!
[INFO] Copying 119 resources
[INFO] 
[INFO] --- maven-compiler-plugin:3.1:testCompile (default-testCompile) @ rick-tests ---
[INFO] Changes detected - recompiling the module!
[WARNING] File encoding has not been set, using platform encoding UTF-8, i.e. build is platform dependent!
[INFO] Compiling 26 source files to /home/dee/dev/rick-major-review/rick-tests/target/test-classes
[WARNING] /home/dee/dev/rick-major-review/rick-tests/src/test/java/org/gephi/importer/impl/TestImportContainerImplRickGenNodeExists.java: Some input files use unchecked or unsafe operations.
[WARNING] /home/dee/dev/rick-major-review/rick-tests/src/test/java/org/gephi/importer/impl/TestImportContainerImplRickGenNodeExists.java: Recompile with -Xlint:unchecked for details.
[INFO] 
[INFO] --- maven-surefire-plugin:2.22.2:test (default-test) @ rick-tests ---
[INFO] 
[INFO] -------------------------------------------------------
[INFO]  T E S T S
[INFO] -------------------------------------------------------
[INFO] Running org.gephi.importer.impl.TestImportContainerImplRickGenNodeExists
[ERROR] Tests run: 3, Failures: 1, Errors: 2, Skipped: 0, Time elapsed: 5.079 s <<< FAILURE! - in org.gephi.importer.impl.TestImportContainerImplRickGenNodeExists
[ERROR] test_nodeExists_CO_7833ebbee6984fa18d6f565fd004496e  Time elapsed: 4.158 s  <<< ERROR!
org.mockito.exceptions.misusing.UnnecessaryStubbingException: 

Unnecessary stubbings detected.
Clean & maintainable test code requires zero unnecessary code.
Following stubbings are unnecessary (click to navigate to relevant line of code):
  1. -> at org.gephi.importer.impl.TestImportContainerImplRickGenNodeExists.test_nodeExists_CO_7833ebbee6984fa18d6f565fd004496e(TestImportContainerImplRickGenNodeExists.java:105)
Please remove unnecessary stubbings or use 'lenient' strictness. More info: javadoc for UnnecessaryStubbingException class.

[ERROR] test_nodeExists_PO_7833ebbee6984fa18d6f565fd004496e  Time elapsed: 0.106 s  <<< FAILURE!
org.mockito.exceptions.verification.WantedButNotInvoked: 

Wanted but not invoked:
object2IntMap.containsKey(
    <any java.lang.Object>
);
-> at org.gephi.importer.impl.TestImportContainerImplRickGenNodeExists.test_nodeExists_PO_7833ebbee6984fa18d6f565fd004496e(TestImportContainerImplRickGenNodeExists.java:90)
Actually, there were zero interactions with this mock.

	at org.gephi.importer.impl.TestImportContainerImplRickGenNodeExists.test_nodeExists_PO_7833ebbee6984fa18d6f565fd004496e(TestImportContainerImplRickGenNodeExists.java:90)

[ERROR] test_nodeExists_OO_7833ebbee6984fa18d6f565fd004496e  Time elapsed: 0.047 s  <<< ERROR!
org.mockito.exceptions.misusing.UnnecessaryStubbingException: 

Unnecessary stubbings detected.
Clean & maintainable test code requires zero unnecessary code.
Following stubbings are unnecessary (click to navigate to relevant line of code):
  1. -> at org.gephi.importer.impl.TestImportContainerImplRickGenNodeExists.test_nodeExists_OO_7833ebbee6984fa18d6f565fd004496e(TestImportContainerImplRickGenNodeExists.java:67)
Please remove unnecessary stubbings or use 'lenient' strictness. More info: javadoc for UnnecessaryStubbingException class.

[INFO] 
[INFO] Results:
[INFO] 
[ERROR] Failures: 
[ERROR]   TestImportContainerImplRickGenNodeExists.test_nodeExists_PO_7833ebbee6984fa18d6f565fd004496e:90 
Wanted but not invoked:
object2IntMap.containsKey(
    <any java.lang.Object>
);
-> at org.gephi.importer.impl.TestImportContainerImplRickGenNodeExists.test_nodeExists_PO_7833ebbee6984fa18d6f565fd004496e(TestImportContainerImplRickGenNodeExists.java:90)
Actually, there were zero interactions with this mock.

[ERROR] Errors: 
[ERROR]   TestImportContainerImplRickGenNodeExists.test_nodeExists_CO_7833ebbee6984fa18d6f565fd004496e » UnnecessaryStubbing
[ERROR]   TestImportContainerImplRickGenNodeExists.test_nodeExists_OO_7833ebbee6984fa18d6f565fd004496e » UnnecessaryStubbing
[INFO] 
[ERROR] Tests run: 3, Failures: 1, Errors: 2, Skipped: 0
[INFO] 
[INFO] ------------------------------------------------------------------------
[INFO] BUILD FAILURE
[INFO] ------------------------------------------------------------------------
[INFO] Total time:  20.157 s
[INFO] Finished at: 2023-06-06T20:58:09+02:00
[INFO] ------------------------------------------------------------------------
[ERROR] Failed to execute goal org.apache.maven.plugins:maven-surefire-plugin:2.22.2:test (default-test) on project rick-tests: There are test failures.
[ERROR] 
[ERROR] Please refer to /home/dee/dev/rick-major-review/rick-tests/target/surefire-reports for the individual test results.
[ERROR] Please refer to dump files (if any exist) [date].dump, [date]-jvmRun[N].dump and [date].dumpstream.
[ERROR] -> [Help 1]
[ERROR] 
[ERROR] To see the full stack trace of the errors, re-run Maven with the -e switch.
[ERROR] Re-run Maven using the -X switch to enable full debug logging.
[ERROR] 
[ERROR] For more information about the errors and possible solutions, please read the following articles:
[ERROR] [Help 1] http://cwiki.apache.org/confluence/display/MAVEN/MojoFailureException

Security framework of XStream not initialized, XStream is probably vulnerable.

---------------------------------------------------
[LOG] Cleaned targets with ['mvn', 'clean']
[INFO] Scanning for projects...
[INFO] 
[INFO] ------------------------< org.gephi:rick-tests >------------------------
[INFO] Building rick-tests 1.0-SNAPSHOT
[INFO] --------------------------------[ jar ]---------------------------------
[INFO] 
[INFO] --- maven-clean-plugin:2.5:clean (default-clean) @ rick-tests ---
[INFO] Deleting /home/dee/dev/rick-major-review/rick-tests/target
[INFO] ------------------------------------------------------------------------
[INFO] BUILD SUCCESS
[INFO] ------------------------------------------------------------------------
[INFO] Total time:  0.809 s
[INFO] Finished at: 2023-06-06T20:58:13+02:00
[INFO] ------------------------------------------------------------------------


---------------------------------------------------
[LOG] In experiment directory /home/dee/dev/rick-major-review/finches
---------------------------------------------------
[LOG] Restoring original RICK test from ./ImportContainerImpl.java/original-test.java
[LOG] Invoking cp ./ImportContainerImpl.java/original-test.java /home/dee/dev/rick-major-review/rick-tests/src/test/java/org/gephi/importer/impl/TestImportContainerImplRickGenNodeExists.java
---------------------------------------------------
[CO] Evaluating only CO
[LOG] Replacing original RICK test with variant co
[LOG] Invoking cp /home/dee/dev/rick-major-review/finches/output/ImportContainerImpl_nodeExists_String/test-co.java /home/dee/dev/rick-major-review/rick-tests/src/test/java/org/gephi/importer/impl/TestImportContainerImplRickGenNodeExists.java
[LOG] In test module directory /home/dee/dev/rick-major-review/rick-tests
[LOG] Invoked tests with ['mvn', 'test', '-Dtest=TestImportContainerImplRickGenNodeExists']
[INFO] Scanning for projects...
[INFO] 
[INFO] ------------------------< org.gephi:rick-tests >------------------------
[INFO] Building rick-tests 1.0-SNAPSHOT
[INFO] --------------------------------[ jar ]---------------------------------
[INFO] 
[INFO] --- maven-resources-plugin:2.6:resources (default-resources) @ rick-tests ---
[WARNING] Using platform encoding (UTF-8 actually) to copy filtered resources, i.e. build is platform dependent!
[INFO] Copying 0 resource
[INFO] 
[INFO] --- maven-compiler-plugin:3.1:compile (default-compile) @ rick-tests ---
[INFO] Nothing to compile - all classes are up to date
[INFO] 
[INFO] --- maven-resources-plugin:2.6:testResources (default-testResources) @ rick-tests ---
[WARNING] Using platform encoding (UTF-8 actually) to copy filtered resources, i.e. build is platform dependent!
[INFO] Copying 119 resources
[INFO] 
[INFO] --- maven-compiler-plugin:3.1:testCompile (default-testCompile) @ rick-tests ---
[INFO] Changes detected - recompiling the module!
[WARNING] File encoding has not been set, using platform encoding UTF-8, i.e. build is platform dependent!
[INFO] Compiling 26 source files to /home/dee/dev/rick-major-review/rick-tests/target/test-classes
[WARNING] /home/dee/dev/rick-major-review/rick-tests/src/test/java/org/gephi/importer/impl/TestImportContainerImplRickGenNodeExists.java: Some input files use unchecked or unsafe operations.
[WARNING] /home/dee/dev/rick-major-review/rick-tests/src/test/java/org/gephi/importer/impl/TestImportContainerImplRickGenNodeExists.java: Recompile with -Xlint:unchecked for details.
[INFO] 
[INFO] --- maven-surefire-plugin:2.22.2:test (default-test) @ rick-tests ---
[INFO] 
[INFO] -------------------------------------------------------
[INFO]  T E S T S
[INFO] -------------------------------------------------------
[INFO] Running org.gephi.importer.impl.TestImportContainerImplRickGenNodeExists
[ERROR] Tests run: 3, Failures: 1, Errors: 2, Skipped: 0, Time elapsed: 5.517 s <<< FAILURE! - in org.gephi.importer.impl.TestImportContainerImplRickGenNodeExists
[ERROR] test_nodeExists_CO_7833ebbee6984fa18d6f565fd004496e  Time elapsed: 4.491 s  <<< FAILURE!
org.mockito.exceptions.verification.WantedButNotInvoked: 

Wanted but not invoked:
object2IntMap.containsKey(<any>);
-> at org.gephi.importer.impl.TestImportContainerImplRickGenNodeExists.test_nodeExists_CO_7833ebbee6984fa18d6f565fd004496e(TestImportContainerImplRickGenNodeExists.java:110)
Actually, there were zero interactions with this mock.

	at org.gephi.importer.impl.TestImportContainerImplRickGenNodeExists.test_nodeExists_CO_7833ebbee6984fa18d6f565fd004496e(TestImportContainerImplRickGenNodeExists.java:110)

[ERROR] test_nodeExists_PO_7833ebbee6984fa18d6f565fd004496e  Time elapsed: 0.096 s  <<< ERROR!
org.mockito.exceptions.misusing.UnnecessaryStubbingException: 

Unnecessary stubbings detected.
Clean & maintainable test code requires zero unnecessary code.
Following stubbings are unnecessary (click to navigate to relevant line of code):
  1. -> at org.gephi.importer.impl.TestImportContainerImplRickGenNodeExists.test_nodeExists_PO_7833ebbee6984fa18d6f565fd004496e(TestImportContainerImplRickGenNodeExists.java:86)
Please remove unnecessary stubbings or use 'lenient' strictness. More info: javadoc for UnnecessaryStubbingException class.

[ERROR] test_nodeExists_OO_7833ebbee6984fa18d6f565fd004496e  Time elapsed: 0.059 s  <<< ERROR!
org.mockito.exceptions.misusing.UnnecessaryStubbingException: 

Unnecessary stubbings detected.
Clean & maintainable test code requires zero unnecessary code.
Following stubbings are unnecessary (click to navigate to relevant line of code):
  1. -> at org.gephi.importer.impl.TestImportContainerImplRickGenNodeExists.test_nodeExists_OO_7833ebbee6984fa18d6f565fd004496e(TestImportContainerImplRickGenNodeExists.java:67)
Please remove unnecessary stubbings or use 'lenient' strictness. More info: javadoc for UnnecessaryStubbingException class.

[INFO] 
[INFO] Results:
[INFO] 
[ERROR] Failures: 
[ERROR]   TestImportContainerImplRickGenNodeExists.test_nodeExists_CO_7833ebbee6984fa18d6f565fd004496e:110 
Wanted but not invoked:
object2IntMap.containsKey(<any>);
-> at org.gephi.importer.impl.TestImportContainerImplRickGenNodeExists.test_nodeExists_CO_7833ebbee6984fa18d6f565fd004496e(TestImportContainerImplRickGenNodeExists.java:110)
Actually, there were zero interactions with this mock.

[ERROR] Errors: 
[ERROR]   TestImportContainerImplRickGenNodeExists.test_nodeExists_OO_7833ebbee6984fa18d6f565fd004496e » UnnecessaryStubbing
[ERROR]   TestImportContainerImplRickGenNodeExists.test_nodeExists_PO_7833ebbee6984fa18d6f565fd004496e » UnnecessaryStubbing
[INFO] 
[ERROR] Tests run: 3, Failures: 1, Errors: 2, Skipped: 0
[INFO] 
[INFO] ------------------------------------------------------------------------
[INFO] BUILD FAILURE
[INFO] ------------------------------------------------------------------------
[INFO] Total time:  21.115 s
[INFO] Finished at: 2023-06-06T20:58:38+02:00
[INFO] ------------------------------------------------------------------------
[ERROR] Failed to execute goal org.apache.maven.plugins:maven-surefire-plugin:2.22.2:test (default-test) on project rick-tests: There are test failures.
[ERROR] 
[ERROR] Please refer to /home/dee/dev/rick-major-review/rick-tests/target/surefire-reports for the individual test results.
[ERROR] Please refer to dump files (if any exist) [date].dump, [date]-jvmRun[N].dump and [date].dumpstream.
[ERROR] -> [Help 1]
[ERROR] 
[ERROR] To see the full stack trace of the errors, re-run Maven with the -e switch.
[ERROR] Re-run Maven using the -X switch to enable full debug logging.
[ERROR] 
[ERROR] For more information about the errors and possible solutions, please read the following articles:
[ERROR] [Help 1] http://cwiki.apache.org/confluence/display/MAVEN/MojoFailureException

Security framework of XStream not initialized, XStream is probably vulnerable.

---------------------------------------------------
[LOG] Cleaned targets with ['mvn', 'clean']
[INFO] Scanning for projects...
[INFO] 
[INFO] ------------------------< org.gephi:rick-tests >------------------------
[INFO] Building rick-tests 1.0-SNAPSHOT
[INFO] --------------------------------[ jar ]---------------------------------
[INFO] 
[INFO] --- maven-clean-plugin:2.5:clean (default-clean) @ rick-tests ---
[INFO] Deleting /home/dee/dev/rick-major-review/rick-tests/target
[INFO] ------------------------------------------------------------------------
[INFO] BUILD SUCCESS
[INFO] ------------------------------------------------------------------------
[INFO] Total time:  0.881 s
[INFO] Finished at: 2023-06-06T20:58:42+02:00
[INFO] ------------------------------------------------------------------------


---------------------------------------------------
[LOG] In experiment directory /home/dee/dev/rick-major-review/finches
---------------------------------------------------
[LOG] Restoring original RICK test from ./ImportContainerImpl.java/original-test.java
[LOG] Invoking cp ./ImportContainerImpl.java/original-test.java /home/dee/dev/rick-major-review/rick-tests/src/test/java/org/gephi/importer/impl/TestImportContainerImplRickGenNodeExists.java
---------------------------------------------------
[ALL] Evaluating (OO +) PO + CO
[LOG] Restoring original RICK test from ./ImportContainerImpl.java/original-test.java
[LOG] Invoking cp ./ImportContainerImpl.java/original-test.java /home/dee/dev/rick-major-review/rick-tests/src/test/java/org/gephi/importer/impl/TestImportContainerImplRickGenNodeExists.java
[LOG] In test module directory /home/dee/dev/rick-major-review/rick-tests
[LOG] Invoked tests with ['mvn', 'test', '-Dtest=TestImportContainerImplRickGenNodeExists']
[INFO] Scanning for projects...
[INFO] 
[INFO] ------------------------< org.gephi:rick-tests >------------------------
[INFO] Building rick-tests 1.0-SNAPSHOT
[INFO] --------------------------------[ jar ]---------------------------------
[INFO] 
[INFO] --- maven-resources-plugin:2.6:resources (default-resources) @ rick-tests ---
[WARNING] Using platform encoding (UTF-8 actually) to copy filtered resources, i.e. build is platform dependent!
[INFO] Copying 0 resource
[INFO] 
[INFO] --- maven-compiler-plugin:3.1:compile (default-compile) @ rick-tests ---
[INFO] Nothing to compile - all classes are up to date
[INFO] 
[INFO] --- maven-resources-plugin:2.6:testResources (default-testResources) @ rick-tests ---
[WARNING] Using platform encoding (UTF-8 actually) to copy filtered resources, i.e. build is platform dependent!
[INFO] Copying 119 resources
[INFO] 
[INFO] --- maven-compiler-plugin:3.1:testCompile (default-testCompile) @ rick-tests ---
[INFO] Changes detected - recompiling the module!
[WARNING] File encoding has not been set, using platform encoding UTF-8, i.e. build is platform dependent!
[INFO] Compiling 26 source files to /home/dee/dev/rick-major-review/rick-tests/target/test-classes
[WARNING] /home/dee/dev/rick-major-review/rick-tests/src/test/java/org/gephi/importer/impl/TestImportContainerImplRickGenNodeExists.java: Some input files use unchecked or unsafe operations.
[WARNING] /home/dee/dev/rick-major-review/rick-tests/src/test/java/org/gephi/importer/impl/TestImportContainerImplRickGenNodeExists.java: Recompile with -Xlint:unchecked for details.
[INFO] 
[INFO] --- maven-surefire-plugin:2.22.2:test (default-test) @ rick-tests ---
[INFO] 
[INFO] -------------------------------------------------------
[INFO]  T E S T S
[INFO] -------------------------------------------------------
[INFO] Running org.gephi.importer.impl.TestImportContainerImplRickGenNodeExists
[ERROR] Tests run: 3, Failures: 2, Errors: 1, Skipped: 0, Time elapsed: 5.402 s <<< FAILURE! - in org.gephi.importer.impl.TestImportContainerImplRickGenNodeExists
[ERROR] test_nodeExists_CO_7833ebbee6984fa18d6f565fd004496e  Time elapsed: 4.494 s  <<< FAILURE!
org.mockito.exceptions.verification.WantedButNotInvoked: 

Wanted but not invoked:
object2IntMap.containsKey(<any>);
-> at org.gephi.importer.impl.TestImportContainerImplRickGenNodeExists.test_nodeExists_CO_7833ebbee6984fa18d6f565fd004496e(TestImportContainerImplRickGenNodeExists.java:110)
Actually, there were zero interactions with this mock.

	at org.gephi.importer.impl.TestImportContainerImplRickGenNodeExists.test_nodeExists_CO_7833ebbee6984fa18d6f565fd004496e(TestImportContainerImplRickGenNodeExists.java:110)

[ERROR] test_nodeExists_PO_7833ebbee6984fa18d6f565fd004496e  Time elapsed: 0.089 s  <<< FAILURE!
org.mockito.exceptions.verification.WantedButNotInvoked: 

Wanted but not invoked:
object2IntMap.containsKey(
    <any java.lang.Object>
);
-> at org.gephi.importer.impl.TestImportContainerImplRickGenNodeExists.test_nodeExists_PO_7833ebbee6984fa18d6f565fd004496e(TestImportContainerImplRickGenNodeExists.java:90)
Actually, there were zero interactions with this mock.

	at org.gephi.importer.impl.TestImportContainerImplRickGenNodeExists.test_nodeExists_PO_7833ebbee6984fa18d6f565fd004496e(TestImportContainerImplRickGenNodeExists.java:90)

[ERROR] test_nodeExists_OO_7833ebbee6984fa18d6f565fd004496e  Time elapsed: 0.057 s  <<< ERROR!
org.mockito.exceptions.misusing.UnnecessaryStubbingException: 

Unnecessary stubbings detected.
Clean & maintainable test code requires zero unnecessary code.
Following stubbings are unnecessary (click to navigate to relevant line of code):
  1. -> at org.gephi.importer.impl.TestImportContainerImplRickGenNodeExists.test_nodeExists_OO_7833ebbee6984fa18d6f565fd004496e(TestImportContainerImplRickGenNodeExists.java:67)
Please remove unnecessary stubbings or use 'lenient' strictness. More info: javadoc for UnnecessaryStubbingException class.

[INFO] 
[INFO] Results:
[INFO] 
[ERROR] Failures: 
[ERROR]   TestImportContainerImplRickGenNodeExists.test_nodeExists_CO_7833ebbee6984fa18d6f565fd004496e:110 
Wanted but not invoked:
object2IntMap.containsKey(<any>);
-> at org.gephi.importer.impl.TestImportContainerImplRickGenNodeExists.test_nodeExists_CO_7833ebbee6984fa18d6f565fd004496e(TestImportContainerImplRickGenNodeExists.java:110)
Actually, there were zero interactions with this mock.

[ERROR]   TestImportContainerImplRickGenNodeExists.test_nodeExists_PO_7833ebbee6984fa18d6f565fd004496e:90 
Wanted but not invoked:
object2IntMap.containsKey(
    <any java.lang.Object>
);
-> at org.gephi.importer.impl.TestImportContainerImplRickGenNodeExists.test_nodeExists_PO_7833ebbee6984fa18d6f565fd004496e(TestImportContainerImplRickGenNodeExists.java:90)
Actually, there were zero interactions with this mock.

[ERROR] Errors: 
[ERROR]   TestImportContainerImplRickGenNodeExists.test_nodeExists_OO_7833ebbee6984fa18d6f565fd004496e » UnnecessaryStubbing
[INFO] 
[ERROR] Tests run: 3, Failures: 2, Errors: 1, Skipped: 0
[INFO] 
[INFO] ------------------------------------------------------------------------
[INFO] BUILD FAILURE
[INFO] ------------------------------------------------------------------------
[INFO] Total time:  22.357 s
[INFO] Finished at: 2023-06-06T20:59:09+02:00
[INFO] ------------------------------------------------------------------------
[ERROR] Failed to execute goal org.apache.maven.plugins:maven-surefire-plugin:2.22.2:test (default-test) on project rick-tests: There are test failures.
[ERROR] 
[ERROR] Please refer to /home/dee/dev/rick-major-review/rick-tests/target/surefire-reports for the individual test results.
[ERROR] Please refer to dump files (if any exist) [date].dump, [date]-jvmRun[N].dump and [date].dumpstream.
[ERROR] -> [Help 1]
[ERROR] 
[ERROR] To see the full stack trace of the errors, re-run Maven with the -e switch.
[ERROR] Re-run Maven using the -X switch to enable full debug logging.
[ERROR] 
[ERROR] For more information about the errors and possible solutions, please read the following articles:
[ERROR] [Help 1] http://cwiki.apache.org/confluence/display/MAVEN/MojoFailureException

Security framework of XStream not initialized, XStream is probably vulnerable.

---------------------------------------------------
[LOG] Cleaned targets with ['mvn', 'clean']
[INFO] Scanning for projects...
[INFO] 
[INFO] ------------------------< org.gephi:rick-tests >------------------------
[INFO] Building rick-tests 1.0-SNAPSHOT
[INFO] --------------------------------[ jar ]---------------------------------
[INFO] 
[INFO] --- maven-clean-plugin:2.5:clean (default-clean) @ rick-tests ---
[INFO] Deleting /home/dee/dev/rick-major-review/rick-tests/target
[INFO] ------------------------------------------------------------------------
[INFO] BUILD SUCCESS
[INFO] ------------------------------------------------------------------------
[INFO] Total time:  0.963 s
[INFO] Finished at: 2023-06-06T20:59:13+02:00
[INFO] ------------------------------------------------------------------------


---------------------------------------------------
[LOG] In experiment directory /home/dee/dev/rick-major-review/finches
---------------------------------------------------
---------------------------------------------------
[LOG] Resetting ImportContainerImpl.java to original
[LOG] Invoking cp ./ImportContainerImpl.java/original.java /home/dee/dev/rick-major-review/gephi/modules/ImportAPI/src/main/java/org/gephi/io/importer/impl/ImportContainerImpl.java
---------------------------------------------------
[LOG] Replacing originalImportContainerImpl.java with ./ImportContainerImpl.java/300.java
[LOG] Invoking cp ./ImportContainerImpl.java/300.java /home/dee/dev/rick-major-review/gephi/modules/ImportAPI/src/main/java/org/gephi/io/importer/impl/ImportContainerImpl.java
[LOG] Invoked a clean install of the parent module with ['mvn', 'clean', 'install', '-DskipTests']
[INFO] Scanning for projects...
[INFO] 
[INFO] ---------------------< org.gephi:io-importer-api >----------------------
[INFO] Building ImportAPI 0.9.6
[INFO] --------------------------------[ nbm ]---------------------------------
[INFO] 
[INFO] --- maven-clean-plugin:3.1.0:clean (default-clean) @ io-importer-api ---
[INFO] Deleting /home/dee/dev/rick-major-review/gephi/modules/ImportAPI/target
[INFO] 
[INFO] --- build-helper-maven-plugin:3.3.0:parse-version (parse-version) @ io-importer-api ---
[INFO] 
[INFO] --- maven-checkstyle-plugin:3.1.2:check (validate) @ io-importer-api ---
[INFO] 
[INFO] --- maven-resources-plugin:3.2.0:copy-resources (generate-modules-xml) @ io-importer-api ---
[INFO] Using 'UTF-8' encoding to copy filtered resources.
[INFO] Using 'UTF-8' encoding to copy filtered properties files.
[INFO] Copying 1 resource
[INFO] 
[INFO] --- maven-resources-plugin:3.2.0:resources (default-resources) @ io-importer-api ---
[INFO] Using 'UTF-8' encoding to copy filtered resources.
[INFO] Using 'UTF-8' encoding to copy filtered properties files.
[INFO] Copying 37 resources
[INFO] 
[INFO] --- maven-compiler-plugin:3.10.0:compile (default-compile) @ io-importer-api ---
[INFO] Changes detected - recompiling the module!
[INFO] Compiling 41 source files to /home/dee/dev/rick-major-review/gephi/modules/ImportAPI/target/classes
[WARNING] No processor claimed any of these annotations: java.base/java.lang.Override
[WARNING] /home/dee/dev/rick-major-review/gephi/modules/ImportAPI/src/main/java/org/gephi/io/importer/api/ContainerLoader.java:[172,42] [rawtypes] found raw type: Class
  missing type arguments for generic class Class<T>
  where T is a type-variable:
    T extends Object declared in class Class
[WARNING] /home/dee/dev/rick-major-review/gephi/modules/ImportAPI/src/main/java/org/gephi/io/importer/api/ContainerLoader.java:[184,42] [rawtypes] found raw type: Class
  missing type arguments for generic class Class<T>
  where T is a type-variable:
    T extends Object declared in class Class
[WARNING] /home/dee/dev/rick-major-review/gephi/modules/ImportAPI/src/main/java/org/gephi/io/importer/api/ContainerLoader.java:[199,42] [rawtypes] found raw type: Class
  missing type arguments for generic class Class<T>
  where T is a type-variable:
    T extends Object declared in class Class
[WARNING] /home/dee/dev/rick-major-review/gephi/modules/ImportAPI/src/main/java/org/gephi/io/importer/api/ContainerLoader.java:[214,42] [rawtypes] found raw type: Class
  missing type arguments for generic class Class<T>
  where T is a type-variable:
    T extends Object declared in class Class
[WARNING] /home/dee/dev/rick-major-review/gephi/modules/ImportAPI/src/main/java/org/gephi/io/importer/api/ContainerUnloader.java:[121,4] [rawtypes] found raw type: Class
  missing type arguments for generic class Class<T>
  where T is a type-variable:
    T extends Object declared in class Class
[WARNING] /home/dee/dev/rick-major-review/gephi/modules/ImportAPI/src/main/java/org/gephi/io/importer/api/ElementDraft.java:[345,4] [rawtypes] found raw type: TimeSet
  missing type arguments for generic class TimeSet<K>
  where K is a type-variable:
    K extends Object declared in interface TimeSet
[WARNING] /home/dee/dev/rick-major-review/gephi/modules/ImportAPI/src/main/java/org/gephi/io/importer/api/ColumnDraft.java:[80,4] [rawtypes] found raw type: Class
  missing type arguments for generic class Class<T>
  where T is a type-variable:
    T extends Object declared in class Class
[WARNING] /home/dee/dev/rick-major-review/gephi/modules/ImportAPI/src/main/java/org/gephi/io/importer/api/ColumnDraft.java:[88,4] [rawtypes] found raw type: Class
  missing type arguments for generic class Class<T>
  where T is a type-variable:
    T extends Object declared in class Class
[WARNING] /home/dee/dev/rick-major-review/gephi/modules/ImportAPI/src/main/java/org/gephi/io/importer/api/ElementIdType.java:[56,18] [rawtypes] found raw type: Class
  missing type arguments for generic class Class<T>
  where T is a type-variable:
    T extends Object declared in class Class
[WARNING] /home/dee/dev/rick-major-review/gephi/modules/ImportAPI/src/main/java/org/gephi/io/importer/api/ElementIdType.java:[58,18] [rawtypes] found raw type: Class
  missing type arguments for generic class Class<T>
  where T is a type-variable:
    T extends Object declared in class Class
[WARNING] /home/dee/dev/rick-major-review/gephi/modules/ImportAPI/src/main/java/org/gephi/io/importer/api/ElementIdType.java:[62,11] [rawtypes] found raw type: Class
  missing type arguments for generic class Class<T>
  where T is a type-variable:
    T extends Object declared in class Class
[WARNING] /home/dee/dev/rick-major-review/gephi/modules/ImportAPI/src/main/java/org/gephi/io/importer/impl/ImportContainerImpl.java:[106,18] [rawtypes] found raw type: Object2IntMap
  missing type arguments for generic class Object2IntMap<K>
  where K is a type-variable:
    K extends Object declared in interface Object2IntMap
[WARNING] /home/dee/dev/rick-major-review/gephi/modules/ImportAPI/src/main/java/org/gephi/io/importer/impl/ImportContainerImpl.java:[111,12] [rawtypes] found raw type: Class
  missing type arguments for generic class Class<T>
  where T is a type-variable:
    T extends Object declared in class Class
[WARNING] /home/dee/dev/rick-major-review/gephi/modules/ImportAPI/src/main/java/org/gephi/io/importer/impl/ImportContainerImpl.java:[143,26] [rawtypes] found raw type: Object2IntOpenHashMap
  missing type arguments for generic class Object2IntOpenHashMap<K>
  where K is a type-variable:
    K extends Object declared in class Object2IntOpenHashMap
[WARNING] /home/dee/dev/rick-major-review/gephi/modules/ImportAPI/src/main/java/org/gephi/io/importer/impl/ImportContainerImpl.java:[144,27] [rawtypes] found raw type: Long2ObjectMap
  missing type arguments for generic class Long2ObjectMap<V>
  where V is a type-variable:
    V extends Object declared in interface Long2ObjectMap
[WARNING] /home/dee/dev/rick-major-review/gephi/modules/ImportAPI/src/main/java/org/gephi/io/importer/impl/ImportContainerImpl.java:[144,23] [unchecked] unchecked conversion
  required: Long2ObjectMap<int[]>[]
  found:    Long2ObjectMap[]
[WARNING] /home/dee/dev/rick-major-review/gephi/modules/ImportAPI/src/main/java/org/gephi/io/importer/impl/ImportContainerImpl.java:[238,17] [rawtypes] found raw type: Long2ObjectMap
  missing type arguments for generic class Long2ObjectMap<V>
  where V is a type-variable:
    V extends Object declared in interface Long2ObjectMap
[WARNING] /home/dee/dev/rick-major-review/gephi/modules/ImportAPI/src/main/java/org/gephi/io/importer/impl/ImportContainerImpl.java:[500,49] [rawtypes] found raw type: Class
  missing type arguments for generic class Class<T>
  where T is a type-variable:
    T extends Object declared in class Class
[WARNING] /home/dee/dev/rick-major-review/gephi/modules/ImportAPI/src/main/java/org/gephi/io/importer/impl/ImportContainerImpl.java:[505,70] [unchecked] unchecked method invocation: method getStaticType in class AttributeUtils is applied to given types
  required: Class<? extends TimeMap>
  found: Class
[WARNING] /home/dee/dev/rick-major-review/gephi/modules/ImportAPI/src/main/java/org/gephi/io/importer/impl/ImportContainerImpl.java:[505,71] [unchecked] unchecked conversion
  required: Class<? extends TimeMap>
  found:    Class
[WARNING] /home/dee/dev/rick-major-review/gephi/modules/ImportAPI/src/main/java/org/gephi/io/importer/impl/ImportContainerImpl.java:[513,49] [rawtypes] found raw type: Class
  missing type arguments for generic class Class<T>
  where T is a type-variable:
    T extends Object declared in class Class
[WARNING] /home/dee/dev/rick-major-review/gephi/modules/ImportAPI/src/main/java/org/gephi/io/importer/impl/ImportContainerImpl.java:[538,49] [rawtypes] found raw type: Class
  missing type arguments for generic class Class<T>
  where T is a type-variable:
    T extends Object declared in class Class
[WARNING] /home/dee/dev/rick-major-review/gephi/modules/ImportAPI/src/main/java/org/gephi/io/importer/impl/ImportContainerImpl.java:[543,70] [unchecked] unchecked method invocation: method getStaticType in class AttributeUtils is applied to given types
  required: Class<? extends TimeMap>
  found: Class
[WARNING] /home/dee/dev/rick-major-review/gephi/modules/ImportAPI/src/main/java/org/gephi/io/importer/impl/ImportContainerImpl.java:[543,71] [unchecked] unchecked conversion
  required: Class<? extends TimeMap>
  found:    Class
[WARNING] /home/dee/dev/rick-major-review/gephi/modules/ImportAPI/src/main/java/org/gephi/io/importer/impl/ImportContainerImpl.java:[551,49] [rawtypes] found raw type: Class
  missing type arguments for generic class Class<T>
  where T is a type-variable:
    T extends Object declared in class Class
[WARNING] /home/dee/dev/rick-major-review/gephi/modules/ImportAPI/src/main/java/org/gephi/io/importer/impl/ImportContainerImpl.java:[861,27] [deprecation] Float(float) in Float has been deprecated
[WARNING] /home/dee/dev/rick-major-review/gephi/modules/ImportAPI/src/main/java/org/gephi/io/importer/impl/ImportContainerImpl.java:[1041,11] [rawtypes] found raw type: Class
  missing type arguments for generic class Class<T>
  where T is a type-variable:
    T extends Object declared in class Class
[WARNING] /home/dee/dev/rick-major-review/gephi/modules/ImportAPI/src/main/java/org/gephi/io/importer/impl/ImportContainerImpl.java:[1054,12] [rawtypes] found raw type: Class
  missing type arguments for generic class Class<T>
  where T is a type-variable:
    T extends Object declared in class Class
[WARNING] /home/dee/dev/rick-major-review/gephi/modules/ImportAPI/src/main/java/org/gephi/io/importer/impl/ImportContainerImpl.java:[1085,23] [unchecked] unchecked call to put(K,int) as a member of the raw type Object2IntFunction
  where K is a type-variable:
    K extends Object declared in interface Object2IntFunction
[WARNING] /home/dee/dev/rick-major-review/gephi/modules/ImportAPI/src/main/java/org/gephi/io/importer/impl/ImportContainerImpl.java:[1091,12] [rawtypes] found raw type: Long2ObjectMap
  missing type arguments for generic class Long2ObjectMap<V>
  where V is a type-variable:
    V extends Object declared in interface Long2ObjectMap
[WARNING] /home/dee/dev/rick-major-review/gephi/modules/ImportAPI/src/main/java/org/gephi/io/importer/impl/ImportContainerImpl.java:[1091,37] [rawtypes] found raw type: Long2ObjectMap
  missing type arguments for generic class Long2ObjectMap<V>
  where V is a type-variable:
    V extends Object declared in interface Long2ObjectMap
[WARNING] /home/dee/dev/rick-major-review/gephi/modules/ImportAPI/src/main/java/org/gephi/io/importer/impl/ImportContainerImpl.java:[1093,27] [unchecked] unchecked conversion
  required: Long2ObjectMap<int[]>[]
  found:    Long2ObjectMap[]
[WARNING] /home/dee/dev/rick-major-review/gephi/modules/ImportAPI/src/main/java/org/gephi/io/importer/impl/ImportContainerImpl.java:[1168,34] [rawtypes] found raw type: Collection
  missing type arguments for generic class Collection<E>
  where E is a type-variable:
    E extends Object declared in interface Collection
[WARNING] /home/dee/dev/rick-major-review/gephi/modules/ImportAPI/src/main/java/org/gephi/io/importer/impl/ImportContainerImpl.java:[1169,30] [unchecked] unchecked conversion
  required: Collection<T>
  found:    Collection
  where T is a type-variable:
    T extends ElementDraft declared in class NullFilterIterable
[WARNING] /home/dee/dev/rick-major-review/gephi/modules/ImportAPI/src/main/java/org/gephi/io/importer/impl/ElementDraftImpl.java:[78,14] [rawtypes] found raw type: TimeSet
  missing type arguments for generic class TimeSet<K>
  where K is a type-variable:
    K extends Object declared in interface TimeSet
[WARNING] /home/dee/dev/rick-major-review/gephi/modules/ImportAPI/src/main/java/org/gephi/io/importer/impl/ElementDraftImpl.java:[86,51] [rawtypes] found raw type: Class
  missing type arguments for generic class Class<T>
  where T is a type-variable:
    T extends Object declared in class Class
[WARNING] /home/dee/dev/rick-major-review/gephi/modules/ImportAPI/src/main/java/org/gephi/io/importer/impl/ElementDraftImpl.java:[93,47] [rawtypes] found raw type: Class
  missing type arguments for generic class Class<T>
  where T is a type-variable:
    T extends Object declared in class Class
[WARNING] /home/dee/dev/rick-major-review/gephi/modules/ImportAPI/src/main/java/org/gephi/io/importer/impl/ElementDraftImpl.java:[234,8] [rawtypes] found raw type: Class
  missing type arguments for generic class Class<T>
  where T is a type-variable:
    T extends Object declared in class Class
[WARNING] /home/dee/dev/rick-major-review/gephi/modules/ImportAPI/src/main/java/org/gephi/io/importer/impl/ElementDraftImpl.java:[236,47] [unchecked] unchecked method invocation: method getStaticType in class AttributeUtils is applied to given types
  required: Class<? extends TimeMap>
  found: Class
[WARNING] /home/dee/dev/rick-major-review/gephi/modules/ImportAPI/src/main/java/org/gephi/io/importer/impl/ElementDraftImpl.java:[236,48] [unchecked] unchecked conversion
  required: Class<? extends TimeMap>
  found:    Class
[WARNING] /home/dee/dev/rick-major-review/gephi/modules/ImportAPI/src/main/java/org/gephi/io/importer/impl/ElementDraftImpl.java:[378,19] [unchecked] unchecked call to add(K) as a member of the raw type TimeSet
  where K is a type-variable:
    K extends Object declared in interface TimeSet
[WARNING] /home/dee/dev/rick-major-review/gephi/modules/ImportAPI/src/main/java/org/gephi/io/importer/impl/ElementDraftImpl.java:[394,27] [unchecked] unchecked call to add(K) as a member of the raw type TimeSet
  where K is a type-variable:
    K extends Object declared in interface TimeSet
[WARNING] /home/dee/dev/rick-major-review/gephi/modules/ImportAPI/src/main/java/org/gephi/io/importer/impl/ElementDraftImpl.java:[400,11] [rawtypes] found raw type: TimeSet
  missing type arguments for generic class TimeSet<K>
  where K is a type-variable:
    K extends Object declared in interface TimeSet
[WARNING] /home/dee/dev/rick-major-review/gephi/modules/ImportAPI/src/main/java/org/gephi/io/importer/impl/ElementDraftImpl.java:[437,27] [unchecked] unchecked call to add(K) as a member of the raw type TimeSet
  where K is a type-variable:
    K extends Object declared in interface TimeSet
[WARNING] /home/dee/dev/rick-major-review/gephi/modules/ImportAPI/src/main/java/org/gephi/io/importer/impl/ElementDraftImpl.java:[455,23] [unchecked] unchecked call to add(K) as a member of the raw type TimeSet
  where K is a type-variable:
    K extends Object declared in interface TimeSet
[WARNING] /home/dee/dev/rick-major-review/gephi/modules/ImportAPI/src/main/java/org/gephi/io/importer/impl/ElementDraftImpl.java:[488,8] [rawtypes] found raw type: Class
  missing type arguments for generic class Class<T>
  where T is a type-variable:
    T extends Object declared in class Class
[WARNING] /home/dee/dev/rick-major-review/gephi/modules/ImportAPI/src/main/java/org/gephi/io/importer/impl/ElementDraftImpl.java:[506,8] [rawtypes] found raw type: Class
  missing type arguments for generic class Class<T>
  where T is a type-variable:
    T extends Object declared in class Class
[WARNING] /home/dee/dev/rick-major-review/gephi/modules/ImportAPI/src/main/java/org/gephi/io/importer/impl/ElementDraftImpl.java:[520,8] [rawtypes] found raw type: TimestampMap
  missing type arguments for generic class TimestampMap<T>
  where T is a type-variable:
    T extends Object declared in class TimestampMap
[WARNING] /home/dee/dev/rick-major-review/gephi/modules/ImportAPI/src/main/java/org/gephi/io/importer/impl/ElementDraftImpl.java:[522,73] [deprecation] newInstance() in Class has been deprecated
  where T is a type-variable:
    T extends Object declared in class Class
[WARNING] /home/dee/dev/rick-major-review/gephi/modules/ImportAPI/src/main/java/org/gephi/io/importer/impl/ElementDraftImpl.java:[525,13] [unchecked] unchecked call to put(Double,T) as a member of the raw type TimestampMap
  where T is a type-variable:
    T extends Object declared in class TimestampMap
[WARNING] /home/dee/dev/rick-major-review/gephi/modules/ImportAPI/src/main/java/org/gephi/io/importer/impl/ElementDraftImpl.java:[531,8] [rawtypes] found raw type: Class
  missing type arguments for generic class Class<T>
  where T is a type-variable:
    T extends Object declared in class Class
[WARNING] /home/dee/dev/rick-major-review/gephi/modules/ImportAPI/src/main/java/org/gephi/io/importer/impl/ElementDraftImpl.java:[545,8] [rawtypes] found raw type: IntervalMap
  missing type arguments for generic class IntervalMap<T>
  where T is a type-variable:
    T extends Object declared in class IntervalMap
[WARNING] /home/dee/dev/rick-major-review/gephi/modules/ImportAPI/src/main/java/org/gephi/io/importer/impl/ElementDraftImpl.java:[547,72] [deprecation] newInstance() in Class has been deprecated
  where T is a type-variable:
    T extends Object declared in class Class
[WARNING] /home/dee/dev/rick-major-review/gephi/modules/ImportAPI/src/main/java/org/gephi/io/importer/impl/ElementDraftImpl.java:[550,13] [unchecked] unchecked call to put(Interval,T) as a member of the raw type IntervalMap
  where T is a type-variable:
    T extends Object declared in class IntervalMap
[WARNING] /home/dee/dev/rick-major-review/gephi/modules/ImportAPI/src/main/java/org/gephi/io/importer/impl/NodeDraftImpl.java:[134,38] [rawtypes] found raw type: Class
  missing type arguments for generic class Class<T>
  where T is a type-variable:
    T extends Object declared in class Class
[WARNING] /home/dee/dev/rick-major-review/gephi/modules/ImportAPI/src/main/java/org/gephi/io/importer/impl/EdgeDraftImpl.java:[133,38] [rawtypes] found raw type: Class
  missing type arguments for generic class Class<T>
  where T is a type-variable:
    T extends Object declared in class Class
[WARNING] /home/dee/dev/rick-major-review/gephi/modules/ImportAPI/src/main/java/org/gephi/io/importer/api/AbstractDatabase.java:[51,16] [serial] serializable class AbstractDatabase has no definition of serialVersionUID
[WARNING] /home/dee/dev/rick-major-review/gephi/modules/ImportAPI/src/main/java/org/gephi/io/importer/api/PropertiesAssociations.java:[49,13] [serial] serializable class PropertiesAssociations has no definition of serialVersionUID
[WARNING] /home/dee/dev/rick-major-review/gephi/modules/ImportAPI/src/main/java/org/gephi/io/importer/spi/ImporterWizardUI.java:[91,20] [rawtypes] found raw type: Panel
  missing type arguments for generic class Panel<Data>
  where Data is a type-variable:
    Data extends Object declared in interface Panel
[WARNING] /home/dee/dev/rick-major-review/gephi/modules/ImportAPI/src/main/java/org/gephi/io/importer/spi/ImporterWizardUI.java:[99,31] [rawtypes] found raw type: Panel
  missing type arguments for generic class Panel<Data>
  where Data is a type-variable:
    Data extends Object declared in interface Panel
[WARNING] /home/dee/dev/rick-major-review/gephi/modules/ImportAPI/src/main/java/org/gephi/io/importer/spi/ImporterWizardUI.java:[109,58] [rawtypes] found raw type: Panel
  missing type arguments for generic class Panel<Data>
  where Data is a type-variable:
    Data extends Object declared in interface Panel
[WARNING] /home/dee/dev/rick-major-review/gephi/modules/ImportAPI/src/main/java/org/gephi/io/importer/impl/ColumnDraftImpl.java:[56,20] [rawtypes] found raw type: Class
  missing type arguments for generic class Class<T>
  where T is a type-variable:
    T extends Object declared in class Class
[WARNING] /home/dee/dev/rick-major-review/gephi/modules/ImportAPI/src/main/java/org/gephi/io/importer/impl/ColumnDraftImpl.java:[61,66] [rawtypes] found raw type: Class
  missing type arguments for generic class Class<T>
  where T is a type-variable:
    T extends Object declared in class Class
[WARNING] /home/dee/dev/rick-major-review/gephi/modules/ImportAPI/src/main/java/org/gephi/io/importer/impl/ColumnDraftImpl.java:[84,11] [rawtypes] found raw type: Class
  missing type arguments for generic class Class<T>
  where T is a type-variable:
    T extends Object declared in class Class
[WARNING] /home/dee/dev/rick-major-review/gephi/modules/ImportAPI/src/main/java/org/gephi/io/importer/impl/ColumnDraftImpl.java:[108,11] [rawtypes] found raw type: Class
  missing type arguments for generic class Class<T>
  where T is a type-variable:
    T extends Object declared in class Class
[WARNING] /home/dee/dev/rick-major-review/gephi/modules/ImportAPI/src/main/java/org/gephi/io/importer/impl/ColumnDraftImpl.java:[110,8] [rawtypes] found raw type: Class
  missing type arguments for generic class Class<T>
  where T is a type-variable:
    T extends Object declared in class Class
[WARNING] /home/dee/dev/rick-major-review/gephi/modules/ImportAPI/src/main/java/org/gephi/io/importer/impl/ColumnDraftImpl.java:[126,8] [rawtypes] found raw type: Class
  missing type arguments for generic class Class<T>
  where T is a type-variable:
    T extends Object declared in class Class
[WARNING] /home/dee/dev/rick-major-review/gephi/modules/ImportAPI/src/main/java/org/gephi/io/importer/impl/ColumnDraftImpl.java:[129,79] [unchecked] unchecked call to isAssignableFrom(Class<?>) as a member of the raw type Class
[INFO] 
[INFO] --- nbm-maven-plugin:4.6:manifest (default-manifest) @ io-importer-api ---
[INFO] NBM Plugin generates manifest
[INFO] 
[INFO] --- maven-resources-plugin:3.2.0:testResources (default-testResources) @ io-importer-api ---
[INFO] Using 'UTF-8' encoding to copy filtered resources.
[INFO] Using 'UTF-8' encoding to copy filtered properties files.
[INFO] skip non existing resourceDirectory /home/dee/dev/rick-major-review/gephi/modules/ImportAPI/src/test/resources
[INFO] 
[INFO] --- maven-compiler-plugin:3.10.0:testCompile (default-testCompile) @ io-importer-api ---
[INFO] Changes detected - recompiling the module!
[INFO] Compiling 2 source files to /home/dee/dev/rick-major-review/gephi/modules/ImportAPI/target/test-classes
[WARNING] /home/dee/dev/rick-major-review/gephi/modules/ImportAPI/src/test/java/org/gephi/io/importer/GraphImporter.java:[17,41] [rawtypes] found raw type: Class
  missing type arguments for generic class Class<T>
  where T is a type-variable:
    T extends Object declared in class Class
[WARNING] /home/dee/dev/rick-major-review/gephi/modules/ImportAPI/src/test/java/org/gephi/io/importer/GraphImporter.java:[34,44] [rawtypes] found raw type: Class
  missing type arguments for generic class Class<T>
  where T is a type-variable:
    T extends Object declared in class Class
[WARNING] /home/dee/dev/rick-major-review/gephi/modules/ImportAPI/src/test/java/org/gephi/io/importer/GraphImporter.java:[46,36] [rawtypes] found raw type: Class
  missing type arguments for generic class Class<T>
  where T is a type-variable:
    T extends Object declared in class Class
[INFO] 
[INFO] --- maven-surefire-plugin:2.22.2:test (default-test) @ io-importer-api ---
[INFO] Tests are skipped.
[INFO] 
[INFO] --- maven-jar-plugin:3.2.2:jar (default-jar) @ io-importer-api ---
[INFO] Building jar: /home/dee/dev/rick-major-review/gephi/modules/ImportAPI/target/io-importer-api-0.9.6.jar
[INFO] 
[INFO] --- nbm-maven-plugin:4.6:nbm (default-nbm) @ io-importer-api ---
[INFO] Copying module JAR to /home/dee/dev/rick-major-review/gephi/modules/ImportAPI/target/nbm/clusters/gephi/modules
[INFO] Generating Auto Update information for org.gephi.io.importer.api
[WARNING] No updater.jar specified, cannot validate Info.xml against DTD
[INFO] Building jar: /home/dee/dev/rick-major-review/gephi/modules/ImportAPI/target/nbm/io-importer-api-0.9.6.nbm
[INFO] 
[INFO] --- maven-jar-plugin:3.2.2:test-jar (default) @ io-importer-api ---
[INFO] Building jar: /home/dee/dev/rick-major-review/gephi/modules/ImportAPI/target/io-importer-api-0.9.6-tests.jar
[INFO] 
[INFO] --- maven-install-plugin:2.5.2:install (default-install) @ io-importer-api ---
[INFO] Installing /home/dee/dev/rick-major-review/gephi/modules/ImportAPI/target/io-importer-api-0.9.6.jar to /home/dee/.m2/repository/org/gephi/io-importer-api/0.9.6/io-importer-api-0.9.6.jar
[INFO] Installing /home/dee/dev/rick-major-review/gephi/modules/ImportAPI/pom.xml to /home/dee/.m2/repository/org/gephi/io-importer-api/0.9.6/io-importer-api-0.9.6.pom
[INFO] Installing /home/dee/dev/rick-major-review/gephi/modules/ImportAPI/target/io-importer-api-0.9.6.nbm to /home/dee/.m2/repository/org/gephi/io-importer-api/0.9.6/io-importer-api-0.9.6.nbm
[INFO] Installing /home/dee/dev/rick-major-review/gephi/modules/ImportAPI/target/io-importer-api-0.9.6-tests.jar to /home/dee/.m2/repository/org/gephi/io-importer-api/0.9.6/io-importer-api-0.9.6-tests.jar
[INFO] ------------------------------------------------------------------------
[INFO] BUILD SUCCESS
[INFO] ------------------------------------------------------------------------
[INFO] Total time:  26.290 s
[INFO] Finished at: 2023-06-06T20:59:44+02:00
[INFO] ------------------------------------------------------------------------


---------------------------------------------------
[BASELINE] Not evaluating any oracle
[LOG] Replacing original RICK test with variant baseline
[LOG] Invoking cp /home/dee/dev/rick-major-review/finches/output/ImportContainerImpl_nodeExists_String/test-baseline.java /home/dee/dev/rick-major-review/rick-tests/src/test/java/org/gephi/importer/impl/TestImportContainerImplRickGenNodeExists.java
[LOG] In test module directory /home/dee/dev/rick-major-review/rick-tests
[LOG] Invoked tests with ['mvn', 'test', '-Dtest=TestImportContainerImplRickGenNodeExists']
[INFO] Scanning for projects...
[INFO] 
[INFO] ------------------------< org.gephi:rick-tests >------------------------
[INFO] Building rick-tests 1.0-SNAPSHOT
[INFO] --------------------------------[ jar ]---------------------------------
[INFO] 
[INFO] --- maven-resources-plugin:2.6:resources (default-resources) @ rick-tests ---
[WARNING] Using platform encoding (UTF-8 actually) to copy filtered resources, i.e. build is platform dependent!
[INFO] Copying 0 resource
[INFO] 
[INFO] --- maven-compiler-plugin:3.1:compile (default-compile) @ rick-tests ---
[INFO] Nothing to compile - all classes are up to date
[INFO] 
[INFO] --- maven-resources-plugin:2.6:testResources (default-testResources) @ rick-tests ---
[WARNING] Using platform encoding (UTF-8 actually) to copy filtered resources, i.e. build is platform dependent!
[INFO] Copying 119 resources
[INFO] 
[INFO] --- maven-compiler-plugin:3.1:testCompile (default-testCompile) @ rick-tests ---
[INFO] Changes detected - recompiling the module!
[WARNING] File encoding has not been set, using platform encoding UTF-8, i.e. build is platform dependent!
[INFO] Compiling 26 source files to /home/dee/dev/rick-major-review/rick-tests/target/test-classes
[WARNING] /home/dee/dev/rick-major-review/rick-tests/src/test/java/org/gephi/importer/impl/TestImportContainerImplRickGenNodeExists.java: Some input files use unchecked or unsafe operations.
[WARNING] /home/dee/dev/rick-major-review/rick-tests/src/test/java/org/gephi/importer/impl/TestImportContainerImplRickGenNodeExists.java: Recompile with -Xlint:unchecked for details.
[INFO] 
[INFO] --- maven-surefire-plugin:2.22.2:test (default-test) @ rick-tests ---
[INFO] 
[INFO] -------------------------------------------------------
[INFO]  T E S T S
[INFO] -------------------------------------------------------
[INFO] Running org.gephi.importer.impl.TestImportContainerImplRickGenNodeExists
[ERROR] Tests run: 3, Failures: 0, Errors: 3, Skipped: 0, Time elapsed: 5.258 s <<< FAILURE! - in org.gephi.importer.impl.TestImportContainerImplRickGenNodeExists
[ERROR] test_nodeExists_CO_7833ebbee6984fa18d6f565fd004496e  Time elapsed: 4.289 s  <<< ERROR!
java.lang.NullPointerException
	at org.gephi.importer.impl.TestImportContainerImplRickGenNodeExists.test_nodeExists_CO_7833ebbee6984fa18d6f565fd004496e(TestImportContainerImplRickGenNodeExists.java:107)

[ERROR] test_nodeExists_PO_7833ebbee6984fa18d6f565fd004496e  Time elapsed: 0.104 s  <<< ERROR!
java.lang.NullPointerException
	at org.gephi.importer.impl.TestImportContainerImplRickGenNodeExists.test_nodeExists_PO_7833ebbee6984fa18d6f565fd004496e(TestImportContainerImplRickGenNodeExists.java:88)

[ERROR] test_nodeExists_OO_7833ebbee6984fa18d6f565fd004496e  Time elapsed: 0.065 s  <<< ERROR!
java.lang.NullPointerException
	at org.gephi.importer.impl.TestImportContainerImplRickGenNodeExists.test_nodeExists_OO_7833ebbee6984fa18d6f565fd004496e(TestImportContainerImplRickGenNodeExists.java:69)

[INFO] 
[INFO] Results:
[INFO] 
[ERROR] Errors: 
[ERROR]   TestImportContainerImplRickGenNodeExists.test_nodeExists_CO_7833ebbee6984fa18d6f565fd004496e:107 » NullPointer
[ERROR]   TestImportContainerImplRickGenNodeExists.test_nodeExists_OO_7833ebbee6984fa18d6f565fd004496e:69 » NullPointer
[ERROR]   TestImportContainerImplRickGenNodeExists.test_nodeExists_PO_7833ebbee6984fa18d6f565fd004496e:88 » NullPointer
[INFO] 
[ERROR] Tests run: 3, Failures: 0, Errors: 3, Skipped: 0
[INFO] 
[INFO] ------------------------------------------------------------------------
[INFO] BUILD FAILURE
[INFO] ------------------------------------------------------------------------
[INFO] Total time:  20.606 s
[INFO] Finished at: 2023-06-06T21:00:08+02:00
[INFO] ------------------------------------------------------------------------
[ERROR] Failed to execute goal org.apache.maven.plugins:maven-surefire-plugin:2.22.2:test (default-test) on project rick-tests: There are test failures.
[ERROR] 
[ERROR] Please refer to /home/dee/dev/rick-major-review/rick-tests/target/surefire-reports for the individual test results.
[ERROR] Please refer to dump files (if any exist) [date].dump, [date]-jvmRun[N].dump and [date].dumpstream.
[ERROR] -> [Help 1]
[ERROR] 
[ERROR] To see the full stack trace of the errors, re-run Maven with the -e switch.
[ERROR] Re-run Maven using the -X switch to enable full debug logging.
[ERROR] 
[ERROR] For more information about the errors and possible solutions, please read the following articles:
[ERROR] [Help 1] http://cwiki.apache.org/confluence/display/MAVEN/MojoFailureException

Security framework of XStream not initialized, XStream is probably vulnerable.

---------------------------------------------------
[LOG] Cleaned targets with ['mvn', 'clean']
[INFO] Scanning for projects...
[INFO] 
[INFO] ------------------------< org.gephi:rick-tests >------------------------
[INFO] Building rick-tests 1.0-SNAPSHOT
[INFO] --------------------------------[ jar ]---------------------------------
[INFO] 
[INFO] --- maven-clean-plugin:2.5:clean (default-clean) @ rick-tests ---
[INFO] Deleting /home/dee/dev/rick-major-review/rick-tests/target
[INFO] ------------------------------------------------------------------------
[INFO] BUILD SUCCESS
[INFO] ------------------------------------------------------------------------
[INFO] Total time:  0.821 s
[INFO] Finished at: 2023-06-06T21:00:12+02:00
[INFO] ------------------------------------------------------------------------


---------------------------------------------------
[LOG] In experiment directory /home/dee/dev/rick-major-review/finches
---------------------------------------------------
[LOG] Restoring original RICK test from ./ImportContainerImpl.java/original-test.java
[LOG] Invoking cp ./ImportContainerImpl.java/original-test.java /home/dee/dev/rick-major-review/rick-tests/src/test/java/org/gephi/importer/impl/TestImportContainerImplRickGenNodeExists.java
---------------------------------------------------
[OO] Evaluating only OO
[LOG] Replacing original RICK test with variant oo
[LOG] Invoking cp /home/dee/dev/rick-major-review/finches/output/ImportContainerImpl_nodeExists_String/test-oo.java /home/dee/dev/rick-major-review/rick-tests/src/test/java/org/gephi/importer/impl/TestImportContainerImplRickGenNodeExists.java
[LOG] In test module directory /home/dee/dev/rick-major-review/rick-tests
[LOG] Invoked tests with ['mvn', 'test', '-Dtest=TestImportContainerImplRickGenNodeExists']
[INFO] Scanning for projects...
[INFO] 
[INFO] ------------------------< org.gephi:rick-tests >------------------------
[INFO] Building rick-tests 1.0-SNAPSHOT
[INFO] --------------------------------[ jar ]---------------------------------
[INFO] 
[INFO] --- maven-resources-plugin:2.6:resources (default-resources) @ rick-tests ---
[WARNING] Using platform encoding (UTF-8 actually) to copy filtered resources, i.e. build is platform dependent!
[INFO] Copying 0 resource
[INFO] 
[INFO] --- maven-compiler-plugin:3.1:compile (default-compile) @ rick-tests ---
[INFO] Nothing to compile - all classes are up to date
[INFO] 
[INFO] --- maven-resources-plugin:2.6:testResources (default-testResources) @ rick-tests ---
[WARNING] Using platform encoding (UTF-8 actually) to copy filtered resources, i.e. build is platform dependent!
[INFO] Copying 119 resources
[INFO] 
[INFO] --- maven-compiler-plugin:3.1:testCompile (default-testCompile) @ rick-tests ---
[INFO] Changes detected - recompiling the module!
[WARNING] File encoding has not been set, using platform encoding UTF-8, i.e. build is platform dependent!
[INFO] Compiling 26 source files to /home/dee/dev/rick-major-review/rick-tests/target/test-classes
[WARNING] /home/dee/dev/rick-major-review/rick-tests/src/test/java/org/gephi/importer/impl/TestImportContainerImplRickGenNodeExists.java: Some input files use unchecked or unsafe operations.
[WARNING] /home/dee/dev/rick-major-review/rick-tests/src/test/java/org/gephi/importer/impl/TestImportContainerImplRickGenNodeExists.java: Recompile with -Xlint:unchecked for details.
[INFO] 
[INFO] --- maven-surefire-plugin:2.22.2:test (default-test) @ rick-tests ---
[INFO] 
[INFO] -------------------------------------------------------
[INFO]  T E S T S
[INFO] -------------------------------------------------------
[INFO] Running org.gephi.importer.impl.TestImportContainerImplRickGenNodeExists
[ERROR] Tests run: 3, Failures: 0, Errors: 3, Skipped: 0, Time elapsed: 5.007 s <<< FAILURE! - in org.gephi.importer.impl.TestImportContainerImplRickGenNodeExists
[ERROR] test_nodeExists_CO_7833ebbee6984fa18d6f565fd004496e  Time elapsed: 4.083 s  <<< ERROR!
java.lang.NullPointerException
	at org.gephi.importer.impl.TestImportContainerImplRickGenNodeExists.test_nodeExists_CO_7833ebbee6984fa18d6f565fd004496e(TestImportContainerImplRickGenNodeExists.java:107)

[ERROR] test_nodeExists_PO_7833ebbee6984fa18d6f565fd004496e  Time elapsed: 0.075 s  <<< ERROR!
java.lang.NullPointerException
	at org.gephi.importer.impl.TestImportContainerImplRickGenNodeExists.test_nodeExists_PO_7833ebbee6984fa18d6f565fd004496e(TestImportContainerImplRickGenNodeExists.java:88)

[ERROR] test_nodeExists_OO_7833ebbee6984fa18d6f565fd004496e  Time elapsed: 0.077 s  <<< ERROR!
java.lang.NullPointerException
	at org.gephi.importer.impl.TestImportContainerImplRickGenNodeExists.test_nodeExists_OO_7833ebbee6984fa18d6f565fd004496e(TestImportContainerImplRickGenNodeExists.java:69)

[INFO] 
[INFO] Results:
[INFO] 
[ERROR] Errors: 
[ERROR]   TestImportContainerImplRickGenNodeExists.test_nodeExists_CO_7833ebbee6984fa18d6f565fd004496e:107 » NullPointer
[ERROR]   TestImportContainerImplRickGenNodeExists.test_nodeExists_OO_7833ebbee6984fa18d6f565fd004496e:69 » NullPointer
[ERROR]   TestImportContainerImplRickGenNodeExists.test_nodeExists_PO_7833ebbee6984fa18d6f565fd004496e:88 » NullPointer
[INFO] 
[ERROR] Tests run: 3, Failures: 0, Errors: 3, Skipped: 0
[INFO] 
[INFO] ------------------------------------------------------------------------
[INFO] BUILD FAILURE
[INFO] ------------------------------------------------------------------------
[INFO] Total time:  20.238 s
[INFO] Finished at: 2023-06-06T21:00:36+02:00
[INFO] ------------------------------------------------------------------------
[ERROR] Failed to execute goal org.apache.maven.plugins:maven-surefire-plugin:2.22.2:test (default-test) on project rick-tests: There are test failures.
[ERROR] 
[ERROR] Please refer to /home/dee/dev/rick-major-review/rick-tests/target/surefire-reports for the individual test results.
[ERROR] Please refer to dump files (if any exist) [date].dump, [date]-jvmRun[N].dump and [date].dumpstream.
[ERROR] -> [Help 1]
[ERROR] 
[ERROR] To see the full stack trace of the errors, re-run Maven with the -e switch.
[ERROR] Re-run Maven using the -X switch to enable full debug logging.
[ERROR] 
[ERROR] For more information about the errors and possible solutions, please read the following articles:
[ERROR] [Help 1] http://cwiki.apache.org/confluence/display/MAVEN/MojoFailureException

Security framework of XStream not initialized, XStream is probably vulnerable.

---------------------------------------------------
[LOG] Cleaned targets with ['mvn', 'clean']
[INFO] Scanning for projects...
[INFO] 
[INFO] ------------------------< org.gephi:rick-tests >------------------------
[INFO] Building rick-tests 1.0-SNAPSHOT
[INFO] --------------------------------[ jar ]---------------------------------
[INFO] 
[INFO] --- maven-clean-plugin:2.5:clean (default-clean) @ rick-tests ---
[INFO] Deleting /home/dee/dev/rick-major-review/rick-tests/target
[INFO] ------------------------------------------------------------------------
[INFO] BUILD SUCCESS
[INFO] ------------------------------------------------------------------------
[INFO] Total time:  1.146 s
[INFO] Finished at: 2023-06-06T21:00:41+02:00
[INFO] ------------------------------------------------------------------------


---------------------------------------------------
[LOG] In experiment directory /home/dee/dev/rick-major-review/finches
---------------------------------------------------
[LOG] Restoring original RICK test from ./ImportContainerImpl.java/original-test.java
[LOG] Invoking cp ./ImportContainerImpl.java/original-test.java /home/dee/dev/rick-major-review/rick-tests/src/test/java/org/gephi/importer/impl/TestImportContainerImplRickGenNodeExists.java
---------------------------------------------------
[PO] Evaluating only PO
[LOG] Replacing original RICK test with variant po
[LOG] Invoking cp /home/dee/dev/rick-major-review/finches/output/ImportContainerImpl_nodeExists_String/test-po.java /home/dee/dev/rick-major-review/rick-tests/src/test/java/org/gephi/importer/impl/TestImportContainerImplRickGenNodeExists.java
[LOG] In test module directory /home/dee/dev/rick-major-review/rick-tests
[LOG] Invoked tests with ['mvn', 'test', '-Dtest=TestImportContainerImplRickGenNodeExists']
[INFO] Scanning for projects...
[INFO] 
[INFO] ------------------------< org.gephi:rick-tests >------------------------
[INFO] Building rick-tests 1.0-SNAPSHOT
[INFO] --------------------------------[ jar ]---------------------------------
[INFO] 
[INFO] --- maven-resources-plugin:2.6:resources (default-resources) @ rick-tests ---
[WARNING] Using platform encoding (UTF-8 actually) to copy filtered resources, i.e. build is platform dependent!
[INFO] Copying 0 resource
[INFO] 
[INFO] --- maven-compiler-plugin:3.1:compile (default-compile) @ rick-tests ---
[INFO] Nothing to compile - all classes are up to date
[INFO] 
[INFO] --- maven-resources-plugin:2.6:testResources (default-testResources) @ rick-tests ---
[WARNING] Using platform encoding (UTF-8 actually) to copy filtered resources, i.e. build is platform dependent!
[INFO] Copying 119 resources
[INFO] 
[INFO] --- maven-compiler-plugin:3.1:testCompile (default-testCompile) @ rick-tests ---
[INFO] Changes detected - recompiling the module!
[WARNING] File encoding has not been set, using platform encoding UTF-8, i.e. build is platform dependent!
[INFO] Compiling 26 source files to /home/dee/dev/rick-major-review/rick-tests/target/test-classes
[WARNING] /home/dee/dev/rick-major-review/rick-tests/src/test/java/org/gephi/importer/impl/TestImportContainerImplRickGenNodeExists.java: Some input files use unchecked or unsafe operations.
[WARNING] /home/dee/dev/rick-major-review/rick-tests/src/test/java/org/gephi/importer/impl/TestImportContainerImplRickGenNodeExists.java: Recompile with -Xlint:unchecked for details.
[INFO] 
[INFO] --- maven-surefire-plugin:2.22.2:test (default-test) @ rick-tests ---
[INFO] 
[INFO] -------------------------------------------------------
[INFO]  T E S T S
[INFO] -------------------------------------------------------
[INFO] Running org.gephi.importer.impl.TestImportContainerImplRickGenNodeExists
[ERROR] Tests run: 3, Failures: 0, Errors: 3, Skipped: 0, Time elapsed: 5.284 s <<< FAILURE! - in org.gephi.importer.impl.TestImportContainerImplRickGenNodeExists
[ERROR] test_nodeExists_CO_7833ebbee6984fa18d6f565fd004496e  Time elapsed: 4.219 s  <<< ERROR!
java.lang.NullPointerException
	at org.gephi.importer.impl.TestImportContainerImplRickGenNodeExists.test_nodeExists_CO_7833ebbee6984fa18d6f565fd004496e(TestImportContainerImplRickGenNodeExists.java:107)

[ERROR] test_nodeExists_PO_7833ebbee6984fa18d6f565fd004496e  Time elapsed: 0.078 s  <<< ERROR!
java.lang.NullPointerException
	at org.gephi.importer.impl.TestImportContainerImplRickGenNodeExists.test_nodeExists_PO_7833ebbee6984fa18d6f565fd004496e(TestImportContainerImplRickGenNodeExists.java:88)

[ERROR] test_nodeExists_OO_7833ebbee6984fa18d6f565fd004496e  Time elapsed: 0.045 s  <<< ERROR!
java.lang.NullPointerException
	at org.gephi.importer.impl.TestImportContainerImplRickGenNodeExists.test_nodeExists_OO_7833ebbee6984fa18d6f565fd004496e(TestImportContainerImplRickGenNodeExists.java:69)

[INFO] 
[INFO] Results:
[INFO] 
[ERROR] Errors: 
[ERROR]   TestImportContainerImplRickGenNodeExists.test_nodeExists_CO_7833ebbee6984fa18d6f565fd004496e:107 » NullPointer
[ERROR]   TestImportContainerImplRickGenNodeExists.test_nodeExists_OO_7833ebbee6984fa18d6f565fd004496e:69 » NullPointer
[ERROR]   TestImportContainerImplRickGenNodeExists.test_nodeExists_PO_7833ebbee6984fa18d6f565fd004496e:88 » NullPointer
[INFO] 
[ERROR] Tests run: 3, Failures: 0, Errors: 3, Skipped: 0
[INFO] 
[INFO] ------------------------------------------------------------------------
[INFO] BUILD FAILURE
[INFO] ------------------------------------------------------------------------
[INFO] Total time:  20.210 s
[INFO] Finished at: 2023-06-06T21:01:05+02:00
[INFO] ------------------------------------------------------------------------
[ERROR] Failed to execute goal org.apache.maven.plugins:maven-surefire-plugin:2.22.2:test (default-test) on project rick-tests: There are test failures.
[ERROR] 
[ERROR] Please refer to /home/dee/dev/rick-major-review/rick-tests/target/surefire-reports for the individual test results.
[ERROR] Please refer to dump files (if any exist) [date].dump, [date]-jvmRun[N].dump and [date].dumpstream.
[ERROR] -> [Help 1]
[ERROR] 
[ERROR] To see the full stack trace of the errors, re-run Maven with the -e switch.
[ERROR] Re-run Maven using the -X switch to enable full debug logging.
[ERROR] 
[ERROR] For more information about the errors and possible solutions, please read the following articles:
[ERROR] [Help 1] http://cwiki.apache.org/confluence/display/MAVEN/MojoFailureException

Security framework of XStream not initialized, XStream is probably vulnerable.

---------------------------------------------------
[LOG] Cleaned targets with ['mvn', 'clean']
[INFO] Scanning for projects...
[INFO] 
[INFO] ------------------------< org.gephi:rick-tests >------------------------
[INFO] Building rick-tests 1.0-SNAPSHOT
[INFO] --------------------------------[ jar ]---------------------------------
[INFO] 
[INFO] --- maven-clean-plugin:2.5:clean (default-clean) @ rick-tests ---
[INFO] Deleting /home/dee/dev/rick-major-review/rick-tests/target
[INFO] ------------------------------------------------------------------------
[INFO] BUILD SUCCESS
[INFO] ------------------------------------------------------------------------
[INFO] Total time:  0.911 s
[INFO] Finished at: 2023-06-06T21:01:10+02:00
[INFO] ------------------------------------------------------------------------


---------------------------------------------------
[LOG] In experiment directory /home/dee/dev/rick-major-review/finches
---------------------------------------------------
[LOG] Restoring original RICK test from ./ImportContainerImpl.java/original-test.java
[LOG] Invoking cp ./ImportContainerImpl.java/original-test.java /home/dee/dev/rick-major-review/rick-tests/src/test/java/org/gephi/importer/impl/TestImportContainerImplRickGenNodeExists.java
---------------------------------------------------
[CO] Evaluating only CO
[LOG] Replacing original RICK test with variant co
[LOG] Invoking cp /home/dee/dev/rick-major-review/finches/output/ImportContainerImpl_nodeExists_String/test-co.java /home/dee/dev/rick-major-review/rick-tests/src/test/java/org/gephi/importer/impl/TestImportContainerImplRickGenNodeExists.java
[LOG] In test module directory /home/dee/dev/rick-major-review/rick-tests
[LOG] Invoked tests with ['mvn', 'test', '-Dtest=TestImportContainerImplRickGenNodeExists']
[INFO] Scanning for projects...
[INFO] 
[INFO] ------------------------< org.gephi:rick-tests >------------------------
[INFO] Building rick-tests 1.0-SNAPSHOT
[INFO] --------------------------------[ jar ]---------------------------------
[INFO] 
[INFO] --- maven-resources-plugin:2.6:resources (default-resources) @ rick-tests ---
[WARNING] Using platform encoding (UTF-8 actually) to copy filtered resources, i.e. build is platform dependent!
[INFO] Copying 0 resource
[INFO] 
[INFO] --- maven-compiler-plugin:3.1:compile (default-compile) @ rick-tests ---
[INFO] Nothing to compile - all classes are up to date
[INFO] 
[INFO] --- maven-resources-plugin:2.6:testResources (default-testResources) @ rick-tests ---
[WARNING] Using platform encoding (UTF-8 actually) to copy filtered resources, i.e. build is platform dependent!
[INFO] Copying 119 resources
[INFO] 
[INFO] --- maven-compiler-plugin:3.1:testCompile (default-testCompile) @ rick-tests ---
[INFO] Changes detected - recompiling the module!
[WARNING] File encoding has not been set, using platform encoding UTF-8, i.e. build is platform dependent!
[INFO] Compiling 26 source files to /home/dee/dev/rick-major-review/rick-tests/target/test-classes
[WARNING] /home/dee/dev/rick-major-review/rick-tests/src/test/java/org/gephi/importer/impl/TestImportContainerImplRickGenNodeExists.java: Some input files use unchecked or unsafe operations.
[WARNING] /home/dee/dev/rick-major-review/rick-tests/src/test/java/org/gephi/importer/impl/TestImportContainerImplRickGenNodeExists.java: Recompile with -Xlint:unchecked for details.
[INFO] 
[INFO] --- maven-surefire-plugin:2.22.2:test (default-test) @ rick-tests ---
[INFO] 
[INFO] -------------------------------------------------------
[INFO]  T E S T S
[INFO] -------------------------------------------------------
[INFO] Running org.gephi.importer.impl.TestImportContainerImplRickGenNodeExists
[ERROR] Tests run: 3, Failures: 0, Errors: 3, Skipped: 0, Time elapsed: 5.369 s <<< FAILURE! - in org.gephi.importer.impl.TestImportContainerImplRickGenNodeExists
[ERROR] test_nodeExists_CO_7833ebbee6984fa18d6f565fd004496e  Time elapsed: 4.459 s  <<< ERROR!
java.lang.NullPointerException
	at org.gephi.importer.impl.TestImportContainerImplRickGenNodeExists.test_nodeExists_CO_7833ebbee6984fa18d6f565fd004496e(TestImportContainerImplRickGenNodeExists.java:107)

[ERROR] test_nodeExists_PO_7833ebbee6984fa18d6f565fd004496e  Time elapsed: 0.087 s  <<< ERROR!
java.lang.NullPointerException
	at org.gephi.importer.impl.TestImportContainerImplRickGenNodeExists.test_nodeExists_PO_7833ebbee6984fa18d6f565fd004496e(TestImportContainerImplRickGenNodeExists.java:88)

[ERROR] test_nodeExists_OO_7833ebbee6984fa18d6f565fd004496e  Time elapsed: 0.042 s  <<< ERROR!
java.lang.NullPointerException
	at org.gephi.importer.impl.TestImportContainerImplRickGenNodeExists.test_nodeExists_OO_7833ebbee6984fa18d6f565fd004496e(TestImportContainerImplRickGenNodeExists.java:69)

[INFO] 
[INFO] Results:
[INFO] 
[ERROR] Errors: 
[ERROR]   TestImportContainerImplRickGenNodeExists.test_nodeExists_CO_7833ebbee6984fa18d6f565fd004496e:107 » NullPointer
[ERROR]   TestImportContainerImplRickGenNodeExists.test_nodeExists_OO_7833ebbee6984fa18d6f565fd004496e:69 » NullPointer
[ERROR]   TestImportContainerImplRickGenNodeExists.test_nodeExists_PO_7833ebbee6984fa18d6f565fd004496e:88 » NullPointer
[INFO] 
[ERROR] Tests run: 3, Failures: 0, Errors: 3, Skipped: 0
[INFO] 
[INFO] ------------------------------------------------------------------------
[INFO] BUILD FAILURE
[INFO] ------------------------------------------------------------------------
[INFO] Total time:  20.774 s
[INFO] Finished at: 2023-06-06T21:01:34+02:00
[INFO] ------------------------------------------------------------------------
[ERROR] Failed to execute goal org.apache.maven.plugins:maven-surefire-plugin:2.22.2:test (default-test) on project rick-tests: There are test failures.
[ERROR] 
[ERROR] Please refer to /home/dee/dev/rick-major-review/rick-tests/target/surefire-reports for the individual test results.
[ERROR] Please refer to dump files (if any exist) [date].dump, [date]-jvmRun[N].dump and [date].dumpstream.
[ERROR] -> [Help 1]
[ERROR] 
[ERROR] To see the full stack trace of the errors, re-run Maven with the -e switch.
[ERROR] Re-run Maven using the -X switch to enable full debug logging.
[ERROR] 
[ERROR] For more information about the errors and possible solutions, please read the following articles:
[ERROR] [Help 1] http://cwiki.apache.org/confluence/display/MAVEN/MojoFailureException

Security framework of XStream not initialized, XStream is probably vulnerable.

---------------------------------------------------
[LOG] Cleaned targets with ['mvn', 'clean']
[INFO] Scanning for projects...
[INFO] 
[INFO] ------------------------< org.gephi:rick-tests >------------------------
[INFO] Building rick-tests 1.0-SNAPSHOT
[INFO] --------------------------------[ jar ]---------------------------------
[INFO] 
[INFO] --- maven-clean-plugin:2.5:clean (default-clean) @ rick-tests ---
[INFO] Deleting /home/dee/dev/rick-major-review/rick-tests/target
[INFO] ------------------------------------------------------------------------
[INFO] BUILD SUCCESS
[INFO] ------------------------------------------------------------------------
[INFO] Total time:  1.077 s
[INFO] Finished at: 2023-06-06T21:01:39+02:00
[INFO] ------------------------------------------------------------------------


---------------------------------------------------
[LOG] In experiment directory /home/dee/dev/rick-major-review/finches
---------------------------------------------------
[LOG] Restoring original RICK test from ./ImportContainerImpl.java/original-test.java
[LOG] Invoking cp ./ImportContainerImpl.java/original-test.java /home/dee/dev/rick-major-review/rick-tests/src/test/java/org/gephi/importer/impl/TestImportContainerImplRickGenNodeExists.java
---------------------------------------------------
[ALL] Evaluating (OO +) PO + CO
[LOG] Restoring original RICK test from ./ImportContainerImpl.java/original-test.java
[LOG] Invoking cp ./ImportContainerImpl.java/original-test.java /home/dee/dev/rick-major-review/rick-tests/src/test/java/org/gephi/importer/impl/TestImportContainerImplRickGenNodeExists.java
[LOG] In test module directory /home/dee/dev/rick-major-review/rick-tests
[LOG] Invoked tests with ['mvn', 'test', '-Dtest=TestImportContainerImplRickGenNodeExists']
[INFO] Scanning for projects...
[INFO] 
[INFO] ------------------------< org.gephi:rick-tests >------------------------
[INFO] Building rick-tests 1.0-SNAPSHOT
[INFO] --------------------------------[ jar ]---------------------------------
[INFO] 
[INFO] --- maven-resources-plugin:2.6:resources (default-resources) @ rick-tests ---
[WARNING] Using platform encoding (UTF-8 actually) to copy filtered resources, i.e. build is platform dependent!
[INFO] Copying 0 resource
[INFO] 
[INFO] --- maven-compiler-plugin:3.1:compile (default-compile) @ rick-tests ---
[INFO] Nothing to compile - all classes are up to date
[INFO] 
[INFO] --- maven-resources-plugin:2.6:testResources (default-testResources) @ rick-tests ---
[WARNING] Using platform encoding (UTF-8 actually) to copy filtered resources, i.e. build is platform dependent!
[INFO] Copying 119 resources
[INFO] 
[INFO] --- maven-compiler-plugin:3.1:testCompile (default-testCompile) @ rick-tests ---
[INFO] Changes detected - recompiling the module!
[WARNING] File encoding has not been set, using platform encoding UTF-8, i.e. build is platform dependent!
[INFO] Compiling 26 source files to /home/dee/dev/rick-major-review/rick-tests/target/test-classes
[WARNING] /home/dee/dev/rick-major-review/rick-tests/src/test/java/org/gephi/importer/impl/TestImportContainerImplRickGenNodeExists.java: Some input files use unchecked or unsafe operations.
[WARNING] /home/dee/dev/rick-major-review/rick-tests/src/test/java/org/gephi/importer/impl/TestImportContainerImplRickGenNodeExists.java: Recompile with -Xlint:unchecked for details.
[INFO] 
[INFO] --- maven-surefire-plugin:2.22.2:test (default-test) @ rick-tests ---
[INFO] 
[INFO] -------------------------------------------------------
[INFO]  T E S T S
[INFO] -------------------------------------------------------
[INFO] Running org.gephi.importer.impl.TestImportContainerImplRickGenNodeExists
[ERROR] Tests run: 3, Failures: 0, Errors: 3, Skipped: 0, Time elapsed: 5.272 s <<< FAILURE! - in org.gephi.importer.impl.TestImportContainerImplRickGenNodeExists
[ERROR] test_nodeExists_CO_7833ebbee6984fa18d6f565fd004496e  Time elapsed: 4.204 s  <<< ERROR!
java.lang.NullPointerException
	at org.gephi.importer.impl.TestImportContainerImplRickGenNodeExists.test_nodeExists_CO_7833ebbee6984fa18d6f565fd004496e(TestImportContainerImplRickGenNodeExists.java:107)

[ERROR] test_nodeExists_PO_7833ebbee6984fa18d6f565fd004496e  Time elapsed: 0.136 s  <<< ERROR!
java.lang.NullPointerException
	at org.gephi.importer.impl.TestImportContainerImplRickGenNodeExists.test_nodeExists_PO_7833ebbee6984fa18d6f565fd004496e(TestImportContainerImplRickGenNodeExists.java:88)

[ERROR] test_nodeExists_OO_7833ebbee6984fa18d6f565fd004496e  Time elapsed: 0.066 s  <<< ERROR!
java.lang.NullPointerException
	at org.gephi.importer.impl.TestImportContainerImplRickGenNodeExists.test_nodeExists_OO_7833ebbee6984fa18d6f565fd004496e(TestImportContainerImplRickGenNodeExists.java:69)

[INFO] 
[INFO] Results:
[INFO] 
[ERROR] Errors: 
[ERROR]   TestImportContainerImplRickGenNodeExists.test_nodeExists_CO_7833ebbee6984fa18d6f565fd004496e:107 » NullPointer
[ERROR]   TestImportContainerImplRickGenNodeExists.test_nodeExists_OO_7833ebbee6984fa18d6f565fd004496e:69 » NullPointer
[ERROR]   TestImportContainerImplRickGenNodeExists.test_nodeExists_PO_7833ebbee6984fa18d6f565fd004496e:88 » NullPointer
[INFO] 
[ERROR] Tests run: 3, Failures: 0, Errors: 3, Skipped: 0
[INFO] 
[INFO] ------------------------------------------------------------------------
[INFO] BUILD FAILURE
[INFO] ------------------------------------------------------------------------
[INFO] Total time:  22.915 s
[INFO] Finished at: 2023-06-06T21:02:06+02:00
[INFO] ------------------------------------------------------------------------
[ERROR] Failed to execute goal org.apache.maven.plugins:maven-surefire-plugin:2.22.2:test (default-test) on project rick-tests: There are test failures.
[ERROR] 
[ERROR] Please refer to /home/dee/dev/rick-major-review/rick-tests/target/surefire-reports for the individual test results.
[ERROR] Please refer to dump files (if any exist) [date].dump, [date]-jvmRun[N].dump and [date].dumpstream.
[ERROR] -> [Help 1]
[ERROR] 
[ERROR] To see the full stack trace of the errors, re-run Maven with the -e switch.
[ERROR] Re-run Maven using the -X switch to enable full debug logging.
[ERROR] 
[ERROR] For more information about the errors and possible solutions, please read the following articles:
[ERROR] [Help 1] http://cwiki.apache.org/confluence/display/MAVEN/MojoFailureException

Security framework of XStream not initialized, XStream is probably vulnerable.

---------------------------------------------------
[LOG] Cleaned targets with ['mvn', 'clean']
[INFO] Scanning for projects...
[INFO] 
[INFO] ------------------------< org.gephi:rick-tests >------------------------
[INFO] Building rick-tests 1.0-SNAPSHOT
[INFO] --------------------------------[ jar ]---------------------------------
[INFO] 
[INFO] --- maven-clean-plugin:2.5:clean (default-clean) @ rick-tests ---
[INFO] Deleting /home/dee/dev/rick-major-review/rick-tests/target
[INFO] ------------------------------------------------------------------------
[INFO] BUILD SUCCESS
[INFO] ------------------------------------------------------------------------
[INFO] Total time:  1.215 s
[INFO] Finished at: 2023-06-06T21:02:12+02:00
[INFO] ------------------------------------------------------------------------


---------------------------------------------------
[LOG] In experiment directory /home/dee/dev/rick-major-review/finches
---------------------------------------------------
---------------------------------------------------
[LOG] Resetting ImportContainerImpl.java to original
[LOG] Invoking cp ./ImportContainerImpl.java/original.java /home/dee/dev/rick-major-review/gephi/modules/ImportAPI/src/main/java/org/gephi/io/importer/impl/ImportContainerImpl.java
---------------------------------------------------
[LOG] Copying littledarwin mutants to /home/dee/dev/rick-major-review/finches/output/ImportContainerImpl_nodeExists_String/
[LOG] Invoked copying with ['cp', '-r', '/home/dee/dev/rick-major-review/finches/ImportContainerImpl.java', '/home/dee/dev/rick-major-review/finches/output/ImportContainerImpl_nodeExists_String/']


---------------------------------------------------
[LOG] Finishing analysis at 2023-06-06 21:02:12.842720
====== END OF THE LINE ======
